{"C:\\Users\\ASUS\\Desktop\\ERM-BE\\src\\app.js": {"path":"C:\\Users\\ASUS\\Desktop\\ERM-BE\\src\\app.js","statementMap":{"0":{"start":{"line":1,"column":16},"end":{"line":1,"column":34}},"1":{"start":{"line":2,"column":13},"end":{"line":2,"column":28}},"2":{"start":{"line":3,"column":13},"end":{"line":3,"column":28}},"3":{"start":{"line":4,"column":15},"end":{"line":4,"column":34}},"4":{"start":{"line":5,"column":0},"end":{"line":5,"column":27}},"5":{"start":{"line":7,"column":12},"end":{"line":7,"column":21}},"6":{"start":{"line":9,"column":0},"end":{"line":9,"column":16}},"7":{"start":{"line":10,"column":0},"end":{"line":10,"column":24}},"8":{"start":{"line":13,"column":0},"end":{"line":13,"column":72}},"9":{"start":{"line":15,"column":0},"end":{"line":15,"column":24}},"10":{"start":{"line":17,"column":0},"end":{"line":17,"column":21}}},"fnMap":{},"branchMap":{},"s":{"0":9,"1":9,"2":9,"3":9,"4":9,"5":9,"6":9,"7":9,"8":9,"9":9,"10":9},"f":{},"b":{},"_coverageSchema":"1a1c01bbd47fc00a2c39e90264f33305004495a9","hash":"9ab86bc310229680bcd7230541f8035c2e2495ed"}
,"C:\\Users\\ASUS\\Desktop\\ERM-BE\\src\\config\\db.js": {"path":"C:\\Users\\ASUS\\Desktop\\ERM-BE\\src\\config\\db.js","statementMap":{"0":{"start":{"line":1,"column":14},"end":{"line":1,"column":31}},"1":{"start":{"line":2,"column":0},"end":{"line":2,"column":27}},"2":{"start":{"line":4,"column":13},"end":{"line":12,"column":2}},"3":{"start":{"line":14,"column":0},"end":{"line":14,"column":32}}},"fnMap":{},"branchMap":{},"s":{"0":9,"1":9,"2":9,"3":9},"f":{},"b":{},"_coverageSchema":"1a1c01bbd47fc00a2c39e90264f33305004495a9","hash":"bbcdf6b789cb7af21b8f9dfbcf63d3080b3f1644"}
,"C:\\Users\\ASUS\\Desktop\\ERM-BE\\src\\middleware\\authMiddleware.js": {"path":"C:\\Users\\ASUS\\Desktop\\ERM-BE\\src\\middleware\\authMiddleware.js","statementMap":{"0":{"start":{"line":1,"column":11},"end":{"line":1,"column":34}},"1":{"start":{"line":3,"column":23},"end":{"line":33,"column":1}},"2":{"start":{"line":4,"column":2},"end":{"line":32,"column":3}},"3":{"start":{"line":5,"column":23},"end":{"line":5,"column":48}},"4":{"start":{"line":7,"column":4},"end":{"line":9,"column":5}},"5":{"start":{"line":8,"column":6},"end":{"line":8,"column":77}},"6":{"start":{"line":11,"column":18},"end":{"line":11,"column":41}},"7":{"start":{"line":13,"column":19},"end":{"line":13,"column":105}},"8":{"start":{"line":15,"column":4},"end":{"line":17,"column":5}},"9":{"start":{"line":16,"column":6},"end":{"line":16,"column":62}},"10":{"start":{"line":19,"column":19},"end":{"line":19,"column":34}},"11":{"start":{"line":21,"column":23},"end":{"line":21,"column":120}},"12":{"start":{"line":23,"column":4},"end":{"line":25,"column":5}},"13":{"start":{"line":24,"column":6},"end":{"line":24,"column":63}},"14":{"start":{"line":27,"column":4},"end":{"line":27,"column":27}},"15":{"start":{"line":28,"column":4},"end":{"line":28,"column":11}},"16":{"start":{"line":30,"column":4},"end":{"line":30,"column":51}},"17":{"start":{"line":31,"column":4},"end":{"line":31,"column":52}},"18":{"start":{"line":35,"column":0},"end":{"line":35,"column":32}}},"fnMap":{"0":{"name":"(anonymous_0)","decl":{"start":{"line":3,"column":23},"end":{"line":3,"column":24}},"loc":{"start":{"line":3,"column":49},"end":{"line":33,"column":1}},"line":3}},"branchMap":{"0":{"loc":{"start":{"line":7,"column":4},"end":{"line":9,"column":5}},"type":"if","locations":[{"start":{"line":7,"column":4},"end":{"line":9,"column":5}},{"start":{},"end":{}}],"line":7},"1":{"loc":{"start":{"line":7,"column":8},"end":{"line":7,"column":56}},"type":"binary-expr","locations":[{"start":{"line":7,"column":8},"end":{"line":7,"column":19}},{"start":{"line":7,"column":23},"end":{"line":7,"column":56}}],"line":7},"2":{"loc":{"start":{"line":15,"column":4},"end":{"line":17,"column":5}},"type":"if","locations":[{"start":{"line":15,"column":4},"end":{"line":17,"column":5}},{"start":{},"end":{}}],"line":15},"3":{"loc":{"start":{"line":23,"column":4},"end":{"line":25,"column":5}},"type":"if","locations":[{"start":{"line":23,"column":4},"end":{"line":25,"column":5}},{"start":{},"end":{}}],"line":23}},"s":{"0":9,"1":9,"2":127,"3":127,"4":127,"5":35,"6":92,"7":92,"8":92,"9":9,"10":83,"11":83,"12":83,"13":0,"14":83,"15":83,"16":0,"17":0,"18":9},"f":{"0":127},"b":{"0":[35,92],"1":[127,92],"2":[9,83],"3":[0,83]},"_coverageSchema":"1a1c01bbd47fc00a2c39e90264f33305004495a9","hash":"ff3b6e2d1189b372b04ba27e69f2b9fff9b3981e"}
,"C:\\Users\\ASUS\\Desktop\\ERM-BE\\src\\middleware\\uploadMiddleware.js": {"path":"C:\\Users\\ASUS\\Desktop\\ERM-BE\\src\\middleware\\uploadMiddleware.js","statementMap":{"0":{"start":{"line":1,"column":15},"end":{"line":1,"column":32}},"1":{"start":{"line":2,"column":13},"end":{"line":2,"column":28}},"2":{"start":{"line":3,"column":11},"end":{"line":3,"column":24}},"3":{"start":{"line":6,"column":19},"end":{"line":6,"column":65}},"4":{"start":{"line":7,"column":0},"end":{"line":9,"column":1}},"5":{"start":{"line":8,"column":2},"end":{"line":8,"column":48}},"6":{"start":{"line":12,"column":16},"end":{"line":21,"column":2}},"7":{"start":{"line":14,"column":4},"end":{"line":14,"column":25}},"8":{"start":{"line":17,"column":25},"end":{"line":17,"column":75}},"9":{"start":{"line":18,"column":16},"end":{"line":18,"column":47}},"10":{"start":{"line":19,"column":4},"end":{"line":19,"column":46}},"11":{"start":{"line":24,"column":19},"end":{"line":31,"column":1}},"12":{"start":{"line":25,"column":23},"end":{"line":25,"column":77}},"13":{"start":{"line":26,"column":2},"end":{"line":30,"column":3}},"14":{"start":{"line":27,"column":4},"end":{"line":27,"column":19}},"15":{"start":{"line":29,"column":4},"end":{"line":29,"column":80}},"16":{"start":{"line":34,"column":15},"end":{"line":40,"column":2}},"17":{"start":{"line":42,"column":0},"end":{"line":42,"column":24}}},"fnMap":{"0":{"name":"(anonymous_0)","decl":{"start":{"line":13,"column":15},"end":{"line":13,"column":16}},"loc":{"start":{"line":13,"column":34},"end":{"line":15,"column":3}},"line":13},"1":{"name":"(anonymous_1)","decl":{"start":{"line":16,"column":12},"end":{"line":16,"column":13}},"loc":{"start":{"line":16,"column":31},"end":{"line":20,"column":3}},"line":16},"2":{"name":"(anonymous_2)","decl":{"start":{"line":24,"column":19},"end":{"line":24,"column":20}},"loc":{"start":{"line":24,"column":38},"end":{"line":31,"column":1}},"line":24}},"branchMap":{"0":{"loc":{"start":{"line":7,"column":0},"end":{"line":9,"column":1}},"type":"if","locations":[{"start":{"line":7,"column":0},"end":{"line":9,"column":1}},{"start":{},"end":{}}],"line":7},"1":{"loc":{"start":{"line":26,"column":2},"end":{"line":30,"column":3}},"type":"if","locations":[{"start":{"line":26,"column":2},"end":{"line":30,"column":3}},{"start":{"line":28,"column":9},"end":{"line":30,"column":3}}],"line":26}},"s":{"0":9,"1":9,"2":9,"3":9,"4":9,"5":0,"6":9,"7":0,"8":0,"9":0,"10":0,"11":9,"12":0,"13":0,"14":0,"15":0,"16":9,"17":9},"f":{"0":0,"1":0,"2":0},"b":{"0":[0,9],"1":[0,0]},"_coverageSchema":"1a1c01bbd47fc00a2c39e90264f33305004495a9","hash":"93679167990ca3638e9c3ca915009ee84039a5a9"}
,"C:\\Users\\ASUS\\Desktop\\ERM-BE\\src\\modules\\accounts\\accounts.controller.js": {"path":"C:\\Users\\ASUS\\Desktop\\ERM-BE\\src\\modules\\accounts\\accounts.controller.js","statementMap":{"0":{"start":{"line":1,"column":24},"end":{"line":1,"column":53}},"1":{"start":{"line":3,"column":27},"end":{"line":74,"column":1}},"2":{"start":{"line":5,"column":4},"end":{"line":11,"column":5}},"3":{"start":{"line":6,"column":23},"end":{"line":6,"column":53}},"4":{"start":{"line":7,"column":6},"end":{"line":7,"column":25}},"5":{"start":{"line":9,"column":6},"end":{"line":9,"column":50}},"6":{"start":{"line":10,"column":6},"end":{"line":10,"column":54}},"7":{"start":{"line":15,"column":4},"end":{"line":30,"column":5}},"8":{"start":{"line":16,"column":21},"end":{"line":16,"column":31}},"9":{"start":{"line":17,"column":22},"end":{"line":17,"column":55}},"10":{"start":{"line":19,"column":6},"end":{"line":24,"column":7}},"11":{"start":{"line":20,"column":8},"end":{"line":22,"column":9}},"12":{"start":{"line":21,"column":10},"end":{"line":21,"column":64}},"13":{"start":{"line":23,"column":8},"end":{"line":23,"column":62}},"14":{"start":{"line":26,"column":6},"end":{"line":26,"column":24}},"15":{"start":{"line":28,"column":6},"end":{"line":28,"column":49}},"16":{"start":{"line":29,"column":6},"end":{"line":29,"column":54}},"17":{"start":{"line":34,"column":4},"end":{"line":72,"column":5}},"18":{"start":{"line":35,"column":86},"end":{"line":35,"column":94}},"19":{"start":{"line":37,"column":6},"end":{"line":39,"column":7}},"20":{"start":{"line":38,"column":8},"end":{"line":38,"column":92}},"21":{"start":{"line":41,"column":6},"end":{"line":43,"column":7}},"22":{"start":{"line":42,"column":8},"end":{"line":42,"column":74}},"23":{"start":{"line":45,"column":25},"end":{"line":45,"column":58}},"24":{"start":{"line":46,"column":6},"end":{"line":48,"column":7}},"25":{"start":{"line":47,"column":8},"end":{"line":47,"column":75}},"26":{"start":{"line":50,"column":34},"end":{"line":50,"column":175}},"27":{"start":{"line":51,"column":6},"end":{"line":53,"column":7}},"28":{"start":{"line":52,"column":8},"end":{"line":52,"column":73}},"29":{"start":{"line":55,"column":21},"end":{"line":62,"column":8}},"30":{"start":{"line":64,"column":6},"end":{"line":66,"column":7}},"31":{"start":{"line":65,"column":8},"end":{"line":65,"column":61}},"32":{"start":{"line":68,"column":6},"end":{"line":68,"column":35}},"33":{"start":{"line":70,"column":6},"end":{"line":70,"column":56}},"34":{"start":{"line":71,"column":6},"end":{"line":71,"column":54}},"35":{"start":{"line":76,"column":0},"end":{"line":76,"column":36}}},"fnMap":{"0":{"name":"(anonymous_0)","decl":{"start":{"line":4,"column":10},"end":{"line":4,"column":11}},"loc":{"start":{"line":4,"column":30},"end":{"line":12,"column":3}},"line":4},"1":{"name":"(anonymous_1)","decl":{"start":{"line":14,"column":11},"end":{"line":14,"column":12}},"loc":{"start":{"line":14,"column":31},"end":{"line":31,"column":3}},"line":14},"2":{"name":"(anonymous_2)","decl":{"start":{"line":33,"column":21},"end":{"line":33,"column":22}},"loc":{"start":{"line":33,"column":41},"end":{"line":73,"column":3}},"line":33}},"branchMap":{"0":{"loc":{"start":{"line":19,"column":6},"end":{"line":24,"column":7}},"type":"if","locations":[{"start":{"line":19,"column":6},"end":{"line":24,"column":7}},{"start":{},"end":{}}],"line":19},"1":{"loc":{"start":{"line":20,"column":8},"end":{"line":22,"column":9}},"type":"if","locations":[{"start":{"line":20,"column":8},"end":{"line":22,"column":9}},{"start":{},"end":{}}],"line":20},"2":{"loc":{"start":{"line":37,"column":6},"end":{"line":39,"column":7}},"type":"if","locations":[{"start":{"line":37,"column":6},"end":{"line":39,"column":7}},{"start":{},"end":{}}],"line":37},"3":{"loc":{"start":{"line":37,"column":10},"end":{"line":37,"column":41}},"type":"binary-expr","locations":[{"start":{"line":37,"column":10},"end":{"line":37,"column":21}},{"start":{"line":37,"column":25},"end":{"line":37,"column":30}},{"start":{"line":37,"column":34},"end":{"line":37,"column":41}}],"line":37},"4":{"loc":{"start":{"line":41,"column":6},"end":{"line":43,"column":7}},"type":"if","locations":[{"start":{"line":41,"column":6},"end":{"line":43,"column":7}},{"start":{},"end":{}}],"line":41},"5":{"loc":{"start":{"line":46,"column":6},"end":{"line":48,"column":7}},"type":"if","locations":[{"start":{"line":46,"column":6},"end":{"line":48,"column":7}},{"start":{},"end":{}}],"line":46},"6":{"loc":{"start":{"line":51,"column":6},"end":{"line":53,"column":7}},"type":"if","locations":[{"start":{"line":51,"column":6},"end":{"line":53,"column":7}},{"start":{},"end":{}}],"line":51},"7":{"loc":{"start":{"line":51,"column":10},"end":{"line":51,"column":73}},"type":"binary-expr","locations":[{"start":{"line":51,"column":10},"end":{"line":51,"column":24}},{"start":{"line":51,"column":28},"end":{"line":51,"column":73}}],"line":51},"8":{"loc":{"start":{"line":60,"column":22},"end":{"line":60,"column":66}},"type":"cond-expr","locations":[{"start":{"line":60,"column":37},"end":{"line":60,"column":59}},{"start":{"line":60,"column":62},"end":{"line":60,"column":66}}],"line":60},"9":{"loc":{"start":{"line":64,"column":6},"end":{"line":66,"column":7}},"type":"if","locations":[{"start":{"line":64,"column":6},"end":{"line":66,"column":7}},{"start":{},"end":{}}],"line":64}},"s":{"0":9,"1":9,"2":0,"3":0,"4":0,"5":0,"6":0,"7":0,"8":0,"9":0,"10":0,"11":0,"12":0,"13":0,"14":0,"15":0,"16":0,"17":0,"18":0,"19":0,"20":0,"21":0,"22":0,"23":0,"24":0,"25":0,"26":0,"27":0,"28":0,"29":0,"30":0,"31":0,"32":0,"33":0,"34":0,"35":9},"f":{"0":0,"1":0,"2":0},"b":{"0":[0,0],"1":[0,0],"2":[0,0],"3":[0,0,0],"4":[0,0],"5":[0,0],"6":[0,0],"7":[0,0],"8":[0,0],"9":[0,0]},"_coverageSchema":"1a1c01bbd47fc00a2c39e90264f33305004495a9","hash":"0b75244065032dbc4555e11d6e32f2340e246ef9"}
,"C:\\Users\\ASUS\\Desktop\\ERM-BE\\src\\modules\\accounts\\accounts.routes.js": {"path":"C:\\Users\\ASUS\\Desktop\\ERM-BE\\src\\modules\\accounts\\accounts.routes.js","statementMap":{"0":{"start":{"line":1,"column":16},"end":{"line":1,"column":34}},"1":{"start":{"line":2,"column":15},"end":{"line":2,"column":31}},"2":{"start":{"line":3,"column":27},"end":{"line":3,"column":59}},"3":{"start":{"line":5,"column":0},"end":{"line":5,"column":43}},"4":{"start":{"line":6,"column":0},"end":{"line":6,"column":47}},"5":{"start":{"line":7,"column":0},"end":{"line":7,"column":67}},"6":{"start":{"line":9,"column":0},"end":{"line":9,"column":24}}},"fnMap":{},"branchMap":{},"s":{"0":9,"1":9,"2":9,"3":9,"4":9,"5":9,"6":9},"f":{},"b":{},"_coverageSchema":"1a1c01bbd47fc00a2c39e90264f33305004495a9","hash":"ec30cbda880654c42756245ccd810f9f57943986"}
,"C:\\Users\\ASUS\\Desktop\\ERM-BE\\src\\modules\\accounts\\accounts.service.js": {"path":"C:\\Users\\ASUS\\Desktop\\ERM-BE\\src\\modules\\accounts\\accounts.service.js","statementMap":{"0":{"start":{"line":1,"column":11},"end":{"line":1,"column":37}},"1":{"start":{"line":3,"column":24},"end":{"line":262,"column":1}},"2":{"start":{"line":6,"column":23},"end":{"line":21,"column":6}},"3":{"start":{"line":24,"column":4},"end":{"line":41,"column":5}},"4":{"start":{"line":25,"column":29},"end":{"line":38,"column":22}},"5":{"start":{"line":40,"column":6},"end":{"line":40,"column":49}},"6":{"start":{"line":43,"column":4},"end":{"line":43,"column":20}},"7":{"start":{"line":47,"column":23},"end":{"line":61,"column":12}},"8":{"start":{"line":63,"column":4},"end":{"line":65,"column":5}},"9":{"start":{"line":64,"column":6},"end":{"line":64,"column":44}},"10":{"start":{"line":67,"column":20},"end":{"line":67,"column":31}},"11":{"start":{"line":70,"column":27},"end":{"line":82,"column":12}},"12":{"start":{"line":84,"column":4},"end":{"line":84,"column":40}},"13":{"start":{"line":85,"column":4},"end":{"line":85,"column":19}},"14":{"start":{"line":89,"column":23},"end":{"line":89,"column":47}},"15":{"start":{"line":91,"column":4},"end":{"line":126,"column":5}},"16":{"start":{"line":92,"column":6},"end":{"line":92,"column":42}},"17":{"start":{"line":95,"column":28},"end":{"line":98,"column":7}},"18":{"start":{"line":100,"column":6},"end":{"line":104,"column":7}},"19":{"start":{"line":101,"column":8},"end":{"line":101,"column":36}},"20":{"start":{"line":102,"column":8},"end":{"line":102,"column":29}},"21":{"start":{"line":103,"column":8},"end":{"line":103,"column":46}},"22":{"start":{"line":107,"column":23},"end":{"line":110,"column":7}},"23":{"start":{"line":113,"column":28},"end":{"line":113,"column":64}},"24":{"start":{"line":114,"column":6},"end":{"line":117,"column":8}},"25":{"start":{"line":119,"column":6},"end":{"line":119,"column":32}},"26":{"start":{"line":120,"column":6},"end":{"line":120,"column":37}},"27":{"start":{"line":122,"column":6},"end":{"line":122,"column":34}},"28":{"start":{"line":123,"column":6},"end":{"line":123,"column":18}},"29":{"start":{"line":125,"column":6},"end":{"line":125,"column":27}},"30":{"start":{"line":131,"column":93},"end":{"line":131,"column":101}},"31":{"start":{"line":133,"column":4},"end":{"line":178,"column":5}},"32":{"start":{"line":134,"column":25},"end":{"line":134,"column":49}},"33":{"start":{"line":136,"column":6},"end":{"line":177,"column":7}},"34":{"start":{"line":137,"column":8},"end":{"line":137,"column":44}},"35":{"start":{"line":140,"column":8},"end":{"line":145,"column":9}},"36":{"start":{"line":141,"column":10},"end":{"line":144,"column":12}},"37":{"start":{"line":148,"column":8},"end":{"line":153,"column":9}},"38":{"start":{"line":149,"column":10},"end":{"line":152,"column":12}},"39":{"start":{"line":156,"column":8},"end":{"line":161,"column":9}},"40":{"start":{"line":157,"column":10},"end":{"line":160,"column":12}},"41":{"start":{"line":163,"column":8},"end":{"line":168,"column":9}},"42":{"start":{"line":164,"column":10},"end":{"line":167,"column":12}},"43":{"start":{"line":170,"column":8},"end":{"line":170,"column":34}},"44":{"start":{"line":171,"column":8},"end":{"line":171,"column":33}},"45":{"start":{"line":173,"column":8},"end":{"line":173,"column":36}},"46":{"start":{"line":174,"column":8},"end":{"line":174,"column":20}},"47":{"start":{"line":176,"column":8},"end":{"line":176,"column":29}},"48":{"start":{"line":180,"column":4},"end":{"line":180,"column":29}},"49":{"start":{"line":185,"column":45},"end":{"line":185,"column":57}},"50":{"start":{"line":187,"column":4},"end":{"line":194,"column":7}},"51":{"start":{"line":199,"column":50},"end":{"line":199,"column":61}},"52":{"start":{"line":201,"column":4},"end":{"line":208,"column":7}},"53":{"start":{"line":213,"column":39},"end":{"line":213,"column":50}},"54":{"start":{"line":215,"column":4},"end":{"line":222,"column":7}},"55":{"start":{"line":227,"column":39},"end":{"line":227,"column":50}},"56":{"start":{"line":229,"column":4},"end":{"line":236,"column":7}},"57":{"start":{"line":241,"column":39},"end":{"line":241,"column":50}},"58":{"start":{"line":243,"column":4},"end":{"line":250,"column":7}},"59":{"start":{"line":255,"column":21},"end":{"line":258,"column":5}},"60":{"start":{"line":260,"column":4},"end":{"line":260,"column":31}},"61":{"start":{"line":264,"column":0},"end":{"line":264,"column":33}}},"fnMap":{"0":{"name":"(anonymous_0)","decl":{"start":{"line":5,"column":10},"end":{"line":5,"column":11}},"loc":{"start":{"line":5,"column":22},"end":{"line":44,"column":3}},"line":5},"1":{"name":"(anonymous_1)","decl":{"start":{"line":46,"column":11},"end":{"line":46,"column":12}},"loc":{"start":{"line":46,"column":25},"end":{"line":86,"column":3}},"line":46},"2":{"name":"(anonymous_2)","decl":{"start":{"line":88,"column":21},"end":{"line":88,"column":22}},"loc":{"start":{"line":88,"column":104},"end":{"line":127,"column":3}},"line":88},"3":{"name":"(anonymous_3)","decl":{"start":{"line":130,"column":25},"end":{"line":130,"column":26}},"loc":{"start":{"line":130,"column":45},"end":{"line":181,"column":3}},"line":130},"4":{"name":"(anonymous_4)","decl":{"start":{"line":184,"column":29},"end":{"line":184,"column":30}},"loc":{"start":{"line":184,"column":53},"end":{"line":195,"column":3}},"line":184},"5":{"name":"(anonymous_5)","decl":{"start":{"line":198,"column":27},"end":{"line":198,"column":28}},"loc":{"start":{"line":198,"column":50},"end":{"line":209,"column":3}},"line":198},"6":{"name":"(anonymous_6)","decl":{"start":{"line":212,"column":28},"end":{"line":212,"column":29}},"loc":{"start":{"line":212,"column":51},"end":{"line":223,"column":3}},"line":212},"7":{"name":"(anonymous_7)","decl":{"start":{"line":226,"column":36},"end":{"line":226,"column":37}},"loc":{"start":{"line":226,"column":59},"end":{"line":237,"column":3}},"line":226},"8":{"name":"(anonymous_8)","decl":{"start":{"line":240,"column":36},"end":{"line":240,"column":37}},"loc":{"start":{"line":240,"column":59},"end":{"line":251,"column":3}},"line":240},"9":{"name":"(anonymous_9)","decl":{"start":{"line":254,"column":26},"end":{"line":254,"column":27}},"loc":{"start":{"line":254,"column":76},"end":{"line":261,"column":3}},"line":254}},"branchMap":{"0":{"loc":{"start":{"line":63,"column":4},"end":{"line":65,"column":5}},"type":"if","locations":[{"start":{"line":63,"column":4},"end":{"line":65,"column":5}},{"start":{},"end":{}}],"line":63},"1":{"loc":{"start":{"line":100,"column":6},"end":{"line":104,"column":7}},"type":"if","locations":[{"start":{"line":100,"column":6},"end":{"line":104,"column":7}},{"start":{},"end":{}}],"line":100},"2":{"loc":{"start":{"line":113,"column":28},"end":{"line":113,"column":64}},"type":"cond-expr","locations":[{"start":{"line":113,"column":48},"end":{"line":113,"column":54}},{"start":{"line":113,"column":57},"end":{"line":113,"column":64}}],"line":113},"3":{"loc":{"start":{"line":133,"column":4},"end":{"line":178,"column":5}},"type":"if","locations":[{"start":{"line":133,"column":4},"end":{"line":178,"column":5}},{"start":{},"end":{}}],"line":133},"4":{"loc":{"start":{"line":133,"column":8},"end":{"line":133,"column":65}},"type":"binary-expr","locations":[{"start":{"line":133,"column":8},"end":{"line":133,"column":33}},{"start":{"line":133,"column":37},"end":{"line":133,"column":65}}],"line":133},"5":{"loc":{"start":{"line":140,"column":8},"end":{"line":145,"column":9}},"type":"if","locations":[{"start":{"line":140,"column":8},"end":{"line":145,"column":9}},{"start":{},"end":{}}],"line":140},"6":{"loc":{"start":{"line":140,"column":12},"end":{"line":140,"column":42}},"type":"binary-expr","locations":[{"start":{"line":140,"column":12},"end":{"line":140,"column":23}},{"start":{"line":140,"column":27},"end":{"line":140,"column":42}}],"line":140},"7":{"loc":{"start":{"line":148,"column":8},"end":{"line":153,"column":9}},"type":"if","locations":[{"start":{"line":148,"column":8},"end":{"line":153,"column":9}},{"start":{},"end":{}}],"line":148},"8":{"loc":{"start":{"line":148,"column":12},"end":{"line":148,"column":54}},"type":"binary-expr","locations":[{"start":{"line":148,"column":12},"end":{"line":148,"column":29}},{"start":{"line":148,"column":33},"end":{"line":148,"column":54}}],"line":148},"9":{"loc":{"start":{"line":156,"column":8},"end":{"line":161,"column":9}},"type":"if","locations":[{"start":{"line":156,"column":8},"end":{"line":161,"column":9}},{"start":{},"end":{}}],"line":156},"10":{"loc":{"start":{"line":156,"column":12},"end":{"line":156,"column":42}},"type":"binary-expr","locations":[{"start":{"line":156,"column":12},"end":{"line":156,"column":23}},{"start":{"line":156,"column":27},"end":{"line":156,"column":42}}],"line":156},"11":{"loc":{"start":{"line":163,"column":8},"end":{"line":168,"column":9}},"type":"if","locations":[{"start":{"line":163,"column":8},"end":{"line":168,"column":9}},{"start":{},"end":{}}],"line":163},"12":{"loc":{"start":{"line":163,"column":12},"end":{"line":163,"column":54}},"type":"binary-expr","locations":[{"start":{"line":163,"column":12},"end":{"line":163,"column":29}},{"start":{"line":163,"column":33},"end":{"line":163,"column":54}}],"line":163},"13":{"loc":{"start":{"line":188,"column":18},"end":{"line":188,"column":33}},"type":"binary-expr","locations":[{"start":{"line":188,"column":18},"end":{"line":188,"column":28}},{"start":{"line":188,"column":32},"end":{"line":188,"column":33}}],"line":188},"14":{"loc":{"start":{"line":202,"column":18},"end":{"line":202,"column":33}},"type":"binary-expr","locations":[{"start":{"line":202,"column":18},"end":{"line":202,"column":28}},{"start":{"line":202,"column":32},"end":{"line":202,"column":33}}],"line":202},"15":{"loc":{"start":{"line":216,"column":18},"end":{"line":216,"column":33}},"type":"binary-expr","locations":[{"start":{"line":216,"column":18},"end":{"line":216,"column":28}},{"start":{"line":216,"column":32},"end":{"line":216,"column":33}}],"line":216},"16":{"loc":{"start":{"line":230,"column":18},"end":{"line":230,"column":33}},"type":"binary-expr","locations":[{"start":{"line":230,"column":18},"end":{"line":230,"column":28}},{"start":{"line":230,"column":32},"end":{"line":230,"column":33}}],"line":230},"17":{"loc":{"start":{"line":244,"column":18},"end":{"line":244,"column":33}},"type":"binary-expr","locations":[{"start":{"line":244,"column":18},"end":{"line":244,"column":28}},{"start":{"line":244,"column":32},"end":{"line":244,"column":33}}],"line":244}},"s":{"0":9,"1":9,"2":0,"3":0,"4":0,"5":0,"6":0,"7":0,"8":0,"9":0,"10":0,"11":0,"12":0,"13":0,"14":0,"15":0,"16":0,"17":0,"18":0,"19":0,"20":0,"21":0,"22":0,"23":0,"24":0,"25":0,"26":0,"27":0,"28":0,"29":0,"30":1,"31":1,"32":1,"33":1,"34":1,"35":1,"36":0,"37":1,"38":0,"39":1,"40":0,"41":1,"42":0,"43":1,"44":1,"45":0,"46":0,"47":1,"48":0,"49":0,"50":0,"51":0,"52":0,"53":0,"54":0,"55":0,"56":0,"57":0,"58":0,"59":1,"60":1,"61":9},"f":{"0":0,"1":0,"2":0,"3":1,"4":0,"5":0,"6":0,"7":0,"8":0,"9":1},"b":{"0":[0,0],"1":[0,0],"2":[0,0],"3":[1,0],"4":[1,0],"5":[0,1],"6":[1,0],"7":[0,1],"8":[1,0],"9":[0,1],"10":[1,0],"11":[0,1],"12":[1,0],"13":[0,0],"14":[0,0],"15":[0,0],"16":[0,0],"17":[0,0]},"_coverageSchema":"1a1c01bbd47fc00a2c39e90264f33305004495a9","hash":"ad88399d990ec18380b9291e4c9759d94aaa63ea"}
,"C:\\Users\\ASUS\\Desktop\\ERM-BE\\src\\modules\\auth\\auth.controller.js": {"path":"C:\\Users\\ASUS\\Desktop\\ERM-BE\\src\\modules\\auth\\auth.controller.js","statementMap":{"0":{"start":{"line":1,"column":20},"end":{"line":1,"column":45}},"1":{"start":{"line":3,"column":23},"end":{"line":78,"column":1}},"2":{"start":{"line":5,"column":4},"end":{"line":22,"column":5}},"3":{"start":{"line":6,"column":34},"end":{"line":6,"column":42}},"4":{"start":{"line":8,"column":6},"end":{"line":10,"column":7}},"5":{"start":{"line":9,"column":8},"end":{"line":9,"column":82}},"6":{"start":{"line":12,"column":21},"end":{"line":12,"column":61}},"7":{"start":{"line":14,"column":6},"end":{"line":16,"column":7}},"8":{"start":{"line":15,"column":8},"end":{"line":15,"column":61}},"9":{"start":{"line":18,"column":6},"end":{"line":18,"column":23}},"10":{"start":{"line":20,"column":6},"end":{"line":20,"column":43}},"11":{"start":{"line":21,"column":6},"end":{"line":21,"column":54}},"12":{"start":{"line":26,"column":4},"end":{"line":32,"column":5}},"13":{"start":{"line":27,"column":6},"end":{"line":27,"column":44}},"14":{"start":{"line":28,"column":6},"end":{"line":28,"column":34}},"15":{"start":{"line":30,"column":6},"end":{"line":30,"column":44}},"16":{"start":{"line":31,"column":6},"end":{"line":31,"column":54}},"17":{"start":{"line":36,"column":4},"end":{"line":46,"column":5}},"18":{"start":{"line":37,"column":6},"end":{"line":42,"column":9}},"19":{"start":{"line":44,"column":6},"end":{"line":44,"column":46}},"20":{"start":{"line":45,"column":6},"end":{"line":45,"column":54}},"21":{"start":{"line":50,"column":4},"end":{"line":76,"column":5}},"22":{"start":{"line":51,"column":23},"end":{"line":51,"column":51}},"23":{"start":{"line":53,"column":6},"end":{"line":55,"column":7}},"24":{"start":{"line":54,"column":8},"end":{"line":54,"column":91}},"25":{"start":{"line":57,"column":55},"end":{"line":57,"column":63}},"26":{"start":{"line":59,"column":6},"end":{"line":61,"column":7}},"27":{"start":{"line":60,"column":8},"end":{"line":60,"column":82}},"28":{"start":{"line":63,"column":21},"end":{"line":63,"column":80}},"29":{"start":{"line":65,"column":6},"end":{"line":67,"column":7}},"30":{"start":{"line":66,"column":8},"end":{"line":66,"column":61}},"31":{"start":{"line":69,"column":6},"end":{"line":72,"column":9}},"32":{"start":{"line":74,"column":6},"end":{"line":74,"column":55}},"33":{"start":{"line":75,"column":6},"end":{"line":75,"column":54}},"34":{"start":{"line":80,"column":0},"end":{"line":80,"column":32}}},"fnMap":{"0":{"name":"(anonymous_0)","decl":{"start":{"line":4,"column":9},"end":{"line":4,"column":10}},"loc":{"start":{"line":4,"column":29},"end":{"line":23,"column":3}},"line":4},"1":{"name":"(anonymous_1)","decl":{"start":{"line":25,"column":10},"end":{"line":25,"column":11}},"loc":{"start":{"line":25,"column":30},"end":{"line":33,"column":3}},"line":25},"2":{"name":"(anonymous_2)","decl":{"start":{"line":35,"column":6},"end":{"line":35,"column":7}},"loc":{"start":{"line":35,"column":26},"end":{"line":47,"column":3}},"line":35},"3":{"name":"(anonymous_3)","decl":{"start":{"line":49,"column":12},"end":{"line":49,"column":13}},"loc":{"start":{"line":49,"column":32},"end":{"line":77,"column":3}},"line":49}},"branchMap":{"0":{"loc":{"start":{"line":8,"column":6},"end":{"line":10,"column":7}},"type":"if","locations":[{"start":{"line":8,"column":6},"end":{"line":10,"column":7}},{"start":{},"end":{}}],"line":8},"1":{"loc":{"start":{"line":8,"column":10},"end":{"line":8,"column":29}},"type":"binary-expr","locations":[{"start":{"line":8,"column":10},"end":{"line":8,"column":16}},{"start":{"line":8,"column":20},"end":{"line":8,"column":29}}],"line":8},"2":{"loc":{"start":{"line":14,"column":6},"end":{"line":16,"column":7}},"type":"if","locations":[{"start":{"line":14,"column":6},"end":{"line":16,"column":7}},{"start":{},"end":{}}],"line":14},"3":{"loc":{"start":{"line":53,"column":6},"end":{"line":55,"column":7}},"type":"if","locations":[{"start":{"line":53,"column":6},"end":{"line":55,"column":7}},{"start":{},"end":{}}],"line":53},"4":{"loc":{"start":{"line":53,"column":10},"end":{"line":53,"column":47}},"type":"binary-expr","locations":[{"start":{"line":53,"column":10},"end":{"line":53,"column":18}},{"start":{"line":53,"column":22},"end":{"line":53,"column":47}}],"line":53},"5":{"loc":{"start":{"line":57,"column":37},"end":{"line":57,"column":50}},"type":"default-arg","locations":[{"start":{"line":57,"column":44},"end":{"line":57,"column":50}}],"line":57},"6":{"loc":{"start":{"line":59,"column":6},"end":{"line":61,"column":7}},"type":"if","locations":[{"start":{"line":59,"column":6},"end":{"line":61,"column":7}},{"start":{},"end":{}}],"line":59},"7":{"loc":{"start":{"line":59,"column":10},"end":{"line":59,"column":29}},"type":"binary-expr","locations":[{"start":{"line":59,"column":10},"end":{"line":59,"column":16}},{"start":{"line":59,"column":20},"end":{"line":59,"column":29}}],"line":59},"8":{"loc":{"start":{"line":65,"column":6},"end":{"line":67,"column":7}},"type":"if","locations":[{"start":{"line":65,"column":6},"end":{"line":67,"column":7}},{"start":{},"end":{}}],"line":65}},"s":{"0":9,"1":9,"2":22,"3":22,"4":22,"5":2,"6":20,"7":20,"8":8,"9":12,"10":0,"11":0,"12":0,"13":0,"14":0,"15":0,"16":0,"17":0,"18":0,"19":0,"20":0,"21":0,"22":0,"23":0,"24":0,"25":0,"26":0,"27":0,"28":0,"29":0,"30":0,"31":0,"32":0,"33":0,"34":9},"f":{"0":22,"1":0,"2":0,"3":0},"b":{"0":[2,20],"1":[22,21],"2":[8,12],"3":[0,0],"4":[0,0],"5":[0],"6":[0,0],"7":[0,0],"8":[0,0]},"_coverageSchema":"1a1c01bbd47fc00a2c39e90264f33305004495a9","hash":"2698381e19ab91967e724aa60b5a98a054457431"}
,"C:\\Users\\ASUS\\Desktop\\ERM-BE\\src\\modules\\auth\\auth.routes.js": {"path":"C:\\Users\\ASUS\\Desktop\\ERM-BE\\src\\modules\\auth\\auth.routes.js","statementMap":{"0":{"start":{"line":1,"column":16},"end":{"line":1,"column":34}},"1":{"start":{"line":2,"column":15},"end":{"line":2,"column":31}},"2":{"start":{"line":3,"column":23},"end":{"line":3,"column":51}},"3":{"start":{"line":4,"column":23},"end":{"line":4,"column":65}},"4":{"start":{"line":5,"column":20},"end":{"line":5,"column":45}},"5":{"start":{"line":7,"column":0},"end":{"line":7,"column":44}},"6":{"start":{"line":8,"column":0},"end":{"line":8,"column":62}},"7":{"start":{"line":9,"column":0},"end":{"line":9,"column":53}},"8":{"start":{"line":11,"column":24},"end":{"line":21,"column":1}},"9":{"start":{"line":12,"column":2},"end":{"line":20,"column":3}},"10":{"start":{"line":13,"column":21},"end":{"line":13,"column":49}},"11":{"start":{"line":14,"column":4},"end":{"line":16,"column":5}},"12":{"start":{"line":15,"column":6},"end":{"line":15,"column":44}},"13":{"start":{"line":17,"column":4},"end":{"line":17,"column":11}},"14":{"start":{"line":19,"column":4},"end":{"line":19,"column":16}},"15":{"start":{"line":23,"column":0},"end":{"line":23,"column":67}},"16":{"start":{"line":25,"column":0},"end":{"line":25,"column":24}}},"fnMap":{"0":{"name":"(anonymous_0)","decl":{"start":{"line":11,"column":24},"end":{"line":11,"column":25}},"loc":{"start":{"line":11,"column":50},"end":{"line":21,"column":1}},"line":11}},"branchMap":{"0":{"loc":{"start":{"line":14,"column":4},"end":{"line":16,"column":5}},"type":"if","locations":[{"start":{"line":14,"column":4},"end":{"line":16,"column":5}},{"start":{},"end":{}}],"line":14}},"s":{"0":9,"1":9,"2":9,"3":9,"4":9,"5":9,"6":9,"7":9,"8":9,"9":7,"10":7,"11":7,"12":7,"13":0,"14":0,"15":9,"16":9},"f":{"0":7},"b":{"0":[7,0]},"_coverageSchema":"1a1c01bbd47fc00a2c39e90264f33305004495a9","hash":"0dcf3c68cf228e774b42c734ffbbcd3e9f0d8ea2"}
,"C:\\Users\\ASUS\\Desktop\\ERM-BE\\src\\modules\\auth\\auth.service.js": {"path":"C:\\Users\\ASUS\\Desktop\\ERM-BE\\src\\modules\\auth\\auth.service.js","statementMap":{"0":{"start":{"line":1,"column":15},"end":{"line":1,"column":32}},"1":{"start":{"line":2,"column":11},"end":{"line":2,"column":37}},"2":{"start":{"line":3,"column":22},"end":{"line":3,"column":58}},"3":{"start":{"line":5,"column":20},"end":{"line":78,"column":1}},"4":{"start":{"line":7,"column":19},"end":{"line":7,"column":91}},"5":{"start":{"line":8,"column":4},"end":{"line":8,"column":29}},"6":{"start":{"line":12,"column":20},"end":{"line":15,"column":5}},"7":{"start":{"line":17,"column":4},"end":{"line":19,"column":5}},"8":{"start":{"line":18,"column":6},"end":{"line":18,"column":52}},"9":{"start":{"line":21,"column":17},"end":{"line":21,"column":25}},"10":{"start":{"line":23,"column":28},"end":{"line":23,"column":78}},"11":{"start":{"line":25,"column":4},"end":{"line":27,"column":5}},"12":{"start":{"line":26,"column":6},"end":{"line":26,"column":52}},"13":{"start":{"line":30,"column":29},"end":{"line":30,"column":117}},"14":{"start":{"line":32,"column":4},"end":{"line":40,"column":5}},"15":{"start":{"line":33,"column":6},"end":{"line":33,"column":38}},"16":{"start":{"line":35,"column":6},"end":{"line":35,"column":30}},"17":{"start":{"line":36,"column":6},"end":{"line":39,"column":8}},"18":{"start":{"line":42,"column":4},"end":{"line":50,"column":6}},"19":{"start":{"line":54,"column":4},"end":{"line":54,"column":81}},"20":{"start":{"line":58,"column":28},"end":{"line":58,"column":108}},"21":{"start":{"line":60,"column":4},"end":{"line":62,"column":5}},"22":{"start":{"line":61,"column":6},"end":{"line":61,"column":62}},"23":{"start":{"line":64,"column":27},"end":{"line":64,"column":58}},"24":{"start":{"line":66,"column":21},"end":{"line":69,"column":5}},"25":{"start":{"line":71,"column":22},"end":{"line":74,"column":5}},"26":{"start":{"line":76,"column":4},"end":{"line":76,"column":22}},"27":{"start":{"line":80,"column":0},"end":{"line":80,"column":29}}},"fnMap":{"0":{"name":"(anonymous_0)","decl":{"start":{"line":6,"column":12},"end":{"line":6,"column":13}},"loc":{"start":{"line":6,"column":24},"end":{"line":9,"column":3}},"line":6},"1":{"name":"(anonymous_1)","decl":{"start":{"line":11,"column":9},"end":{"line":11,"column":10}},"loc":{"start":{"line":11,"column":36},"end":{"line":51,"column":3}},"line":11},"2":{"name":"(anonymous_2)","decl":{"start":{"line":53,"column":10},"end":{"line":53,"column":11}},"loc":{"start":{"line":53,"column":28},"end":{"line":55,"column":3}},"line":53},"3":{"name":"(anonymous_3)","decl":{"start":{"line":57,"column":12},"end":{"line":57,"column":13}},"loc":{"start":{"line":57,"column":55},"end":{"line":77,"column":3}},"line":57}},"branchMap":{"0":{"loc":{"start":{"line":17,"column":4},"end":{"line":19,"column":5}},"type":"if","locations":[{"start":{"line":17,"column":4},"end":{"line":19,"column":5}},{"start":{},"end":{}}],"line":17},"1":{"loc":{"start":{"line":25,"column":4},"end":{"line":27,"column":5}},"type":"if","locations":[{"start":{"line":25,"column":4},"end":{"line":27,"column":5}},{"start":{},"end":{}}],"line":25},"2":{"loc":{"start":{"line":32,"column":4},"end":{"line":40,"column":5}},"type":"if","locations":[{"start":{"line":32,"column":4},"end":{"line":40,"column":5}},{"start":{"line":34,"column":11},"end":{"line":40,"column":5}}],"line":32},"3":{"loc":{"start":{"line":60,"column":4},"end":{"line":62,"column":5}},"type":"if","locations":[{"start":{"line":60,"column":4},"end":{"line":62,"column":5}},{"start":{},"end":{}}],"line":60},"4":{"loc":{"start":{"line":68,"column":14},"end":{"line":68,"column":26}},"type":"binary-expr","locations":[{"start":{"line":68,"column":14},"end":{"line":68,"column":18}},{"start":{"line":68,"column":22},"end":{"line":68,"column":26}}],"line":68}},"s":{"0":9,"1":9,"2":9,"3":9,"4":7,"5":7,"6":20,"7":20,"8":8,"9":12,"10":12,"11":12,"12":0,"13":12,"14":12,"15":0,"16":12,"17":12,"18":12,"19":0,"20":0,"21":0,"22":0,"23":0,"24":0,"25":0,"26":0,"27":9},"f":{"0":7,"1":20,"2":0,"3":0},"b":{"0":[8,12],"1":[0,12],"2":[0,12],"3":[0,0],"4":[0,0]},"_coverageSchema":"1a1c01bbd47fc00a2c39e90264f33305004495a9","hash":"fa5f8053dc91fb7c3f6c6707a32dc86a7d7677df"}
,"C:\\Users\\ASUS\\Desktop\\ERM-BE\\src\\modules\\conversions\\conversions.controller.js": {"path":"C:\\Users\\ASUS\\Desktop\\ERM-BE\\src\\modules\\conversions\\conversions.controller.js","statementMap":{"0":{"start":{"line":1,"column":27},"end":{"line":1,"column":59}},"1":{"start":{"line":3,"column":30},"end":{"line":97,"column":1}},"2":{"start":{"line":6,"column":4},"end":{"line":13,"column":5}},"3":{"start":{"line":7,"column":36},"end":{"line":7,"column":45}},"4":{"start":{"line":8,"column":26},"end":{"line":8,"column":80}},"5":{"start":{"line":9,"column":6},"end":{"line":9,"column":28}},"6":{"start":{"line":11,"column":6},"end":{"line":11,"column":58}},"7":{"start":{"line":12,"column":6},"end":{"line":12,"column":53}},"8":{"start":{"line":18,"column":4},"end":{"line":30,"column":5}},"9":{"start":{"line":19,"column":21},"end":{"line":19,"column":31}},"10":{"start":{"line":20,"column":25},"end":{"line":20,"column":61}},"11":{"start":{"line":22,"column":6},"end":{"line":24,"column":7}},"12":{"start":{"line":23,"column":8},"end":{"line":23,"column":71}},"13":{"start":{"line":26,"column":6},"end":{"line":26,"column":27}},"14":{"start":{"line":28,"column":6},"end":{"line":28,"column":57}},"15":{"start":{"line":29,"column":6},"end":{"line":29,"column":53}},"16":{"start":{"line":35,"column":4},"end":{"line":77,"column":5}},"17":{"start":{"line":36,"column":112},"end":{"line":36,"column":120}},"18":{"start":{"line":37,"column":25},"end":{"line":37,"column":36}},"19":{"start":{"line":40,"column":6},"end":{"line":42,"column":7}},"20":{"start":{"line":41,"column":8},"end":{"line":41,"column":102}},"21":{"start":{"line":44,"column":6},"end":{"line":46,"column":7}},"22":{"start":{"line":45,"column":8},"end":{"line":45,"column":90}},"23":{"start":{"line":48,"column":6},"end":{"line":50,"column":7}},"24":{"start":{"line":49,"column":8},"end":{"line":49,"column":88}},"25":{"start":{"line":52,"column":6},"end":{"line":54,"column":7}},"26":{"start":{"line":53,"column":8},"end":{"line":53,"column":95}},"27":{"start":{"line":56,"column":21},"end":{"line":64,"column":8}},"28":{"start":{"line":66,"column":6},"end":{"line":68,"column":7}},"29":{"start":{"line":67,"column":8},"end":{"line":67,"column":61}},"30":{"start":{"line":70,"column":6},"end":{"line":73,"column":9}},"31":{"start":{"line":75,"column":6},"end":{"line":75,"column":57}},"32":{"start":{"line":76,"column":6},"end":{"line":76,"column":53}},"33":{"start":{"line":82,"column":4},"end":{"line":95,"column":5}},"34":{"start":{"line":83,"column":21},"end":{"line":83,"column":31}},"35":{"start":{"line":85,"column":21},"end":{"line":85,"column":56}},"36":{"start":{"line":87,"column":6},"end":{"line":89,"column":7}},"37":{"start":{"line":88,"column":8},"end":{"line":88,"column":61}},"38":{"start":{"line":91,"column":6},"end":{"line":91,"column":44}},"39":{"start":{"line":93,"column":6},"end":{"line":93,"column":57}},"40":{"start":{"line":94,"column":6},"end":{"line":94,"column":53}},"41":{"start":{"line":99,"column":0},"end":{"line":99,"column":39}}},"fnMap":{"0":{"name":"(anonymous_0)","decl":{"start":{"line":5,"column":10},"end":{"line":5,"column":11}},"loc":{"start":{"line":5,"column":30},"end":{"line":14,"column":3}},"line":5},"1":{"name":"(anonymous_1)","decl":{"start":{"line":17,"column":11},"end":{"line":17,"column":12}},"loc":{"start":{"line":17,"column":31},"end":{"line":31,"column":3}},"line":17},"2":{"name":"(anonymous_2)","decl":{"start":{"line":34,"column":10},"end":{"line":34,"column":11}},"loc":{"start":{"line":34,"column":30},"end":{"line":78,"column":3}},"line":34},"3":{"name":"(anonymous_3)","decl":{"start":{"line":81,"column":10},"end":{"line":81,"column":11}},"loc":{"start":{"line":81,"column":30},"end":{"line":96,"column":3}},"line":81}},"branchMap":{"0":{"loc":{"start":{"line":22,"column":6},"end":{"line":24,"column":7}},"type":"if","locations":[{"start":{"line":22,"column":6},"end":{"line":24,"column":7}},{"start":{},"end":{}}],"line":22},"1":{"loc":{"start":{"line":40,"column":6},"end":{"line":42,"column":7}},"type":"if","locations":[{"start":{"line":40,"column":6},"end":{"line":42,"column":7}},{"start":{},"end":{}}],"line":40},"2":{"loc":{"start":{"line":40,"column":10},"end":{"line":40,"column":44}},"type":"binary-expr","locations":[{"start":{"line":40,"column":10},"end":{"line":40,"column":26}},{"start":{"line":40,"column":30},"end":{"line":40,"column":44}}],"line":40},"3":{"loc":{"start":{"line":44,"column":6},"end":{"line":46,"column":7}},"type":"if","locations":[{"start":{"line":44,"column":6},"end":{"line":46,"column":7}},{"start":{},"end":{}}],"line":44},"4":{"loc":{"start":{"line":44,"column":10},"end":{"line":44,"column":46}},"type":"binary-expr","locations":[{"start":{"line":44,"column":10},"end":{"line":44,"column":24}},{"start":{"line":44,"column":28},"end":{"line":44,"column":46}}],"line":44},"5":{"loc":{"start":{"line":48,"column":6},"end":{"line":50,"column":7}},"type":"if","locations":[{"start":{"line":48,"column":6},"end":{"line":50,"column":7}},{"start":{},"end":{}}],"line":48},"6":{"loc":{"start":{"line":48,"column":10},"end":{"line":48,"column":42}},"type":"binary-expr","locations":[{"start":{"line":48,"column":10},"end":{"line":48,"column":22}},{"start":{"line":48,"column":26},"end":{"line":48,"column":42}}],"line":48},"7":{"loc":{"start":{"line":52,"column":6},"end":{"line":54,"column":7}},"type":"if","locations":[{"start":{"line":52,"column":6},"end":{"line":54,"column":7}},{"start":{},"end":{}}],"line":52},"8":{"loc":{"start":{"line":66,"column":6},"end":{"line":68,"column":7}},"type":"if","locations":[{"start":{"line":66,"column":6},"end":{"line":68,"column":7}},{"start":{},"end":{}}],"line":66},"9":{"loc":{"start":{"line":87,"column":6},"end":{"line":89,"column":7}},"type":"if","locations":[{"start":{"line":87,"column":6},"end":{"line":89,"column":7}},{"start":{},"end":{}}],"line":87}},"s":{"0":9,"1":9,"2":0,"3":0,"4":0,"5":0,"6":0,"7":0,"8":0,"9":0,"10":0,"11":0,"12":0,"13":0,"14":0,"15":0,"16":0,"17":0,"18":0,"19":0,"20":0,"21":0,"22":0,"23":0,"24":0,"25":0,"26":0,"27":0,"28":0,"29":0,"30":0,"31":0,"32":0,"33":0,"34":0,"35":0,"36":0,"37":0,"38":0,"39":0,"40":0,"41":9},"f":{"0":0,"1":0,"2":0,"3":0},"b":{"0":[0,0],"1":[0,0],"2":[0,0],"3":[0,0],"4":[0,0],"5":[0,0],"6":[0,0],"7":[0,0],"8":[0,0],"9":[0,0]},"_coverageSchema":"1a1c01bbd47fc00a2c39e90264f33305004495a9","hash":"c0990b356d619f12b06e977b89878832f69b84be"}
,"C:\\Users\\ASUS\\Desktop\\ERM-BE\\src\\modules\\conversions\\conversions.routes.js": {"path":"C:\\Users\\ASUS\\Desktop\\ERM-BE\\src\\modules\\conversions\\conversions.routes.js","statementMap":{"0":{"start":{"line":1,"column":16},"end":{"line":1,"column":34}},"1":{"start":{"line":2,"column":15},"end":{"line":2,"column":31}},"2":{"start":{"line":3,"column":23},"end":{"line":3,"column":65}},"3":{"start":{"line":4,"column":30},"end":{"line":4,"column":65}},"4":{"start":{"line":7,"column":0},"end":{"line":7,"column":62}},"5":{"start":{"line":10,"column":0},"end":{"line":10,"column":66}},"6":{"start":{"line":13,"column":0},"end":{"line":13,"column":63}},"7":{"start":{"line":16,"column":0},"end":{"line":16,"column":68}},"8":{"start":{"line":18,"column":0},"end":{"line":18,"column":24}}},"fnMap":{},"branchMap":{},"s":{"0":9,"1":9,"2":9,"3":9,"4":9,"5":9,"6":9,"7":9,"8":9},"f":{},"b":{},"_coverageSchema":"1a1c01bbd47fc00a2c39e90264f33305004495a9","hash":"df32b2c537542b033ca13922eb1574946b4c52ff"}
,"C:\\Users\\ASUS\\Desktop\\ERM-BE\\src\\modules\\conversions\\conversions.service.js": {"path":"C:\\Users\\ASUS\\Desktop\\ERM-BE\\src\\modules\\conversions\\conversions.service.js","statementMap":{"0":{"start":{"line":1,"column":11},"end":{"line":1,"column":37}},"1":{"start":{"line":3,"column":27},"end":{"line":346,"column":1}},"2":{"start":{"line":6,"column":16},"end":{"line":27,"column":5}},"3":{"start":{"line":28,"column":19},"end":{"line":28,"column":21}},"4":{"start":{"line":30,"column":4},"end":{"line":33,"column":5}},"5":{"start":{"line":31,"column":6},"end":{"line":31,"column":46}},"6":{"start":{"line":32,"column":6},"end":{"line":32,"column":24}},"7":{"start":{"line":35,"column":4},"end":{"line":41,"column":5}},"8":{"start":{"line":36,"column":6},"end":{"line":36,"column":75}},"9":{"start":{"line":37,"column":6},"end":{"line":37,"column":31}},"10":{"start":{"line":38,"column":11},"end":{"line":41,"column":5}},"11":{"start":{"line":39,"column":6},"end":{"line":39,"column":46}},"12":{"start":{"line":40,"column":6},"end":{"line":40,"column":24}},"13":{"start":{"line":43,"column":4},"end":{"line":43,"column":44}},"14":{"start":{"line":45,"column":19},"end":{"line":45,"column":50}},"15":{"start":{"line":46,"column":4},"end":{"line":46,"column":16}},"16":{"start":{"line":51,"column":19},"end":{"line":73,"column":5}},"17":{"start":{"line":74,"column":4},"end":{"line":74,"column":27}},"18":{"start":{"line":79,"column":23},"end":{"line":79,"column":47}},"19":{"start":{"line":81,"column":4},"end":{"line":258,"column":5}},"20":{"start":{"line":82,"column":6},"end":{"line":82,"column":42}},"21":{"start":{"line":85,"column":32},"end":{"line":88,"column":7}},"22":{"start":{"line":89,"column":30},"end":{"line":89,"column":66}},"23":{"start":{"line":92,"column":30},"end":{"line":95,"column":7}},"24":{"start":{"line":96,"column":28},"end":{"line":96,"column":62}},"25":{"start":{"line":99,"column":6},"end":{"line":138,"column":7}},"26":{"start":{"line":101,"column":8},"end":{"line":105,"column":9}},"27":{"start":{"line":102,"column":10},"end":{"line":102,"column":38}},"28":{"start":{"line":103,"column":10},"end":{"line":103,"column":31}},"29":{"start":{"line":104,"column":10},"end":{"line":104,"column":86}},"30":{"start":{"line":108,"column":32},"end":{"line":111,"column":9}},"31":{"start":{"line":113,"column":8},"end":{"line":117,"column":9}},"32":{"start":{"line":114,"column":10},"end":{"line":114,"column":38}},"33":{"start":{"line":115,"column":10},"end":{"line":115,"column":31}},"34":{"start":{"line":116,"column":10},"end":{"line":116,"column":92}},"35":{"start":{"line":119,"column":31},"end":{"line":119,"column":68}},"36":{"start":{"line":120,"column":8},"end":{"line":124,"column":9}},"37":{"start":{"line":121,"column":10},"end":{"line":121,"column":38}},"38":{"start":{"line":122,"column":10},"end":{"line":122,"column":31}},"39":{"start":{"line":123,"column":10},"end":{"line":123,"column":132}},"40":{"start":{"line":127,"column":32},"end":{"line":130,"column":9}},"41":{"start":{"line":132,"column":26},"end":{"line":132,"column":57}},"42":{"start":{"line":133,"column":8},"end":{"line":137,"column":9}},"43":{"start":{"line":134,"column":10},"end":{"line":134,"column":38}},"44":{"start":{"line":135,"column":10},"end":{"line":135,"column":31}},"45":{"start":{"line":136,"column":10},"end":{"line":136,"column":121}},"46":{"start":{"line":141,"column":25},"end":{"line":141,"column":26}},"47":{"start":{"line":142,"column":6},"end":{"line":160,"column":7}},"48":{"start":{"line":144,"column":36},"end":{"line":147,"column":9}},"49":{"start":{"line":148,"column":8},"end":{"line":148,"column":64}},"50":{"start":{"line":151,"column":35},"end":{"line":158,"column":9}},"51":{"start":{"line":159,"column":8},"end":{"line":159,"column":63}},"52":{"start":{"line":162,"column":24},"end":{"line":162,"column":52}},"53":{"start":{"line":163,"column":37},"end":{"line":163,"column":60}},"54":{"start":{"line":166,"column":36},"end":{"line":169,"column":7}},"55":{"start":{"line":171,"column":6},"end":{"line":175,"column":7}},"56":{"start":{"line":172,"column":8},"end":{"line":172,"column":36}},"57":{"start":{"line":173,"column":8},"end":{"line":173,"column":29}},"58":{"start":{"line":174,"column":8},"end":{"line":174,"column":53}},"59":{"start":{"line":178,"column":6},"end":{"line":181,"column":8}},"60":{"start":{"line":184,"column":6},"end":{"line":202,"column":7}},"61":{"start":{"line":185,"column":8},"end":{"line":188,"column":10}},"62":{"start":{"line":191,"column":35},"end":{"line":194,"column":9}},"63":{"start":{"line":196,"column":8},"end":{"line":201,"column":9}},"64":{"start":{"line":197,"column":10},"end":{"line":200,"column":12}},"65":{"start":{"line":205,"column":28},"end":{"line":208,"column":7}},"66":{"start":{"line":210,"column":6},"end":{"line":222,"column":7}},"67":{"start":{"line":212,"column":8},"end":{"line":215,"column":10}},"68":{"start":{"line":218,"column":8},"end":{"line":221,"column":10}},"69":{"start":{"line":225,"column":6},"end":{"line":231,"column":7}},"70":{"start":{"line":226,"column":26},"end":{"line":226,"column":46}},"71":{"start":{"line":227,"column":8},"end":{"line":230,"column":10}},"72":{"start":{"line":234,"column":26},"end":{"line":234,"column":30}},"73":{"start":{"line":235,"column":6},"end":{"line":241,"column":7}},"74":{"start":{"line":236,"column":31},"end":{"line":239,"column":9}},"75":{"start":{"line":240,"column":8},"end":{"line":240,"column":52}},"76":{"start":{"line":244,"column":33},"end":{"line":247,"column":7}},"77":{"start":{"line":249,"column":6},"end":{"line":249,"column":32}},"78":{"start":{"line":250,"column":6},"end":{"line":250,"column":27}},"79":{"start":{"line":252,"column":6},"end":{"line":252,"column":47}},"80":{"start":{"line":255,"column":6},"end":{"line":255,"column":34}},"81":{"start":{"line":256,"column":6},"end":{"line":256,"column":27}},"82":{"start":{"line":257,"column":6},"end":{"line":257,"column":18}},"83":{"start":{"line":263,"column":23},"end":{"line":263,"column":47}},"84":{"start":{"line":265,"column":4},"end":{"line":344,"column":5}},"85":{"start":{"line":266,"column":6},"end":{"line":266,"column":42}},"86":{"start":{"line":269,"column":31},"end":{"line":272,"column":7}},"87":{"start":{"line":274,"column":6},"end":{"line":278,"column":7}},"88":{"start":{"line":275,"column":8},"end":{"line":275,"column":36}},"89":{"start":{"line":276,"column":8},"end":{"line":276,"column":29}},"90":{"start":{"line":277,"column":8},"end":{"line":277,"column":49}},"91":{"start":{"line":280,"column":25},"end":{"line":280,"column":42}},"92":{"start":{"line":283,"column":32},"end":{"line":286,"column":7}},"93":{"start":{"line":287,"column":30},"end":{"line":287,"column":66}},"94":{"start":{"line":289,"column":30},"end":{"line":292,"column":7}},"95":{"start":{"line":293,"column":28},"end":{"line":293,"column":62}},"96":{"start":{"line":296,"column":6},"end":{"line":299,"column":8}},"97":{"start":{"line":302,"column":6},"end":{"line":312,"column":7}},"98":{"start":{"line":303,"column":8},"end":{"line":306,"column":10}},"99":{"start":{"line":308,"column":8},"end":{"line":311,"column":10}},"100":{"start":{"line":315,"column":6},"end":{"line":318,"column":8}},"101":{"start":{"line":321,"column":6},"end":{"line":327,"column":7}},"102":{"start":{"line":323,"column":8},"end":{"line":326,"column":10}},"103":{"start":{"line":330,"column":6},"end":{"line":333,"column":8}},"104":{"start":{"line":335,"column":6},"end":{"line":335,"column":32}},"105":{"start":{"line":336,"column":6},"end":{"line":336,"column":27}},"106":{"start":{"line":338,"column":6},"end":{"line":338,"column":60}},"107":{"start":{"line":341,"column":6},"end":{"line":341,"column":34}},"108":{"start":{"line":342,"column":6},"end":{"line":342,"column":27}},"109":{"start":{"line":343,"column":6},"end":{"line":343,"column":18}},"110":{"start":{"line":348,"column":0},"end":{"line":348,"column":36}}},"fnMap":{"0":{"name":"(anonymous_0)","decl":{"start":{"line":5,"column":10},"end":{"line":5,"column":11}},"loc":{"start":{"line":5,"column":48},"end":{"line":47,"column":3}},"line":5},"1":{"name":"(anonymous_1)","decl":{"start":{"line":50,"column":11},"end":{"line":50,"column":12}},"loc":{"start":{"line":50,"column":25},"end":{"line":75,"column":3}},"line":50},"2":{"name":"(anonymous_2)","decl":{"start":{"line":78,"column":10},"end":{"line":78,"column":11}},"loc":{"start":{"line":78,"column":131},"end":{"line":259,"column":3}},"line":78},"3":{"name":"(anonymous_3)","decl":{"start":{"line":262,"column":10},"end":{"line":262,"column":11}},"loc":{"start":{"line":262,"column":24},"end":{"line":345,"column":3}},"line":262}},"branchMap":{"0":{"loc":{"start":{"line":5,"column":17},"end":{"line":5,"column":43}},"type":"default-arg","locations":[{"start":{"line":5,"column":41},"end":{"line":5,"column":43}}],"line":5},"1":{"loc":{"start":{"line":30,"column":4},"end":{"line":33,"column":5}},"type":"if","locations":[{"start":{"line":30,"column":4},"end":{"line":33,"column":5}},{"start":{},"end":{}}],"line":30},"2":{"loc":{"start":{"line":35,"column":4},"end":{"line":41,"column":5}},"type":"if","locations":[{"start":{"line":35,"column":4},"end":{"line":41,"column":5}},{"start":{"line":38,"column":11},"end":{"line":41,"column":5}}],"line":35},"3":{"loc":{"start":{"line":35,"column":8},"end":{"line":35,"column":21}},"type":"binary-expr","locations":[{"start":{"line":35,"column":8},"end":{"line":35,"column":13}},{"start":{"line":35,"column":17},"end":{"line":35,"column":21}}],"line":35},"4":{"loc":{"start":{"line":38,"column":11},"end":{"line":41,"column":5}},"type":"if","locations":[{"start":{"line":38,"column":11},"end":{"line":41,"column":5}},{"start":{},"end":{}}],"line":38},"5":{"loc":{"start":{"line":74,"column":11},"end":{"line":74,"column":26}},"type":"binary-expr","locations":[{"start":{"line":74,"column":11},"end":{"line":74,"column":18}},{"start":{"line":74,"column":22},"end":{"line":74,"column":26}}],"line":74},"6":{"loc":{"start":{"line":89,"column":30},"end":{"line":89,"column":66}},"type":"binary-expr","locations":[{"start":{"line":89,"column":30},"end":{"line":89,"column":54}},{"start":{"line":89,"column":58},"end":{"line":89,"column":66}}],"line":89},"7":{"loc":{"start":{"line":96,"column":28},"end":{"line":96,"column":62}},"type":"binary-expr","locations":[{"start":{"line":96,"column":28},"end":{"line":96,"column":50}},{"start":{"line":96,"column":54},"end":{"line":96,"column":62}}],"line":96},"8":{"loc":{"start":{"line":99,"column":6},"end":{"line":138,"column":7}},"type":"if","locations":[{"start":{"line":99,"column":6},"end":{"line":138,"column":7}},{"start":{"line":125,"column":13},"end":{"line":138,"column":7}}],"line":99},"9":{"loc":{"start":{"line":101,"column":8},"end":{"line":105,"column":9}},"type":"if","locations":[{"start":{"line":101,"column":8},"end":{"line":105,"column":9}},{"start":{},"end":{}}],"line":101},"10":{"loc":{"start":{"line":113,"column":8},"end":{"line":117,"column":9}},"type":"if","locations":[{"start":{"line":113,"column":8},"end":{"line":117,"column":9}},{"start":{},"end":{}}],"line":113},"11":{"loc":{"start":{"line":120,"column":8},"end":{"line":124,"column":9}},"type":"if","locations":[{"start":{"line":120,"column":8},"end":{"line":124,"column":9}},{"start":{},"end":{}}],"line":120},"12":{"loc":{"start":{"line":132,"column":26},"end":{"line":132,"column":57}},"type":"binary-expr","locations":[{"start":{"line":132,"column":26},"end":{"line":132,"column":52}},{"start":{"line":132,"column":56},"end":{"line":132,"column":57}}],"line":132},"13":{"loc":{"start":{"line":133,"column":8},"end":{"line":137,"column":9}},"type":"if","locations":[{"start":{"line":133,"column":8},"end":{"line":137,"column":9}},{"start":{},"end":{}}],"line":133},"14":{"loc":{"start":{"line":142,"column":6},"end":{"line":160,"column":7}},"type":"if","locations":[{"start":{"line":142,"column":6},"end":{"line":160,"column":7}},{"start":{"line":149,"column":13},"end":{"line":160,"column":7}}],"line":142},"15":{"loc":{"start":{"line":142,"column":10},"end":{"line":142,"column":59}},"type":"binary-expr","locations":[{"start":{"line":142,"column":10},"end":{"line":142,"column":37}},{"start":{"line":142,"column":41},"end":{"line":142,"column":59}}],"line":142},"16":{"loc":{"start":{"line":148,"column":23},"end":{"line":148,"column":63}},"type":"binary-expr","locations":[{"start":{"line":148,"column":23},"end":{"line":148,"column":58}},{"start":{"line":148,"column":62},"end":{"line":148,"column":63}}],"line":148},"17":{"loc":{"start":{"line":159,"column":23},"end":{"line":159,"column":62}},"type":"binary-expr","locations":[{"start":{"line":159,"column":23},"end":{"line":159,"column":57}},{"start":{"line":159,"column":61},"end":{"line":159,"column":62}}],"line":159},"18":{"loc":{"start":{"line":171,"column":6},"end":{"line":175,"column":7}},"type":"if","locations":[{"start":{"line":171,"column":6},"end":{"line":175,"column":7}},{"start":{},"end":{}}],"line":171},"19":{"loc":{"start":{"line":184,"column":6},"end":{"line":202,"column":7}},"type":"if","locations":[{"start":{"line":184,"column":6},"end":{"line":202,"column":7}},{"start":{},"end":{}}],"line":184},"20":{"loc":{"start":{"line":184,"column":10},"end":{"line":184,"column":59}},"type":"binary-expr","locations":[{"start":{"line":184,"column":10},"end":{"line":184,"column":37}},{"start":{"line":184,"column":41},"end":{"line":184,"column":59}}],"line":184},"21":{"loc":{"start":{"line":196,"column":8},"end":{"line":201,"column":9}},"type":"if","locations":[{"start":{"line":196,"column":8},"end":{"line":201,"column":9}},{"start":{},"end":{}}],"line":196},"22":{"loc":{"start":{"line":196,"column":12},"end":{"line":196,"column":88}},"type":"binary-expr","locations":[{"start":{"line":196,"column":12},"end":{"line":196,"column":39}},{"start":{"line":196,"column":43},"end":{"line":196,"column":88}}],"line":196},"23":{"loc":{"start":{"line":210,"column":6},"end":{"line":222,"column":7}},"type":"if","locations":[{"start":{"line":210,"column":6},"end":{"line":222,"column":7}},{"start":{"line":216,"column":13},"end":{"line":222,"column":7}}],"line":210},"24":{"loc":{"start":{"line":225,"column":6},"end":{"line":231,"column":7}},"type":"if","locations":[{"start":{"line":225,"column":6},"end":{"line":231,"column":7}},{"start":{},"end":{}}],"line":225},"25":{"loc":{"start":{"line":229,"column":74},"end":{"line":229,"column":95}},"type":"binary-expr","locations":[{"start":{"line":229,"column":74},"end":{"line":229,"column":87}},{"start":{"line":229,"column":91},"end":{"line":229,"column":95}}],"line":229},"26":{"loc":{"start":{"line":235,"column":6},"end":{"line":241,"column":7}},"type":"if","locations":[{"start":{"line":235,"column":6},"end":{"line":241,"column":7}},{"start":{},"end":{}}],"line":235},"27":{"loc":{"start":{"line":240,"column":24},"end":{"line":240,"column":51}},"type":"binary-expr","locations":[{"start":{"line":240,"column":24},"end":{"line":240,"column":43}},{"start":{"line":240,"column":47},"end":{"line":240,"column":51}}],"line":240},"28":{"loc":{"start":{"line":246,"column":26},"end":{"line":246,"column":81}},"type":"cond-expr","locations":[{"start":{"line":246,"column":56},"end":{"line":246,"column":74}},{"start":{"line":246,"column":77},"end":{"line":246,"column":81}}],"line":246},"29":{"loc":{"start":{"line":246,"column":165},"end":{"line":246,"column":186}},"type":"binary-expr","locations":[{"start":{"line":246,"column":165},"end":{"line":246,"column":178}},{"start":{"line":246,"column":182},"end":{"line":246,"column":186}}],"line":246},"30":{"loc":{"start":{"line":274,"column":6},"end":{"line":278,"column":7}},"type":"if","locations":[{"start":{"line":274,"column":6},"end":{"line":278,"column":7}},{"start":{},"end":{}}],"line":274},"31":{"loc":{"start":{"line":287,"column":30},"end":{"line":287,"column":66}},"type":"binary-expr","locations":[{"start":{"line":287,"column":30},"end":{"line":287,"column":54}},{"start":{"line":287,"column":58},"end":{"line":287,"column":66}}],"line":287},"32":{"loc":{"start":{"line":293,"column":28},"end":{"line":293,"column":62}},"type":"binary-expr","locations":[{"start":{"line":293,"column":28},"end":{"line":293,"column":50}},{"start":{"line":293,"column":54},"end":{"line":293,"column":62}}],"line":293},"33":{"loc":{"start":{"line":302,"column":6},"end":{"line":312,"column":7}},"type":"if","locations":[{"start":{"line":302,"column":6},"end":{"line":312,"column":7}},{"start":{},"end":{}}],"line":302},"34":{"loc":{"start":{"line":302,"column":10},"end":{"line":302,"column":70}},"type":"binary-expr","locations":[{"start":{"line":302,"column":10},"end":{"line":302,"column":37}},{"start":{"line":302,"column":41},"end":{"line":302,"column":70}}],"line":302},"35":{"loc":{"start":{"line":321,"column":6},"end":{"line":327,"column":7}},"type":"if","locations":[{"start":{"line":321,"column":6},"end":{"line":327,"column":7}},{"start":{},"end":{}}],"line":321},"36":{"loc":{"start":{"line":321,"column":10},"end":{"line":321,"column":66}},"type":"binary-expr","locations":[{"start":{"line":321,"column":10},"end":{"line":321,"column":35}},{"start":{"line":321,"column":39},"end":{"line":321,"column":66}}],"line":321}},"s":{"0":9,"1":9,"2":0,"3":0,"4":0,"5":0,"6":0,"7":0,"8":0,"9":0,"10":0,"11":0,"12":0,"13":0,"14":0,"15":0,"16":0,"17":0,"18":0,"19":0,"20":0,"21":0,"22":0,"23":0,"24":0,"25":0,"26":0,"27":0,"28":0,"29":0,"30":0,"31":0,"32":0,"33":0,"34":0,"35":0,"36":0,"37":0,"38":0,"39":0,"40":0,"41":0,"42":0,"43":0,"44":0,"45":0,"46":0,"47":0,"48":0,"49":0,"50":0,"51":0,"52":0,"53":0,"54":0,"55":0,"56":0,"57":0,"58":0,"59":0,"60":0,"61":0,"62":0,"63":0,"64":0,"65":0,"66":0,"67":0,"68":0,"69":0,"70":0,"71":0,"72":0,"73":0,"74":0,"75":0,"76":0,"77":0,"78":0,"79":0,"80":0,"81":0,"82":0,"83":0,"84":0,"85":0,"86":0,"87":0,"88":0,"89":0,"90":0,"91":0,"92":0,"93":0,"94":0,"95":0,"96":0,"97":0,"98":0,"99":0,"100":0,"101":0,"102":0,"103":0,"104":0,"105":0,"106":0,"107":0,"108":0,"109":0,"110":9},"f":{"0":0,"1":0,"2":0,"3":0},"b":{"0":[0],"1":[0,0],"2":[0,0],"3":[0,0],"4":[0,0],"5":[0,0],"6":[0,0],"7":[0,0],"8":[0,0],"9":[0,0],"10":[0,0],"11":[0,0],"12":[0,0],"13":[0,0],"14":[0,0],"15":[0,0],"16":[0,0],"17":[0,0],"18":[0,0],"19":[0,0],"20":[0,0],"21":[0,0],"22":[0,0],"23":[0,0],"24":[0,0],"25":[0,0],"26":[0,0],"27":[0,0],"28":[0,0],"29":[0,0],"30":[0,0],"31":[0,0],"32":[0,0],"33":[0,0],"34":[0,0],"35":[0,0],"36":[0,0]},"_coverageSchema":"1a1c01bbd47fc00a2c39e90264f33305004495a9","hash":"6288ec380de90f0cacede3a8dae48841556f0826"}
,"C:\\Users\\ASUS\\Desktop\\ERM-BE\\src\\modules\\customer_operations\\customer_operations.controller.js": {"path":"C:\\Users\\ASUS\\Desktop\\ERM-BE\\src\\modules\\customer_operations\\customer_operations.controller.js","statementMap":{"0":{"start":{"line":1,"column":34},"end":{"line":1,"column":74}},"1":{"start":{"line":3,"column":37},"end":{"line":41,"column":1}},"2":{"start":{"line":5,"column":4},"end":{"line":21,"column":5}},"3":{"start":{"line":6,"column":55},"end":{"line":6,"column":64}},"4":{"start":{"line":8,"column":22},"end":{"line":8,"column":24}},"5":{"start":{"line":9,"column":6},"end":{"line":9,"column":36}},"6":{"start":{"line":9,"column":16},"end":{"line":9,"column":36}},"7":{"start":{"line":10,"column":6},"end":{"line":10,"column":49}},"8":{"start":{"line":10,"column":17},"end":{"line":10,"column":49}},"9":{"start":{"line":11,"column":6},"end":{"line":11,"column":46}},"10":{"start":{"line":11,"column":16},"end":{"line":11,"column":46}},"11":{"start":{"line":12,"column":6},"end":{"line":12,"column":36}},"12":{"start":{"line":12,"column":16},"end":{"line":12,"column":36}},"13":{"start":{"line":13,"column":6},"end":{"line":13,"column":67}},"14":{"start":{"line":13,"column":23},"end":{"line":13,"column":67}},"15":{"start":{"line":15,"column":25},"end":{"line":15,"column":72}},"16":{"start":{"line":17,"column":6},"end":{"line":17,"column":27}},"17":{"start":{"line":19,"column":6},"end":{"line":19,"column":65}},"18":{"start":{"line":20,"column":6},"end":{"line":20,"column":54}},"19":{"start":{"line":25,"column":4},"end":{"line":38,"column":5}},"20":{"start":{"line":26,"column":21},"end":{"line":26,"column":31}},"21":{"start":{"line":28,"column":24},"end":{"line":28,"column":77}},"22":{"start":{"line":30,"column":6},"end":{"line":32,"column":7}},"23":{"start":{"line":31,"column":8},"end":{"line":31,"column":70}},"24":{"start":{"line":34,"column":6},"end":{"line":34,"column":26}},"25":{"start":{"line":36,"column":6},"end":{"line":36,"column":64}},"26":{"start":{"line":37,"column":6},"end":{"line":37,"column":54}},"27":{"start":{"line":43,"column":0},"end":{"line":43,"column":46}}},"fnMap":{"0":{"name":"(anonymous_0)","decl":{"start":{"line":4,"column":10},"end":{"line":4,"column":11}},"loc":{"start":{"line":4,"column":30},"end":{"line":22,"column":3}},"line":4},"1":{"name":"(anonymous_1)","decl":{"start":{"line":24,"column":11},"end":{"line":24,"column":12}},"loc":{"start":{"line":24,"column":31},"end":{"line":39,"column":3}},"line":24}},"branchMap":{"0":{"loc":{"start":{"line":9,"column":6},"end":{"line":9,"column":36}},"type":"if","locations":[{"start":{"line":9,"column":6},"end":{"line":9,"column":36}},{"start":{},"end":{}}],"line":9},"1":{"loc":{"start":{"line":10,"column":6},"end":{"line":10,"column":49}},"type":"if","locations":[{"start":{"line":10,"column":6},"end":{"line":10,"column":49}},{"start":{},"end":{}}],"line":10},"2":{"loc":{"start":{"line":11,"column":6},"end":{"line":11,"column":46}},"type":"if","locations":[{"start":{"line":11,"column":6},"end":{"line":11,"column":46}},{"start":{},"end":{}}],"line":11},"3":{"loc":{"start":{"line":12,"column":6},"end":{"line":12,"column":36}},"type":"if","locations":[{"start":{"line":12,"column":6},"end":{"line":12,"column":36}},{"start":{},"end":{}}],"line":12},"4":{"loc":{"start":{"line":13,"column":6},"end":{"line":13,"column":67}},"type":"if","locations":[{"start":{"line":13,"column":6},"end":{"line":13,"column":67}},{"start":{},"end":{}}],"line":13},"5":{"loc":{"start":{"line":30,"column":6},"end":{"line":32,"column":7}},"type":"if","locations":[{"start":{"line":30,"column":6},"end":{"line":32,"column":7}},{"start":{},"end":{}}],"line":30}},"s":{"0":9,"1":9,"2":0,"3":0,"4":0,"5":0,"6":0,"7":0,"8":0,"9":0,"10":0,"11":0,"12":0,"13":0,"14":0,"15":0,"16":0,"17":0,"18":0,"19":0,"20":0,"21":0,"22":0,"23":0,"24":0,"25":0,"26":0,"27":9},"f":{"0":0,"1":0},"b":{"0":[0,0],"1":[0,0],"2":[0,0],"3":[0,0],"4":[0,0],"5":[0,0]},"_coverageSchema":"1a1c01bbd47fc00a2c39e90264f33305004495a9","hash":"3bd380a56033794168a014b77c91573443c54261"}
,"C:\\Users\\ASUS\\Desktop\\ERM-BE\\src\\modules\\customer_operations\\customer_operations.routes.js": {"path":"C:\\Users\\ASUS\\Desktop\\ERM-BE\\src\\modules\\customer_operations\\customer_operations.routes.js","statementMap":{"0":{"start":{"line":1,"column":16},"end":{"line":1,"column":34}},"1":{"start":{"line":2,"column":15},"end":{"line":2,"column":31}},"2":{"start":{"line":3,"column":37},"end":{"line":3,"column":80}},"3":{"start":{"line":5,"column":0},"end":{"line":5,"column":53}},"4":{"start":{"line":6,"column":0},"end":{"line":6,"column":57}},"5":{"start":{"line":8,"column":0},"end":{"line":8,"column":24}}},"fnMap":{},"branchMap":{},"s":{"0":9,"1":9,"2":9,"3":9,"4":9,"5":9},"f":{},"b":{},"_coverageSchema":"1a1c01bbd47fc00a2c39e90264f33305004495a9","hash":"a737b60e7cc81ab1641f1ca4424c639832943190"}
,"C:\\Users\\ASUS\\Desktop\\ERM-BE\\src\\modules\\customer_operations\\customer_operations.service.js": {"path":"C:\\Users\\ASUS\\Desktop\\ERM-BE\\src\\modules\\customer_operations\\customer_operations.service.js","statementMap":{"0":{"start":{"line":1,"column":11},"end":{"line":1,"column":37}},"1":{"start":{"line":3,"column":34},"end":{"line":54,"column":1}},"2":{"start":{"line":5,"column":53},"end":{"line":5,"column":60}},"3":{"start":{"line":7,"column":16},"end":{"line":12,"column":5}},"4":{"start":{"line":14,"column":19},"end":{"line":14,"column":21}},"5":{"start":{"line":16,"column":4},"end":{"line":25,"column":5}},"6":{"start":{"line":17,"column":6},"end":{"line":17,"column":40}},"7":{"start":{"line":18,"column":6},"end":{"line":18,"column":24}},"8":{"start":{"line":19,"column":11},"end":{"line":25,"column":5}},"9":{"start":{"line":20,"column":6},"end":{"line":20,"column":63}},"10":{"start":{"line":21,"column":6},"end":{"line":21,"column":31}},"11":{"start":{"line":22,"column":11},"end":{"line":25,"column":5}},"12":{"start":{"line":23,"column":6},"end":{"line":23,"column":40}},"13":{"start":{"line":24,"column":6},"end":{"line":24,"column":24}},"14":{"start":{"line":27,"column":4},"end":{"line":30,"column":5}},"15":{"start":{"line":28,"column":6},"end":{"line":28,"column":34}},"16":{"start":{"line":29,"column":6},"end":{"line":29,"column":24}},"17":{"start":{"line":32,"column":4},"end":{"line":35,"column":5}},"18":{"start":{"line":33,"column":6},"end":{"line":33,"column":41}},"19":{"start":{"line":34,"column":6},"end":{"line":34,"column":31}},"20":{"start":{"line":37,"column":4},"end":{"line":37,"column":38}},"21":{"start":{"line":39,"column":19},"end":{"line":39,"column":50}},"22":{"start":{"line":40,"column":4},"end":{"line":40,"column":16}},"23":{"start":{"line":44,"column":19},"end":{"line":49,"column":12}},"24":{"start":{"line":51,"column":4},"end":{"line":51,"column":27}},"25":{"start":{"line":56,"column":0},"end":{"line":56,"column":43}}},"fnMap":{"0":{"name":"(anonymous_0)","decl":{"start":{"line":4,"column":10},"end":{"line":4,"column":11}},"loc":{"start":{"line":4,"column":34},"end":{"line":41,"column":3}},"line":4},"1":{"name":"(anonymous_1)","decl":{"start":{"line":43,"column":11},"end":{"line":43,"column":12}},"loc":{"start":{"line":43,"column":25},"end":{"line":52,"column":3}},"line":43}},"branchMap":{"0":{"loc":{"start":{"line":4,"column":17},"end":{"line":4,"column":29}},"type":"default-arg","locations":[{"start":{"line":4,"column":27},"end":{"line":4,"column":29}}],"line":4},"1":{"loc":{"start":{"line":16,"column":4},"end":{"line":25,"column":5}},"type":"if","locations":[{"start":{"line":16,"column":4},"end":{"line":25,"column":5}},{"start":{"line":19,"column":11},"end":{"line":25,"column":5}}],"line":16},"2":{"loc":{"start":{"line":19,"column":11},"end":{"line":25,"column":5}},"type":"if","locations":[{"start":{"line":19,"column":11},"end":{"line":25,"column":5}},{"start":{"line":22,"column":11},"end":{"line":25,"column":5}}],"line":19},"3":{"loc":{"start":{"line":19,"column":15},"end":{"line":19,"column":28}},"type":"binary-expr","locations":[{"start":{"line":19,"column":15},"end":{"line":19,"column":20}},{"start":{"line":19,"column":24},"end":{"line":19,"column":28}}],"line":19},"4":{"loc":{"start":{"line":22,"column":11},"end":{"line":25,"column":5}},"type":"if","locations":[{"start":{"line":22,"column":11},"end":{"line":25,"column":5}},{"start":{},"end":{}}],"line":22},"5":{"loc":{"start":{"line":27,"column":4},"end":{"line":30,"column":5}},"type":"if","locations":[{"start":{"line":27,"column":4},"end":{"line":30,"column":5}},{"start":{},"end":{}}],"line":27},"6":{"loc":{"start":{"line":32,"column":4},"end":{"line":35,"column":5}},"type":"if","locations":[{"start":{"line":32,"column":4},"end":{"line":35,"column":5}},{"start":{},"end":{}}],"line":32},"7":{"loc":{"start":{"line":51,"column":11},"end":{"line":51,"column":26}},"type":"binary-expr","locations":[{"start":{"line":51,"column":11},"end":{"line":51,"column":18}},{"start":{"line":51,"column":22},"end":{"line":51,"column":26}}],"line":51}},"s":{"0":9,"1":9,"2":0,"3":0,"4":0,"5":0,"6":0,"7":0,"8":0,"9":0,"10":0,"11":0,"12":0,"13":0,"14":0,"15":0,"16":0,"17":0,"18":0,"19":0,"20":0,"21":0,"22":0,"23":0,"24":0,"25":9},"f":{"0":0,"1":0},"b":{"0":[0],"1":[0,0],"2":[0,0],"3":[0,0],"4":[0,0],"5":[0,0],"6":[0,0],"7":[0,0]},"_coverageSchema":"1a1c01bbd47fc00a2c39e90264f33305004495a9","hash":"2b939127d280a1a136a7a3e0c2ff454f420ba4c4"}
,"C:\\Users\\ASUS\\Desktop\\ERM-BE\\src\\modules\\customer_payments\\customer_payment.controller.js": {"path":"C:\\Users\\ASUS\\Desktop\\ERM-BE\\src\\modules\\customer_payments\\customer_payment.controller.js","statementMap":{"0":{"start":{"line":1,"column":31},"end":{"line":1,"column":68}},"1":{"start":{"line":3,"column":34},"end":{"line":59,"column":1}},"2":{"start":{"line":5,"column":4},"end":{"line":11,"column":5}},"3":{"start":{"line":6,"column":23},"end":{"line":6,"column":60}},"4":{"start":{"line":7,"column":6},"end":{"line":7,"column":25}},"5":{"start":{"line":9,"column":6},"end":{"line":9,"column":59}},"6":{"start":{"line":10,"column":6},"end":{"line":10,"column":54}},"7":{"start":{"line":15,"column":4},"end":{"line":37,"column":5}},"8":{"start":{"line":16,"column":47},"end":{"line":16,"column":55}},"9":{"start":{"line":18,"column":6},"end":{"line":20,"column":7}},"10":{"start":{"line":19,"column":8},"end":{"line":19,"column":92}},"11":{"start":{"line":22,"column":21},"end":{"line":27,"column":8}},"12":{"start":{"line":29,"column":6},"end":{"line":31,"column":7}},"13":{"start":{"line":30,"column":8},"end":{"line":30,"column":61}},"14":{"start":{"line":33,"column":6},"end":{"line":33,"column":35}},"15":{"start":{"line":35,"column":6},"end":{"line":35,"column":61}},"16":{"start":{"line":36,"column":6},"end":{"line":36,"column":54}},"17":{"start":{"line":41,"column":4},"end":{"line":57,"column":5}},"18":{"start":{"line":42,"column":21},"end":{"line":42,"column":31}},"19":{"start":{"line":44,"column":21},"end":{"line":44,"column":60}},"20":{"start":{"line":46,"column":6},"end":{"line":51,"column":7}},"21":{"start":{"line":47,"column":8},"end":{"line":49,"column":9}},"22":{"start":{"line":48,"column":10},"end":{"line":48,"column":63}},"23":{"start":{"line":50,"column":8},"end":{"line":50,"column":61}},"24":{"start":{"line":53,"column":6},"end":{"line":53,"column":69}},"25":{"start":{"line":55,"column":6},"end":{"line":55,"column":61}},"26":{"start":{"line":56,"column":6},"end":{"line":56,"column":54}},"27":{"start":{"line":61,"column":0},"end":{"line":61,"column":43}}},"fnMap":{"0":{"name":"(anonymous_0)","decl":{"start":{"line":4,"column":10},"end":{"line":4,"column":11}},"loc":{"start":{"line":4,"column":30},"end":{"line":12,"column":3}},"line":4},"1":{"name":"(anonymous_1)","decl":{"start":{"line":14,"column":10},"end":{"line":14,"column":11}},"loc":{"start":{"line":14,"column":30},"end":{"line":38,"column":3}},"line":14},"2":{"name":"(anonymous_2)","decl":{"start":{"line":40,"column":10},"end":{"line":40,"column":11}},"loc":{"start":{"line":40,"column":30},"end":{"line":58,"column":3}},"line":40}},"branchMap":{"0":{"loc":{"start":{"line":18,"column":6},"end":{"line":20,"column":7}},"type":"if","locations":[{"start":{"line":18,"column":6},"end":{"line":20,"column":7}},{"start":{},"end":{}}],"line":18},"1":{"loc":{"start":{"line":18,"column":10},"end":{"line":18,"column":42}},"type":"binary-expr","locations":[{"start":{"line":18,"column":10},"end":{"line":18,"column":22}},{"start":{"line":18,"column":26},"end":{"line":18,"column":30}},{"start":{"line":18,"column":34},"end":{"line":18,"column":42}}],"line":18},"2":{"loc":{"start":{"line":29,"column":6},"end":{"line":31,"column":7}},"type":"if","locations":[{"start":{"line":29,"column":6},"end":{"line":31,"column":7}},{"start":{},"end":{}}],"line":29},"3":{"loc":{"start":{"line":46,"column":6},"end":{"line":51,"column":7}},"type":"if","locations":[{"start":{"line":46,"column":6},"end":{"line":51,"column":7}},{"start":{},"end":{}}],"line":46},"4":{"loc":{"start":{"line":47,"column":8},"end":{"line":49,"column":9}},"type":"if","locations":[{"start":{"line":47,"column":8},"end":{"line":49,"column":9}},{"start":{},"end":{}}],"line":47}},"s":{"0":9,"1":9,"2":0,"3":0,"4":0,"5":0,"6":0,"7":0,"8":0,"9":0,"10":0,"11":0,"12":0,"13":0,"14":0,"15":0,"16":0,"17":0,"18":0,"19":0,"20":0,"21":0,"22":0,"23":0,"24":0,"25":0,"26":0,"27":9},"f":{"0":0,"1":0,"2":0},"b":{"0":[0,0],"1":[0,0,0],"2":[0,0],"3":[0,0],"4":[0,0]},"_coverageSchema":"1a1c01bbd47fc00a2c39e90264f33305004495a9","hash":"abadefddedc8e5b8522c6de8490f5ec6cd8a7377"}
,"C:\\Users\\ASUS\\Desktop\\ERM-BE\\src\\modules\\customer_payments\\customer_payment.routes.js": {"path":"C:\\Users\\ASUS\\Desktop\\ERM-BE\\src\\modules\\customer_payments\\customer_payment.routes.js","statementMap":{"0":{"start":{"line":1,"column":16},"end":{"line":1,"column":34}},"1":{"start":{"line":2,"column":15},"end":{"line":2,"column":31}},"2":{"start":{"line":3,"column":34},"end":{"line":3,"column":74}},"3":{"start":{"line":4,"column":23},"end":{"line":4,"column":65}},"4":{"start":{"line":7,"column":0},"end":{"line":7,"column":66}},"5":{"start":{"line":10,"column":0},"end":{"line":10,"column":67}},"6":{"start":{"line":13,"column":0},"end":{"line":13,"column":72}},"7":{"start":{"line":15,"column":0},"end":{"line":15,"column":24}}},"fnMap":{},"branchMap":{},"s":{"0":9,"1":9,"2":9,"3":9,"4":9,"5":9,"6":9,"7":9},"f":{},"b":{},"_coverageSchema":"1a1c01bbd47fc00a2c39e90264f33305004495a9","hash":"248dddde862839d2660def1db94e114b1ff4e650"}
,"C:\\Users\\ASUS\\Desktop\\ERM-BE\\src\\modules\\customer_payments\\customer_payment.service.js": {"path":"C:\\Users\\ASUS\\Desktop\\ERM-BE\\src\\modules\\customer_payments\\customer_payment.service.js","statementMap":{"0":{"start":{"line":1,"column":11},"end":{"line":1,"column":37}},"1":{"start":{"line":2,"column":24},"end":{"line":2,"column":63}},"2":{"start":{"line":4,"column":31},"end":{"line":110,"column":1}},"3":{"start":{"line":6,"column":19},"end":{"line":12,"column":6}},"4":{"start":{"line":13,"column":4},"end":{"line":13,"column":16}},"5":{"start":{"line":17,"column":23},"end":{"line":17,"column":47}},"6":{"start":{"line":19,"column":4},"end":{"line":62,"column":5}},"7":{"start":{"line":20,"column":6},"end":{"line":20,"column":42}},"8":{"start":{"line":22,"column":6},"end":{"line":24,"column":7}},"9":{"start":{"line":23,"column":8},"end":{"line":23,"column":67}},"10":{"start":{"line":27,"column":29},"end":{"line":30,"column":7}},"11":{"start":{"line":31,"column":6},"end":{"line":33,"column":7}},"12":{"start":{"line":32,"column":8},"end":{"line":32,"column":47}},"13":{"start":{"line":36,"column":23},"end":{"line":39,"column":7}},"14":{"start":{"line":42,"column":6},"end":{"line":45,"column":8}},"15":{"start":{"line":47,"column":6},"end":{"line":47,"column":32}},"16":{"start":{"line":50,"column":6},"end":{"line":54,"column":9}},"17":{"start":{"line":56,"column":6},"end":{"line":56,"column":88}},"18":{"start":{"line":58,"column":6},"end":{"line":58,"column":34}},"19":{"start":{"line":59,"column":6},"end":{"line":59,"column":18}},"20":{"start":{"line":61,"column":6},"end":{"line":61,"column":27}},"21":{"start":{"line":66,"column":23},"end":{"line":66,"column":47}},"22":{"start":{"line":68,"column":4},"end":{"line":108,"column":5}},"23":{"start":{"line":69,"column":6},"end":{"line":69,"column":42}},"24":{"start":{"line":71,"column":21},"end":{"line":74,"column":7}},"25":{"start":{"line":76,"column":6},"end":{"line":80,"column":7}},"26":{"start":{"line":77,"column":8},"end":{"line":77,"column":36}},"27":{"start":{"line":78,"column":8},"end":{"line":78,"column":29}},"28":{"start":{"line":79,"column":8},"end":{"line":79,"column":46}},"29":{"start":{"line":82,"column":41},"end":{"line":82,"column":48}},"30":{"start":{"line":84,"column":6},"end":{"line":88,"column":7}},"31":{"start":{"line":85,"column":8},"end":{"line":85,"column":36}},"32":{"start":{"line":86,"column":8},"end":{"line":86,"column":29}},"33":{"start":{"line":87,"column":8},"end":{"line":87,"column":63}},"34":{"start":{"line":91,"column":6},"end":{"line":94,"column":8}},"35":{"start":{"line":96,"column"
[...]
"start":{"line":1,"column":11},"end":{"line":1,"column":37}},"1":{"start":{"line":3,"column":24},"end":{"line":68,"column":1}},"2":{"start":{"line":5,"column":19},"end":{"line":7,"column":5}},"3":{"start":{"line":8,"column":4},"end":{"line":8,"column":16}},"4":{"start":{"line":12,"column":19},"end":{"line":15,"column":5}},"5":{"start":{"line":17,"column":4},"end":{"line":19,"column":5}},"6":{"start":{"line":18,"column":6},"end":{"line":18,"column":45}},"7":{"start":{"line":21,"column":4},"end":{"line":21,"column":19}},"8":{"start":{"line":25,"column":21},"end":{"line":28,"column":5}},"9":{"start":{"line":30,"column":26},"end":{"line":33,"column":5}},"10":{"start":{"line":35,"column":4},"end":{"line":35,"column":26}},"11":{"start":{"line":39,"column":21},"end":{"line":42,"column":5}},"12":{"start":{"line":44,"column":4},"end":{"line":46,"column":5}},"13":{"start":{"line":45,"column":6},"end":{"line":45,"column":45}},"14":{"start":{"line":48,"column":30},"end":{"line":51,"column":5}},"15":{"start":{"line":53,"column":4},"end":{"line":53,"column":30}},"16":{"start":{"line":57,"column":21},"end":{"line":60,"column":5}},"17":{"start":{"line":62,"column":4},"end":{"line":64,"column":5}},"18":{"start":{"line":63,"column":6},"end":{"line":63,"column":45}},"19":{"start":{"line":66,"column":4},"end":{"line":66,"column":29}},"20":{"start":{"line":70,"column":0},"end":{"line":70,"column":33}}},"fnMap":{"0":{"name":"(anonymous_0)","decl":{"start":{"line":4,"column":10},"end":{"line":4,"column":11}},"loc":{"start":{"line":4,"column":22},"end":{"line":9,"column":3}},"line":4},"1":{"name":"(anonymous_1)","decl":{"start":{"line":11,"column":11},"end":{"line":11,"column":12}},"loc":{"start":{"line":11,"column":25},"end":{"line":22,"column":3}},"line":11},"2":{"name":"(anonymous_2)","decl":{"start":{"line":24,"column":10},"end":{"line":24,"column":11}},"loc":{"start":{"line":24,"column":47},"end":{"line":36,"column":3}},"line":24},"3":{"name":"(anonymous_3)","decl":{"start":{"line":38,"column":10},"end":{"line":38,"column":11}},"loc":{"start":{"line":38,"column":51},"end":{"line":54,"column":3}},"line":38},"4":{"name":"(anonymous_4)","decl":{"start":{"line":56,"column":10},"end":{"line":56,"column":11}},"loc":{"start":{"line":56,"column":24},"end":{"line":67,"column":3}},"line":56}},"branchMap":{"0":{"loc":{"start":{"line":17,"column":4},"end":{"line":19,"column":5}},"type":"if","locations":[{"start":{"line":17,"column":4},"end":{"line":19,"column":5}},{"start":{},"end":{}}],"line":17},"1":{"loc":{"start":{"line":27,"column":13},"end":{"line":27,"column":26}},"type":"binary-expr","locations":[{"start":{"line":27,"column":13},"end":{"line":27,"column":18}},{"start":{"line":27,"column":22},"end":{"line":27,"column":26}}],"line":27},"2":{"loc":{"start":{"line":41,"column":13},"end":{"line":41,"column":26}},"type":"binary-expr","locations":[{"start":{"line":41,"column":13},"end":{"line":41,"column":18}},{"start":{"line":41,"column":22},"end":{"line":41,"column":26}}],"line":41},"3":{"loc":{"start":{"line":41,"column":28},"end":{"line":41,"column":48}},"type":"binary-expr","locations":[{"start":{"line":41,"column":28},"end":{"line":41,"column":36}},{"start":{"line":41,"column":40},"end":{"line":41,"column":48}}],"line":41},"4":{"loc":{"start":{"line":44,"column":4},"end":{"line":46,"column":5}},"type":"if","locations":[{"start":{"line":44,"column":4},"end":{"line":46,"column":5}},{"start":{},"end":{}}],"line":44},"5":{"loc":{"start":{"line":62,"column":4},"end":{"line":64,"column":5}},"type":"if","locations":[{"start":{"line":62,"column":4},"end":{"line":64,"column":5}},{"start":{},"end":{}}],"line":62}},"s":{"0":9,"1":9,"2":1,"3":1,"4":2,"5":2,"6":1,"7":1,"8":2,"9":2,"10":2,"11":2,"12":2,"13":1,"14":1,"15":1,"16":2,"17":2,"18":1,"19":1,"20":9},"f":{"0":1,"1":2,"2":2,"3":2,"4":2},"b":{"0":[1,1],"1":[2,1],"2":[2,1],"3":[2,1],"4":[1,1],"5":[1,1]},"_coverageSchema":"1a1c01bbd47fc00a2c39e90264f33305004495a9","hash":"0a6947699504eaa51611eb1c98d2414a65b90c6b"}
,"C:\\Users\\ASUS\\Desktop\\ERM-BE\\src\\modules\\users\\user.controller.js": {"path":"C:\\Users\\ASUS\\Desktop\\ERM-BE\\src\\modules\\users\\user.controller.js","statementMap":{"0":{"start":{"line":1,"column":20},"end":{"line":1,"column":45}},"1":{"start":{"line":3,"column":23},"end":{"line":91,"column":1}},"2":{"start":{"line":5,"column":4},"end":{"line":15,"column":5}},"3":{"start":{"line":6,"column":6},"end":{"line":8,"column":7}},"4":{"start":{"line":7,"column":8},"end":{"line":7,"column":89}},"5":{"start":{"line":10,"column":20},"end":{"line":10,"column":46}},"6":{"start":{"line":11,"column":6},"end":{"line":11,"column":22}},"7":{"start":{"line":13,"column":6},"end":{"line":13,"column":47}},"8":{"start":{"line":14,"column":6},"end":{"line":14,"column":54}},"9":{"start":{"line":19,"column":4},"end":{"line":35,"column":5}},"10":{"start":{"line":20,"column":6},"end":{"line":22,"column":7}},"11":{"start":{"line":21,"column":8},"end":{"line":21,"column":92}},"12":{"start":{"line":24,"column":21},"end":{"line":24,"column":31}},"13":{"start":{"line":25,"column":19},"end":{"line":25,"column":48}},"14":{"start":{"line":27,"column":6},"end":{"line":29,"column":7}},"15":{"start":{"line":28,"column":8},"end":{"line":28,"column":59}},"16":{"start":{"line":31,"column":6},"end":{"line":31,"column":21}},"17":{"start":{"line":33,"column":6},"end":{"line":33,"column":46}},"18":{"start":{"line":34,"column":6},"end":{"line":34,"column":54}},"19":{"start":{"line":39,"column":4},"end":{"line":64,"column":5}},"20":{"start":{"line":40,"column":6},"end":{"line":42,"column":7}},"21":{"start":{"line":41,"column":8},"end":{"line":41,"column":87}},"22":{"start":{"line":44,"column":21},"end":{"line":44,"column":31}},"23":{"start":{"line":45,"column":36},"end":{"line":45,"column":44}},"24":{"start":{"line":47,"column":6},"end":{"line":49,"column":7}},"25":{"start":{"line":48,"column":8},"end":{"line":48,"column":94}},"26":{"start":{"line":51,"column":21},"end":{"line":51,"column":72}},"27":{"start":{"line":53,"column":6},"end":{"line":55,"column":7}},"28":{"start":{"line":54,"column":8},"end":{"line":54,"column":61}},"29":{"start":{"line":57,"column":6},"end":{"line":60,"column":9}},"30":{"start":{"line":62,"column":6},"end":{"line":62,"column":49}},"31":{"start":{"line":63,"column":6},"end":{"line":63,"column":54}},"32":{"start":{"line":68,"column":4},"end":{"line":89,"column":5}},"33":{"start":{"line":69,"column":6},"end":{"line":71,"column":7}},"34":{"start":{"line":70,"column":8},"end":{"line":70,"column":87}},"35":{"start":{"line":73,"column":21},"end":{"line":73,"column":31}},"36":{"start":{"line":75,"column":6},"end":{"line":77,"column":7}},"37":{"start":{"line":76,"column":8},"end":{"line":76,"column":90}},"38":{"start":{"line":79,"column":21},"end":{"line":79,"column":49}},"39":{"start":{"line":81,"column":6},"end":{"line":83,"column":7}},"40":{"start":{"line":82,"column":8},"end":{"line":82,"column":61}},"41":{"start":{"line":85,"column":6},"end":{"line":85,"column":57}},"42":{"start":{"line":87,"column":6},"end":{"line":87,"column":49}},"43":{"start":{"line":88,"column":6},"end":{"line":88,"column":54}},"44":{"start":{"line":93,"column":0},"end":{"line":93,"column":32}}},"fnMap":{"0":{"name":"(anonymous_0)","decl":{"start":{"line":4,"column":10},"end":{"line":4,"column":11}},"loc":{"start":{"line":4,"column":30},"end":{"line":16,"column":3}},"line":4},"1":{"name":"(anonymous_1)","decl":{"start":{"line":18,"column":11},"end":{"line":18,"column":12}},"loc":{"start":{"line":18,"column":31},"end":{"line":36,"column":3}},"line":18},"2":{"name":"(anonymous_2)","decl":{"start":{"line":38,"column":10},"end":{"line":38,"column":11}},"loc":{"start":{"line":38,"column":30},"end":{"line":65,"column":3}},"line":38},"3":{"name":"(anonymous_3)","decl":{"start":{"line":67,"column":10},"end":{"line":67,"column":11}},"loc":{"start":{"line":67,"column":30},"end":{"line":90,"column":3}},"line":67}},"branchMap":{"0":{"loc":{"start":{"line":6,"column":6},"end":{"line":8,"column":7}},"type":"if","locations":[{"start":{"line":6,"column":6},"end":{"line":8,"column":7}},{"start":{},"end":{}}],"line":6},"1":{"loc":{"start":{"line":20,"column":6},"end":{"line":22,"column":7}},"type":"if","locations":[{"start":{"line":20,"column":6},"end":{"line":22,"column":7}},{"start":{},"end":{}}],"line":20},"2":{"loc":{"start":{"line":27,"column":6},"end":{"line":29,"column":7}},"type":"if","locations":[{"start":{"line":27,"column":6},"end":{"line":29,"column":7}},{"start":{},"end":{}}],"line":27},"3":{"loc":{"start":{"line":40,"column":6},"end":{"line":42,"column":7}},"type":"if","locations":[{"start":{"line":40,"column":6},"end":{"line":42,"column":7}},{"start":{},"end":{}}],"line":40},"4":{"loc":{"start":{"line":47,"column":6},"end":{"line":49,"column":7}},"type":"if","locations":[{"start":{"line":47,"column":6},"end":{"line":49,"column":7}},{"start":{},"end":{}}],"line":47},"5":{"loc":{"start":{"line":47,"column":10},"end":{"line":47,"column":72}},"type":"binary-expr","locations":[{"start":{"line":47,"column":10},"end":{"line":47,"column":38}},{"start":{"line":47,"column":42},"end":{"line":47,"column":46}},{"start":{"line":47,"column":50},"end":{"line":47,"column":72}}],"line":47},"6":{"loc":{"start":{"line":53,"column":6},"end":{"line":55,"column":7}},"type":"if","locations":[{"start":{"line":53,"column":6},"end":{"line":55,"column":7}},{"start":{},"end":{}}],"line":53},"7":{"loc":{"start":{"line":69,"column":6},"end":{"line":71,"column":7}},"type":"if","locations":[{"start":{"line":69,"column":6},"end":{"line":71,"column":7}},{"start":{},"end":{}}],"line":69},"8":{"loc":{"start":{"line":75,"column":6},"end":{"line":77,"column":7}},"type":"if","locations":[{"start":{"line":75,"column":6},"end":{"line":77,"column":7}},{"start":{},"end":{}}],"line":75},"9":{"loc":{"start":{"line":81,"column":6},"end":{"line":83,"column":7}},"type":"if","locations":[{"start":{"line":81,"column":6},"end":{"line":83,"column":7}},{"start":{},"end":{}}],"line":81}},"s":{"0":9,"1":9,"2":2,"3":2,"4":1,"5":1,"6":1,"7":0,"8":0,"9":3,"10":3,"11":1,"12":2,"13":2,"14":2,"15":1,"16":1,"17":0,"18":0,"19":4,"20":4,"21":1,"22":3,"23":3,"24":3,"25":1,"26":2,"27":2,"28":1,"29":1,"30":0,"31":0,"32":4,"33":4,"34":1,"35":3,"36":3,"37":1,"38":2,"39":2,"40":1,"41":1,"42":0,"43":0,"44":9},"f":{"0":2,"1":3,"2":4,"3":4},"b":{"0":[1,1],"1":[1,2],"2":[1,1],"3":[1,3],"4":[1,2],"5":[3,1,1],"6":[1,1],"7":[1,3],"8":[1,2],"9":[1,1]},"_coverageSchema":"1a1c01bbd47fc00a2c39e90264f33305004495a9","hash":"120267092ad2d2b479fdb444748e13113f462313"}
,"C:\\Users\\ASUS\\Desktop\\ERM-BE\\src\\modules\\users\\user.routes.js": {"path":"C:\\Users\\ASUS\\Desktop\\ERM-BE\\src\\modules\\users\\user.routes.js","statementMap":{"0":{"start":{"line":1,"column":16},"end":{"line":1,"column":34}},"1":{"start":{"line":2,"column":15},"end":{"line":2,"column":31}},"2":{"start":{"line":3,"column":23},"end":{"line":3,"column":51}},"3":{"start":{"line":4,"column":23},"end":{"line":4,"column":65}},"4":{"start":{"line":6,"column":0},"end":{"line":6,"column":55}},"5":{"start":{"line":7,"column":0},"end":{"line":7,"column":59}},"6":{"start":{"line":8,"column":0},"end":{"line":8,"column":58}},"7":{"start":{"line":9,"column":0},"end":{"line":9,"column":61}},"8":{"start":{"line":11,"column":0},"end":{"line":11,"column":24}}},"fnMap":{},"branchMap":{},"s":{"0":9,"1":9,"2":9,"3":9,"4":9,"5":9,"6":9,"7":9,"8":9},"f":{},"b":{},"_coverageSchema":"1a1c01bbd47fc00a2c39e90264f33305004495a9","hash":"d5138f2e977d68951b97e08a7b271ac14caa9b7c"}
,"C:\\Users\\ASUS\\Desktop\\ERM-BE\\src\\modules\\users\\user.service.js": {"path":"C:\\Users\\ASUS\\Desktop\\ERM-BE\\src\\modules\\users\\user.service.js","statementMap":{"0":{"start":{"line":1,"column":11},"end":{"line":1,"column":37}},"1":{"start":{"line":3,"column":20},"end":{"line":54,"column":1}},"2":{"start":{"line":5,"column":19},"end":{"line":7,"column":5}},"3":{"start":{"line":8,"column":4},"end":{"line":8,"column":16}},"4":{"start":{"line":12,"column":19},"end":{"line":15,"column":5}},"5":{"start":{"line":17,"column":4},"end":{"line":19,"column":5}},"6":{"start":{"line":18,"column":6},"end":{"line":18,"column":41}},"7":{"start":{"line":21,"column":4},"end":{"line":21,"column":19}},"8":{"start":{"line":25,"column":21},"end":{"line":28,"column":5}},"9":{"start":{"line":30,"column":4},"end":{"line":32,"column":5}},"10":{"start":{"line":31,"column":6},"end":{"line":31,"column":41}},"11":{"start":{"line":34,"column":26},"end":{"line":37,"column":5}},"12":{"start":{"line":39,"column":4},"end":{"line":39,"column":26}},"13":{"start":{"line":43,"column":21},"end":{"line":46,"column":5}},"14":{"start":{"line":48,"column":4},"end":{"line":50,"column":5}},"15":{"start":{"line":49,"column":6},"end":{"line":49,"column":41}},"16":{"start":{"line":52,"column":4},"end":{"line":52,"column":29}},"17":{"start":{"line":56,"column":0},"end":{"line":56,"column":29}}},"fnMap":{"0":{"name":"(anonymous_0)","decl":{"start":{"line":4,"column":10},"end":{"line":4,"column":11}},"loc":{"start":{"line":4,"column":22},"end":{"line":9,"column":3}},"line":4},"1":{"name":"(anonymous_1)","decl":{"start":{"line":11,"column":11},"end":{"line":11,"column":12}},"loc":{"start":{"line":11,"column":25},"end":{"line":22,"column":3}},"line":11},"2":{"name":"(anonymous_2)","decl":{"start":{"line":24,"column":10},"end":{"line":24,"column":11}},"loc":{"start":{"line":24,"column":47},"end":{"line":40,"column":3}},"line":24},"3":{"name":"(anonymous_3)","decl":{"start":{"line":42,"column":10},"end":{"line":42,"column":11}},"loc":{"start":{"line":42,"column":24},"end":{"line":53,"column":3}},"line":42}},"branchMap":{"0":{"loc":{"start":{"line":17,"column":4},"end":{"line":19,"column":5}},"type":"if","locations":[{"start":{"line":17,"column":4},"end":{"line":19,"column":5}},{"start":{},"end":{}}],"line":17},"1":{"loc":{"start":{"line":27,"column":14},"end":{"line":27,"column":26}},"type":"binary-expr","locations":[{"start":{"line":27,"column":14},"end":{"line":27,"column":18}},{"start":{"line":27,"column":22},"end":{"line":27,"column":26}}],"line":27},"2":{"loc":{"start":{"line":30,"column":4},"end":{"line":32,"column":5}},"type":"if","locations":[{"start":{"line":30,"column":4},"end":{"line":32,"column":5}},{"start":{},"end":{}}],"line":30},"3":{"loc":{"start":{"line":48,"column":4},"end":{"line":50,"column":5}},"type":"if","locations":[{"start":{"line":48,"column":4},"end":{"line":50,"column":5}},{"start":{},"end":{}}],"line":48}},"s":{"0":9,"1":9,"2":1,"3":1,"4":2,"5":2,"6":1,"7":1,"8":2,"9":2,"10":1,"11":1,"12":1,"13":2,"14":2,"15":1,"16":1,"17":9},"f":{"0":1,"1":2,"2":2,"3":2},"b":{"0":[1,1],"1":[2,0],"2":[1,1],"3":[1,1]},"_coverageSchema":"1a1c01bbd47fc00a2c39e90264f33305004495a9","hash":"a750a16724b98eddf17a8fff82edb66c54e559ff"}
,"C:\\Users\\ASUS\\Desktop\\ERM-BE\\src\\routes\\index.js": {"path":"C:\\Users\\ASUS\\Desktop\\ERM-BE\\src\\routes\\index.js","statementMap":{"0":{"start":{"line":1,"column":16},"end":{"line":1,"column":34}},"1":{"start":{"line":2,"column":19},"end":{"line":2,"column":57}},"2":{"start":{"line":3,"column":19},"end":{"line":3,"column":58}},"3":{"start":{"line":4,"column":23},"end":{"line":4,"column":70}},"4":{"start":{"line":5,"column":22},"end":{"line":5,"column":67}},"5":{"start":{"line":6,"column":23},"end":{"line":6,"column":70}},"6":{"start":{"line":7,"column":27},"end":{"line":7,"column":84}},"7":{"start":{"line":8,"column":20},"end":{"line":8,"column":60}},"8":{"start":{"line":9,"column":22},"end":{"line":9,"column":66}},"9":{"start":{"line":10,"column":30},"end":{"line":10,"column":93}},"10":{"start":{"line":11,"column":30},"end":{"line":11,"column":93}},"11":{"start":{"line":12,"column":22},"end":{"line":12,"column":67}},"12":{"start":{"line":13,"column":31},"end":{"line":13,"column":86}},"13":{"start":{"line":14,"column":33},"end":{"line":14,"column":101}},"14":{"start":{"line":15,"column":33},"end":{"line":15,"column":101}},"15":{"start":{"line":16,"column":22},"end":{"line":16,"column":66}},"16":{"start":{"line":17,"column":31},"end":{"line":17,"column":95}},"17":{"start":{"line":18,"column":27},"end":{"line":18,"column":75}},"18":{"start":{"line":19,"column":29},"end":{"line":19,"column":82}},"19":{"start":{"line":20,"column":23},"end":{"line":20,"column":69}},"20":{"start":{"line":21,"column":22},"end":{"line":21,"column":66}},"21":{"start":{"line":22,"column":27},"end":{"line":22,"column":77}},"22":{"start":{"line":23,"column":26},"end":{"line":23,"column":78}},"23":{"start":{"line":24,"column":28},"end":{"line":24,"column":86}},"24":{"start":{"line":25,"column":20},"end":{"line":25,"column":61}},"25":{"start":{"line":26,"column":30},"end":{"line":26,"column":93}},"26":{"start":{"line":27,"column":23},"end":{"line":27,"column":70}},"27":{"start":{"line":29,"column":15},"end":{"line":29,"column":31}},"28":{"start":{"line":31,"column":0},"end":{"line":31,"column":32}},"29":{"start":{"line":32,"column":0},"end":{"line":32,"column":33}},"30":{"start":{"line":33,"column":0},"end":{"line":33,"column":41}},"31":{"start":{"line":34,"column":0},"end":{"line":34,"column":39}},"32":{"start":{"line":35,"column":0},"end":{"line":35,"column":41}},"33":{"start":{"line":36,"column":0},"end":{"line":36,"column":50}},"34":{"start":{"line":37,"column":0},"end":{"line":37,"column":34}},"35":{"start":{"line":38,"column":0},"end":{"line":38,"column":38}},"36":{"start":{"line":39,"column":0},"end":{"line":39,"column":56}},"37":{"start":{"line":40,"column":0},"end":{"line":40,"column":56}},"38":{"start":{"line":41,"column":0},"end":{"line":41,"column":39}},"39":{"start":{"line":42,"column":0},"end":{"line":42,"column":58}},"40":{"start":{"line":43,"column":0},"end":{"line":43,"column":61}},"41":{"start":{"line":44,"column":0},"end":{"line":44,"column":61}},"42":{"start":{"line":45,"column":0},"end":{"line":45,"column":38}},"43":{"start":{"line":46,"column":0},"end":{"line":46,"column":57}},"44":{"start":{"line":47,"column":0},"end":{"line":47,"column":49}},"45":{"start":{"line":48,"column":0},"end":{"line":48,"column":46}},"46":{"start":{"line":49,"column":0},"end":{"line":49,"column":40}},"47":{"start":{"line":50,"column":0},"end":{"line":50,"column":38}},"48":{"start":{"line":51,"column":0},"end":{"line":51,"column":49}},"49":{"start":{"line":52,"column":0},"end":{"line":52,"column":46}},"50":{"start":{"line":53,"column":0},"end":{"line":53,"column":51}},"51":{"start":{"line":54,"column":0},"end":{"line":54,"column":35}},"52":{"start":{"line":55,"column":0},"end":{"line":55,"column":56}},"53":{"start":{"line":56,"column":0},"end":{"line":56,"column":41}},"54":{"start":{"line":58,"column":0},"end":{"line":58,"column":24}}},"fnMap":{},"branchMap":{},"s":{"0":9,"1":9,"2":9,"3":9,"4":9,"5":9,"6":9,"7":9,"8":9,"9":9,"10":9,"11":9,"12":9,"13":9,"14":9,"15":9,"16":9,"17":9,"18":9,"19":9,"20":9,"21":9,"22":9,"23":9,"24":9,"25":9,"26":9,"27":9,"28":9,"29":9,"30":9,"31":9,"32":9,"33":9,"34":9,"35":9,"36":9,"37":9,"38":9,"39":9,"40":9,"41":9,"42":9,"43":9,"44":9,"45":9,"46":9,"47":9,"48":9,"49":9,"50":9,"51":9,"52":9,"53":9,"54":9},"f":{},"b":{},"_coverageSchema":"1a1c01bbd47fc00a2c39e90264f33305004495a9","hash":"badb274974efdddc0ffa2c6b32e9890ada8e473f"}
,"C:\\Users\\ASUS\\Desktop\\ERM-BE\\src\\utils\\generateToken.js": {"path":"C:\\Users\\ASUS\\Desktop\\ERM-BE\\src\\utils\\generateToken.js","statementMap":{"0":{"start":{"line":1,"column":15},"end":{"line":1,"column":32}},"1":{"start":{"line":3,"column":22},"end":{"line":5,"column":1}},"2":{"start":{"line":4,"column":2},"end":{"line":4,"column":48}},"3":{"start":{"line":7,"column":0},"end":{"line":7,"column":31}}},"fnMap":{"0":{"name":"(anonymous_0)","decl":{"start":{"line":3,"column":22},"end":{"line":3,"column":23}},"loc":{"start":{"line":3,"column":28},"end":{"line":5,"column":1}},"line":3}},"branchMap":{},"s":{"0":9,"1":9,"2":12,"3":9},"f":{"0":12},"b":{},"_coverageSchema":"1a1c01bbd47fc00a2c39e90264f33305004495a9","hash":"0961f9ad61e5b7ed55dc2c60ce3738ad2ad836d4"}
}
