{"C:\\Users\\ASUS\\Desktop\\ERM-BE\\src\\app.js": {"path":"C:\\Users\\ASUS\\Desktop\\ERM-BE\\src\\app.js","statementMap":{"0":{"start":{"line":1,"column":16},"end":{"line":1,"column":34}},"1":{"start":{"line":2,"column":13},"end":{"line":2,"column":28}},"2":{"start":{"line":3,"column":15},"end":{"line":3,"column":34}},"3":{"start":{"line":4,"column":0},"end":{"line":4,"column":27}},"4":{"start":{"line":6,"column":12},"end":{"line":6,"column":21}},"5":{"start":{"line":8,"column":0},"end":{"line":8,"column":16}},"6":{"start":{"line":9,"column":0},"end":{"line":9,"column":24}},"7":{"start":{"line":11,"column":0},"end":{"line":11,"column":24}},"8":{"start":{"line":13,"column":0},"end":{"line":13,"column":21}}},"fnMap":{},"branchMap":{},"s":{"0":1,"1":1,"2":1,"3":1,"4":1,"5":1,"6":1,"7":1,"8":1},"f":{},"b":{},"_coverageSchema":"1a1c01bbd47fc00a2c39e90264f33305004495a9","hash":"8de5ddd84f27d12306e2d066874779296d90ae2c"}
,"C:\\Users\\ASUS\\Desktop\\ERM-BE\\src\\config\\db.js": {"path":"C:\\Users\\ASUS\\Desktop\\ERM-BE\\src\\config\\db.js","statementMap":{"0":{"start":{"line":1,"column":14},"end":{"line":1,"column":31}},"1":{"start":{"line":2,"column":0},"end":{"line":2,"column":27}},"2":{"start":{"line":4,"column":13},"end":{"line":12,"column":2}},"3":{"start":{"line":14,"column":0},"end":{"line":14,"column":32}}},"fnMap":{},"branchMap":{},"s":{"0":1,"1":1,"2":1,"3":1},"f":{},"b":{},"_coverageSchema":"1a1c01bbd47fc00a2c39e90264f33305004495a9","hash":"bbcdf6b789cb7af21b8f9dfbcf63d3080b3f1644"}
,"C:\\Users\\ASUS\\Desktop\\ERM-BE\\src\\middleware\\authMiddleware.js": {"path":"C:\\Users\\ASUS\\Desktop\\ERM-BE\\src\\middleware\\authMiddleware.js","statementMap":{"0":{"start":{"line":1,"column":11},"end":{"line":1,"column":34}},"1":{"start":{"line":3,"column":23},"end":{"line":33,"column":1}},"2":{"start":{"line":4,"column":2},"end":{"line":32,"column":3}},"3":{"start":{"line":5,"column":23},"end":{"line":5,"column":48}},"4":{"start":{"line":7,"column":4},"end":{"line":9,"column":5}},"5":{"start":{"line":8,"column":6},"end":{"line":8,"column":77}},"6":{"start":{"line":11,"column":18},"end":{"line":11,"column":41}},"7":{"start":{"line":13,"column":19},"end":{"line":13,"column":90}},"8":{"start":{"line":15,"column":4},"end":{"line":17,"column":5}},"9":{"start":{"line":16,"column":6},"end":{"line":16,"column":62}},"10":{"start":{"line":19,"column":19},"end":{"line":19,"column":34}},"11":{"start":{"line":21,"column":23},"end":{"line":21,"column":105}},"12":{"start":{"line":23,"column":4},"end":{"line":25,"column":5}},"13":{"start":{"line":24,"column":6},"end":{"line":24,"column":63}},"14":{"start":{"line":27,"column":4},"end":{"line":27,"column":27}},"15":{"start":{"line":28,"column":4},"end":{"line":28,"column":11}},"16":{"start":{"line":30,"column":4},"end":{"line":30,"column":51}},"17":{"start":{"line":31,"column":4},"end":{"line":31,"column":52}},"18":{"start":{"line":35,"column":0},"end":{"line":35,"column":32}}},"fnMap":{"0":{"name":"(anonymous_0)","decl":{"start":{"line":3,"column":23},"end":{"line":3,"column":24}},"loc":{"start":{"line":3,"column":49},"end":{"line":33,"column":1}},"line":3}},"branchMap":{"0":{"loc":{"start":{"line":7,"column":4},"end":{"line":9,"column":5}},"type":"if","locations":[{"start":{"line":7,"column":4},"end":{"line":9,"column":5}},{"start":{},"end":{}}],"line":7},"1":{"loc":{"start":{"line":7,"column":8},"end":{"line":7,"column":56}},"type":"binary-expr","locations":[{"start":{"line":7,"column":8},"end":{"line":7,"column":19}},{"start":{"line":7,"column":23},"end":{"line":7,"column":56}}],"line":7},"2":{"loc":{"start":{"line":15,"column":4},"end":{"line":17,"column":5}},"type":"if","locations":[{"start":{"line":15,"column":4},"end":{"line":17,"column":5}},{"start":{},"end":{}}],"line":15},"3":{"loc":{"start":{"line":23,"column":4},"end":{"line":25,"column":5}},"type":"if","locations":[{"start":{"line":23,"column":4},"end":{"line":25,"column":5}},{"start":{},"end":{}}],"line":23}},"s":{"0":1,"1":1,"2":16,"3":16,"4":16,"5":4,"6":12,"7":12,"8":12,"9":0,"10":12,"11":12,"12":12,"13":0,"14":12,"15":12,"16":0,"17":0,"18":1},"f":{"0":16},"b":{"0":[4,12],"1":[16,12],"2":[0,12],"3":[0,12]},"_coverageSchema":"1a1c01bbd47fc00a2c39e90264f33305004495a9","hash":"f29e1d5142f4633d739e49704454ca11541b0443"}
,"C:\\Users\\ASUS\\Desktop\\ERM-BE\\src\\modules\\auth\\auth.controller.js": {"path":"C:\\Users\\ASUS\\Desktop\\ERM-BE\\src\\modules\\auth\\auth.controller.js","statementMap":{"0":{"start":{"line":1,"column":20},"end":{"line":1,"column":45}},"1":{"start":{"line":3,"column":23},"end":{"line":78,"column":1}},"2":{"start":{"line":5,"column":4},"end":{"line":22,"column":5}},"3":{"start":{"line":6,"column":34},"end":{"line":6,"column":42}},"4":{"start":{"line":8,"column":6},"end":{"line":10,"column":7}},"5":{"start":{"line":9,"column":8},"end":{"line":9,"column":82}},"6":{"start":{"line":12,"column":21},"end":{"line":12,"column":61}},"7":{"start":{"line":14,"column":6},"end":{"line":16,"column":7}},"8":{"start":{"line":15,"column":8},"end":{"line":15,"column":61}},"9":{"start":{"line":18,"column":6},"end":{"line":18,"column":23}},"10":{"start":{"line":20,"column":6},"end":{"line":20,"column":43}},"11":{"start":{"line":21,"column":6},"end":{"line":21,"column":54}},"12":{"start":{"line":26,"column":4},"end":{"line":32,"column":5}},"13":{"start":{"line":27,"column":6},"end":{"line":27,"column":44}},"14":{"start":{"line":28,"column":6},"end":{"line":28,"column":34}},"15":{"start":{"line":30,"column":6},"end":{"line":30,"column":44}},"16":{"start":{"line":31,"column":6},"end":{"line":31,"column":54}},"17":{"start":{"line":36,"column":4},"end":{"line":46,"column":5}},"18":{"start":{"line":37,"column":6},"end":{"line":42,"column":9}},"19":{"start":{"line":44,"column":6},"end":{"line":44,"column":46}},"20":{"start":{"line":45,"column":6},"end":{"line":45,"column":54}},"21":{"start":{"line":50,"column":4},"end":{"line":76,"column":5}},"22":{"start":{"line":51,"column":23},"end":{"line":51,"column":51}},"23":{"start":{"line":53,"column":6},"end":{"line":55,"column":7}},"24":{"start":{"line":54,"column":8},"end":{"line":54,"column":91}},"25":{"start":{"line":57,"column":55},"end":{"line":57,"column":63}},"26":{"start":{"line":59,"column":6},"end":{"line":61,"column":7}},"27":{"start":{"line":60,"column":8},"end":{"line":60,"column":82}},"28":{"start":{"line":63,"column":21},"end":{"line":63,"column":80}},"29":{"start":{"line":65,"column":6},"end":{"line":67,"column":7}},"30":{"start":{"line":66,"column":8},"end":{"line":66,"column":61}},"31":{"start":{"line":69,"column":6},"end":{"line":72,"column":9}},"32":{"start":{"line":74,"column":6},"end":{"line":74,"column":55}},"33":{"start":{"line":75,"column":6},"end":{"line":75,"column":54}},"34":{"start":{"line":80,"column":0},"end":{"line":80,"column":32}}},"fnMap":{"0":{"name":"(anonymous_0)","decl":{"start":{"line":4,"column":9},"end":{"line":4,"column":10}},"loc":{"start":{"line":4,"column":29},"end":{"line":23,"column":3}},"line":4},"1":{"name":"(anonymous_1)","decl":{"start":{"line":25,"column":10},"end":{"line":25,"column":11}},"loc":{"start":{"line":25,"column":30},"end":{"line":33,"column":3}},"line":25},"2":{"name":"(anonymous_2)","decl":{"start":{"line":35,"column":6},"end":{"line":35,"column":7}},"loc":{"start":{"line":35,"column":26},"end":{"line":47,"column":3}},"line":35},"3":{"name":"(anonymous_3)","decl":{"start":{"line":49,"column":12},"end":{"line":49,"column":13}},"loc":{"start":{"line":49,"column":32},"end":{"line":77,"column":3}},"line":49}},"branchMap":{"0":{"loc":{"start":{"line":8,"column":6},"end":{"line":10,"column":7}},"type":"if","locations":[{"start":{"line":8,"column":6},"end":{"line":10,"column":7}},{"start":{},"end":{}}],"line":8},"1":{"loc":{"start":{"line":8,"column":10},"end":{"line":8,"column":29}},"type":"binary-expr","locations":[{"start":{"line":8,"column":10},"end":{"line":8,"column":16}},{"start":{"line":8,"column":20},"end":{"line":8,"column":29}}],"line":8},"2":{"loc":{"start":{"line":14,"column":6},"end":{"line":16,"column":7}},"type":"if","locations":[{"start":{"line":14,"column":6},"end":{"line":16,"column":7}},{"start":{},"end":{}}],"line":14},"3":{"loc":{"start":{"line":53,"column":6},"end":{"line":55,"column":7}},"type":"if","locations":[{"start":{"line":53,"column":6},"end":{"line":55,"column":7}},{"start":{},"end":{}}],"line":53},"4":{"loc":{"start":{"line":53,"column":10},"end":{"line":53,"column":47}},"type":"binary-expr","locations":[{"start":{"line":53,"column":10},"end":{"line":53,"column":18}},{"start":{"line":53,"column":22},"end":{"line":53,"column":47}}],"line":53},"5":{"loc":{"start":{"line":57,"column":37},"end":{"line":57,"column":50}},"type":"default-arg","locations":[{"start":{"line":57,"column":44},"end":{"line":57,"column":50}}],"line":57},"6":{"loc":{"start":{"line":59,"column":6},"end":{"line":61,"column":7}},"type":"if","locations":[{"start":{"line":59,"column":6},"end":{"line":61,"column":7}},{"start":{},"end":{}}],"line":59},"7":{"loc":{"start":{"line":59,"column":10},"end":{"line":59,"column":29}},"type":"binary-expr","locations":[{"start":{"line":59,"column":10},"end":{"line":59,"column":16}},{"start":{"line":59,"column":20},"end":{"line":59,"column":29}}],"line":59},"8":{"loc":{"start":{"line":65,"column":6},"end":{"line":67,"column":7}},"type":"if","locations":[{"start":{"line":65,"column":6},"end":{"line":67,"column":7}},{"start":{},"end":{}}],"line":65}},"s":{"0":1,"1":1,"2":1,"3":1,"4":1,"5":0,"6":1,"7":1,"8":0,"9":1,"10":0,"11":0,"12":0,"13":0,"14":0,"15":0,"16":0,"17":0,"18":0,"19":0,"20":0,"21":0,"22":0,"23":0,"24":0,"25":0,"26":0,"27":0,"28":0,"29":0,"30":0,"31":0,"32":0,"33":0,"34":1},"f":{"0":1,"1":0,"2":0,"3":0},"b":{"0":[0,1],"1":[1,1],"2":[0,1],"3":[0,0],"4":[0,0],"5":[0],"6":[0,0],"7":[0,0],"8":[0,0]},"_coverageSchema":"1a1c01bbd47fc00a2c39e90264f33305004495a9","hash":"2698381e19ab91967e724aa60b5a98a054457431"}
,"C:\\Users\\ASUS\\Desktop\\ERM-BE\\src\\modules\\auth\\auth.routes.js": {"path":"C:\\Users\\ASUS\\Desktop\\ERM-BE\\src\\modules\\auth\\auth.routes.js","statementMap":{"0":{"start":{"line":1,"column":16},"end":{"line":1,"column":34}},"1":{"start":{"line":2,"column":15},"end":{"line":2,"column":31}},"2":{"start":{"line":3,"column":23},"end":{"line":3,"column":51}},"3":{"start":{"line":4,"column":23},"end":{"line":4,"column":65}},"4":{"start":{"line":5,"column":20},"end":{"line":5,"column":45}},"5":{"start":{"line":7,"column":0},"end":{"line":7,"column":44}},"6":{"start":{"line":8,"column":0},"end":{"line":8,"column":62}},"7":{"start":{"line":9,"column":0},"end":{"line":9,"column":53}},"8":{"start":{"line":11,"column":24},"end":{"line":21,"column":1}},"9":{"start":{"line":12,"column":2},"end":{"line":20,"column":3}},"10":{"start":{"line":13,"column":21},"end":{"line":13,"column":49}},"11":{"start":{"line":14,"column":4},"end":{"line":16,"column":5}},"12":{"start":{"line":15,"column":6},"end":{"line":15,"column":44}},"13":{"start":{"line":17,"column":4},"end":{"line":17,"column":11}},"14":{"start":{"line":19,"column":4},"end":{"line":19,"column":16}},"15":{"start":{"line":23,"column":0},"end":{"line":23,"column":67}},"16":{"start":{"line":25,"column":0},"end":{"line":25,"column":24}}},"fnMap":{"0":{"name":"(anonymous_0)","decl":{"start":{"line":11,"column":24},"end":{"line":11,"column":25}},"loc":{"start":{"line":11,"column":50},"end":{"line":21,"column":1}},"line":11}},"branchMap":{"0":{"loc":{"start":{"line":14,"column":4},"end":{"line":16,"column":5}},"type":"if","locations":[{"start":{"line":14,"column":4},"end":{"line":16,"column":5}},{"start":{},"end":{}}],"line":14}},"s":{"0":1,"1":1,"2":1,"3":1,"4":1,"5":1,"6":1,"7":1,"8":1,"9":0,"10":0,"11":0,"12":0,"13":0,"14":0,"15":1,"16":1},"f":{"0":0},"b":{"0":[0,0]},"_coverageSchema":"1a1c01bbd47fc00a2c39e90264f33305004495a9","hash":"0dcf3c68cf228e774b42c734ffbbcd3e9f0d8ea2"}
,"C:\\Users\\ASUS\\Desktop\\ERM-BE\\src\\modules\\auth\\auth.service.js": {"path":"C:\\Users\\ASUS\\Desktop\\ERM-BE\\src\\modules\\auth\\auth.service.js","statementMap":{"0":{"start":{"line":1,"column":15},"end":{"line":1,"column":32}},"1":{"start":{"line":2,"column":11},"end":{"line":2,"column":37}},"2":{"start":{"line":3,"column":22},"end":{"line":3,"column":58}},"3":{"start":{"line":5,"column":20},"end":{"line":75,"column":1}},"4":{"start":{"line":7,"column":19},"end":{"line":7,"column":74}},"5":{"start":{"line":8,"column":4},"end":{"line":8,"column":29}},"6":{"start":{"line":12,"column":20},"end":{"line":15,"column":5}},"7":{"start":{"line":17,"column":4},"end":{"line":19,"column":5}},"8":{"start":{"line":18,"column":6},"end":{"line":18,"column":52}},"9":{"start":{"line":21,"column":17},"end":{"line":21,"column":25}},"10":{"start":{"line":23,"column":28},"end":{"line":23,"column":78}},"11":{"start":{"line":25,"column":4},"end":{"line":27,"column":5}},"12":{"start":{"line":26,"column":6},"end":{"line":26,"column":52}},"13":{"start":{"line":30,"column":29},"end":{"line":30,"column":102}},"14":{"start":{"line":32,"column":4},"end":{"line":37,"column":5}},"15":{"start":{"line":33,"column":6},"end":{"line":33,"column":38}},"16":{"start":{"line":35,"column":6},"end":{"line":35,"column":30}},"17":{"start":{"line":36,"column":6},"end":{"line":36,"column":94}},"18":{"start":{"line":39,"column":4},"end":{"line":47,"column":6}},"19":{"start":{"line":51,"column":4},"end":{"line":51,"column":71}},"20":{"start":{"line":55,"column":28},"end":{"line":55,"column":93}},"21":{"start":{"line":57,"column":4},"end":{"line":59,"column":5}},"22":{"start":{"line":58,"column":6},"end":{"line":58,"column":62}},"23":{"start":{"line":61,"column":27},"end":{"line":61,"column":58}},"24":{"start":{"line":63,"column":21},"end":{"line":66,"column":5}},"25":{"start":{"line":68,"column":22},"end":{"line":71,"column":5}},"26":{"start":{"line":73,"column":4},"end":{"line":73,"column":22}},"27":{"start":{"line":77,"column":0},"end":{"line":77,"column":29}}},"fnMap":{"0":{"name":"(anonymous_0)","decl":{"start":{"line":6,"column":12},"end":{"line":6,"column":13}},"loc":{"start":{"line":6,"column":24},"end":{"line":9,"column":3}},"line":6},"1":{"name":"(anonymous_1)","decl":{"start":{"line":11,"column":9},"end":{"line":11,"column":10}},"loc":{"start":{"line":11,"column":36},"end":{"line":48,"column":3}},"line":11},"2":{"name":"(anonymous_2)","decl":{"start":{"line":50,"column":10},"end":{"line":50,"column":11}},"loc":{"start":{"line":50,"column":28},"end":{"line":52,"column":3}},"line":50},"3":{"name":"(anonymous_3)","decl":{"start":{"line":54,"column":12},"end":{"line":54,"column":13}},"loc":{"start":{"line":54,"column":55},"end":{"line":74,"column":3}},"line":54}},"branchMap":{"0":{"loc":{"start":{"line":17,"column":4},"end":{"line":19,"column":5}},"type":"if","locations":[{"start":{"line":17,"column":4},"end":{"line":19,"column":5}},{"start":{},"end":{}}],"line":17},"1":{"loc":{"start":{"line":25,"column":4},"end":{"line":27,"column":5}},"type":"if","locations":[{"start":{"line":25,"column":4},"end":{"line":27,"column":5}},{"start":{},"end":{}}],"line":25},"2":{"loc":{"start":{"line":32,"column":4},"end":{"line":37,"column":5}},"type":"if","locations":[{"start":{"line":32,"column":4},"end":{"line":37,"column":5}},{"start":{"line":34,"column":11},"end":{"line":37,"column":5}}],"line":32},"3":{"loc":{"start":{"line":57,"column":4},"end":{"line":59,"column":5}},"type":"if","locations":[{"start":{"line":57,"column":4},"end":{"line":59,"column":5}},{"start":{},"end":{}}],"line":57},"4":{"loc":{"start":{"line":65,"column":14},"end":{"line":65,"column":26}},"type":"binary-expr","locations":[{"start":{"line":65,"column":14},"end":{"line":65,"column":18}},{"start":{"line":65,"column":22},"end":{"line":65,"column":26}}],"line":65}},"s":{"0":1,"1":1,"2":1,"3":1,"4":0,"5":0,"6":1,"7":1,"8":0,"9":1,"10":1,"11":1,"12":0,"13":1,"14":1,"15":0,"16":1,"17":1,"18":1,"19":0,"20":0,"21":0,"22":0,"23":0,"24":0,"25":0,"26":0,"27":1},"f":{"0":0,"1":1,"2":0,"3":0},"b":{"0":[0,1],"1":[0,1],"2":[0,1],"3":[0,0],"4":[0,0]},"_coverageSchema":"1a1c01bbd47fc00a2c39e90264f33305004495a9","hash":"ed6617b2ffc2b865f49a0e4bf681b17b3481103a"}
,"C:\\Users\\ASUS\\Desktop\\ERM-BE\\src\\modules\\customers\\customer.controller.js": {"path":"C:\\Users\\ASUS\\Desktop\\ERM-BE\\src\\modules\\customers\\customer.controller.js","statementMap":{"0":{"start":{"line":1,"column":24},"end":{"line":1,"column":53}},"1":{"start":{"line":3,"column":27},"end":{"line":80,"column":1}},"2":{"start":{"line":5,"column":4},"end":{"line":11,"column":5}},"3":{"start":{"line":6,"column":24},"end":{"line":6,"column":54}},"4":{"start":{"line":7,"column":6},"end":{"line":7,"column":26}},"5":{"start":{"line":9,"column":6},"end":{"line":9,"column":51}},"6":{"start":{"line":10,"column":6},"end":{"line":10,"column":54}},"7":{"start":{"line":15,"column":4},"end":{"line":27,"column":5}},"8":{"start":{"line":16,"column":21},"end":{"line":16,"column":31}},"9":{"start":{"line":17,"column":23},"end":{"line":17,"column":56}},"10":{"start":{"line":19,"column":6},"end":{"line":21,"column":7}},"11":{"start":{"line":20,"column":8},"end":{"line":20,"column":63}},"12":{"start":{"line":23,"column":6},"end":{"line":23,"column":25}},"13":{"start":{"line":25,"column":6},"end":{"line":25,"column":50}},"14":{"start":{"line":26,"column":6},"end":{"line":26,"column":54}},"15":{"start":{"line":31,"column":4},"end":{"line":43,"column":5}},"16":{"start":{"line":32,"column":35},"end":{"line":32,"column":43}},"17":{"start":{"line":34,"column":6},"end":{"line":36,"column":7}},"18":{"start":{"line":35,"column":8},"end":{"line":35,"column":72}},"19":{"start":{"line":38,"column":23},"end":{"line":38,"column":73}},"20":{"start":{"line":39,"column":6},"end":{"line":39,"column":37}},"21":{"start":{"line":41,"column":6},"end":{"line":41,"column":53}},"22":{"start":{"line":42,"column":6},"end":{"line":42,"column":54}},"23":{"start":{"line":47,"column":4},"end":{"line":61,"column":5}},"24":{"start":{"line":48,"column":21},"end":{"line":48,"column":31}},"25":{"start":{"line":49,"column":35},"end":{"line":49,"column":43}},"26":{"start":{"line":51,"column":23},"end":{"line":51,"column":77}},"27":{"start":{"line":53,"column":6},"end":{"line":55,"column":7}},"28":{"start":{"line":54,"column":8},"end":{"line":54,"column":63}},"29":{"start":{"line":57,"column":6},"end":{"line":57,"column":25}},"30":{"start":{"line":59,"column":6},"end":{"line":59,"column":53}},"31":{"start":{"line":60,"column":6},"end":{"line":60,"column":54}},"32":{"start":{"line":65,"column":4},"end":{"line":78,"column":5}},"33":{"start":{"line":66,"column":21},"end":{"line":66,"column":31}},"34":{"start":{"line":68,"column":21},"end":{"line":68,"column":53}},"35":{"start":{"line":70,"column":6},"end":{"line":72,"column":7}},"36":{"start":{"line":71,"column":8},"end":{"line":71,"column":61}},"37":{"start":{"line":74,"column":6},"end":{"line":74,"column":61}},"38":{"start":{"line":76,"column":6},"end":{"line":76,"column":53}},"39":{"start":{"line":77,"column":6},"end":{"line":77,"column":54}},"40":{"start":{"line":82,"column":0},"end":{"line":82,"column":36}}},"fnMap":{"0":{"name":"(anonymous_0)","decl":{"start":{"line":4,"column":10},"end":{"line":4,"column":11}},"loc":{"start":{"line":4,"column":30},"end":{"line":12,"column":3}},"line":4},"1":{"name":"(anonymous_1)","decl":{"start":{"line":14,"column":11},"end":{"line":14,"column":12}},"loc":{"start":{"line":14,"column":31},"end":{"line":28,"column":3}},"line":14},"2":{"name":"(anonymous_2)","decl":{"start":{"line":30,"column":10},"end":{"line":30,"column":11}},"loc":{"start":{"line":30,"column":30},"end":{"line":44,"column":3}},"line":30},"3":{"name":"(anonymous_3)","decl":{"start":{"line":46,"column":10},"end":{"line":46,"column":11}},"loc":{"start":{"line":46,"column":30},"end":{"line":62,"column":3}},"line":46},"4":{"name":"(anonymous_4)","decl":{"start":{"line":64,"column":10},"end":{"line":64,"column":11}},"loc":{"start":{"line":64,"column":30},"end":{"line":79,"column":3}},"line":64}},"branchMap":{"0":{"loc":{"start":{"line":19,"column":6},"end":{"line":21,"column":7}},"type":"if","locations":[{"start":{"line":19,"column":6},"end":{"line":21,"column":7}},{"start":{},"end":{}}],"line":19},"1":{"loc":{"start":{"line":34,"column":6},"end":{"line":36,"column":7}},"type":"if","locations":[{"start":{"line":34,"column":6},"end":{"line":36,"column":7}},{"start":{},"end":{}}],"line":34},"2":{"loc":{"start":{"line":53,"column":6},"end":{"line":55,"column":7}},"type":"if","locations":[{"start":{"line":53,"column":6},"end":{"line":55,"column":7}},{"start":{},"end":{}}],"line":53},"3":{"loc":{"start":{"line":70,"column":6},"end":{"line":72,"column":7}},"type":"if","locations":[{"start":{"line":70,"column":6},"end":{"line":72,"column":7}},{"start":{},"end":{}}],"line":70}},"s":{"0":1,"1":1,"2":0,"3":0,"4":0,"5":0,"6":0,"7":0,"8":0,"9":0,"10":0,"11":0,"12":0,"13":0,"14":0,"15":0,"16":0,"17":0,"18":0,"19":0,"20":0,"21":0,"22":0,"23":0,"24":0,"25":0,"26":0,"27":0,"28":0,"29":0,"30":0,"31":0,"32":0,"33":0,"34":0,"35":0,"36":0,"37":0,"38":0,"39":0,"40":1},"f":{"0":0,"1":0,"2":0,"3":0,"4":0},"b":{"0":[0,0],"1":[0,0],"2":[0,0],"3":[0,0]},"_coverageSchema":"1a1c01bbd47fc00a2c39e90264f33305004495a9","hash":"08cff5ab63a22314b4d43aa41e430b49c4b030d6"}
,"C:\\Users\\ASUS\\Desktop\\ERM-BE\\src\\modules\\customers\\customer.routes.js": {"path":"C:\\Users\\ASUS\\Desktop\\ERM-BE\\src\\modules\\customers\\customer.routes.js","statementMap":{"0":{"start":{"line":1,"column":16},"end":{"line":1,"column":34}},"1":{"start":{"line":2,"column":15},"end":{"line":2,"column":31}},"2":{"start":{"line":3,"column":27},"end":{"line":3,"column":59}},"3":{"start":{"line":4,"column":23},"end":{"line":4,"column":65}},"4":{"start":{"line":6,"column":0},"end":{"line":6,"column":59}},"5":{"start":{"line":7,"column":0},"end":{"line":7,"column":63}},"6":{"start":{"line":8,"column":0},"end":{"line":8,"column":60}},"7":{"start":{"line":9,"column":0},"end":{"line":9,"column":62}},"8":{"start":{"line":10,"column":0},"end":{"line":10,"column":65}},"9":{"start":{"line":12,"column":0},"end":{"line":12,"column":24}}},"fnMap":{},"branchMap":{},"s":{"0":1,"1":1,"2":1,"3":1,"4":1,"5":1,"6":1,"7":1,"8":1,"9":1},"f":{},"b":{},"_coverageSchema":"1a1c01bbd47fc00a2c39e90264f33305004495a9","hash":"3177da486c22f89ee2743b09b136b0fc18aa1087"}
,"C:\\Users\\ASUS\\Desktop\\ERM-BE\\src\\modules\\customers\\customer.service.js": {"path":"C:\\Users\\ASUS\\Desktop\\ERM-BE\\src\\modules\\customers\\customer.service.js","statementMap":{"0":{"start":{"line":1,"column":11},"end":{"line":1,"column":37}},"1":{"start":{"line":3,"column":24},"end":{"line":65,"column":1}},"2":{"start":{"line":5,"column":19},"end":{"line":7,"column":5}},"3":{"start":{"line":8,"column":4},"end":{"line":8,"column":16}},"4":{"start":{"line":12,"column":19},"end":{"line":15,"column":5}},"5":{"start":{"line":17,"column":4},"end":{"line":19,"column":5}},"6":{"start":{"line":18,"column":6},"end":{"line":18,"column":45}},"7":{"start":{"line":21,"column":4},"end":{"line":21,"column":19}},"8":{"start":{"line":25,"column":21},"end":{"line":28,"column":5}},"9":{"start":{"line":30,"column":26},"end":{"line":33,"column":5}},"10":{"start":{"line":35,"column":4},"end":{"line":35,"column":26}},"11":{"start":{"line":39,"column":21},"end":{"line":42,"column":5}},"12":{"start":{"line":44,"column":4},"end":{"line":46,"column":5}},"13":{"start":{"line":45,"column":6},"end":{"line":45,"column":45}},"14":{"start":{"line":48,"column":30},"end":{"line":51,"column":5}},"15":{"start":{"line":53,"column":4},"end":{"line":53,"column":30}},"16":{"start":{"line":57,"column":21},"end":{"line":57,"column":81}},"17":{"start":{"line":59,"column":4},"end":{"line":61,"column":5}},"18":{"start":{"line":60,"column":6},"end":{"line":60,"column":45}},"19":{"start":{"line":63,"column":4},"end":{"line":63,"column":29}},"20":{"start":{"line":67,"column":0},"end":{"line":67,"column":33}}},"fnMap":{"0":{"name":"(anonymous_0)","decl":{"start":{"line":4,"column":10},"end":{"line":4,"column":11}},"loc":{"start":{"line":4,"column":22},"end":{"line":9,"column":3}},"line":4},"1":{"name":"(anonymous_1)","decl":{"start":{"line":11,"column":11},"end":{"line":11,"column":12}},"loc":{"start":{"line":11,"column":25},"end":{"line":22,"column":3}},"line":11},"2":{"name":"(anonymous_2)","decl":{"start":{"line":24,"column":10},"end":{"line":24,"column":11}},"loc":{"start":{"line":24,"column":42},"end":{"line":36,"column":3}},"line":24},"3":{"name":"(anonymous_3)","decl":{"start":{"line":38,"column":10},"end":{"line":38,"column":11}},"loc":{"start":{"line":38,"column":46},"end":{"line":54,"column":3}},"line":38},"4":{"name":"(anonymous_4)","decl":{"start":{"line":56,"column":10},"end":{"line":56,"column":11}},"loc":{"start":{"line":56,"column":24},"end":{"line":64,"column":3}},"line":56}},"branchMap":{"0":{"loc":{"start":{"line":17,"column":4},"end":{"line":19,"column":5}},"type":"if","locations":[{"start":{"line":17,"column":4},"end":{"line":19,"column":5}},{"start":{},"end":{}}],"line":17},"1":{"loc":{"start":{"line":27,"column":18},"end":{"line":27,"column":31}},"type":"binary-expr","locations":[{"start":{"line":27,"column":18},"end":{"line":27,"column":23}},{"start":{"line":27,"column":27},"end":{"line":27,"column":31}}],"line":27},"2":{"loc":{"start":{"line":41,"column":18},"end":{"line":41,"column":31}},"type":"binary-expr","locations":[{"start":{"line":41,"column":18},"end":{"line":41,"column":23}},{"start":{"line":41,"column":27},"end":{"line":41,"column":31}}],"line":41},"3":{"loc":{"start":{"line":44,"column":4},"end":{"line":46,"column":5}},"type":"if","locations":[{"start":{"line":44,"column":4},"end":{"line":46,"column":5}},{"start":{},"end":{}}],"line":44},"4":{"loc":{"start":{"line":59,"column":4},"end":{"line":61,"column":5}},"type":"if","locations":[{"start":{"line":59,"column":4},"end":{"line":61,"column":5}},{"start":{},"end":{}}],"line":59}},"s":{"0":1,"1":1,"2":0,"3":0,"4":0,"5":0,"6":0,"7":0,"8":0,"9":0,"10":0,"11":0,"12":0,"13":0,"14":0,"15":0,"16":0,"17":0,"18":0,"19":0,"20":1},"f":{"0":0,"1":0,"2":0,"3":0,"4":0},"b":{"0":[0,0],"1":[0,0],"2":[0,0],"3":[0,0],"4":[0,0]},"_coverageSchema":"1a1c01bbd47fc00a2c39e90264f33305004495a9","hash":"4188413f067de6389adbcb8eb2d7d9259a2d6ab9"}
,"C:\\Users\\ASUS\\Desktop\\ERM-BE\\src\\modules\\products\\product.controller.js": {"path":"C:\\Users\\ASUS\\Desktop\\ERM-BE\\src\\modules\\products\\product.controller.js","statementMap":{"0":{"start":{"line":1,"column":23},"end":{"line":1,"column":51}},"1":{"start":{"line":3,"column":26},"end":{"line":103,"column":1}},"2":{"start":{"line":5,"column":4},"end":{"line":11,"column":5}},"3":{"start":{"line":6,"column":23},"end":{"line":6,"column":52}},"4":{"start":{"line":7,"column":6},"end":{"line":7,"column":25}},"5":{"start":{"line":9,"column":6},"end":{"line":9,"column":50}},"6":{"start":{"line":10,"column":6},"end":{"line":10,"column":54}},"7":{"start":{"line":15,"column":4},"end":{"line":27,"column":5}},"8":{"start":{"line":16,"column":21},"end":{"line":16,"column":31}},"9":{"start":{"line":17,"column":22},"end":{"line":17,"column":54}},"10":{"start":{"line":19,"column":6},"end":{"line":21,"column":7}},"11":{"start":{"line":20,"column":8},"end":{"line":20,"column":62}},"12":{"start":{"line":23,"column":6},"end":{"line":23,"column":24}},"13":{"start":{"line":25,"column":6},"end":{"line":25,"column":49}},"14":{"start":{"line":26,"column":6},"end":{"line":26,"column":54}},"15":{"start":{"line":31,"column":4},"end":{"line":54,"column":5}},"16":{"start":{"line":32,"column":82},"end":{"line":32,"column":90}},"17":{"start":{"line":34,"column":6},"end":{"line":36,"column":7}},"18":{"start":{"line":35,"column":8},"end":{"line":35,"column":67}},"19":{"start":{"line":38,"column":22},"end":{"line":44,"column":8}},"20":{"start":{"line":46,"column":6},"end":{"line":48,"column":7}},"21":{"start":{"line":47,"column":8},"end":{"line":47,"column":62}},"22":{"start":{"line":50,"column":6},"end":{"line":50,"column":36}},"23":{"start":{"line":52,"column":6},"end":{"line":52,"column":52}},"24":{"start":{"line":53,"column":6},"end":{"line":53,"column":54}},"25":{"start":{"line":58,"column":4},"end":{"line":81,"column":5}},"26":{"start":{"line":59,"column":21},"end":{"line":59,"column":31}},"27":{"start":{"line":60,"column":82},"end":{"line":60,"column":90}},"28":{"start":{"line":62,"column":22},"end":{"line":68,"column":8}},"29":{"start":{"line":70,"column":6},"end":{"line":75,"column":7}},"30":{"start":{"line":71,"column":8},"end":{"line":73,"column":9}},"31":{"start":{"line":72,"column":10},"end":{"line":72,"column":64}},"32":{"start":{"line":74,"column":8},"end":{"line":74,"column":62}},"33":{"start":{"line":77,"column":6},"end":{"line":77,"column":24}},"34":{"start":{"line":79,"column":6},"end":{"line":79,"column":52}},"35":{"start":{"line":80,"column":6},"end":{"line":80,"column":54}},"36":{"start":{"line":85,"column":4},"end":{"line":101,"column":5}},"37":{"start":{"line":86,"column":21},"end":{"line":86,"column":31}},"38":{"start":{"line":88,"column":21},"end":{"line":88,"column":52}},"39":{"start":{"line":90,"column":6},"end":{"line":95,"column":7}},"40":{"start":{"line":91,"column":8},"end":{"line":93,"column":9}},"41":{"start":{"line":92,"column":10},"end":{"line":92,"column":63}},"42":{"start":{"line":94,"column":8},"end":{"line":94,"column":61}},"43":{"start":{"line":97,"column":6},"end":{"line":97,"column":60}},"44":{"start":{"line":99,"column":6},"end":{"line":99,"column":52}},"45":{"start":{"line":100,"column":6},"end":{"line":100,"column":54}},"46":{"start":{"line":105,"column":0},"end":{"line":105,"column":35}}},"fnMap":{"0":{"name":"(anonymous_0)","decl":{"start":{"line":4,"column":10},"end":{"line":4,"column":11}},"loc":{"start":{"line":4,"column":30},"end":{"line":12,"column":3}},"line":4},"1":{"name":"(anonymous_1)","decl":{"start":{"line":14,"column":11},"end":{"line":14,"column":12}},"loc":{"start":{"line":14,"column":31},"end":{"line":28,"column":3}},"line":14},"2":{"name":"(anonymous_2)","decl":{"start":{"line":30,"column":10},"end":{"line":30,"column":11}},"loc":{"start":{"line":30,"column":30},"end":{"line":55,"column":3}},"line":30},"3":{"name":"(anonymous_3)","decl":{"start":{"line":57,"column":10},"end":{"line":57,"column":11}},"loc":{"start":{"line":57,"column":30},"end":{"line":82,"column":3}},"line":57},"4":{"name":"(anonymous_4)","decl":{"start":{"line":84,"column":10},"end":{"line":84,"column":11}},"loc":{"start":{"line":84,"column":30},"end":{"line":102,"column":3}},"line":84}},"branchMap":{"0":{"loc":{"start":{"line":19,"column":6},"end":{"line":21,"column":7}},"type":"if","locations":[{"start":{"line":19,"column":6},"end":{"line":21,"column":7}},{"start":{},"end":{}}],"line":19},"1":{"loc":{"start":{"line":34,"column":6},"end":{"line":36,"column":7}},"type":"if","locations":[{"start":{"line":34,"column":6},"end":{"line":36,"column":7}},{"start":{},"end":{}}],"line":34},"2":{"loc":{"start":{"line":46,"column":6},"end":{"line":48,"column":7}},"type":"if","locations":[{"start":{"line":46,"column":6},"end":{"line":48,"column":7}},{"start":{},"end":{}}],"line":46},"3":{"loc":{"start":{"line":70,"column":6},"end":{"line":75,"column":7}},"type":"if","locations":[{"start":{"line":70,"column":6},"end":{"line":75,"column":7}},{"start":{},"end":{}}],"line":70},"4":{"loc":{"start":{"line":71,"column":8},"end":{"line":73,"column":9}},"type":"if","locations":[{"start":{"line":71,"column":8},"end":{"line":73,"column":9}},{"start":{},"end":{}}],"line":71},"5":{"loc":{"start":{"line":90,"column":6},"end":{"line":95,"column":7}},"type":"if","locations":[{"start":{"line":90,"column":6},"end":{"line":95,"column":7}},{"start":{},"end":{}}],"line":90},"6":{"loc":{"start":{"line":91,"column":8},"end":{"line":93,"column":9}},"type":"if","locations":[{"start":{"line":91,"column":8},"end":{"line":93,"column":9}},{"start":{},"end":{}}],"line":91}},"s":{"0":1,"1":1,"2":0,"3":0,"4":0,"5":0,"6":0,"7":0,"8":0,"9":0,"10":0,"11":0,"12":0,"13":0,"14":0,"15":0,"16":0,"17":0,"18":0,"19":0,"20":0,"21":0,"22":0,"23":0,"24":0,"25":0,"26":0,"27":0,"28":0,"29":0,"30":0,"31":0,"32":0,"33":0,"34":0,"35":0,"36":0,"37":0,"38":0,"39":0,"40":0,"41":0,"42":0,"43":0,"44":0,"45":0,"46":1},"f":{"0":0,"1":0,"2":0,"3":0,"4":0},"b":{"0":[0,0],"1":[0,0],"2":[0,0],"3":[0,0],"4":[0,0],"5":[0,0],"6":[0,0]},"_coverageSchema":"1a1c01bbd47fc00a2c39e90264f33305004495a9","hash":"5f89429a36376eb3bdd943a209c094b255ff648c"}
,"C:\\Users\\ASUS\\Desktop\\ERM-BE\\src\\modules\\products\\product.routes.js": {"path":"C:\\Users\\ASUS\\Desktop\\ERM-BE\\src\\modules\\products\\product.routes.js","statementMap":{"0":{"start":{"line":1,"column":16},"end":{"line":1,"column":34}},"1":{"start":{"line":2,"column":15},"end":{"line":2,"column":31}},"2":{"start":{"line":3,"column":26},"end":{"line":3,"column":57}},"3":{"start":{"line":4,"column":23},"end":{"line":4,"column":65}},"4":{"start":{"line":6,"column":0},"end":{"line":6,"column":58}},"5":{"start":{"line":7,"column":0},"end":{"line":7,"column":62}},"6":{"start":{"line":8,"column":0},"end":{"line":8,"column":59}},"7":{"start":{"line":9,"column":0},"end":{"line":9,"column":61}},"8":{"start":{"line":10,"column":0},"end":{"line":10,"column":64}},"9":{"start":{"line":12,"column":0},"end":{"line":12,"column":24}}},"fnMap":{},"branchMap":{},"s":{"0":1,"1":1,"2":1,"3":1,"4":1,"5":1,"6":1,"7":1,"8":1,"9":1},"f":{},"b":{},"_coverageSchema":"1a1c01bbd47fc00a2c39e90264f33305004495a9","hash":"cf6c91ed3bd94811771f67b6f29b7d8d3c125ecb"}
,"C:\\Users\\ASUS\\Desktop\\ERM-BE\\src\\modules\\products\\product.service.js": {"path":"C:\\Users\\ASUS\\Desktop\\ERM-BE\\src\\modules\\products\\product.service.js","statementMap":{"0":{"start":{"line":1,"column":11},"end":{"line":1,"column":37}},"1":{"start":{"line":3,"column":23},"end":{"line":92,"column":1}},"2":{"start":{"line":5,"column":19},"end":{"line":7,"column":5}},"3":{"start":{"line":8,"column":4},"end":{"line":8,"column":16}},"4":{"start":{"line":12,"column":19},"end":{"line":15,"column":5}},"5":{"start":{"line":17,"column":4},"end":{"line":19,"column":5}},"6":{"start":{"line":18,"column":6},"end":{"line":18,"column":44}},"7":{"start":{"line":21,"column":4},"end":{"line":21,"column":19}},"8":{"start":{"line":25,"column":4},"end":{"line":33,"column":5}},"9":{"start":{"line":26,"column":25},"end":{"line":29,"column":7}},"10":{"start":{"line":30,"column":6},"end":{"line":32,"column":7}},"11":{"start":{"line":31,"column":8},"end":{"line":31,"column":66}},"12":{"start":{"line":35,"column":21},"end":{"line":38,"column":5}},"13":{"start":{"line":40,"column":25},"end":{"line":43,"column":5}},"14":{"start":{"line":45,"column":4},"end":{"line":45,"column":25}},"15":{"start":{"line":49,"column":4},"end":{"line":57,"column":5}},"16":{"start":{"line":50,"column":25},"end":{"line":53,"column":7}},"17":{"start":{"line":54,"column":6},"end":{"line":56,"column":7}},"18":{"start":{"line":55,"column":8},"end":{"line":55,"column":66}},"19":{"start":{"line":59,"column":21},"end":{"line":69,"column":5}},"20":{"start":{"line":71,"column":4},"end":{"line":73,"column":5}},"21":{"start":{"line":72,"column":6},"end":{"line":72,"column":44}},"22":{"start":{"line":75,"column":29},"end":{"line":78,"column":5}},"23":{"start":{"line":80,"column":4},"end":{"line":80,"column":29}},"24":{"start":{"line":84,"column":21},"end":{"line":84,"column":80}},"25":{"start":{"line":86,"column":4},"end":{"line":88,"column":5}},"26":{"start":{"line":87,"column":6},"end":{"line":87,"column":44}},"27":{"start":{"line":90,"column":4},"end":{"line":90,"column":29}},"28":{"start":{"line":94,"column":0},"end":{"line":94,"column":32}}},"fnMap":{"0":{"name":"(anonymous_0)","decl":{"start":{"line":4,"column":10},"end":{"line":4,"column":11}},"loc":{"start":{"line":4,"column":22},"end":{"line":9,"column":3}},"line":4},"1":{"name":"(anonymous_1)","decl":{"start":{"line":11,"column":11},"end":{"line":11,"column":12}},"loc":{"start":{"line":11,"column":25},"end":{"line":22,"column":3}},"line":11},"2":{"name":"(anonymous_2)","decl":{"start":{"line":24,"column":10},"end":{"line":24,"column":11}},"loc":{"start":{"line":24,"column":89},"end":{"line":46,"column":3}},"line":24},"3":{"name":"(anonymous_3)","decl":{"start":{"line":48,"column":10},"end":{"line":48,"column":11}},"loc":{"start":{"line":48,"column":93},"end":{"line":81,"column":3}},"line":48},"4":{"name":"(anonymous_4)","decl":{"start":{"line":83,"column":10},"end":{"line":83,"column":11}},"loc":{"start":{"line":83,"column":24},"end":{"line":91,"column":3}},"line":83}},"branchMap":{"0":{"loc":{"start":{"line":17,"column":4},"end":{"line":19,"column":5}},"type":"if","locations":[{"start":{"line":17,"column":4},"end":{"line":19,"column":5}},{"start":{},"end":{}}],"line":17},"1":{"loc":{"start":{"line":25,"column":4},"end":{"line":33,"column":5}},"type":"if","locations":[{"start":{"line":25,"column":4},"end":{"line":33,"column":5}},{"start":{},"end":{}}],"line":25},"2":{"loc":{"start":{"line":30,"column":6},"end":{"line":32,"column":7}},"type":"if","locations":[{"start":{"line":30,"column":6},"end":{"line":32,"column":7}},{"start":{},"end":{}}],"line":30},"3":{"loc":{"start":{"line":37,"column":13},"end":{"line":37,"column":33}},"type":"binary-expr","locations":[{"start":{"line":37,"column":13},"end":{"line":37,"column":25}},{"start":{"line":37,"column":29},"end":{"line":37,"column":33}}],"line":37},"4":{"loc":{"start":{"line":37,"column":35},"end":{"line":37,"column":48}},"type":"binary-expr","locations":[{"start":{"line":37,"column":35},"end":{"line":37,"column":40}},{"start":{"line":37,"column":44},"end":{"line":37,"column":48}}],"line":37},"5":{"loc":{"start":{"line":37,"column":50},"end":{"line":37,"column":78}},"type":"binary-expr","locations":[{"start":{"line":37,"column":50},"end":{"line":37,"column":72}},{"start":{"line":37,"column":76},"end":{"line":37,"column":78}}],"line":37},"6":{"loc":{"start":{"line":37,"column":80},"end":{"line":37,"column":100}},"type":"binary-expr","locations":[{"start":{"line":37,"column":80},"end":{"line":37,"column":92}},{"start":{"line":37,"column":96},"end":{"line":37,"column":100}}],"line":37},"7":{"loc":{"start":{"line":49,"column":4},"end":{"line":57,"column":5}},"type":"if","locations":[{"start":{"line":49,"column":4},"end":{"line":57,"column":5}},{"start":{},"end":{}}],"line":49},"8":{"loc":{"start":{"line":54,"column":6},"end":{"line":56,"column":7}},"type":"if","locations":[{"start":{"line":54,"column":6},"end":{"line":56,"column":7}},{"start":{},"end":{}}],"line":54},"9":{"loc":{"start":{"line":63,"column":8},"end":{"line":63,"column":28}},"type":"binary-expr","locations":[{"start":{"line":63,"column":8},"end":{"line":63,"column":20}},{"start":{"line":63,"column":24},"end":{"line":63,"column":28}}],"line":63},"10":{"loc":{"start":{"line":64,"column":8},"end":{"line":64,"column":21}},"type":"binary-expr","locations":[{"start":{"line":64,"column":8},"end":{"line":64,"column":13}},{"start":{"line":64,"column":17},"end":{"line":64,"column":21}}],"line":64},"11":{"loc":{"start":{"line":65,"column":8},"end":{"line":65,"column":74}},"type":"cond-expr","locations":[{"start":{"line":65,"column":47},"end":{"line":65,"column":69}},{"start":{"line":65,"column":72},"end":{"line":65,"column":74}}],"line":65},"12":{"loc":{"start":{"line":66,"column":8},"end":{"line":66,"column":28}},"type":"binary-expr","locations":[{"start":{"line":66,"column":8},"end":{"line":66,"column":20}},{"start":{"line":66,"column":24},"end":{"line":66,"column":28}}],"line":66},"13":{"loc":{"start":{"line":71,"column":4},"end":{"line":73,"column":5}},"type":"if","locations":[{"start":{"line":71,"column":4},"end":{"line":73,"column":5}},{"start":{},"end":{}}],"line":71},"14":{"loc":{"start":{"line":86,"column":4},"end":{"line":88,"column":5}},"type":"if","locations":[{"start":{"line":86,"column":4},"end":{"line":88,"column":5}},{"start":{},"end":{}}],"line":86}},"s":{"0":1,"1":1,"2":0,"3":0,"4":0,"5":0,"6":0,"7":0,"8":0,"9":0,"10":0,"11":0,"12":0,"13":0,"14":0,"15":0,"16":0,"17":0,"18":0,"19":0,"20":0,"21":0,"22":0,"23":0,"24":0,"25":0,"26":0,"27":0,"28":1},"f":{"0":0,"1":0,"2":0,"3":0,"4":0},"b":{"0":[0,0],"1":[0,0],"2":[0,0],"3":[0,0],"4":[0,0],"5":[0,0],"6":[0,0],"7":[0,0],"8":[0,0],"9":[0,0],"10":[0,0],"11":[0,0],"12":[0,0],"13":[0,0],"14":[0,0]},"_coverageSchema":"1a1c01bbd47fc00a2c39e90264f33305004495a9","hash":"6ce204713766deb921890bde53868e48bc3da80c"}
,"C:\\Users\\ASUS\\Desktop\\ERM-BE\\src\\modules\\sales\\sales.controller.js": {"path":"C:\\Users\\ASUS\\Desktop\\ERM-BE\\src\\modules\\sales\\sales.controller.js","statementMap":{"0":{"start":{"line":1,"column":21},"end":{"line":1,"column":47}},"1":{"start":{"line":3,"column":24},"end":{"line":84,"column":1}},"2":{"start":{"line":5,"column":4},"end":{"line":11,"column":5}},"3":{"start":{"line":6,"column":20},"end":{"line":6,"column":47}},"4":{"start":{"line":7,"column":6},"end":{"line":7,"column":22}},"5":{"start":{"line":9,"column":6},"end":{"line":9,"column":51}},"6":{"start":{"line":10,"column":6},"end":{"line":10,"column":54}},"7":{"start":{"line":15,"column":4},"end":{"line":30,"column":5}},"8":{"start":{"line":16,"column":21},"end":{"line":16,"column":31}},"9":{"start":{"line":17,"column":19},"end":{"line":17,"column":49}},"10":{"start":{"line":19,"column":6},"end":{"line":24,"column":7}},"11":{"start":{"line":20,"column":8},"end":{"line":22,"column":9}},"12":{"start":{"line":21,"column":10},"end":{"line":21,"column":61}},"13":{"start":{"line":23,"column":8},"end":{"line":23,"column":59}},"14":{"start":{"line":26,"column":6},"end":{"line":26,"column":21}},"15":{"start":{"line":28,"column":6},"end":{"line":28,"column":52}},"16":{"start":{"line":29,"column":6},"end":{"line":29,"column":54}},"17":{"start":{"line":34,"column":4},"end":{"line":62,"column":5}},"18":{"start":{"line":35,"column":53},"end":{"line":35,"column":61}},"19":{"start":{"line":37,"column":6},"end":{"line":39,"column":7}},"20":{"start":{"line":38,"column":8},"end":{"line":38,"column":69}},"21":{"start":{"line":41,"column":6},"end":{"line":45,"column":7}},"22":{"start":{"line":42,"column":8},"end":{"line":44,"column":9}},"23":{"start":{"line":43,"column":10},"end":{"line":43,"column":112}},"24":{"start":{"line":47,"column":21},"end":{"line":52,"column":8}},"25":{"start":{"line":54,"column":6},"end":{"line":56,"column":7}},"26":{"start":{"line":55,"column":8},"end":{"line":55,"column":61}},"27":{"start":{"line":58,"column":6},"end":{"line":58,"column":35}},"28":{"start":{"line":60,"column":6},"end":{"line":60,"column":49}},"29":{"start":{"line":61,"column":6},"end":{"line":61,"column":54}},"30":{"start":{"line":66,"column":4},"end":{"line":82,"column":5}},"31":{"start":{"line":67,"column":21},"end":{"line":67,"column":31}},"32":{"start":{"line":69,"column":21},"end":{"line":69,"column":50}},"33":{"start":{"line":71,"column":6},"end":{"line":76,"column":7}},"34":{"start":{"line":72,"column":8},"end":{"line":74,"column":9}},"35":{"start":{"line":73,"column":10},"end":{"line":73,"column":63}},"36":{"start":{"line":75,"column":8},"end":{"line":75,"column":61}},"37":{"start":{"line":78,"column":6},"end":{"line":78,"column":57}},"38":{"start":{"line":80,"column":6},"end":{"line":80,"column":49}},"39":{"start":{"line":81,"column":6},"end":{"line":81,"column":54}},"40":{"start":{"line":86,"column":0},"end":{"line":86,"column":33}}},"fnMap":{"0":{"name":"(anonymous_0)","decl":{"start":{"line":4,"column":10},"end":{"line":4,"column":11}},"loc":{"start":{"line":4,"column":30},"end":{"line":12,"column":3}},"line":4},"1":{"name":"(anonymous_1)","decl":{"start":{"line":14,"column":11},"end":{"line":14,"column":12}},"loc":{"start":{"line":14,"column":31},"end":{"line":31,"column":3}},"line":14},"2":{"name":"(anonymous_2)","decl":{"start":{"line":33,"column":10},"end":{"line":33,"column":11}},"loc":{"start":{"line":33,"column":30},"end":{"line":63,"column":3}},"line":33},"3":{"name":"(anonymous_3)","decl":{"start":{"line":65,"column":10},"end":{"line":65,"column":11}},"loc":{"start":{"line":65,"column":30},"end":{"line":83,"column":3}},"line":65}},"branchMap":{"0":{"loc":{"start":{"line":19,"column":6},"end":{"line":24,"column":7}},"type":"if","locations":[{"start":{"line":19,"column":6},"end":{"line":24,"column":7}},{"start":{},"end":{}}],"line":19},"1":{"loc":{"start":{"line":20,"column":8},"end":{"line":22,"column":9}},"type":"if","locations":[{"start":{"line":20,"column":8},"end":{"line":22,"column":9}},{"start":{},"end":{}}],"line":20},"2":{"loc":{"start":{"line":37,"column":6},"end":{"line":39,"column":7}},"type":"if","locations":[{"start":{"line":37,"column":6},"end":{"line":39,"column":7}},{"start":{},"end":{}}],"line":37},"3":{"loc":{"start":{"line":37,"column":10},"end":{"line":37,"column":63}},"type":"binary-expr","locations":[{"start":{"line":37,"column":10},"end":{"line":37,"column":16}},{"start":{"line":37,"column":20},"end":{"line":37,"column":41}},{"start":{"line":37,"column":45},"end":{"line":37,"column":63}}],"line":37},"4":{"loc":{"start":{"line":42,"column":8},"end":{"line":44,"column":9}},"type":"if","locations":[{"start":{"line":42,"column":8},"end":{"line":44,"column":9}},{"start":{},"end":{}}],"line":42},"5":{"loc":{"start":{"line":42,"column":12},"end":{"line":42,"column":88}},"type":"binary-expr","locations":[{"start":{"line":42,"column":12},"end":{"line":42,"column":28}},{"start":{"line":42,"column":32},"end":{"line":42,"column":46}},{"start":{"line":42,"column":50},"end":{"line":42,"column":68}},{"start":{"line":42,"column":72},"end":{"line":42,"column":88}}],"line":42},"6":{"loc":{"start":{"line":54,"column":6},"end":{"line":56,"column":7}},"type":"if","locations":[{"start":{"line":54,"column":6},"end":{"line":56,"column":7}},{"start":{},"end":{}}],"line":54},"7":{"loc":{"start":{"line":71,"column":6},"end":{"line":76,"column":7}},"type":"if","locations":[{"start":{"line":71,"column":6},"end":{"line":76,"column":7}},{"start":{},"end":{}}],"line":71},"8":{"loc":{"start":{"line":72,"column":8},"end":{"line":74,"column":9}},"type":"if","locations":[{"start":{"line":72,"column":8},"end":{"line":74,"column":9}},{"start":{},"end":{}}],"line":72}},"s":{"0":1,"1":1,"2":1,"3":1,"4":1,"5":0,"6":0,"7":2,"8":2,"9":2,"10":2,"11":1,"12":1,"13":0,"14":1,"15":0,"16":0,"17":7,"18":7,"19":7,"20":1,"21":6,"22":6,"23":2,"24":4,"25":4,"26":1,"27":3,"28":0,"29":0,"30":2,"31":2,"32":2,"33":2,"34":1,"35":1,"36":0,"37":1,"38":0,"39":0,"40":1},"f":{"0":1,"1":2,"2":7,"3":2},"b":{"0":[1,1],"1":[1,0],"2":[1,6],"3":[7,6,6],"4":[2,4],"5":[6,5,5,4],"6":[1,3],"7":[1,1],"8":[1,0]},"_coverageSchema":"1a1c01bbd47fc00a2c39e90264f33305004495a9","hash":"a9cd5362e30fd94714f9c44dfc656bf4cc322fe0"}
,"C:\\Users\\ASUS\\Desktop\\ERM-BE\\src\\modules\\sales\\sales.routes.js": {"path":"C:\\Users\\ASUS\\Desktop\\ERM-BE\\src\\modules\\sales\\sales.routes.js","statementMap":{"0":{"start":{"line":1,"column":16},"end":{"line":1,"column":34}},"1":{"start":{"line":2,"column":15},"end":{"line":2,"column":31}},"2":{"start":{"line":3,"column":24},"end":{"line":3,"column":53}},"3":{"start":{"line":4,"column":23},"end":{"line":4,"column":65}},"4":{"start":{"line":6,"column":0},"end":{"line":6,"column":56}},"5":{"start":{"line":7,"column":0},"end":{"line":7,"column":60}},"6":{"start":{"line":8,"column":0},"end":{"line":8,"column":57}},"7":{"start":{"line":9,"column":0},"end":{"line":9,"column":62}},"8":{"start":{"line":11,"column":0},"end":{"line":11,"column":24}}},"fnMap":{},"branchMap":{},"s":{"0":1,"1":1,"2":1,"3":1,"4":1,"5":1,"6":1,"7":1,"8":1},"f":{},"b":{},"_coverageSchema":"1a1c01bbd47fc00a2c39e90264f33305004495a9","hash":"5d9594f22bb098b0c34a3f9faaaee6d7b1826896"}
,"C:\\Users\\ASUS\\Desktop\\ERM-BE\\src\\modules\\sales\\sales.service.js": {"path":"C:\\Users\\ASUS\\Desktop\\ERM-BE\\src\\modules\\sales\\sales.service.js","statementMap":{"0":{"start":{"line":1,"column":11},"end":{"line":1,"column":37}},"1":{"start":{"line":3,"column":21},"end":{"line":164,"column":1}},"2":{"start":{"line":5,"column":19},"end":{"line":10,"column":6}},"3":{"start":{"line":11,"column":4},"end":{"line":11,"column":16}},"4":{"start":{"line":15,"column":19},"end":{"line":20,"column":12}},"5":{"start":{"line":22,"column":4},"end":{"line":24,"column":5}},"6":{"start":{"line":23,"column":6},"end":{"line":23,"column":41}},"7":{"start":{"line":26,"column":17},"end":{"line":26,"column":24}},"8":{"start":{"line":28,"column":20},"end":{"line":33,"column":12}},"9":{"start":{"line":35,"column":4},"end":{"line":35,"column":23}},"10":{"start":{"line":36,"column":4},"end":{"line":36,"column":16}},"11":{"start":{"line":40,"column":23},"end":{"line":40,"column":47}},"12":{"start":{"line":42,"column":4},"end":{"line":110,"column":5}},"13":{"start":{"line":43,"column":6},"end":{"line":43,"column":42}},"14":{"start":{"line":45,"column":6},"end":{"line":47,"column":7}},"15":{"start":{"line":46,"column":8},"end":{"line":46,"column":47}},"16":{"start":{"line":49,"column":6},"end":{"line":58,"column":7}},"17":{"start":{"line":50,"column":28},"end":{"line":53,"column":9}},"18":{"start":{"line":54,"column":26},"end":{"line":54,"column":86}},"19":{"start":{"line":55,"column":8},"end":{"line":57,"column":9}},"20":{"start":{"line":56,"column":10},"end":{"line":56,"column":80}},"21":{"start":{"line":60,"column":24},"end":{"line":60,"column":25}},"22":{"start":{"line":61,"column":6},"end":{"line":63,"column":7}},"23":{"start":{"line":62,"column":8},"end":{"line":62,"column":55}},"24":{"start":{"line":65,"column":27},"end":{"line":68,"column":7}},"25":{"start":{"line":69,"column":21},"end":{"line":69,"column":40}},"26":{"start":{"line":71,"column":6},"end":{"line":82,"column":7}},"27":{"start":{"line":72,"column":26},"end":{"line":72,"column":57}},"28":{"start":{"line":73,"column":8},"end":{"line":76,"column":10}},"29":{"start":{"line":78,"column":8},"end":{"line":81,"column":10}},"30":{"start":{"line":84,"column":6},"end":{"line":101,"column":7}},"31":{"start":{"line":85,"column":8},"end":{"line":100,"column":9}},"32":{"start":{"line":86,"column":10},"end":{"line":89,"column":12}},"33":{"start":{"line":91,"column":10},"end":{"line":94,"column":12}},"34":{"start":{"line":96,"column":10},"end":{"line":99,"column":12}},"35":{"start":{"line":103,"column":6},"end":{"line":103,"column":32}},"36":{"start":{"line":104,"column":6},"end":{"line":104,"column":66}},"37":{"start":{"line":106,"column":6},"end":{"line":106,"column":34}},"38":{"start":{"line":107,"column":6},"end":{"line":107,"column":18}},"39":{"start":{"line":109,"column":6},"end":{"line":109,"column":27}},"40":{"start":{"line":114,"column":23},"end":{"line":114,"column":47}},"41":{"start":{"line":116,"column":4},"end":{"line":162,"column":5}},"42":{"start":{"line":117,"column":6},"end":{"line":117,"column":42}},"43":{"start":{"line":119,"column":25},"end":{"line":122,"column":7}},"44":{"start":{"line":124,"column":6},"end":{"line":128,"column":7}},"45":{"start":{"line":125,"column":8},"end":{"line":125,"column":36}},"46":{"start":{"line":126,"column":8},"end":{"line":126,"column":29}},"47":{"start":{"line":127,"column":8},"end":{"line":127,"column":43}},"48":{"start":{"line":130,"column":60},"end":{"line":130,"column":71}},"49":{"start":{"line":132,"column":25},"end":{"line":135,"column":7}},"50":{"start":{"line":137,"column":6},"end":{"line":142,"column":7}},"51":{"start":{"line":138,"column":8},"end":{"line":141,"column":10}},"52":{"start":{"line":144,"column":6},"end":{"line":149,"column":7}},"53":{"start":{"line":145,"column":8},"end":{"line":148,"column":10}},"54":{"start":{"line":151,"column":6},"end":{"line":151,"column":90}},"55":{"start":{"line":152,"column":6},"end":{"line":152,"column":81}},"56":{"start":{"line":153,"column":6},"end":{"line":153,"column":71}},"57":{"start":{"line":155,"column":6},"end":{"line":155,"column":32}},"58":{"start":{"line":156,"column":6},"end":{"line":156,"column":31}},"59":{"start":{"line":158,"column":6},"end":{"line":158,"column":34}},"60":{"start":{"line":159,"column":6},"end":{"line":159,"column":18}},"61":{"start":{"line":161,"column":6},"end":{"line":161,"column":27}},"62":{"start":{"line":166,"column":0},"end":{"line":166,"column":30}}},"fnMap":{"0":{"name":"(anonymous_0)","decl":{"start":{"line":4,"column":10},"end":{"line":4,"column":11}},"loc":{"start":{"line":4,"column":22},"end":{"line":12,"column":3}},"line":4},"1":{"name":"(anonymous_1)","decl":{"start":{"line":14,"column":11},"end":{"line":14,"column":12}},"loc":{"start":{"line":14,"column":25},"end":{"line":37,"column":3}},"line":14},"2":{"name":"(anonymous_2)","decl":{"start":{"line":39,"column":10},"end":{"line":39,"column":11}},"loc":{"start":{"line":39,"column":72},"end":{"line":111,"column":3}},"line":39},"3":{"name":"(anonymous_3)","decl":{"start":{"line":113,"column":10},"end":{"line":113,"column":11}},"loc":{"start":{"line":113,"column":24},"end":{"line":163,"column":3}},"line":113}},"branchMap":{"0":{"loc":{"start":{"line":22,"column":4},"end":{"line":24,"column":5}},"type":"if","locations":[{"start":{"line":22,"column":4},"end":{"line":24,"column":5}},{"start":{},"end":{}}],"line":22},"1":{"loc":{"start":{"line":45,"column":6},"end":{"line":47,"column":7}},"type":"if","locations":[{"start":{"line":45,"column":6},"end":{"line":47,"column":7}},{"start":{},"end":{}}],"line":45},"2":{"loc":{"start":{"line":45,"column":10},"end":{"line":45,"column":38}},"type":"binary-expr","locations":[{"start":{"line":45,"column":10},"end":{"line":45,"column":16}},{"start":{"line":45,"column":20},"end":{"line":45,"column":38}}],"line":45},"3":{"loc":{"start":{"line":54,"column":26},"end":{"line":54,"column":86}},"type":"cond-expr","locations":[{"start":{"line":54,"column":49},"end":{"line":54,"column":82}},{"start":{"line":54,"column":85},"end":{"line":54,"column":86}}],"line":54},"4":{"loc":{"start":{"line":55,"column":8},"end":{"line":57,"column":9}},"type":"if","locations":[{"start":{"line":55,"column":8},"end":{"line":57,"column":9}},{"start":{},"end":{}}],"line":55},"5":{"loc":{"start":{"line":67,"column":9},"end":{"line":67,"column":28}},"type":"binary-expr","locations":[{"start":{"line":67,"column":9},"end":{"line":67,"column":20}},{"start":{"line":67,"column":24},"end":{"line":67,"column":28}}],"line":67},"6":{"loc":{"start":{"line":67,"column":55},"end":{"line":67,"column":79}},"type":"binary-expr","locations":[{"start":{"line":67,"column":55},"end":{"line":67,"column":69}},{"start":{"line":67,"column":73},"end":{"line":67,"column":79}}],"line":67},"7":{"loc":{"start":{"line":84,"column":6},"end":{"line":101,"column":7}},"type":"if","locations":[{"start":{"line":84,"column":6},"end":{"line":101,"column":7}},{"start":{},"end":{}}],"line":84},"8":{"loc":{"start":{"line":85,"column":8},"end":{"line":100,"column":9}},"type":"if","locations":[{"start":{"line":85,"column":8},"end":{"line":100,"column":9}},{"start":{"line":95,"column":15},"end":{"line":100,"column":9}}],"line":85},"9":{"loc":{"start":{"line":124,"column":6},"end":{"line":128,"column":7}},"type":"if","locations":[{"start":{"line":124,"column":6},"end":{"line":128,"column":7}},{"start":{},"end":{}}],"line":124},"10":{"loc":{"start":{"line":144,"column":6},"end":{"line":149,"column":7}},"type":"if","locations":[{"start":{"line":144,"column":6},"end":{"line":149,"column":7}},{"start":{},"end":{}}],"line":144},"11":{"loc":{"start":{"line":144,"column":10},"end":{"line":144,"column":50}},"type":"binary-expr","locations":[{"start":{"line":144,"column":10},"end":{"line":144,"column":21}},{"start":{"line":144,"column":25},"end":{"line":144,"column":50}}],"line":144}},"s":{"0":1,"1":1,"2":1,"3":1,"4":2,"5":2,"6":1,"7":1,"8":1,"9":1,"10":1,"11":4,"12":4,"13":4,"14":4,"15":0,"16":4,"17":4,"18":4,"19":4,"20":1,"21":3,"22":3,"23":3,"24":3,"25":3,"26":3,"27":3,"28":3,"29":3,"30":3,"31":2,"32":1,"33":1,"34":1,"35":3,"36":3,"37":0,"38":0,"39":4,"40":2,"41":2,"42":2,"43":2,"44":2,"45":1,"46":1,"47":1,"48":1,"49":1,"50":1,"51":1,"52":1,"53":0,"54":1,"55":1,"56":1,"57":1,"58":1,"59":0,"60":0,"61":2,"62":1},"f":{"0":1,"1":2,"2":4,"3":2},"b":{"0":[1,1],"1":[0,4],"2":[4,4],"3":[4,0],"4":[1,3],"5":[3,1],"6":[3,1],"7":[2,1],"8":[1,1],"9":[1,1],"10":[0,1],"11":[1,1]},"_coverageSchema":"1a1c01bbd47fc00a2c39e90264f33305004495a9","hash":"57a670759f890ea0ddc5dc069f3affb51befbfc7"}
,"C:\\Users\\ASUS\\Desktop\\ERM-BE\\src\\modules\\stock_receipts\\stock_receipt.controller.js": {"path":"C:\\Users\\ASUS\\Desktop\\ERM-BE\\src\\modules\\stock_receipts\\stock_receipt.controller.js","statementMap":{"0":{"start":{"line":1,"column":28},"end":{"line":1,"column":62}},"1":{"start":{"line":3,"column":31},"end":{"line":87,"column":1}},"2":{"start":{"line":5,"column":4},"end":{"line":11,"column":5}},"3":{"start":{"line":6,"column":23},"end":{"line":6,"column":57}},"4":{"start":{"line":7,"column":6},"end":{"line":7,"column":25}},"5":{"start":{"line":9,"column":6},"end":{"line":9,"column":54}},"6":{"start":{"line":10,"column":6},"end":{"line":10,"column":54}},"7":{"start":{"line":15,"column":4},"end":{"line":30,"column":5}},"8":{"start":{"line":16,"column":21},"end":{"line":16,"column":31}},"9":{"start":{"line":17,"column":22},"end":{"line":17,"column":59}},"10":{"start":{"line":19,"column":6},"end":{"line":24,"column":7}},"11":{"start":{"line":20,"column":8},"end":{"line":22,"column":9}},"12":{"start":{"line":21,"column":10},"end":{"line":21,"column":64}},"13":{"start":{"line":23,"column":8},"end":{"line":23,"column":62}},"14":{"start":{"line":26,"column":6},"end":{"line":26,"column":24}},"15":{"start":{"line":28,"column":6},"end":{"line":28,"column":55}},"16":{"start":{"line":29,"column":6},"end":{"line":29,"column":54}},"17":{"start":{"line":34,"column":4},"end":{"line":65,"column":5}},"18":{"start":{"line":35,"column":37},"end":{"line":35,"column":45}},"19":{"start":{"line":37,"column":6},"end":{"line":39,"column":7}},"20":{"start":{"line":38,"column":8},"end":{"line":38,"column":71}},"21":{"start":{"line":41,"column":6},"end":{"line":43,"column":7}},"22":{"start":{"line":42,"column":8},"end":{"line":42,"column":69}},"23":{"start":{"line":45,"column":6},"end":{"line":49,"column":7}},"24":{"start":{"line":46,"column":8},"end":{"line":48,"column":9}},"25":{"start":{"line":47,"column":10},"end":{"line":47,"column":100}},"26":{"start":{"line":51,"column":21},"end":{"line":55,"column":8}},"27":{"start":{"line":57,"column":6},"end":{"line":59,"column":7}},"28":{"start":{"line":58,"column":8},"end":{"line":58,"column":61}},"29":{"start":{"line":61,"column":6},"end":{"line":61,"column":35}},"30":{"start":{"line":63,"column":6},"end":{"line":63,"column":52}},"31":{"start":{"line":64,"column":6},"end":{"line":64,"column":54}},"32":{"start":{"line":69,"column":4},"end":{"line":85,"column":5}},"33":{"start":{"line":70,"column":21},"end":{"line":70,"column":31}},"34":{"start":{"line":72,"column":21},"end":{"line":72,"column":57}},"35":{"start":{"line":74,"column":6},"end":{"line":79,"column":7}},"36":{"start":{"line":75,"column":8},"end":{"line":77,"column":9}},"37":{"start":{"line":76,"column":10},"end":{"line":76,"column":63}},"38":{"start":{"line":78,"column":8},"end":{"line":78,"column":61}},"39":{"start":{"line":81,"column":6},"end":{"line":81,"column":66}},"40":{"start":{"line":83,"column":6},"end":{"line":83,"column":52}},"41":{"start":{"line":84,"column":6},"end":{"line":84,"column":54}},"42":{"start":{"line":89,"column":0},"end":{"line":89,"column":40}}},"fnMap":{"0":{"name":"(anonymous_0)","decl":{"start":{"line":4,"column":10},"end":{"line":4,"column":11}},"loc":{"start":{"line":4,"column":30},"end":{"line":12,"column":3}},"line":4},"1":{"name":"(anonymous_1)","decl":{"start":{"line":14,"column":11},"end":{"line":14,"column":12}},"loc":{"start":{"line":14,"column":31},"end":{"line":31,"column":3}},"line":14},"2":{"name":"(anonymous_2)","decl":{"start":{"line":33,"column":10},"end":{"line":33,"column":11}},"loc":{"start":{"line":33,"column":30},"end":{"line":66,"column":3}},"line":33},"3":{"name":"(anonymous_3)","decl":{"start":{"line":68,"column":10},"end":{"line":68,"column":11}},"loc":{"start":{"line":68,"column":30},"end":{"line":86,"column":3}},"line":68}},"branchMap":{"0":{"loc":{"start":{"line":19,"column":6},"end":{"line":24,"column":7}},"type":"if","locations":[{"start":{"line":19,"column":6},"end":{"line":24,"column":7}},{"start":{},"end":{}}],"line":19},"1":{"loc":{"start":{"line":20,"column":8},"end":{"line":22,"column":9}},"type":"if","locations":[{"start":{"line":20,"column":8},"end":{"line":22,"column":9}},{"start":{},"end":{}}],"line":20},"2":{"loc":{"start":{"line":37,"column":6},"end":{"line":39,"column":7}},"type":"if","locations":[{"start":{"line":37,"column":6},"end":{"line":39,"column":7}},{"start":{},"end":{}}],"line":37},"3":{"loc":{"start":{"line":41,"column":6},"end":{"line":43,"column":7}},"type":"if","locations":[{"start":{"line":41,"column":6},"end":{"line":43,"column":7}},{"start":{},"end":{}}],"line":41},"4":{"loc":{"start":{"line":41,"column":10},"end":{"line":41,"column":63}},"type":"binary-expr","locations":[{"start":{"line":41,"column":10},"end":{"line":41,"column":16}},{"start":{"line":41,"column":20},"end":{"line":41,"column":41}},{"start":{"line":41,"column":45},"end":{"line":41,"column":63}}],"line":41},"5":{"loc":{"start":{"line":46,"column":8},"end":{"line":48,"column":9}},"type":"if","locations":[{"start":{"line":46,"column":8},"end":{"line":48,"column":9}},{"start":{},"end":{}}],"line":46},"6":{"loc":{"start":{"line":46,"column":12},"end":{"line":46,"column":68}},"type":"binary-expr","locations":[{"start":{"line":46,"column":12},"end":{"line":46,"column":28}},{"start":{"line":46,"column":32},"end":{"line":46,"column":46}},{"start":{"line":46,"column":50},"end":{"line":46,"column":68}}],"line":46},"7":{"loc":{"start":{"line":57,"column":6},"end":{"line":59,"column":7}},"type":"if","locations":[{"start":{"line":57,"column":6},"end":{"line":59,"column":7}},{"start":{},"end":{}}],"line":57},"8":{"loc":{"start":{"line":74,"column":6},"end":{"line":79,"column":7}},"type":"if","locations":[{"start":{"line":74,"column":6},"end":{"line":79,"column":7}},{"start":{},"end":{}}],"line":74},"9":{"loc":{"start":{"line":75,"column":8},"end":{"line":77,"column":9}},"type":"if","locations":[{"start":{"line":75,"column":8},"end":{"line":77,"column":9}},{"start":{},"end":{}}],"line":75}},"s":{"0":1,"1":1,"2":0,"3":0,"4":0,"5":0,"6":0,"7":0,"8":0,"9":0,"10":0,"11":0,"12":0,"13":0,"14":0,"15":0,"16":0,"17":0,"18":0,"19":0,"20":0,"21":0,"22":0,"23":0,"24":0,"25":0,"26":0,"27":0,"28":0,"29":0,"30":0,"31":0,"32":0,"33":0,"34":0,"35":0,"36":0,"37":0,"38":0,"39":0,"40":0,"41":0,"42":1},"f":{"0":0,"1":0,"2":0,"3":0},"b":{"0":[0,0],"1":[0,0],"2":[0,0],"3":[0,0],"4":[0,0,0],"5":[0,0],"6":[0,0,0],"7":[0,0],"8":[0,0],"9":[0,0]},"_coverageSchema":"1a1c01bbd47fc00a2c39e90264f33305004495a9","hash":"80271e69a3bf030a09591b048a00c0f3ef2abe54"}
,"C:\\Users\\ASUS\\Desktop\\ERM-BE\\src\\modules\\stock_receipts\\stock_receipt.routes.js": {"path":"C:\\Users\\ASUS\\Desktop\\ERM-BE\\src\\modules\\stock_receipts\\stock_receipt.routes.js","statementMap":{"0":{"start":{"line":1,"column":16},"end":{"line":1,"column":34}},"1":{"start":{"line":2,"column":15},"end":{"line":2,"column":31}},"2":{"start":{"line":3,"column":31},"end":{"line":3,"column":68}},"3":{"start":{"line":4,"column":23},"end":{"line":4,"column":65}},"4":{"start":{"line":6,"column":0},"end":{"line":6,"column":63}},"5":{"start":{"line":7,"column":0},"end":{"line":7,"column":67}},"6":{"start":{"line":8,"column":0},"end":{"line":8,"column":64}},"7":{"start":{"line":9,"column":0},"end":{"line":9,"column":69}},"8":{"start":{"line":11,"column":0},"end":{"line":11,"column":24}}},"fnMap":{},"branchMap":{},"s":{"0":1,"1":1,"2":1,"3":1,"4":1,"5":1,"6":1,"7":1,"8":1},"f":{},"b":{},"_coverageSchema":"1a1c01bbd47fc00a2c39e90264f33305004495a9","hash":"fc1a1213ee8ffe5ccc368d811fe5eb92663ba3e1"}
,"C:\\Users\\ASUS\\Desktop\\ERM-BE\\src\\modules\\stock_receipts\\stock_receipt.service.js": {"path":"C:\\Users\\ASUS\\Desktop\\ERM-BE\\src\\modules\\stock_receipts\\stock_receipt.service.js","statementMap":{"0":{"start":{"line":1,"column":11},"end":{"line":1,"column":37}},"1":{"start":{"line":3,"column":28},"end":{"line":157,"column":1}},"2":{"start":{"line":5,"column":19},"end":{"line":10,"column":6}},"3":{"start":{"line":11,"column":4},"end":{"line":11,"column":16}},"4":{"start":{"line":15,"column":19},"end":{"line":20,"column":12}},"5":{"start":{"line":22,"column":4},"end":{"line":24,"column":5}},"6":{"start":{"line":23,"column":6},"end":{"line":23,"column":50}},"7":{"start":{"line":26,"column":20},"end":{"line":26,"column":27}},"8":{"start":{"line":28,"column":20},"end":{"line":33,"column":12}},"9":{"start":{"line":35,"column":4},"end":{"line":35,"column":26}},"10":{"start":{"line":36,"column":4},"end":{"line":36,"column":19}},"11":{"start":{"line":40,"column":23},"end":{"line":40,"column":47}},"12":{"start":{"line":42,"column":4},"end":{"line":98,"column":5}},"13":{"start":{"line":43,"column":6},"end":{"line":43,"column":42}},"14":{"start":{"line":45,"column":6},"end":{"line":47,"column":7}},"15":{"start":{"line":46,"column":8},"end":{"line":46,"column":47}},"16":{"start":{"line":49,"column":24},"end":{"line":49,"column":25}},"17":{"start":{"line":50,"column":6},"end":{"line":53,"column":7}},"18":{"start":{"line":51,"column":26},"end":{"line":51,"column":74}},"19":{"start":{"line":52,"column":8},"end":{"line":52,"column":33}},"20":{"start":{"line":55,"column":30},"end":{"line":58,"column":7}},"21":{"start":{"line":59,"column":24},"end":{"line":59,"column":46}},"22":{"start":{"line":61,"column":6},"end":{"line":77,"column":7}},"23":{"start":{"line":62,"column":8},"end":{"line":71,"column":10}},"24":{"start":{"line":73,"column":8},"end":{"line":76,"column":45}},"25":{"start":{"line":79,"column":6},"end":{"line":89,"column":7}},"26":{"start":{"line":80,"column":8},"end":{"line":83,"column":10}},"27":{"start":{"line":85,"column":8},"end":{"line":88,"column":10}},"28":{"start":{"line":91,"column":6},"end":{"line":91,"column":32}},"29":{"start":{"line":92,"column":6},"end":{"line":92,"column":69}},"30":{"start":{"line":94,"column":6},"end":{"line":94,"column":34}},"31":{"start":{"line":95,"column":6},"end":{"line":95,"column":18}},"32":{"start":{"line":97,"column":6},"end":{"line":97,"column":27}},"33":{"start":{"line":102,"column":23},"end":{"line":102,"column":47}},"34":{"start":{"line":104,"column":4},"end":{"line":155,"column":5}},"35":{"start":{"line":105,"column":6},"end":{"line":105,"column":42}},"36":{"start":{"line":107,"column":28},"end":{"line":110,"column":7}},"37":{"start":{"line":112,"column":6},"end":{"line":116,"column":7}},"38":{"start":{"line":113,"column":8},"end":{"line":113,"column":36}},"39":{"start":{"line":114,"column":8},"end":{"line":114,"column":29}},"40":{"start":{"line":115,"column":8},"end":{"line":115,"column":52}},"41":{"start":{"line":118,"column":44},"end":{"line":118,"column":58}},"42":{"start":{"line":120,"column":25},"end":{"line":123,"column":7}},"43":{"start":{"line":125,"column":6},"end":{"line":130,"column":7}},"44":{"start":{"line":126,"column":8},"end":{"line":129,"column":10}},"45":{"start":{"line":132,"column":6},"end":{"line":132,"column":93}},"46":{"start":{"line":134,"column":6},"end":{"line":144,"column":7}},"47":{"start":{"line":135,"column":8},"end":{"line":138,"column":10}},"48":{"start":{"line":140,"column":8},"end":{"line":143,"column":10}},"49":{"start":{"line":146,"column":6},"end":{"line":146,"column":80}},"50":{"start":{"line":148,"column":6},"end":{"line":148,"column":32}},"51":{"start":{"line":149,"column":6},"end":{"line":149,"column":31}},"52":{"start":{"line":151,"column":6},"end":{"line":151,"column":34}},"53":{"start":{"line":152,"column":6},"end":{"line":152,"column":18}},"54":{"start":{"line":154,"column":6},"end":{"line":154,"column":27}},"55":{"start":{"line":159,"column":0},"end":{"line":159,"column":37}}},"fnMap":{"0":{"name":"(anonymous_0)","decl":{"start":{"line":4,"column":10},"end":{"line":4,"column":11}},"loc":{"start":{"line":4,"column":22},"end":{"line":12,"column":3}},"line":4},"1":{"name":"(anonymous_1)","decl":{"start":{"line":14,"column":11},"end":{"line":14,"column":12}},"loc":{"start":{"line":14,"column":25},"end":{"line":37,"column":3}},"line":14},"2":{"name":"(anonymous_2)","decl":{"start":{"line":39,"column":10},"end":{"line":39,"column":11}},"loc":{"start":{"line":39,"column":56},"end":{"line":99,"column":3}},"line":39},"3":{"name":"(anonymous_3)","decl":{"start":{"line":101,"column":10},"end":{"line":101,"column":11}},"loc":{"start":{"line":101,"column":24},"end":{"line":156,"column":3}},"line":101}},"branchMap":{"0":{"loc":{"start":{"line":22,"column":4},"end":{"line":24,"column":5}},"type":"if","locations":[{"start":{"line":22,"column":4},"end":{"line":24,"column":5}},{"start":{},"end":{}}],"line":22},"1":{"loc":{"start":{"line":45,"column":6},"end":{"line":47,"column":7}},"type":"if","locations":[{"start":{"line":45,"column":6},"end":{"line":47,"column":7}},{"start":{},"end":{}}],"line":45},"2":{"loc":{"start":{"line":45,"column":10},"end":{"line":45,"column":38}},"type":"binary-expr","locations":[{"start":{"line":45,"column":10},"end":{"line":45,"column":16}},{"start":{"line":45,"column":20},"end":{"line":45,"column":38}}],"line":45},"3":{"loc":{"start":{"line":51,"column":27},"end":{"line":51,"column":45}},"type":"binary-expr","locations":[{"start":{"line":51,"column":27},"end":{"line":51,"column":40}},{"start":{"line":51,"column":44},"end":{"line":51,"column":45}}],"line":51},"4":{"loc":{"start":{"line":51,"column":50},"end":{"line":51,"column":73}},"type":"binary-expr","locations":[{"start":{"line":51,"column":50},"end":{"line":51,"column":68}},{"start":{"line":51,"column":72},"end":{"line":51,"column":73}}],"line":51},"5":{"loc":{"start":{"line":57,"column":21},"end":{"line":57,"column":40}},"type":"binary-expr","locations":[{"start":{"line":57,"column":21},"end":{"line":57,"column":32}},{"start":{"line":57,"column":36},"end":{"line":57,"column":40}}],"line":57},"6":{"loc":{"start":{"line":68,"column":12},"end":{"line":68,"column":38}},"type":"binary-expr","locations":[{"start":{"line":68,"column":12},"end":{"line":68,"column":30}},{"start":{"line":68,"column":34},"end":{"line":68,"column":38}}],"line":68},"7":{"loc":{"start":{"line":69,"column":12},"end":{"line":69,"column":38}},"type":"binary-expr","locations":[{"start":{"line":69,"column":12},"end":{"line":69,"column":30}},{"start":{"line":69,"column":34},"end":{"line":69,"column":38}}],"line":69},"8":{"loc":{"start":{"line":79,"column":6},"end":{"line":89,"column":7}},"type":"if","locations":[{"start":{"line":79,"column":6},"end":{"line":89,"column":7}},{"start":{},"end":{}}],"line":79},"9":{"loc":{"start":{"line":112,"column":6},"end":{"line":116,"column":7}},"type":"if","locations":[{"start":{"line":112,"column":6},"end":{"line":116,"column":7}},{"start":{},"end":{}}],"line":112},"10":{"loc":{"start":{"line":134,"column":6},"end":{"line":144,"column":7}},"type":"if","locations":[{"start":{"line":134,"column":6},"end":{"line":144,"column":7}},{"start":{},"end":{}}],"line":134}},"s":{"0":1,"1":1,"2":0,"3":0,"4":0,"5":0,"6":0,"7":0,"8":0,"9":0,"10":0,"11":0,"12":0,"13":0,"14":0,"15":0,"16":0,"17":0,"18":0,"19":0,"20":0,"21":0,"22":0,"23":0,"24":0,"25":0,"26":0,"27":0,"28":0,"29":0,"30":0,"31":0,"32":0,"33":0,"34":0,"35":0,"36":0,"37":0,"38":0,"39":0,"40":0,"41":0,"42":0,"43":0,"44":0,"45":0,"46":0,"47":0,"48":0,"49":0,"50":0,"51":0,"52":0,"53":0,"54":0,"55":1},"f":{"0":0,"1":0,"2":0,"3":0},"b":{"0":[0,0],"1":[0,0],"2":[0,0],"3":[0,0],"4":[0,0],"5":[0,0],"6":[0,0],"7":[0,0],"8":[0,0],"9":[0,0],"10":[0,0]},"_coverageSchema":"1a1c01bbd47fc00a2c39e90264f33305004495a9","hash":"01cc5acb696fc9a49d6ccc502bb54abef872b7eb"}
,"C:\\Users\\ASUS\\Desktop\\ERM-BE\\src\\modules\\suppliers\\supplier.controller.js": {"path":"C:\\Users\\ASUS\\Desktop\\ERM-BE\\src\\modules\\suppliers\\supplier.controller.js","statementMap":{"0":{"start":{"line":1,"column":24},"end":{"line":1,"column":53}},"1":{"start":{"line":3,"column":27},"end":{"line":80,"column":1}},"2":{"start":{"line":5,"column":4},"end":{"line":11,"column":5}},"3":{"start":{"line":6,"column":24},"end":{"line":6,"column":54}},"4":{"start":{"line":7,"column":6},"end":{"line":7,"column":26}},"5":{"start":{"line":9,"column":6},"end":{"line":9,"column":51}},"6":{"start":{"line":10,"column":6},"end":{"line":10,"column":54}},"7":{"start":{"line":15,"column":4},"end":{"line":27,"column":5}},"8":{"start":{"line":16,"column":21},"end":{"line":16,"column":31}},"9":{"start":{"line":17,"column":23},"end":{"line":17,"column":56}},"10":{"start":{"line":19,"column":6},"end":{"line":21,"column":7}},"11":{"start":{"line":20,"column":8},"end":{"line":20,"column":63}},"12":{"start":{"line":23,"column":6},"end":{"line":23,"column":25}},"13":{"start":{"line":25,"column":6},"end":{"line":25,"column":50}},"14":{"start":{"line":26,"column":6},"end":{"line":26,"column":54}},"15":{"start":{"line":31,"column":4},"end":{"line":43,"column":5}},"16":{"start":{"line":32,"column":51},"end":{"line":32,"column":59}},"17":{"start":{"line":34,"column":6},"end":{"line":36,"column":7}},"18":{"start":{"line":35,"column":8},"end":{"line":35,"column":67}},"19":{"start":{"line":38,"column":23},"end":{"line":38,"column":78}},"20":{"start":{"line":39,"column":6},"end":{"line":39,"column":37}},"21":{"start":{"line":41,"column":6},"end":{"line":41,"column":53}},"22":{"start":{"line":42,"column":6},"end":{"line":42,"column":54}},"23":{"start":{"line":47,"column":4},"end":{"line":61,"column":5}},"24":{"start":{"line":48,"column":21},"end":{"line":48,"column":31}},"25":{"start":{"line":49,"column":48},"end":{"line":49,"column":56}},"26":{"start":{"line":51,"column":23},"end":{"line":51,"column":90}},"27":{"start":{"line":53,"column":6},"end":{"line":55,"column":7}},"28":{"start":{"line":54,"column":8},"end":{"line":54,"column":63}},"29":{"start":{"line":57,"column":6},"end":{"line":57,"column":25}},"30":{"start":{"line":59,"column":6},"end":{"line":59,"column":53}},"31":{"start":{"line":60,"column":6},"end":{"line":60,"column":54}},"32":{"start":{"line":65,"column":4},"end":{"line":78,"column":5}},"33":{"start":{"line":66,"column":21},"end":{"line":66,"column":31}},"34":{"start":{"line":68,"column":21},"end":{"line":68,"column":53}},"35":{"start":{"line":70,"column":6},"end":{"line":72,"column":7}},"36":{"start":{"line":71,"column":8},"end":{"line":71,"column":61}},"37":{"start":{"line":74,"column":6},"end":{"line":74,"column":61}},"38":{"start":{"line":76,"column":6},"end":{"line":76,"column":53}},"39":{"start":{"line":77,"column":6},"end":{"line":77,"column":54}},"40":{"start":{"line":82,"column":0},"end":{"line":82,"column":36}}},"fnMap":{"0":{"name":"(anonymous_0)","decl":{"start":{"line":4,"column":10},"end":{"line":4,"column":11}},"loc":{"start":{"line":4,"column":30},"end":{"line":12,"column":3}},"line":4},"1":{"name":"(anonymous_1)","decl":{"start":{"line":14,"column":11},"end":{"line":14,"column":12}},"loc":{"start":{"line":14,"column":31},"end":{"line":28,"column":3}},"line":14},"2":{"name":"(anonymous_2)","decl":{"start":{"line":30,"column":10},"end":{"line":30,"column":11}},"loc":{"start":{"line":30,"column":30},"end":{"line":44,"column":3}},"line":30},"3":{"name":"(anonymous_3)","decl":{"start":{"line":46,"column":10},"end":{"line":46,"column":11}},"loc":{"start":{"line":46,"column":30},"end":{"line":62,"column":3}},"line":46},"4":{"name":"(anonymous_4)","decl":{"start":{"line":64,"column":10},"end":{"line":64,"column":11}},"loc":{"start":{"line":64,"column":30},"end":{"line":79,"column":3}},"line":64}},"branchMap":{"0":{"loc":{"start":{"line":19,"column":6},"end":{"line":21,"column":7}},"type":"if","locations":[{"start":{"line":19,"column":6},"end":{"line":21,"column":7}},{"start":{},"end":{}}],"line":19},"1":{"loc":{"start":{"line":32,"column":27},"end":{"line":32,"column":46}},"type":"default-arg","locations":[{"start":{"line":32,"column":38},"end":{"line":32,"column":46}}],"line":32},"2":{"loc":{"start":{"line":34,"column":6},"end":{"line":36,"column":7}},"type":"if","locations":[{"start":{"line":34,"column":6},"end":{"line":36,"column":7}},{"start":{},"end":{}}],"line":34},"3":{"loc":{"start":{"line":53,"column":6},"end":{"line":55,"column":7}},"type":"if","locations":[{"start":{"line":53,"column":6},"end":{"line":55,"column":7}},{"start":{},"end":{}}],"line":53},"4":{"loc":{"start":{"line":70,"column":6},"end":{"line":72,"column":7}},"type":"if","locations":[{"start":{"line":70,"column":6},"end":{"line":72,"column":7}},{"start":{},"end":{}}],"line":70}},"s":{"0":1,"1":1,"2":0,"3":0,"4":0,"5":0,"6":0,"7":0,"8":0,"9":0,"10":0,"11":0,"12":0,"13":0,"14":0,"15":0,"16":0,"17":0,"18":0,"19":0,"20":0,"21":0,"22":0,"23":0,"24":0,"25":0,"26":0,"27":0,"28":0,"29":0,"30":0,"31":0,"32":0,"33":0,"34":0,"35":0,"36":0,"37":0,"38":0,"39":0,"40":1},"f":{"0":0,"1":0,"2":0,"3":0,"4":0},"b":{"0":[0,0],"1":[0],"2":[0,0],"3":[0,0],"4":[0,0]},"_coverageSchema":"1a1c01bbd47fc00a2c39e90264f33305004495a9","hash":"73d84c30ffdc26928f4e9d5b6fe4d797b6ceeda3"}
,"C:\\Users\\ASUS\\Desktop\\ERM-BE\\src\\modules\\suppliers\\supplier.routes.js": {"path":"C:\\Users\\ASUS\\Desktop\\ERM-BE\\src\\modules\\suppliers\\supplier.routes.js","statementMap":{"0":{"start":{"line":1,"column":16},"end":{"line":1,"column":34}},"1":{"start":{"line":2,"column":15},"end":{"line":2,"column":31}},"2":{"start":{"line":3,"column":27},"end":{"line":3,"column":59}},"3":{"start":{"line":4,"column":23},"end":{"line":4,"column":65}},"4":{"start":{"line":6,"column":0},"end":{"line":6,"column":59}},"5":{"start":{"line":7,"column":0},"end":{"line":7,"column":63}},"6":{"start":{"line":8,"column":0},"end":{"line":8,"column":60}},"7":{"start":{"line":9,"column":0},"end":{"line":9,"column":62}},"8":{"start":{"line":10,"column":0},"end":{"line":10,"column":65}},"9":{"start":{"line":12,"column":0},"end":{"line":12,"column":24}}},"fnMap":{},"branchMap":{},"s":{"0":1,"1":1,"2":1,"3":1,"4":1,"5":1,"6":1,"7":1,"8":1,"9":1},"f":{},"b":{},"_coverageSchema":"1a1c01bbd47fc00a2c39e90264f33305004495a9","hash":"b4d9cc4b26c7a01a1f455b85583e4bf4ef873365"}
,"C:\\Users\\ASUS\\Desktop\\ERM-BE\\src\\modules\\suppliers\\supplier.service.js": {"path":"C:\\Users\\ASUS\\Desktop\\ERM-BE\\src\\modules\\suppliers\\supplier.service.js","statementMap":{"0":{"start":{"line":1,"column":11},"end":{"line":1,"column":37}},"1":{"start":{"line":3,"column":24},"end":{"line":65,"column":1}},"2":{"start":{"line":5,"column":19},"end":{"line":7,"column":5}},"3":{"start":{"line":8,"column":4},"end":{"line":8,"column":16}},"4":{"start":{"line":12,"column":19},"end":{"line":15,"column":5}},"5":{"start":{"line":17,"column":4},"end":{"line":19,"column":5}},"6":{"start":{"line":18,"column":6},"end":{"line":18,"column":45}},"7":{"start":{"line":21,"column":4},"end":{"line":21,"column":19}},"8":{"start":{"line":25,"column":21},"end":{"line":28,"column":5}},"9":{"start":{"line":30,"column":26},"end":{"line":33,"column":5}},"10":{"start":{"line":35,"column":4},"end":{"line":35,"column":26}},"11":{"start":{"line":39,"column":21},"end":{"line":42,"column":5}},"12":{"start":{"line":44,"column":4},"end":{"line":46,"column":5}},"13":{"start":{"line":45,"column":6},"end":{"line":45,"column":45}},"14":{"start":{"line":48,"column":30},"end":{"line":51,"column":5}},"15":{"start":{"line":53,"column":4},"end":{"line":53,"column":30}},"16":{"start":{"line":57,"column":21},"end":{"line":57,"column":81}},"17":{"start":{"line":59,"column":4},"end":{"line":61,"column":5}},"18":{"start":{"line":60,"column":6},"end":{"line":60,"column":45}},"19":{"start":{"line":63,"column":4},"end":{"line":63,"column":29}},"20":{"start":{"line":67,"column":0},"end":{"line":67,"column":33}}},"fnMap":{"0":{"name":"(anonymous_0)","decl":{"start":{"line":4,"column":10},"end":{"line":4,"column":11}},"loc":{"start":{"line":4,"column":22},"end":{"line":9,"column":3}},"line":4},"1":{"name":"(anonymous_1)","decl":{"start":{"line":11,"column":11},"end":{"line":11,"column":12}},"loc":{"start":{"line":11,"column":25},"end":{"line":22,"column":3}},"line":11},"2":{"name":"(anonymous_2)","decl":{"start":{"line":24,"column":10},"end":{"line":24,"column":11}},"loc":{"start":{"line":24,"column":47},"end":{"line":36,"column":3}},"line":24},"3":{"name":"(anonymous_3)","decl":{"start":{"line":38,"column":10},"end":{"line":38,"column":11}},"loc":{"start":{"line":38,"column":59},"end":{"line":54,"column":3}},"line":38},"4":{"name":"(anonymous_4)","decl":{"start":{"line":56,"column":10},"end":{"line":56,"column":11}},"loc":{"start":{"line":56,"column":24},"end":{"line":64,"column":3}},"line":56}},"branchMap":{"0":{"loc":{"start":{"line":17,"column":4},"end":{"line":19,"column":5}},"type":"if","locations":[{"start":{"line":17,"column":4},"end":{"line":19,"column":5}},{"start":{},"end":{}}],"line":17},"1":{"loc":{"start":{"line":27,"column":13},"end":{"line":27,"column":26}},"type":"binary-expr","locations":[{"start":{"line":27,"column":13},"end":{"line":27,"column":18}},{"start":{"line":27,"column":22},"end":{"line":27,"column":26}}],"line":27},"2":{"loc":{"start":{"line":41,"column":13},"end":{"line":41,"column":26}},"type":"binary-expr","locations":[{"start":{"line":41,"column":13},"end":{"line":41,"column":18}},{"start":{"line":41,"column":22},"end":{"line":41,"column":26}}],"line":41},"3":{"loc":{"start":{"line":41,"column":28},"end":{"line":41,"column":61}},"type":"cond-expr","locations":[{"start":{"line":41,"column":51},"end":{"line":41,"column":57}},{"start":{"line":41,"column":60},"end":{"line":41,"column":61}}],"line":41},"4":{"loc":{"start":{"line":41,"column":63},"end":{"line":41,"column":83}},"type":"binary-expr","locations":[{"start":{"line":41,"column":63},"end":{"line":41,"column":71}},{"start":{"line":41,"column":75},"end":{"line":41,"column":83}}],"line":41},"5":{"loc":{"start":{"line":44,"column":4},"end":{"line":46,"column":5}},"type":"if","locations":[{"start":{"line":44,"column":4},"end":{"line":46,"column":5}},{"start":{},"end":{}}],"line":44},"6":{"loc":{"start":{"line":59,"column":4},"end":{"line":61,"column":5}},"type":"if","locations":[{"start":{"line":59,"column":4},"end":{"line":61,"column":5}},{"start":{},"end":{}}],"line":59}},"s":{"0":1,"1":1,"2":0,"3":0,"4":0,"5":0,"6":0,"7":0,"8":0,"9":0,"10":0,"11":0,"12":0,"13":0,"14":0,"15":0,"16":0,"17":0,"18":0,"19":0,"20":1},"f":{"0":0,"1":0,"2":0,"3":0,"4":0},"b":{"0":[0,0],"1":[0,0],"2":[0,0],"3":[0,0],"4":[0,0],"5":[0,0],"6":[0,0]},"_coverageSchema":"1a1c01bbd47fc00a2c39e90264f33305004495a9","hash":"4d1f178413fb42ccba63c6ae8e10290ad3f39b4c"}
,"C:\\Users\\ASUS\\Desktop\\ERM-BE\\src\\modules\\users\\user.controller.js": {"path":"C:\\Users\\ASUS\\Desktop\\ERM-BE\\src\\modules\\users\\user.controller.js","statementMap":{"0":{"start":{"line":1,"column":20},"end":{"line":1,"column":45}},"1":{"start":{"line":3,"column":23},"end":{"line":91,"column":1}},"2":{"start":{"line":5,"column":4},"end":{"line":15,"column":5}},"3":{"start":{"line":6,"column":6},"end":{"line":8,"column":7}},"4":{"start":{"line":7,"column":8},"end":{"line":7,"column":89}},"5":{"start":{"line":10,"column":20},"end":{"line":10,"column":46}},"6":{"start":{"line":11,"column":6},"end":{"line":11,"column":22}},"7":{"start":{"line":13,"column":6},"end":{"line":13,"column":47}},"8":{"start":{"line":14,"column":6},"end":{"line":14,"column":54}},"9":{"start":{"line":19,"column":4},"end":{"line":35,"column":5}},"10":{"start":{"line":20,"column":6},"end":{"line":22,"column":7}},"11":{"start":{"line":21,"column":8},"end":{"line":21,"column":92}},"12":{"start":{"line":24,"column":21},"end":{"line":24,"column":31}},"13":{"start":{"line":25,"column":19},"end":{"line":25,"column":48}},"14":{"start":{"line":27,"column":6},"end":{"line":29,"column":7}},"15":{"start":{"line":28,"column":8},"end":{"line":28,"column":59}},"16":{"start":{"line":31,"column":6},"end":{"line":31,"column":21}},"17":{"start":{"line":33,"column":6},"end":{"line":33,"column":46}},"18":{"start":{"line":34,"column":6},"end":{"line":34,"column":54}},"19":{"start":{"line":39,"column":4},"end":{"line":64,"column":5}},"20":{"start":{"line":40,"column":6},"end":{"line":42,"column":7}},"21":{"start":{"line":41,"column":8},"end":{"line":41,"column":87}},"22":{"start":{"line":44,"column":21},"end":{"line":44,"column":31}},"23":{"start":{"line":45,"column":36},"end":{"line":45,"column":44}},"24":{"start":{"line":47,"column":6},"end":{"line":49,"column":7}},"25":{"start":{"line":48,"column":8},"end":{"line":48,"column":94}},"26":{"start":{"line":51,"column":21},"end":{"line":51,"column":72}},"27":{"start":{"line":53,"column":6},"end":{"line":55,"column":7}},"28":{"start":{"line":54,"column":8},"end":{"line":54,"column":61}},"29":{"start":{"line":57,"column":6},"end":{"line":60,"column":9}},"30":{"start":{"line":62,"column":6},"end":{"line":62,"column":49}},"31":{"start":{"line":63,"column":6},"end":{"line":63,"column":54}},"32":{"start":{"line":68,"column":4},"end":{"line":89,"column":5}},"33":{"start":{"line":69,"column":6},"end":{"line":71,"column":7}},"34":{"start":{"line":70,"column":8},"end":{"line":70,"column":87}},"35":{"start":{"line":73,"column":21},"end":{"line":73,"column":31}},"36":{"start":{"line":75,"column":6},"end":{"line":77,"column":7}},"37":{"start":{"line":76,"column":8},"end":{"line":76,"column":90}},"38":{"start":{"line":79,"column":21},"end":{"line":79,"column":49}},"39":{"start":{"line":81,"column":6},"end":{"line":83,"column":7}},"40":{"start":{"line":82,"column":8},"end":{"line":82,"column":61}},"41":{"start":{"line":85,"column":6},"end":{"line":85,"column":57}},"42":{"start":{"line":87,"column":6},"end":{"line":87,"column":49}},"43":{"start":{"line":88,"column":6},"end":{"line":88,"column":54}},"44":{"start":{"line":93,"column":0},"end":{"line":93,"column":32}}},"fnMap":{"0":{"name":"(anonymous_0)","decl":{"start":{"line":4,"column":10},"end":{"line":4,"column":11}},"loc":{"start":{"line":4,"column":30},"end":{"line":16,"column":3}},"line":4},"1":{"name":"(anonymous_1)","decl":{"start":{"line":18,"column":11},"end":{"line":18,"column":12}},"loc":{"start":{"line":18,"column":31},"end":{"line":36,"column":3}},"line":18},"2":{"name":"(anonymous_2)","decl":{"start":{"line":38,"column":10},"end":{"line":38,"column":11}},"loc":{"start":{"line":38,"column":30},"end":{"line":65,"column":3}},"line":38},"3":{"name":"(anonymous_3)","decl":{"start":{"line":67,"column":10},"end":{"line":67,"column":11}},"loc":{"start":{"line":67,"column":30},"end":{"line":90,"column":3}},"line":67}},"branchMap":{"0":{"loc":{"start":{"line":6,"column":6},"end":{"line":8,"column":7}},"type":"if","locations":[{"start":{"line":6,"column":6},"end":{"line":8,"column":7}},{"start":{},"end":{}}],"line":6},"1":{"loc":{"start":{"line":20,"column":6},"end":{"line":22,"column":7}},"type":"if","locations":[{"start":{"line":20,"column":6},"end":{"line":22,"column":7}},{"start":{},"end":{}}],"line":20},"2":{"loc":{"start":{"line":27,"column":6},"end":{"line":29,"column":7}},"type":"if","locations":[{"start":{"line":27,"column":6},"end":{"line":29,"column":7}},{"start":{},"end":{}}],"line":27},"3":{"loc":{"start":{"line":40,"column":6},"end":{"line":42,"column":7}},"type":"if","locations":[{"start":{"line":40,"column":6},"end":{"line":42,"column":7}},{"start":{},"end":{}}],"line":40},"4":{"loc":{"start":{"line":47,"column":6},"end":{"line":49,"column":7}},"type":"if","locations":[{"start":{"line":47,"column":6},"end":{"line":49,"column":7}},{"start":{},"end":{}}],"line":47},"5":{"loc":{"start":{"line":47,"column":10},"end":{"line":47,"column":72}},"type":"binary-expr","locations":[{"start":{"line":47,"column":10},"end":{"line":47,"column":38}},{"start":{"line":47,"column":42},"end":{"line":47,"column":46}},{"start":{"line":47,"column":50},"end":{"line":47,"column":72}}],"line":47},"6":{"loc":{"start":{"line":53,"column":6},"end":{"line":55,"column":7}},"type":"if","locations":[{"start":{"line":53,"column":6},"end":{"line":55,"column":7}},{"start":{},"end":{}}],"line":53},"7":{"loc":{"start":{"line":69,"column":6},"end":{"line":71,"column":7}},"type":"if","locations":[{"start":{"line":69,"column":6},"end":{"line":71,"column":7}},{"start":{},"end":{}}],"line":69},"8":{"loc":{"start":{"line":75,"column":6},"end":{"line":77,"column":7}},"type":"if","locations":[{"start":{"line":75,"column":6},"end":{"line":77,"column":7}},{"start":{},"end":{}}],"line":75},"9":{"loc":{"start":{"line":81,"column":6},"end":{"line":83,"column":7}},"type":"if","locations":[{"start":{"line":81,"column":6},"end":{"line":83,"column":7}},{"start":{},"end":{}}],"line":81}},"s":{"0":1,"1":1,"2":0,"3":0,"4":0,"5":0,"6":0,"7":0,"8":0,"9":0,"10":0,"11":0,"12":0,"13":0,"14":0,"15":0,"16":0,"17":0,"18":0,"19":0,"20":0,"21":0,"22":0,"23":0,"24":0,"25":0,"26":0,"27":0,"28":0,"29":0,"30":0,"31":0,"32":0,"33":0,"34":0,"35":0,"36":0,"37":0,"38":0,"39":0,"40":0,"41":0,"42":0,"43":0,"44":1},"f":{"0":0,"1":0,"2":0,"3":0},"b":{"0":[0,0],"1":[0,0],"2":[0,0],"3":[0,0],"4":[0,0],"5":[0,0,0],"6":[0,0],"7":[0,0],"8":[0,0],"9":[0,0]},"_coverageSchema":"1a1c01bbd47fc00a2c39e90264f33305004495a9","hash":"120267092ad2d2b479fdb444748e13113f462313"}
,"C:\\Users\\ASUS\\Desktop\\ERM-BE\\src\\modules\\users\\user.routes.js": {"path":"C:\\Users\\ASUS\\Desktop\\ERM-BE\\src\\modules\\users\\user.routes.js","statementMap":{"0":{"start":{"line":1,"column":16},"end":{"line":1,"column":34}},"1":{"start":{"line":2,"column":15},"end":{"line":2,"column":31}},"2":{"start":{"line":3,"column":23},"end":{"line":3,"column":51}},"3":{"start":{"line":4,"column":23},"end":{"line":4,"column":65}},"4":{"start":{"line":6,"column":0},"end":{"line":6,"column":55}},"5":{"start":{"line":7,"column":0},"end":{"line":7,"column":59}},"6":{"start":{"line":8,"column":0},"end":{"line":8,"column":58}},"7":{"start":{"line":9,"column":0},"end":{"line":9,"column":61}},"8":{"start":{"line":11,"column":0},"end":{"line":11,"column":24}}},"fnMap":{},"branchMap":{},"s":{"0":1,"1":1,"2":1,"3":1,"4":1,"5":1,"6":1,"7":1,"8":1},"f":{},"b":{},"_coverageSchema":"1a1c01bbd47fc00a2c39e90264f33305004495a9","hash":"d5138f2e977d68951b97e08a7b271ac14caa9b7c"}
,"C:\\Users\\ASUS\\Desktop\\ERM-BE\\src\\modules\\users\\user.service.js": {"path":"C:\\Users\\ASUS\\Desktop\\ERM-BE\\src\\modules\\users\\user.service.js","statementMap":{"0":{"start":{"line":1,"column":11},"end":{"line":1,"column":37}},"1":{"start":{"line":3,"column":20},"end":{"line":51,"column":1}},"2":{"start":{"line":5,"column":19},"end":{"line":7,"column":5}},"3":{"start":{"line":8,"column":4},"end":{"line":8,"column":16}},"4":{"start":{"line":12,"column":19},"end":{"line":15,"column":5}},"5":{"start":{"line":17,"column":4},"end":{"line":19,"column":5}},"6":{"start":{"line":18,"column":6},"end":{"line":18,"column":41}},"7":{"start":{"line":21,"column":4},"end":{"line":21,"column":19}},"8":{"start":{"line":25,"column":21},"end":{"line":28,"column":5}},"9":{"start":{"line":30,"column":4},"end":{"line":32,"column":5}},"10":{"start":{"line":31,"column":6},"end":{"line":31,"column":41}},"11":{"start":{"line":34,"column":26},"end":{"line":37,"column":5}},"12":{"start":{"line":39,"column":4},"end":{"line":39,"column":26}},"13":{"start":{"line":43,"column":21},"end":{"line":43,"column":77}},"14":{"start":{"line":45,"column":4},"end":{"line":47,"column":5}},"15":{"start":{"line":46,"column":6},"end":{"line":46,"column":41}},"16":{"start":{"line":49,"column":4},"end":{"line":49,"column":29}},"17":{"start":{"line":53,"column":0},"end":{"line":53,"column":29}}},"fnMap":{"0":{"name":"(anonymous_0)","decl":{"start":{"line":4,"column":10},"end":{"line":4,"column":11}},"loc":{"start":{"line":4,"column":22},"end":{"line":9,"column":3}},"line":4},"1":{"name":"(anonymous_1)","decl":{"start":{"line":11,"column":11},"end":{"line":11,"column":12}},"loc":{"start":{"line":11,"column":25},"end":{"line":22,"column":3}},"line":11},"2":{"name":"(anonymous_2)","decl":{"start":{"line":24,"column":10},"end":{"line":24,"column":11}},"loc":{"start":{"line":24,"column":47},"end":{"line":40,"column":3}},"line":24},"3":{"name":"(anonymous_3)","decl":{"start":{"line":42,"column":10},"end":{"line":42,"column":11}},"loc":{"start":{"line":42,"column":24},"end":{"line":50,"column":3}},"line":42}},"branchMap":{"0":{"loc":{"start":{"line":17,"column":4},"end":{"line":19,"column":5}},"type":"if","locations":[{"start":{"line":17,"column":4},"end":{"line":19,"column":5}},{"start":{},"end":{}}],"line":17},"1":{"loc":{"start":{"line":27,"column":14},"end":{"line":27,"column":26}},"type":"binary-expr","locations":[{"start":{"line":27,"column":14},"end":{"line":27,"column":18}},{"start":{"line":27,"column":22},"end":{"line":27,"column":26}}],"line":27},"2":{"loc":{"start":{"line":30,"column":4},"end":{"line":32,"column":5}},"type":"if","locations":[{"start":{"line":30,"column":4},"end":{"line":32,"column":5}},{"start":{},"end":{}}],"line":30},"3":{"loc":{"start":{"line":45,"column":4},"end":{"line":47,"column":5}},"type":"if","locations":[{"start":{"line":45,"column":4},"end":{"line":47,"column":5}},{"start":{},"end":{}}],"line":45}},"s":{"0":1,"1":1,"2":0,"3":0,"4":0,"5":0,"6":0,"7":0,"8":0,"9":0,"10":0,"11":0,"12":0,"13":0,"14":0,"15":0,"16":0,"17":1},"f":{"0":0,"1":0,"2":0,"3":0},"b":{"0":[0,0],"1":[0,0],"2":[0,0],"3":[0,0]},"_coverageSchema":"1a1c01bbd47fc00a2c39e90264f33305004495a9","hash":"3aebb7a3227a827661ff97050660fb37218eca41"}
,"C:\\Users\\ASUS\\Desktop\\ERM-BE\\src\\routes\\index.js": {"path":"C:\\Users\\ASUS\\Desktop\\ERM-BE\\src\\routes\\index.js","statementMap":{"0":{"start":{"line":1,"column":16},"end":{"line":1,"column":34}},"1":{"start":{"line":2,"column":19},"end":{"line":2,"column":57}},"2":{"start":{"line":3,"column":19},"end":{"line":3,"column":58}},"3":{"start":{"line":4,"column":23},"end":{"line":4,"column":70}},"4":{"start":{"line":5,"column":22},"end":{"line":5,"column":67}},"5":{"start":{"line":6,"column":23},"end":{"line":6,"column":70}},"6":{"start":{"line":7,"column":27},"end":{"line":7,"column":84}},"7":{"start":{"line":8,"column":20},"end":{"line":8,"column":60}},"8":{"start":{"line":10,"column":15},"end":{"line":10,"column":31}},"9":{"start":{"line":12,"column":0},"end":{"line":12,"column":32}},"10":{"start":{"line":13,"column":0},"end":{"line":13,"column":33}},"11":{"start":{"line":14,"column":0},"end":{"line":14,"column":41}},"12":{"start":{"line":15,"column":0},"end":{"line":15,"column":39}},"13":{"start":{"line":16,"column":0},"end":{"line":16,"column":41}},"14":{"start":{"line":17,"column":0},"end":{"line":17,"column":50}},"15":{"start":{"line":18,"column":0},"end":{"line":18,"column":34}},"16":{"start":{"line":20,"column":0},"end":{"line":20,"column":24}}},"fnMap":{},"branchMap":{},"s":{"0":1,"1":1,"2":1,"3":1,"4":1,"5":1,"6":1,"7":1,"8":1,"9":1,"10":1,"11":1,"12":1,"13":1,"14":1,"15":1,"16":1},"f":{},"b":{},"_coverageSchema":"1a1c01bbd47fc00a2c39e90264f33305004495a9","hash":"97ad636b9499c601d9b45f32ab83cf97029dd50c"}
,"C:\\Users\\ASUS\\Desktop\\ERM-BE\\src\\utils\\generateToken.js": {"path":"C:\\Users\\ASUS\\Desktop\\ERM-BE\\src\\utils\\generateToken.js","statementMap":{"0":{"start":{"line":1,"column":15},"end":{"line":1,"column":32}},"1":{"start":{"line":3,"column":22},"end":{"line":5,"column":1}},"2":{"start":{"line":4,"column":2},"end":{"line":4,"column":48}},"3":{"start":{"line":7,"column":0},"end":{"line":7,"column":31}}},"fnMap":{"0":{"name":"(anonymous_0)","decl":{"start":{"line":3,"column":22},"end":{"line":3,"column":23}},"loc":{"start":{"line":3,"column":28},"end":{"line":5,"column":1}},"line":3}},"branchMap":{},"s":{"0":1,"1":1,"2":1,"3":1},"f":{"0":1},"b":{},"_coverageSchema":"1a1c01bbd47fc00a2c39e90264f33305004495a9","hash":"0961f9ad61e5b7ed55dc2c60ce3738ad2ad836d4"}
}
