TN:
SF:src\app.js
FNF:0
FNH:0
DA:1,9
DA:2,9
DA:3,9
DA:4,9
DA:5,9
DA:7,9
DA:9,9
DA:10,9
DA:13,9
DA:15,9
DA:17,9
LF:11
LH:11
BRF:0
BRH:0
end_of_record
TN:
SF:src\config\db.js
FNF:0
FNH:0
DA:1,9
DA:2,9
DA:4,9
DA:14,9
LF:4
LH:4
BRF:0
BRH:0
end_of_record
TN:
SF:src\middleware\authMiddleware.js
FN:3,(anonymous_0)
FNF:1
FNH:1
FNDA:127,(anonymous_0)
DA:1,9
DA:3,9
DA:4,127
DA:5,127
DA:7,127
DA:8,35
DA:11,92
DA:13,92
DA:15,92
DA:16,9
DA:19,83
DA:21,83
DA:23,83
DA:24,0
DA:27,83
DA:28,83
DA:30,0
DA:31,0
DA:35,9
LF:19
LH:16
BRDA:7,0,0,35
BRDA:7,0,1,92
BRDA:7,1,0,127
BRDA:7,1,1,92
BRDA:15,2,0,9
BRDA:15,2,1,83
BRDA:23,3,0,0
BRDA:23,3,1,83
BRF:8
BRH:7
end_of_record
TN:
SF:src\middleware\uploadMiddleware.js
FN:13,(anonymous_0)
FN:16,(anonymous_1)
FN:24,(anonymous_2)
FNF:3
FNH:0
FNDA:0,(anonymous_0)
FNDA:0,(anonymous_1)
FNDA:0,(anonymous_2)
DA:1,9
DA:2,9
DA:3,9
DA:6,9
DA:7,9
DA:8,0
DA:12,9
DA:14,0
DA:17,0
DA:18,0
DA:19,0
DA:24,9
DA:25,0
DA:26,0
DA:27,0
DA:29,0
DA:34,9
DA:42,9
LF:18
LH:9
BRDA:7,0,0,0
BRDA:7,0,1,9
BRDA:26,1,0,0
BRDA:26,1,1,0
BRF:4
BRH:1
end_of_record
TN:
SF:src\modules\accounts\accounts.controller.js
FN:4,(anonymous_0)
FN:14,(anonymous_1)
FN:33,(anonymous_2)
FNF:3
FNH:0
FNDA:0,(anonymous_0)
FNDA:0,(anonymous_1)
FNDA:0,(anonymous_2)
DA:1,9
DA:3,9
DA:5,0
DA:6,0
DA:7,0
DA:9,0
DA:10,0
DA:15,0
DA:16,0
DA:17,0
DA:19,0
DA:20,0
DA:21,0
DA:23,0
DA:26,0
DA:28,0
DA:29,0
DA:34,0
DA:35,0
DA:37,0
DA:38,0
DA:41,0
DA:42,0
DA:45,0
DA:46,0
DA:47,0
DA:50,0
DA:51,0
DA:52,0
DA:55,0
DA:64,0
DA:65,0
DA:68,0
DA:70,0
DA:71,0
DA:76,9
LF:36
LH:3
BRDA:19,0,0,0
BRDA:19,0,1,0
BRDA:20,1,0,0
BRDA:20,1,1,0
BRDA:37,2,0,0
BRDA:37,2,1,0
BRDA:37,3,0,0
BRDA:37,3,1,0
BRDA:37,3,2,0
BRDA:41,4,0,0
BRDA:41,4,1,0
BRDA:46,5,0,0
BRDA:46,5,1,0
BRDA:51,6,0,0
BRDA:51,6,1,0
BRDA:51,7,0,0
BRDA:51,7,1,0
BRDA:60,8,0,0
BRDA:60,8,1,0
BRDA:64,9,0,0
BRDA:64,9,1,0
BRF:21
BRH:0
end_of_record
TN:
SF:src\modules\accounts\accounts.routes.js
FNF:0
FNH:0
DA:1,9
DA:2,9
DA:3,9
DA:5,9
DA:6,9
DA:7,9
DA:9,9
LF:7
LH:7
BRF:0
BRH:0
end_of_record
TN:
SF:src\modules\accounts\accounts.service.js
FN:5,(anonymous_0)
FN:46,(anonymous_1)
FN:88,(anonymous_2)
FN:130,(anonymous_3)
FN:184,(anonymous_4)
FN:198,(anonymous_5)
FN:212,(anonymous_6)
FN:226,(anonymous_7)
FN:240,(anonymous_8)
FN:254,(anonymous_9)
FNF:10
FNH:2
FNDA:0,(anonymous_0)
FNDA:0,(anonymous_1)
FNDA:0,(anonymous_2)
FNDA:1,(anonymous_3)
FNDA:0,(anonymous_4)
FNDA:0,(anonymous_5)
FNDA:0,(anonymous_6)
FNDA:0,(anonymous_7)
FNDA:0,(anonymous_8)
FNDA:1,(anonymous_9)
DA:1,9
DA:3,9
DA:6,0
DA:24,0
DA:25,0
DA:40,0
DA:43,0
DA:47,0
DA:63,0
DA:64,0
DA:67,0
DA:70,0
DA:84,0
DA:85,0
DA:89,0
DA:91,0
DA:92,0
DA:95,0
DA:100,0
DA:101,0
DA:102,0
DA:103,0
DA:107,0
DA:113,0
DA:114,0
DA:119,0
DA:120,0
DA:122,0
DA:123,0
DA:125,0
DA:131,1
DA:133,1
DA:134,1
DA:136,1
DA:137,1
DA:140,1
DA:141,0
DA:148,1
DA:149,0
DA:156,1
DA:157,0
DA:163,1
DA:164,0
DA:170,1
DA:171,1
DA:173,0
DA:174,0
DA:176,1
DA:180,0
DA:185,0
DA:187,0
DA:199,0
DA:201,0
DA:213,0
DA:215,0
DA:227,0
DA:229,0
DA:241,0
DA:243,0
DA:255,1
DA:260,1
DA:264,9
LF:62
LH:17
BRDA:63,0,0,0
BRDA:63,0,1,0
BRDA:100,1,0,0
BRDA:100,1,1,0
BRDA:113,2,0,0
BRDA:113,2,1,0
BRDA:133,3,0,1
BRDA:133,3,1,0
BRDA:133,4,0,1
BRDA:133,4,1,0
BRDA:140,5,0,0
BRDA:140,5,1,1
BRDA:140,6,0,1
BRDA:140,6,1,0
BRDA:148,7,0,0
BRDA:148,7,1,1
BRDA:148,8,0,1
BRDA:148,8,1,0
BRDA:156,9,0,0
BRDA:156,9,1,1
BRDA:156,10,0,1
BRDA:156,10,1,0
BRDA:163,11,0,0
BRDA:163,11,1,1
BRDA:163,12,0,1
BRDA:163,12,1,0
BRDA:188,13,0,0
BRDA:188,13,1,0
BRDA:202,14,0,0
BRDA:202,14,1,0
BRDA:216,15,0,0
BRDA:216,15,1,0
BRDA:230,16,0,0
BRDA:230,16,1,0
BRDA:244,17,0,0
BRDA:244,17,1,0
BRF:36
BRH:10
end_of_record
TN:
SF:src\modules\auth\auth.controller.js
FN:4,(anonymous_0)
FN:25,(anonymous_1)
FN:35,(anonymous_2)
FN:49,(anonymous_3)
FNF:4
FNH:1
FNDA:22,(anonymous_0)
FNDA:0,(anonymous_1)
FNDA:0,(anonymous_2)
FNDA:0,(anonymous_3)
DA:1,9
DA:3,9
DA:5,22
DA:6,22
DA:8,22
DA:9,2
DA:12,20
DA:14,20
DA:15,8
DA:18,12
DA:20,0
DA:21,0
DA:26,0
DA:27,0
DA:28,0
DA:30,0
DA:31,0
DA:36,0
DA:37,0
DA:44,0
DA:45,0
DA:50,0
DA:51,0
DA:53,0
DA:54,0
DA:57,0
DA:59,0
DA:60,0
DA:63,0
DA:65,0
DA:66,0
DA:69,0
DA:74,0
DA:75,0
DA:80,9
LF:35
LH:11
BRDA:8,0,0,2
BRDA:8,0,1,20
BRDA:8,1,0,22
BRDA:8,1,1,21
BRDA:14,2,0,8
BRDA:14,2,1,12
BRDA:53,3,0,0
BRDA:53,3,1,0
BRDA:53,4,0,0
BRDA:53,4,1,0
BRDA:57,5,0,0
BRDA:59,6,0,0
BRDA:59,6,1,0
BRDA:59,7,0,0
BRDA:59,7,1,0
BRDA:65,8,0,0
BRDA:65,8,1,0
BRF:17
BRH:6
end_of_record
TN:
SF:src\modules\auth\auth.routes.js
FN:11,(anonymous_0)
FNF:1
FNH:1
FNDA:7,(anonymous_0)
DA:1,9
DA:2,9
DA:3,9
DA:4,9
DA:5,9
DA:7,9
DA:8,9
DA:9,9
DA:11,9
DA:12,7
DA:13,7
DA:14,7
DA:15,7
DA:17,0
DA:19,0
DA:23,9
DA:25,9
LF:17
LH:15
BRDA:14,0,0,7
BRDA:14,0,1,0
BRF:2
BRH:1
end_of_record
TN:
SF:src\modules\auth\auth.service.js
FN:6,(anonymous_0)
FN:11,(anonymous_1)
FN:53,(anonymous_2)
FN:57,(anonymous_3)
FNF:4
FNH:2
FNDA:7,(anonymous_0)
FNDA:20,(anonymous_1)
FNDA:0,(anonymous_2)
FNDA:0,(anonymous_3)
DA:1,9
DA:2,9
DA:3,9
DA:5,9
DA:7,7
DA:8,7
DA:12,20
DA:17,20
DA:18,8
DA:21,12
DA:23,12
DA:25,12
DA:26,0
DA:30,12
DA:32,12
DA:33,0
DA:35,12
DA:36,12
DA:42,12
DA:54,0
DA:58,0
DA:60,0
DA:61,0
DA:64,0
DA:66,0
DA:71,0
DA:76,0
DA:80,9
LF:28
LH:18
BRDA:17,0,0,8
BRDA:17,0,1,12
BRDA:25,1,0,0
BRDA:25,1,1,12
BRDA:32,2,0,0
BRDA:32,2,1,12
BRDA:60,3,0,0
BRDA:60,3,1,0
BRDA:68,4,0,0
BRDA:68,4,1,0
BRF:10
BRH:4
end_of_record
TN:
SF:src\modules\conversions\conversions.controller.js
FN:5,(anonymous_0)
FN:17,(anonymous_1)
FN:34,(anonymous_2)
FN:81,(anonymous_3)
FNF:4
FNH:0
FNDA:0,(anonymous_0)
FNDA:0,(anonymous_1)
FNDA:0,(anonymous_2)
FNDA:0,(anonymous_3)
DA:1,9
DA:3,9
DA:6,0
DA:7,0
DA:8,0
DA:9,0
DA:11,0
DA:12,0
DA:18,0
DA:19,0
DA:20,0
DA:22,0
DA:23,0
DA:26,0
DA:28,0
DA:29,0
DA:35,0
DA:36,0
DA:37,0
DA:40,0
DA:41,0
DA:44,0
DA:45,0
DA:48,0
DA:49,0
DA:52,0
DA:53,0
DA:56,0
DA:66,0
DA:67,0
DA:70,0
DA:75,0
DA:76,0
DA:82,0
DA:83,0
DA:85,0
DA:87,0
DA:88,0
DA:91,0
DA:93,0
DA:94,0
DA:99,9
LF:42
LH:3
BRDA:22,0,0,0
BRDA:22,0,1,0
BRDA:40,1,0,0
BRDA:40,1,1,0
BRDA:40,2,0,0
BRDA:40,2,1,0
BRDA:44,3,0,0
BRDA:44,3,1,0
BRDA:44,4,0,0
BRDA:44,4,1,0
BRDA:48,5,0,0
BRDA:48,5,1,0
BRDA:48,6,0,0
BRDA:48,6,1,0
BRDA:52,7,0,0
BRDA:52,7,1,0
BRDA:66,8,0,0
BRDA:66,8,1,0
BRDA:87,9,0,0
BRDA:87,9,1,0
BRF:20
BRH:0
end_of_record
TN:
SF:src\modules\conversions\conversions.routes.js
FNF:0
FNH:0
DA:1,9
DA:2,9
DA:3,9
DA:4,9
DA:7,9
DA:10,9
DA:13,9
DA:16,9
DA:18,9
LF:9
LH:9
BRF:0
BRH:0
end_of_record
TN:
SF:src\modules\conversions\conversions.service.js
FN:5,(anonymous_0)
FN:50,(anonymous_1)
FN:78,(anonymous_2)
FN:262,(anonymous_3)
FNF:4
FNH:0
FNDA:0,(anonymous_0)
FNDA:0,(anonymous_1)
FNDA:0,(anonymous_2)
FNDA:0,(anonymous_3)
DA:1,9
DA:3,9
DA:6,0
DA:28,0
DA:30,0
DA:31,0
DA:32,0
DA:35,0
DA:36,0
DA:37,0
DA:38,0
DA:39,0
DA:40,0
DA:43,0
DA:45,0
DA:46,0
DA:51,0
DA:74,0
DA:79,0
DA:81,0
DA:82,0
DA:85,0
DA:89,0
DA:92,0
DA:96,0
DA:99,0
DA:101,0
DA:102,0
DA:103,0
DA:104,0
DA:108,0
DA:113,0
DA:114,0
DA:115,0
DA:116,0
DA:119,0
DA:120,0
DA:121,0
DA:122,0
DA:123,0
DA:127,0
DA:132,0
DA:133,0
DA:134,0
DA:135,0
DA:136,0
DA:141,0
DA:142,0
DA:144,0
DA:148,0
DA:151,0
DA:159,0
DA:162,0
DA:163,0
DA:166,0
DA:171,0
DA:172,0
DA:173,0
DA:174,0
DA:178,0
DA:184,0
DA:185,0
DA:191,0
DA:196,0
DA:197,0
DA:205,0
DA:210,0
DA:212,0
DA:218,0
DA:225,0
DA:226,0
DA:227,0
DA:234,0
DA:235,0
DA:236,0
DA:240,0
DA:244,0
DA:249,0
DA:250,0
DA:252,0
DA:255,0
DA:256,0
DA:257,0
DA:263,0
DA:265,0
DA:266,0
DA:269,0
DA:274,0
DA:275,0
DA:276,0
DA:277,0
DA:280,0
DA:283,0
DA:287,0
DA:289,0
DA:293,0
DA:296,0
DA:302,0
DA:303,0
DA:308,0
DA:315,0
DA:321,0
DA:323,0
DA:330,0
DA:335,0
DA:336,0
DA:338,0
DA:341,0
DA:342,0
DA:343,0
DA:348,9
LF:111
LH:3
BRDA:5,0,0,0
BRDA:30,1,0,0
BRDA:30,1,1,0
BRDA:35,2,0,0
BRDA:35,2,1,0
BRDA:35,3,0,0
BRDA:35,3,1,0
BRDA:38,4,0,0
BRDA:38,4,1,0
BRDA:74,5,0,0
BRDA:74,5,1,0
BRDA:89,6,0,0
BRDA:89,6,1,0
BRDA:96,7,0,0
BRDA:96,7,1,0
BRDA:99,8,0,0
BRDA:99,8,1,0
BRDA:101,9,0,0
BRDA:101,9,1,0
BRDA:113,10,0,0
BRDA:113,10,1,0
BRDA:120,11,0,0
BRDA:120,11,1,0
BRDA:132,12,0,0
BRDA:132,12,1,0
BRDA:133,13,0,0
BRDA:133,13,1,0
BRDA:142,14,0,0
BRDA:142,14,1,0
BRDA:142,15,0,0
BRDA:142,15,1,0
BRDA:148,16,0,0
BRDA:148,16,1,0
BRDA:159,17,0,0
BRDA:159,17,1,0
BRDA:171,18,0,0
BRDA:171,18,1,0
BRDA:184,19,0,0
BRDA:184,19,1,0
BRDA:184,20,0,0
BRDA:184,20,1,0
BRDA:196,21,0,0
BRDA:196,21,1,0
BRDA:196,22,0,0
BRDA:196,22,1,0
BRDA:210,23,0,0
BRDA:210,23,1,0
BRDA:225,24,0,0
BRDA:225,24,1,0
BRDA:229,25,0,0
BRDA:229,25,1,0
BRDA:235,26,0,0
BRDA:235,26,1,0
BRDA:240,27,0,0
BRDA:240,27,1,0
BRDA:246,28,0,0
BRDA:246,28,1,0
BRDA:246,29,0,0
BRDA:246,29,1,0
BRDA:274,30,0,0
BRDA:274,30,1,0
BRDA:287,31,0,0
BRDA:287,31,1,0
BRDA:293,32,0,0
BRDA:293,32,1,0
BRDA:302,33,0,0
BRDA:302,33,1,0
BRDA:302,34,0,0
BRDA:302,34,1,0
BRDA:321,35,0,0
BRDA:321,35,1,0
BRDA:321,36,0,0
BRDA:321,36,1,0
BRF:73
BRH:0
end_of_record
TN:
SF:src\modules\customer_operations\customer_operations.controller.js
FN:4,(anonymous_0)
FN:24,(anonymous_1)
FNF:2
FNH:0
FNDA:0,(anonymous_0)
FNDA:0,(anonymous_1)
DA:1,9
DA:3,9
DA:5,0
DA:6,0
DA:8,0
DA:9,0
DA:10,0
DA:11,0
DA:12,0
DA:13,0
DA:15,0
DA:17,0
DA:19,0
DA:20,0
DA:25,0
DA:26,0
DA:28,0
DA:30,0
DA:31,0
DA:34,0
DA:36,0
DA:37,0
DA:43,9
LF:23
LH:3
BRDA:9,0,0,0
BRDA:9,0,1,0
BRDA:10,1,0,0
BRDA:10,1,1,0
BRDA:11,2,0,0
BRDA:11,2,1,0
BRDA:12,3,0,0
BRDA:12,3,1,0
BRDA:13,4,0,0
BRDA:13,4,1,0
BRDA:30,5,0,0
BRDA:30,5,1,0
BRF:12
BRH:0
end_of_record
TN:
SF:src\modules\customer_operations\customer_operations.routes.js
FNF:0
FNH:0
DA:1,9
DA:2,9
DA:3,9
DA:5,9
DA:6,9
DA:8,9
LF:6
LH:6
BRF:0
BRH:0
end_of_record
TN:
SF:src\modules\customer_operations\customer_operations.service.js
FN:4,(anonymous_0)
FN:43,(anonymous_1)
FNF:2
FNH:0
FNDA:0,(anonymous_0)
FNDA:0,(anonymous_1)
DA:1,9
DA:3,9
DA:5,0
DA:7,0
DA:14,0
DA:16,0
DA:17,0
DA:18,0
DA:19,0
DA:20,0
DA:21,0
DA:22,0
DA:23,0
DA:24,0
DA:27,0
DA:28,0
DA:29,0
DA:32,0
DA:33,0
DA:34,0
DA:37,0
DA:39,0
DA:40,0
DA:44,0
DA:51,0
DA:56,9
LF:26
LH:3
BRDA:4,0,0,0
BRDA:16,1,0,0
BRDA:16,1,1,0
BRDA:19,2,0,0
BRDA:19,2,1,0
BRDA:19,3,0,0
BRDA:19,3,1,0
BRDA:22,4,0,0
BRDA:22,4,1,0
BRDA:27,5,0,0
BRDA:27,5,1,0
BRDA:32,6,0,0
BRDA:32,6,1,0
BRDA:51,7,0,0
BRDA:51,7,1,0
BRF:15
BRH:0
end_of_record
TN:
SF:src\modules\customer_payments\customer_payment.controller.js
FN:4,(anonymous_0)
FN:14,(anonymous_1)
FN:40,(anonymous_2)
FNF:3
FNH:0
FNDA:0,(anonymous_0)
FNDA:0,(anonymous_1)
FNDA:0,(anonymous_2)
DA:1,9
DA:3,9
DA:5,0
DA:6,0
DA:7,0
DA:9,0
DA:10,0
DA:15,0
DA:16,0
DA:18,0
DA:19,0
DA:22,0
DA:29,0
DA:30,0
DA:33,0
DA:35,0
DA:36,0
DA:41,0
DA:42,0
DA:44,0
DA:46,0
DA:47,0
DA:48,0
DA:50,0
DA:53,0
DA:55,0
DA:56,0
DA:61,9
LF:28
LH:3
BRDA:18,0,0,0
BRDA:18,0,1,0
BRDA:18,1,0,0
BRDA:18,1,1,0
BRDA:18,1,2,0
BRDA:29,2,0,0
BRDA:29,2,1,0
BRDA:46,3,0,0
BRDA:46,3,1,0
BRDA:47,4,0,0
BRDA:47,4,1,0
BRF:11
BRH:0
end_of_record
TN:
SF:src\modules\customer_payments\customer_payment.routes.js
FNF:0
FNH:0
DA:1,9
DA:2,9
DA:3,9
DA:4,9
DA:7,9
DA:10,9
DA:13,9
DA:15,9
LF:8
LH:8
BRF:0
BRH:0
end_of_record
TN:
SF:src\modules\customer_payments\customer_payment.service.js
FN:5,(anonymous_0)
FN:16,(anonymous_1)
FN:65,(anonymous_2)
FNF:3
FNH:0
FNDA:0,(anonymous_0)
FNDA:0,(anonymous_1)
FNDA:0,(anonymous_2)
DA:1,9
DA:2,9
DA:4,9
DA:6,0
DA:13,0
DA:17,0
DA:19,0
DA:20,0
DA:22,0
DA:23,0
DA:27,0
DA:31,0
DA:32,0
DA:36,0
DA:42,0
DA:47,0
DA:50,0
DA:56,0
DA:58,0
DA:59,0
DA:61,0
DA:66,0
DA:68,0
DA:69,0
DA:71,0
DA:76,0
DA:77,0
DA:78,0
DA:79,0
DA:82,0
DA:84,0
DA:85,0
DA:86,0
DA:87,0
DA:91,0
DA:96,0
DA:99,0
DA:101,0
DA:102,0
DA:104,0
DA:105,0
DA:107,0
DA:112,9
LF:43
LH:4
BRDA:22,0,0,0
BRDA:22,0,1,0
BRDA:22,1,0,0
BRDA:22,1,1,0
BRDA:22,1,2,0
BRDA:31,2,0,0
BRDA:31,2,1,0
BRDA:76,3,0,0
BRDA:76,3,1,0
BRDA:84,4,0,0
BRDA:84,4,1,0
BRF:11
BRH:0
end_of_record
TN:
SF:src\modules\customers\customer.controller.js
FN:4,(anonymous_0)
FN:14,(anonymous_1)
FN:30,(anonymous_2)
FN:46,(anonymous_3)
FN:64,(anonymous_4)
FN:81,(anonymous_5)
FN:96,(anonymous_6)
FNF:7
FNH:5
FNDA:1,(anonymous_0)
FNDA:2,(anonymous_1)
FNDA:3,(anonymous_2)
FNDA:3,(anonymous_3)
FNDA:2,(anonymous_4)
FNDA:0,(anonymous_5)
FNDA:0,(anonymous_6)
DA:1,9
DA:3,9
DA:5,1
DA:6,1
DA:7,1
DA:9,0
DA:10,0
DA:15,2
DA:16,2
DA:17,2
DA:19,2
DA:20,1
DA:23,1
DA:25,0
DA:26,0
DA:31,3
DA:32,3
DA:34,3
DA:35,1
DA:38,2
DA:39,2
DA:41,0
DA:42,0
DA:47,3
DA:48,3
DA:49,3
DA:51,3
DA:53,3
DA:54,1
DA:57,2
DA:59,0
DA:60,0
DA:65,2
DA:66,2
DA:68,2
DA:70,2
DA:71,1
DA:74,1
DA:76,0
DA:77,0
DA:82,0
DA:83,0
DA:85,0
DA:86,0
DA:89,0
DA:91,0
DA:92,0
DA:97,0
DA:98,0
DA:100,0
DA:102,0
DA:103,0
DA:106,0
DA:108,0
DA:109,0
DA:114,9
LF:56
LH:31
BRDA:19,0,0,1
BRDA:19,0,1,1
BRDA:34,1,0,1
BRDA:34,1,1,2
BRDA:53,2,0,1
BRDA:53,2,1,2
BRDA:70,3,0,1
BRDA:70,3,1,1
BRDA:85,4,0,0
BRDA:85,4,1,0
BRDA:102,5,0,0
BRDA:102,5,1,0
BRF:12
BRH:8
end_of_record
TN:
SF:src\modules\customers\customer.routes.js
FNF:0
FNH:0
DA:1,9
DA:2,9
DA:3,9
DA:4,9
DA:6,9
DA:7,9
DA:8,9
DA:9,9
DA:10,9
DA:11,9
DA:12,9
DA:14,9
LF:12
LH:12
BRF:0
BRH:0
end_of_record
TN:
SF:src\modules\customers\customer.service.js
FN:4,(anonymous_0)
FN:11,(anonymous_1)
FN:24,(anonymous_2)
FN:38,(anonymous_3)
FN:56,(anonymous_4)
FN:69,(anonymous_5)
FN:81,(anonymous_6)
FNF:7
FNH:5
FNDA:1,(anonymous_0)
FNDA:2,(anonymous_1)
FNDA:2,(anonymous_2)
FNDA:3,(anonymous_3)
FNDA:2,(anonymous_4)
FNDA:0,(anonymous_5)
FNDA:0,(anonymous_6)
DA:1,9
DA:3,9
DA:5,1
DA:8,1
DA:12,2
DA:17,2
DA:18,1
DA:21,1
DA:25,2
DA:30,2
DA:35,2
DA:39,3
DA:44,3
DA:45,1
DA:48,2
DA:53,2
DA:57,2
DA:62,2
DA:63,1
DA:66,1
DA:70,0
DA:74,0
DA:75,0
DA:78,0
DA:82,0
DA:84,0
DA:85,0
DA:88,0
DA:93,0
DA:98,0
DA:99,0
DA:100,0
DA:101,0
DA:104,0
DA:105,0
DA:107,0
DA:112,0
DA:114,0
DA:115,0
DA:116,0
DA:121,9
LF:41
LH:21
BRDA:17,0,0,1
BRDA:17,0,1,1
BRDA:27,1,0,2
BRDA:27,1,1,1
BRDA:41,2,0,3
BRDA:41,2,1,2
BRDA:44,3,0,1
BRDA:44,3,1,2
BRDA:62,4,0,1
BRDA:62,4,1,1
BRDA:74,5,0,0
BRDA:74,5,1,0
BRDA:98,6,0,0
BRDA:98,6,1,0
BRF:14
BRH:10
end_of_record
TN:
SF:src\modules\debtor_operations\debtor_operations.controller.js
FN:4,(anonymous_0)
FN:24,(anonymous_1)
FN:41,(anonymous_2)
FN:86,(anonymous_3)
FN:134,(anonymous_4)
FNF:5
FNH:0
FNDA:0,(anonymous_0)
FNDA:0,(anonymous_1)
FNDA:0,(anonymous_2)
FNDA:0,(anonymous_3)
FNDA:0,(anonymous_4)
DA:1,9
DA:3,9
DA:5,0
DA:6,0
DA:8,0
DA:9,0
DA:10,0
DA:11,0
DA:12,0
DA:13,0
DA:15,0
DA:17,0
DA:19,0
DA:20,0
DA:25,0
DA:26,0
DA:28,0
DA:30,0
DA:31,0
DA:34,0
DA:36,0
DA:37,0
DA:42,0
DA:43,0
DA:44,0
DA:46,0
DA:47,0
DA:50,0
DA:51,0
DA:54,0
DA:55,0
DA:58,0
DA:66,0
DA:68,0
DA:70,0
DA:72,0
DA:73,0
DA:74,0
DA:76,0
DA:77,0
DA:79,0
DA:80,0
DA:82,0
DA:87,0
DA:88,0
DA:89,0
DA:91,0
DA:92,0
DA:95,0
DA:96,0
DA:99,0
DA:100,0
DA:103,0
DA:111,0
DA:113,0
DA:115,0
DA:117,0
DA:118,0
DA:119,0
DA:121,0
DA:122,0
DA:124,0
DA:125,0
DA:127,0
DA:128,0
DA:130,0
DA:135,0
DA:136,0
DA:138,0
DA:140,0
DA:141,0
DA:144,0
DA:146,0
DA:147,0
DA:152,9
LF:75
LH:3
BRDA:9,0,0,0
BRDA:9,0,1,0
BRDA:10,1,0,0
BRDA:10,1,1,0
BRDA:11,2,0,0
BRDA:11,2,1,0
BRDA:12,3,0,0
BRDA:12,3,1,0
BRDA:13,4,0,0
BRDA:13,4,1,0
BRDA:30,5,0,0
BRDA:30,5,1,0
BRDA:44,6,0,0
BRDA:44,6,1,0
BRDA:46,7,0,0
BRDA:46,7,1,0
BRDA:46,8,0,0
BRDA:46,8,1,0
BRDA:50,9,0,0
BRDA:50,9,1,0
BRDA:54,10,0,0
BRDA:54,10,1,0
BRDA:73,11,0,0
BRDA:73,11,1,0
BRDA:76,12,0,0
BRDA:76,12,1,0
BRDA:79,13,0,0
BRDA:79,13,1,0
BRDA:89,14,0,0
BRDA:89,14,1,0
BRDA:91,15,0,0
BRDA:91,15,1,0
BRDA:91,16,0,0
BRDA:91,16,1,0
BRDA:95,17,0,0
BRDA:95,17,1,0
BRDA:99,18,0,0
BRDA:99,18,1,0
BRDA:118,19,0,0
BRDA:118,19,1,0
BRDA:121,20,0,0
BRDA:121,20,1,0
BRDA:124,21,0,0
BRDA:124,21,1,0
BRDA:127,22,0,0
BRDA:127,22,1,0
BRDA:140,23,0,0
BRDA:140,23,1,0
BRF:48
BRH:0
end_of_record
TN:
SF:src\modules\debtor_operations\debtor_operations.routes.js
FNF:0
FNH:0
DA:1,9
DA:2,9
DA:3,9
DA:4,9
DA:6,9
DA:7,9
DA:8,9
DA:9,9
DA:10,9
DA:12,9
LF:10
LH:10
BRF:0
BRH:0
end_of_record
TN:
SF:src\modules\debtor_operations\debtor_operations.service.js
FN:5,(anonymous_0)
FN:44,(anonymous_1)
FN:55,(anonymous_2)
FN:108,(anonymous_3)
FN:177,(anonymous_4)
FNF:5
FNH:0
FNDA:0,(anonymous_0)
FNDA:0,(anonymous_1)
FNDA:0,(anonymous_2)
FNDA:0,(anonymous_3)
FNDA:0,(anonymous_4)
DA:1,9
DA:2,9
DA:4,9
DA:6,0
DA:8,0
DA:15,0
DA:17,0
DA:18,0
DA:19,0
DA:20,0
DA:21,0
DA:22,0
DA:23,0
DA:24,0
DA:25,0
DA:28,0
DA:29,0
DA:30,0
DA:33,0
DA:34,0
DA:35,0
DA:38,0
DA:40,0
DA:41,0
DA:45,0
DA:52,0
DA:56,0
DA:58,0
DA:59,0
DA:62,0
DA:63,0
DA:65,0
DA:67,0
DA:71,0
DA:72,0
DA:76,0
DA:82,0
DA:87,0
DA:90,0
DA:99,0
DA:101,0
DA:102,0
DA:104,0
DA:109,0
DA:111,0
DA:112,0
DA:115,0
DA:116,0
DA:118,0
DA:120,0
DA:124,0
DA:125,0
DA:129,0
DA:134,0
DA:135,0
DA:138,0
DA:140,0
DA:141,0
DA:145,0
DA:151,0
DA:156,0
DA:159,0
DA:168,0
DA:170,0
DA:171,0
DA:173,0
DA:178,0
DA:179,0
DA:181,0
DA:183,0
DA:188,0
DA:189,0
DA:190,0
DA:191,0
DA:194,0
DA:197,0
DA:198,0
DA:202,0
DA:203,0
DA:210,0
DA:215,0
DA:218,0
DA:219,0
DA:224,0
DA:225,0
DA:227,0
DA:228,0
DA:235,0
DA:238,0
DA:240,0
DA:241,0
DA:243,0
DA:248,9
LF:93
LH:4
BRDA:5,0,0,0
BRDA:17,1,0,0
BRDA:17,1,1,0
BRDA:20,2,0,0
BRDA:20,2,1,0
BRDA:20,3,0,0
BRDA:20,3,1,0
BRDA:23,4,0,0
BRDA:23,4,1,0
BRDA:28,5,0,0
BRDA:28,5,1,0
BRDA:33,6,0,0
BRDA:33,6,1,0
BRDA:52,7,0,0
BRDA:52,7,1,0
BRDA:58,8,0,0
BRDA:58,8,1,0
BRDA:71,9,0,0
BRDA:71,9,1,0
BRDA:78,10,0,0
BRDA:78,10,1,0
BRDA:78,11,0,0
BRDA:78,11,1,0
BRDA:96,12,0,0
BRDA:96,12,1,0
BRDA:111,13,0,0
BRDA:111,13,1,0
BRDA:124,14,0,0
BRDA:124,14,1,0
BRDA:134,15,0,0
BRDA:134,15,1,0
BRDA:140,16,0,0
BRDA:140,16,1,0
BRDA:147,17,0,0
BRDA:147,17,1,0
BRDA:147,18,0,0
BRDA:147,18,1,0
BRDA:165,19,0,0
BRDA:165,19,1,0
BRDA:188,20,0,0
BRDA:188,20,1,0
BRDA:197,21,0,0
BRDA:197,21,1,0
BRDA:202,22,0,0
BRDA:202,22,1,0
BRDA:218,23,0,0
BRDA:218,23,1,0
BRDA:221,24,0,0
BRDA:221,24,1,0
BRDA:224,25,0,0
BRDA:224,25,1,0
BRDA:227,26,0,0
BRDA:227,26,1,0
BRDA:235,27,0,0
BRDA:235,27,1,0
BRF:55
BRH:0
end_of_record
TN:
SF:src\modules\debtors\debtors.controller.js
FN:4,(anonymous_0)
FN:22,(anonymous_1)
FN:39,(anonymous_2)
FN:73,(anonymous_3)
FN:104,(anonymous_4)
FNF:5
FNH:0
FNDA:0,(anonymous_0)
FNDA:0,(anonymous_1)
FNDA:0,(anonymous_2)
FNDA:0,(anonymous_3)
FNDA:0,(anonymous_4)
DA:1,9
DA:3,9
DA:5,0
DA:6,0
DA:8,0
DA:9,0
DA:10,0
DA:11,0
DA:13,0
DA:15,0
DA:17,0
DA:18,0
DA:23,0
DA:24,0
DA:26,0
DA:28,0
DA:29,0
DA:32,0
DA:34,0
DA:35,0
DA:40,0
DA:41,0
DA:42,0
DA:44,0
DA:45,0
DA:48,0
DA:50,0
DA:51,0
DA:54,0
DA:62,0
DA:64,0
DA:66,0
DA:68,0
DA:69,0
DA:74,0
DA:75,0
DA:76,0
DA:78,0
DA:79,0
DA:82,0
DA:88,0
DA:90,0
DA:91,0
DA:94,0
DA:96,0
DA:98,0
DA:99,0
DA:105,0
DA:106,0
DA:108,0
DA:110,0
DA:111,0
DA:114,0
DA:116,0
DA:117,0
DA:122,9
LF:56
LH:3
BRDA:9,0,0,0
BRDA:9,0,1,0
BRDA:10,1,0,0
BRDA:10,1,1,0
BRDA:11,2,0,0
BRDA:11,2,1,0
BRDA:28,3,0,0
BRDA:28,3,1,0
BRDA:44,4,0,0
BRDA:44,4,1,0
BRDA:48,5,0,0
BRDA:48,5,1,0
BRDA:50,6,0,0
BRDA:50,6,1,0
BRDA:78,7,0,0
BRDA:78,7,1,0
BRDA:90,8,0,0
BRDA:90,8,1,0
BRDA:110,9,0,0
BRDA:110,9,1,0
BRF:20
BRH:0
end_of_record
TN:
SF:src\modules\debtors\debtors.routes.js
FNF:0
FNH:0
DA:1,9
DA:2,9
DA:3,9
DA:4,9
DA:6,9
DA:7,9
DA:8,9
DA:9,9
DA:10,9
DA:12,9
LF:10
LH:10
BRF:0
BRH:0
end_of_record
TN:
SF:src\modules\debtors\debtors.service.js
FN:4,(anonymous_0)
FN:31,(anonymous_1)
FN:40,(anonymous_2)
FN:73,(anonymous_3)
FN:84,(anonymous_4)
FNF:5
FNH:0
FNDA:0,(anonymous_0)
FNDA:0,(anonymous_1)
FNDA:0,(anonymous_2)
FNDA:0,(anonymous_3)
FNDA:0,(anonymous_4)
DA:1,9
DA:3,9
DA:5,0
DA:7,0
DA:12,0
DA:14,0
DA:15,0
DA:16,0
DA:17,0
DA:18,0
DA:19,0
DA:20,0
DA:21,0
DA:22,0
DA:25,0
DA:27,0
DA:28,0
DA:32,0
DA:37,0
DA:41,0
DA:43,0
DA:44,0
DA:46,0
DA:48,0
DA:53,0
DA:56,0
DA:57,0
DA:63,0
DA:64,0
DA:66,0
DA:67,0
DA:69,0
DA:74,0
DA:76,0
DA:81,0
DA:85,0
DA:90,0
DA:94,9
LF:38
LH:3
BRDA:4,0,0,0
BRDA:14,1,0,0
BRDA:14,1,1,0
BRDA:17,2,0,0
BRDA:17,2,1,0
BRDA:17,3,0,0
BRDA:17,3,1,0
BRDA:20,4,0,0
BRDA:20,4,1,0
BRDA:37,5,0,0
BRDA:37,5,1,0
BRDA:50,6,0,0
BRDA:50,6,1,0
BRDA:50,7,0,0
BRDA:50,7,1,0
BRDA:50,8,0,0
BRDA:50,8,1,0
BRDA:56,9,0,0
BRDA:56,9,1,0
BRDA:56,10,0,0
BRDA:56,10,1,0
BRDA:59,11,0,0
BRDA:59,11,1,0
BRDA:78,12,0,0
BRDA:78,12,1,0
BRDA:78,13,0,0
BRDA:78,13,1,0
BRF:27
BRH:0
end_of_record
TN:
SF:src\modules\employees\employee.controller.js
FN:4,(anonymous_0)
FN:14,(anonymous_1)
FN:30,(anonymous_2)
FN:49,(anonymous_3)
FN:72,(anonymous_4)
FN:90,(anonymous_5)
FNF:6
FNH:0
FNDA:0,(anonymous_0)
FNDA:0,(anonymous_1)
FNDA:0,(anonymous_2)
FNDA:0,(anonymous_3)
FNDA:0,(anonymous_4)
FNDA:0,(anonymous_5)
DA:1,9
DA:3,9
DA:5,0
DA:6,0
DA:7,0
DA:9,0
DA:10,0
DA:15,0
DA:16,0
DA:17,0
DA:19,0
DA:20,0
DA:23,0
DA:25,0
DA:26,0
DA:31,0
DA:32,0
DA:34,0
DA:38,0
DA:39,0
DA:42,0
DA:44,0
DA:45,0
DA:50,0
DA:51,0
DA:52,0
DA:54,0
DA:58,0
DA:59,0
DA:60,0
DA:62,0
DA:65,0
DA:67,0
DA:68,0
DA:73,0
DA:74,0
DA:76,0
DA:78,0
DA:79,0
DA:82,0
DA:84,0
DA:85,0
DA:91,0
DA:92,0
DA:93,0
DA:95,0
DA:96,0
DA:101,9
LF:48
LH:3
BRDA:19,0,0,0
BRDA:19,0,1,0
BRDA:38,1,0,0
BRDA:38,1,1,0
BRDA:58,2,0,0
BRDA:58,2,1,0
BRDA:59,3,0,0
BRDA:59,3,1,0
BRDA:78,4,0,0
BRDA:78,4,1,0
BRF:10
BRH:0
end_of_record
TN:
SF:src\modules\employees\employee.routes.js
FNF:0
FNH:0
DA:1,9
DA:2,9
DA:3,9
DA:4,9
DA:6,9
DA:7,9
DA:8,9
DA:9,9
DA:10,9
DA:11,9
DA:13,9
LF:11
LH:11
BRF:0
BRH:0
end_of_record
TN:
SF:src\modules\employees\employee.service.js
FN:5,(anonymous_0)
FN:16,(anonymous_1)
FN:31,(anonymous_2)
FN:50,(anonymous_3)
FN:77,(anonymous_4)
FN:91,(anonymous_5)
FN:133,(anonymous_6)
FNF:7
FNH:0
FNDA:0,(anonymous_0)
FNDA:0,(anonymous_1)
FNDA:0,(anonymous_2)
FNDA:0,(anonymous_3)
FNDA:0,(anonymous_4)
FNDA:0,(anonymous_5)
FNDA:0,(anonymous_6)
DA:1,9
DA:3,9
DA:6,0
DA:12,0
DA:17,0
DA:23,0
DA:24,0
DA:27,0
DA:32,0
DA:33,0
DA:36,0
DA:41,0
DA:46,0
DA:51,0
DA:52,0
DA:53,0
DA:56,0
DA:61,0
DA:62,0
DA:65,0
DA:70,0
DA:73,0
DA:78,0
DA:83,0
DA:84,0
DA:87,0
DA:92,0
DA:100,0
DA:101,0
DA:118,0
DA:119,0
DA:127,0
DA:130,0
DA:133,0
DA:136,0
DA:140,9
LF:36
LH:3
BRDA:23,0,0,0
BRDA:23,0,1,0
BRDA:32,1,0,0
BRDA:32,1,1,0
BRDA:51,2,0,0
BRDA:51,2,1,0
BRDA:52,3,0,0
BRDA:52,3,1,0
BRDA:61,4,0,0
BRDA:61,4,1,0
BRDA:83,5,0,0
BRDA:83,5,1,0
BRF:12
BRH:0
end_of_record
TN:
SF:src\modules\exchange_rates\exchange_rates.controller.js
FN:5,(anonymous_0)
FN:16,(anonymous_1)
FN:33,(anonymous_2)
FN:50,(anonymous_3)
FNF:4
FNH:0
FNDA:0,(anonymous_0)
FNDA:0,(anonymous_1)
FNDA:0,(anonymous_2)
FNDA:0,(anonymous_3)
DA:1,9
DA:3,9
DA:6,0
DA:7,0
DA:8,0
DA:10,0
DA:11,0
DA:17,0
DA:18,0
DA:19,0
DA:21,0
DA:22,0
DA:25,0
DA:27,0
DA:28,0
DA:34,0
DA:35,0
DA:36,0
DA:38,0
DA:39,0
DA:42,0
DA:44,0
DA:45,0
DA:51,0
DA:52,0
DA:54,0
DA:55,0
DA:58,0
DA:60,0
DA:61,0
DA:64,0
DA:70,0
DA:71,0
DA:76,9
LF:34
LH:3
BRDA:21,0,0,0
BRDA:21,0,1,0
BRDA:38,1,0,0
BRDA:38,1,1,0
BRDA:54,2,0,0
BRDA:54,2,1,0
BRDA:54,3,0,0
BRDA:54,3,1,0
BRDA:60,4,0,0
BRDA:60,4,1,0
BRF:10
BRH:0
end_of_record
TN:
SF:src\modules\exchange_rates\exchange_rates.routes.js
FNF:0
FNH:0
DA:1,9
DA:2,9
DA:3,9
DA:4,9
DA:7,9
DA:10,9
DA:13,9
DA:15,9
LF:8
LH:8
BRF:0
BRH:0
end_of_record
TN:
SF:src\modules\exchange_rates\exchange_rates.service.js
FN:5,(anonymous_0)
FN:16,(anonymous_1)
FN:25,(anonymous_2)
FN:34,(anonymous_3)
FN:71,(anonymous_4)
FNF:5
FNH:0
FNDA:0,(anonymous_0)
FNDA:0,(anonymous_1)
FNDA:0,(anonymous_2)
FNDA:0,(anonymous_3)
FNDA:0,(anonymous_4)
DA:1,9
DA:3,9
DA:6,0
DA:12,0
DA:17,0
DA:21,0
DA:26,0
DA:30,0
DA:36,0
DA:37,0
DA:40,0
DA:41,0
DA:45,0
DA:46,0
DA:49,0
DA:51,0
DA:60,0
DA:66,0
DA:73,0
DA:74,0
DA:77,0
DA:82,0
DA:83,0
DA:86,0
DA:90,9
LF:25
LH:3
BRDA:21,0,0,0
BRDA:21,0,1,0
BRDA:30,1,0,0
BRDA:30,1,1,0
BRDA:36,2,0,0
BRDA:36,2,1,0
BRDA:36,3,0,0
BRDA:36,3,1,0
BRDA:40,4,0,0
BRDA:40,4,1,0
BRDA:40,5,0,0
BRDA:40,5,1,0
BRDA:40,5,2,0
BRDA:40,5,3,0
BRDA:45,6,0,0
BRDA:45,6,1,0
BRDA:73,7,0,0
BRDA:73,7,1,0
BRDA:82,8,0,0
BRDA:82,8,1,0
BRF:20
BRH:0
end_of_record
TN:
SF:src\modules\expenses\expense.controller.js
FN:4,(anonymous_0)
FN:29,(anonymous_1)
FN:53,(anonymous_2)
FN:91,(anonymous_3)
FN:146,(anonymous_4)
FNF:5
FNH:0
FNDA:0,(anonymous_0)
FNDA:0,(anonymous_1)
FNDA:0,(anonymous_2)
FNDA:0,(anonymous_3)
FNDA:0,(anonymous_4)
DA:1,9
DA:3,9
DA:5,0
DA:6,0
DA:8,0
DA:9,0
DA:10,0
DA:11,0
DA:12,0
DA:15,0
DA:16,0
DA:17,0
DA:18,0
DA:21,0
DA:22,0
DA:24,0
DA:25,0
DA:30,0
DA:31,0
DA:32,0
DA:34,0
DA:35,0
DA:36,0
DA:38,0
DA:42,0
DA:43,0
DA:46,0
DA:48,0
DA:49,0
DA:54,0
DA:55,0
DA:57,0
DA:58,0
DA:64,0
DA:65,0
DA:66,0
DA:71,0
DA:80,0
DA:81,0
DA:84,0
DA:86,0
DA:87,0
DA:92,0
DA:93,0
DA:94,0
DA:97,0
DA:98,0
DA:99,0
DA:100,0
DA:102,0
DA:106,0
DA:107,0
DA:111,0
DA:112,0
DA:116,0
DA:117,0
DA:118,0
DA:119,0
DA:125,0
DA:132,0
DA:133,0
DA:134,0
DA:136,0
DA:139,0
DA:141,0
DA:142,0
DA:147,0
DA:148,0
DA:151,0
DA:152,0
DA:153,0
DA:154,0
DA:156,0
DA:160,0
DA:161,0
DA:164,0
DA:166,0
DA:167,0
DA:168,0
DA:170,0
DA:173,0
DA:175,0
DA:176,0
DA:181,9
LF:84
LH:3
BRDA:9,0,0,0
BRDA:9,0,1,0
BRDA:10,1,0,0
BRDA:10,1,1,0
BRDA:11,2,0,0
BRDA:11,2,1,0
BRDA:12,3,0,0
BRDA:12,3,1,0
BRDA:15,4,0,0
BRDA:15,4,1,0
BRDA:17,5,0,0
BRDA:17,5,1,0
BRDA:34,6,0,0
BRDA:34,6,1,0
BRDA:35,7,0,0
BRDA:35,7,1,0
BRDA:42,8,0,0
BRDA:42,8,1,0
BRDA:42,9,0,0
BRDA:42,9,1,0
BRDA:57,10,0,0
BRDA:57,10,1,0
BRDA:57,11,0,0
BRDA:57,11,1,0
BRDA:57,11,2,0
BRDA:57,11,3,0
BRDA:65,12,0,0
BRDA:65,12,1,0
BRDA:80,13,0,0
BRDA:80,13,1,0
BRDA:98,14,0,0
BRDA:98,14,1,0
BRDA:99,15,0,0
BRDA:99,15,1,0
BRDA:106,16,0,0
BRDA:106,16,1,0
BRDA:106,17,0,0
BRDA:106,17,1,0
BRDA:111,18,0,0
BRDA:111,18,1,0
BRDA:111,19,0,0
BRDA:111,19,1,0
BRDA:116,20,0,0
BRDA:116,20,1,0
BRDA:118,21,0,0
BRDA:118,21,1,0
BRDA:127,22,0,0
BRDA:127,22,1,0
BRDA:132,23,0,0
BRDA:132,23,1,0
BRDA:133,24,0,0
BRDA:133,24,1,0
BRDA:152,25,0,0
BRDA:152,25,1,0
BRDA:153,26,0,0
BRDA:153,26,1,0
BRDA:160,27,0,0
BRDA:160,27,1,0
BRDA:160,28,0,0
BRDA:160,28,1,0
BRDA:166,29,0,0
BRDA:166,29,1,0
BRDA:167,30,0,0
BRDA:167,30,1,0
BRF:64
BRH:0
end_of_record
TN:
SF:src\modules\expenses\expense.routes.js
FNF:0
FNH:0
DA:1,9
DA:2,9
DA:3,9
DA:4,9
DA:5,9
DA:8,9
DA:11,9
DA:14,9
DA:17,9
DA:20,9
DA:23,9
DA:24,9
DA:25,9
DA:26,9
DA:27,9
DA:28,9
DA:30,9
LF:17
LH:17
BRF:0
BRH:0
end_of_record
TN:
SF:src\modules\expenses\expense.service.js
FN:5,(anonymous_0)
FN:62,(anonymous_1)
FN:89,(anonymous_2)
FN:129,(anonymous_3)
FN:197,(anonymous_4)
FNF:5
FNH:0
FNDA:0,(anonymous_0)
FNDA:0,(anonymous_1)
FNDA:0,(anonymous_2)
FNDA:0,(anonymous_3)
FNDA:0,(anonymous_4)
DA:1,9
DA:2,9
DA:4,9
DA:6,0
DA:24,0
DA:27,0
DA:28,0
DA:29,0
DA:33,0
DA:34,0
DA:35,0
DA:39,0
DA:40,0
DA:41,0
DA:45,0
DA:46,0
DA:47,0
DA:51,0
DA:52,0
DA:53,0
DA:56,0
DA:58,0
DA:59,0
DA:63,0
DA:82,0
DA:83,0
DA:86,0
DA:90,0
DA:92,0
DA:93,0
DA:95,0
DA:96,0
DA:99,0
DA:104,0
DA:107,0
DA:113,0
DA:122,0
DA:123,0
DA:125,0
DA:130,0
DA:132,0
DA:133,0
DA:136,0
DA:141,0
DA:142,0
DA:143,0
DA:144,0
DA:148,0
DA:149,0
DA:151,0
DA:152,0
DA:153,0
DA:155,0
DA:156,0
DA:157,0
DA:159,0
DA:160,0
DA:161,0
DA:163,0
DA:164,0
DA:165,0
DA:168,0
DA:169,0
DA:170,0
DA:171,0
DA:174,0
DA:176,0
DA:181,0
DA:182,0
DA:183,0
DA:184,0
DA:187,0
DA:188,0
DA:190,0
DA:191,0
DA:193,0
DA:198,0
DA:200,0
DA:201,0
DA:203,0
DA:208,0
DA:209,0
DA:210,0
DA:211,0
DA:214,0
DA:217,0
DA:219,0
DA:220,0
DA:222,0
DA:223,0
DA:225,0
DA:230,9
LF:92
LH:4
BRDA:5,0,0,0
BRDA:27,1,0,0
BRDA:27,1,1,0
BRDA:33,2,0,0
BRDA:33,2,1,0
BRDA:39,3,0,0
BRDA:39,3,1,0
BRDA:45,4,0,0
BRDA:45,4,1,0
BRDA:51,5,0,0
BRDA:51,5,1,0
BRDA:82,6,0,0
BRDA:82,6,1,0
BRDA:95,7,0,0
BRDA:95,7,1,0
BRDA:95,8,0,0
BRDA:95,8,1,0
BRDA:95,8,2,0
BRDA:95,8,3,0
BRDA:101,9,0,0
BRDA:101,9,1,0
BRDA:141,10,0,0
BRDA:141,10,1,0
BRDA:151,11,0,0
BRDA:151,11,1,0
BRDA:155,12,0,0
BRDA:155,12,1,0
BRDA:155,13,0,0
BRDA:155,13,1,0
BRDA:159,14,0,0
BRDA:159,14,1,0
BRDA:163,15,0,0
BRDA:163,15,1,0
BRDA:168,16,0,0
BRDA:168,16,1,0
BRDA:181,17,0,0
BRDA:181,17,1,0
BRDA:208,18,0,0
BRDA:208,18,1,0
BRF:39
BRH:0
end_of_record
TN:
SF:src\modules\expenses\expense_recipient.controller.js
FN:4,(anonymous_0)
FN:14,(anonymous_1)
FN:30,(anonymous_2)
FN:51,(anonymous_3)
FN:76,(anonymous_4)
FN:94,(anonymous_5)
FNF:6
FNH:0
FNDA:0,(anonymous_0)
FNDA:0,(anonymous_1)
FNDA:0,(anonymous_2)
FNDA:0,(anonymous_3)
FNDA:0,(anonymous_4)
FNDA:0,(anonymous_5)
DA:1,9
DA:3,9
DA:5,0
DA:6,0
DA:7,0
DA:9,0
DA:10,0
DA:15,0
DA:16,0
DA:17,0
DA:19,0
DA:20,0
DA:23,0
DA:25,0
DA:26,0
DA:31,0
DA:32,0
DA:34,0
DA:40,0
DA:41,0
DA:44,0
DA:46,0
DA:47,0
DA:52,0
DA:53,0
DA:54,0
DA:56,0
DA:62,0
DA:63,0
DA:64,0
DA:66,0
DA:69,0
DA:71,0
DA:72,0
DA:77,0
DA:78,0
DA:80,0
DA:82,0
DA:83,0
DA:86,0
DA:88,0
DA:89,0
DA:95,0
DA:96,0
DA:97,0
DA:99,0
DA:100,0
DA:105,9
LF:48
LH:3
BRDA:19,0,0,0
BRDA:19,0,1,0
BRDA:40,1,0,0
BRDA:40,1,1,0
BRDA:62,2,0,0
BRDA:62,2,1,0
BRDA:63,3,0,0
BRDA:63,3,1,0
BRDA:82,4,0,0
BRDA:82,4,1,0
BRF:10
BRH:0
end_of_record
TN:
SF:src\modules\expenses\expense_recipient.routes.js
FNF:0
FNH:0
DA:1,9
DA:2,9
DA:3,9
DA:4,9
DA:6,9
DA:7,9
DA:8,9
DA:9,9
DA:10,9
DA:11,9
DA:13,9
LF:11
LH:11
BRF:0
BRH:0
end_of_record
TN:
SF:src\modules\expenses\expense_recipient.service.js
FN:5,(anonymous_0)
FN:21,(anonymous_1)
FN:41,(anonymous_2)
FN:68,(anonymous_3)
FN:116,(anonymous_4)
FN:130,(anonymous_5)
FN:146,(anonymous_6)
FN:159,(anonymous_7)
FNF:8
FNH:0
FNDA:0,(anonymous_0)
FNDA:0,(anonymous_1)
FNDA:0,(anonymous_2)
FNDA:0,(anonymous_3)
FNDA:0,(anonymous_4)
FNDA:0,(anonymous_5)
FNDA:0,(anonymous_6)
FNDA:0,(anonymous_7)
DA:1,9
DA:3,9
DA:6,0
DA:17,0
DA:22,0
DA:33,0
DA:34,0
DA:37,0
DA:42,0
DA:43,0
DA:46,0
DA:47,0
DA:50,0
DA:51,0
DA:54,0
DA:59,0
DA:64,0
DA:69,0
DA:70,0
DA:72,0
DA:73,0
DA:74,0
DA:76,0
DA:77,0
DA:80,0
DA:81,0
DA:82,0
DA:84,0
DA:85,0
DA:88,0
DA:89,0
DA:90,0
DA:93,0
DA:94,0
DA:97,0
DA:98,0
DA:103,0
DA:104,0
DA:107,0
DA:112,0
DA:117,0
DA:122,0
DA:123,0
DA:126,0
DA:131,0
DA:133,0
DA:134,0
DA:137,0
DA:142,0
DA:146,0
DA:149,0
DA:150,0
DA:151,0
DA:159,0
DA:160,0
DA:161,0
DA:162,0
DA:169,0
DA:170,0
DA:172,0
DA:173,0
DA:175,0
DA:180,9
LF:63
LH:3
BRDA:33,0,0,0
BRDA:33,0,1,0
BRDA:42,1,0,0
BRDA:42,1,1,0
BRDA:46,2,0,0
BRDA:46,2,1,0
BRDA:50,3,0,0
BRDA:50,3,1,0
BRDA:50,4,0,0
BRDA:50,4,1,0
BRDA:56,5,0,0
BRDA:56,5,1,0
BRDA:72,6,0,0
BRDA:72,6,1,0
BRDA:73,7,0,0
BRDA:73,7,1,0
BRDA:80,8,0,0
BRDA:80,8,1,0
BRDA:81,9,0,0
BRDA:81,9,1,0
BRDA:88,10,0,0
BRDA:88,10,1,0
BRDA:93,11,0,0
BRDA:93,11,1,0
BRDA:103,12,0,0
BRDA:103,12,1,0
BRDA:122,13,0,0
BRDA:122,13,1,0
BRDA:150,14,0,0
BRDA:150,14,1,0
BRDA:161,15,0,0
BRDA:161,15,1,0
BRF:32
BRH:0
end_of_record
TN:
SF:src\modules\products\product.controller.js
FN:4,(anonymous_0)
FN:14,(anonymous_1)
FN:30,(anonymous_2)
FN:60,(anonymous_3)
FN:90,(anonymous_4)
FN:110,(anonymous_5)
FNF:6
FNH:5
FNDA:1,(anonymous_0)
FNDA:2,(anonymous_1)
FNDA:5,(anonymous_2)
FNDA:3,(anonymous_3)
FNDA:2,(anonymous_4)
FNDA:0,(anonymous_5)
DA:1,9
DA:3,9
DA:5,1
DA:6,1
DA:7,1
DA:9,0
DA:10,0
DA:15,2
DA:16,2
DA:17,2
DA:19,2
DA:20,1
DA:23,1
DA:25,0
DA:26,0
DA:31,5
DA:32,5
DA:33,5
DA:35,5
DA:36,1
DA:39,4
DA:49,4
DA:50,1
DA:53,3
DA:55,0
DA:56,0
DA:61,3
DA:62,3
DA:63,3
DA:64,3
DA:66,3
DA:76,3
DA:77,2
DA:78,1
DA:80,1
DA:83,1
DA:85,0
DA:86,0
DA:91,2
DA:92,2
DA:94,2
DA:96,2
DA:97,1
DA:98,1
DA:100,0
DA:103,1
DA:105,0
DA:106,0
DA:111,0
DA:112,0
DA:114,0
DA:116,0
DA:117,0
DA:118,0
DA:120,0
DA:123,0
DA:125,0
DA:126,0
DA:131,9
LF:59
LH:38
BRDA:19,0,0,1
BRDA:19,0,1,1
BRDA:33,1,0,0
BRDA:33,1,1,5
BRDA:35,2,0,1
BRDA:35,2,1,4
BRDA:49,3,0,1
BRDA:49,3,1,3
BRDA:64,4,0,0
BRDA:64,4,1,3
BRDA:76,5,0,2
BRDA:76,5,1,1
BRDA:77,6,0,1
BRDA:77,6,1,1
BRDA:96,7,0,1
BRDA:96,7,1,1
BRDA:97,8,0,1
BRDA:97,8,1,0
BRDA:116,9,0,0
BRDA:116,9,1,0
BRDA:117,10,0,0
BRDA:117,10,1,0
BRF:22
BRH:15
end_of_record
TN:
SF:src\modules\products\product.routes.js
FNF:0
FNH:0
DA:1,9
DA:2,9
DA:3,9
DA:4,9
DA:5,9
DA:7,9
DA:8,9
DA:9,9
DA:10,9
DA:11,9
DA:12,9
DA:14,9
LF:12
LH:12
BRF:0
BRH:0
end_of_record
TN:
SF:src\modules\products\product.service.js
FN:4,(anonymous_0)
FN:37,(anonymous_1)
FN:75,(anonymous_2)
FN:102,(anonymous_3)
FN:168,(anonymous_4)
FN:181,(anonymous_5)
FN:215,(anonymous_6)
FNF:7
FNH:5
FNDA:1,(anonymous_0)
FNDA:2,(anonymous_1)
FNDA:4,(anonymous_2)
FNDA:3,(anonymous_3)
FNDA:2,(anonymous_4)
FNDA:0,(anonymous_5)
FNDA:0,(anonymous_6)
DA:1,9
DA:3,9
DA:5,1
DA:34,1
DA:38,2
DA:68,2
DA:69,1
DA:72,1
DA:76,4
DA:77,3
DA:81,3
DA:82,1
DA:86,3
DA:87,3
DA:89,3
DA:94,3
DA:99,3
DA:103,3
DA:104,2
DA:108,2
DA:109,1
DA:114,2
DA:115,2
DA:117,2
DA:118,2
DA:119,2
DA:121,2
DA:122,1
DA:123,1
DA:125,2
DA:126,0
DA:127,0
DA:129,2
DA:130,1
DA:131,1
DA:133,2
DA:134,1
DA:135,1
DA:137,2
DA:138,0
DA:139,0
DA:141,2
DA:142,0
DA:143,0
DA:146,2
DA:147,0
DA:150,2
DA:151,2
DA:156,2
DA:157,1
DA:160,1
DA:165,1
DA:169,2
DA:174,2
DA:175,1
DA:178,1
DA:183,0
DA:188,0
DA:189,0
DA:192,0
DA:195,0
DA:196,0
DA:206,0
DA:215,0
DA:217,0
DA:228,9
LF:66
LH:50
BRDA:68,0,0,1
BRDA:68,0,1,1
BRDA:76,1,0,3
BRDA:76,1,1,1
BRDA:81,2,0,1
BRDA:81,2,1,2
BRDA:86,3,0,0
BRDA:86,3,1,3
BRDA:87,4,0,3
BRDA:87,4,1,3
BRDA:91,5,0,3
BRDA:91,5,1,1
BRDA:91,6,0,3
BRDA:91,6,1,3
BRDA:91,7,0,3
BRDA:91,7,1,2
BRDA:91,8,0,3
BRDA:91,8,1,1
BRDA:103,9,0,2
BRDA:103,9,1,1
BRDA:108,10,0,1
BRDA:108,10,1,1
BRDA:117,11,0,2
BRDA:117,11,1,0
BRDA:121,12,0,1
BRDA:121,12,1,1
BRDA:123,13,0,1
BRDA:123,13,1,0
BRDA:125,14,0,0
BRDA:125,14,1,2
BRDA:127,15,0,0
BRDA:127,15,1,0
BRDA:129,16,0,1
BRDA:129,16,1,1
BRDA:133,17,0,1
BRDA:133,17,1,1
BRDA:135,18,0,1
BRDA:135,18,1,0
BRDA:137,19,0,0
BRDA:137,19,1,2
BRDA:139,20,0,0
BRDA:139,20,1,0
BRDA:141,21,0,0
BRDA:141,21,1,2
BRDA:146,22,0,0
BRDA:146,22,1,2
BRDA:156,23,0,1
BRDA:156,23,1,1
BRDA:174,24,0,1
BRDA:174,24,1,1
BRDA:188,25,0,0
BRDA:188,25,1,0
BRDA:195,26,0,0
BRDA:195,26,1,0
BRF:54
BRH:38
end_of_record
TN:
SF:src\modules\reports\reports.controller.js
FN:5,(anonymous_0)
FN:17,(anonymous_1)
FN:34,(anonymous_2)
FN:50,(anonymous_3)
FN:66,(anonymous_4)
FN:83,(anonymous_5)
FN:105,(anonymous_6)
FN:123,(anonymous_7)
FN:140,(anonymous_8)
FN:160,(anonymous_9)
FN:171,(anonymous_10)
FN:212,(anonymous_11)
FNF:12
FNH:0
FNDA:0,(anonymous_0)
FNDA:0,(anonymous_1)
FNDA:0,(anonymous_2)
FNDA:0,(anonymous_3)
FNDA:0,(anonymous_4)
FNDA:0,(anonymous_5)
FNDA:0,(anonymous_6)
FNDA:0,(anonymous_7)
FNDA:0,(anonymous_8)
FNDA:0,(anonymous_9)
FNDA:0,(anonymous_10)
FNDA:0,(anonymous_11)
DA:1,9
DA:3,9
DA:6,0
DA:7,0
DA:8,0
DA:9,0
DA:11,0
DA:12,0
DA:18,0
DA:19,0
DA:20,0
DA:26,0
DA:28,0
DA:29,0
DA:35,0
DA:36,0
DA:37,0
DA:42,0
DA:44,0
DA:45,0
DA:51,0
DA:52,0
DA:53,0
DA:58,0
DA:60,0
DA:61,0
DA:67,0
DA:68,0
DA:70,0
DA:71,0
DA:74,0
DA:75,0
DA:77,0
DA:78,0
DA:84,0
DA:85,0
DA:87,0
DA:88,0
DA:91,0
DA:92,0
DA:93,0
DA:99,0
DA:100,0
DA:106,0
DA:107,0
DA:109,0
DA:110,0
DA:113,0
DA:114,0
DA:115,0
DA:117,0
DA:118,0
DA:124,0
DA:125,0
DA:127,0
DA:128,0
DA:131,0
DA:132,0
DA:134,0
DA:135,0
DA:141,0
DA:142,0
DA:144,0
DA:145,0
DA:148,0
DA:149,0
DA:151,0
DA:152,0
DA:153,0
DA:155,0
DA:161,0
DA:162,0
DA:163,0
DA:165,0
DA:166,0
DA:172,0
DA:173,0
DA:174,0
DA:176,0
DA:177,0
DA:180,0
DA:181,0
DA:184,0
DA:185,0
DA:188,0
DA:195,0
DA:197,0
DA:198,0
DA:199,0
DA:201,0
DA:202,0
DA:204,0
DA:205,0
DA:207,0
DA:213,0
DA:214,0
DA:215,0
DA:217,0
DA:218,0
DA:220,0
DA:221,0
DA:226,9
LF:102
LH:3
BRDA:70,0,0,0
BRDA:70,0,1,0
BRDA:87,1,0,0
BRDA:87,1,1,0
BRDA:109,2,0,0
BRDA:109,2,1,0
BRDA:127,3,0,0
BRDA:127,3,1,0
BRDA:144,4,0,0
BRDA:144,4,1,0
BRDA:152,5,0,0
BRDA:152,5,1,0
BRDA:176,6,0,0
BRDA:176,6,1,0
BRDA:180,7,0,0
BRDA:180,7,1,0
BRDA:184,8,0,0
BRDA:184,8,1,0
BRDA:192,9,0,0
BRDA:192,9,1,0
BRDA:198,10,0,0
BRDA:198,10,1,0
BRDA:201,11,0,0
BRDA:201,11,1,0
BRDA:204,12,0,0
BRDA:204,12,1,0
BRDA:215,13,0,0
BRDA:215,13,1,0
BRF:28
BRH:0
end_of_record
TN:
SF:src\modules\reports\reports.routes.js
FNF:0
FNH:0
DA:1,9
DA:2,9
DA:3,9
DA:4,9
DA:7,9
DA:10,9
DA:13,9
DA:16,9
DA:19,9
DA:22,9
DA:25,9
DA:28,9
DA:31,9
DA:34,9
DA:37,9
DA:40,9
DA:42,9
LF:17
LH:17
BRF:0
BRH:0
end_of_record
TN:
SF:src\modules\reports\reports.service.js
FN:5,(anonymous_0)
FN:77,(anonymous_1)
FN:122,(anonymous_2)
FN:164,(anonymous_3)
FN:196,(anonymous_4)
FN:242,(anonymous_5)
FN:274,(anonymous_6)
FN:280,(anonymous_7)
FN:299,(anonymous_8)
FN:409,(anonymous_9)
FN:477,(anonymous_10)
FN:525,(anonymous_11)
FN:554,(anonymous_12)
FN:584,(anonymous_13)
FN:592,(anonymous_14)
FN:599,(anonymous_15)
FN:619,(anonymous_16)
FN:676,(anonymous_17)
FN:699,(anonymous_18)
FN:734,(anonymous_19)
FN:738,(anonymous_20)
FNF:21
FNH:0
FNDA:0,(anonymous_0)
FNDA:0,(anonymous_1)
FNDA:0,(anonymous_2)
FNDA:0,(anonymous_3)
FNDA:0,(anonymous_4)
FNDA:0,(anonymous_5)
FNDA:0,(anonymous_6)
FNDA:0,(anonymous_7)
FNDA:0,(anonymous_8)
FNDA:0,(anonymous_9)
FNDA:0,(anonymous_10)
FNDA:0,(anonymous_11)
FNDA:0,(anonymous_12)
FNDA:0,(anonymous_13)
FNDA:0,(anonymous_14)
FNDA:0,(anonymous_15)
FNDA:0,(anonymous_16)
FNDA:0,(anonymous_17)
FNDA:0,(anonymous_18)
FNDA:0,(anonymous_19)
FNDA:0,(anonymous_20)
DA:1,9
DA:3,9
DA:6,0
DA:8,0
DA:9,0
DA:10,0
DA:11,0
DA:12,0
DA:13,0
DA:14,0
DA:15,0
DA:16,0
DA:17,0
DA:18,0
DA:21,0
DA:37,0
DA:38,0
DA:40,0
DA:41,0
DA:42,0
DA:46,0
DA:48,0
DA:71,0
DA:72,0
DA:78,0
DA:80,0
DA:83,0
DA:91,0
DA:99,0
DA:100,0
DA:102,0
DA:103,0
DA:104,0
DA:105,0
DA:107,0
DA:116,0
DA:117,0
DA:123,0
DA:125,0
DA:128,0
DA:133,0
DA:135,0
DA:142,0
DA:149,0
DA:150,0
DA:153,0
DA:158,0
DA:159,0
DA:165,0
DA:166,0
DA:168,0
DA:173,0
DA:174,0
DA:175,0
DA:188,0
DA:190,0
DA:191,0
DA:197,0
DA:198,0
DA:201,0
DA:203,0
DA:205,0
DA:214,0
DA:215,0
DA:218,0
DA:228,0
DA:236,0
DA:237,0
DA:243,0
DA:244,0
DA:249,0
DA:250,0
DA:253,0
DA:255,0
DA:268,0
DA:269,0
DA:275,0
DA:276,0
DA:280,0
DA:293,0
DA:294,0
DA:300,0
DA:302,0
DA:307,0
DA:308,0
DA:311,0
DA:314,0
DA:329,0
DA:330,0
DA:332,0
DA:333,0
DA:338,0
DA:340,0
DA:341,0
DA:342,0
DA:343,0
DA:345,0
DA:346,0
DA:347,0
DA:349,0
DA:353,0
DA:354,0
DA:355,0
DA:359,0
DA:363,0
DA:372,0
DA:373,0
DA:376,0
DA:381,0
DA:384,0
DA:391,0
DA:403,0
DA:404,0
DA:410,0
DA:411,0
DA:414,0
DA:428,0
DA:429,0
DA:430,0
DA:431,0
DA:433,0
DA:434,0
DA:435,0
DA:438,0
DA:439,0
DA:443,0
DA:444,0
DA:445,0
DA:446,0
DA:447,0
DA:451,0
DA:462,0
DA:471,0
DA:472,0
DA:478,0
DA:480,0
DA:482,0
DA:483,0
DA:485,0
DA:486,0
DA:488,0
DA:489,0
DA:491,0
DA:492,0
DA:495,0
DA:497,0
DA:514,0
DA:515,0
DA:518,0
DA:524,0
DA:525,0
DA:526,0
DA:530,0
DA:531,0
DA:554,0
DA:555,0
DA:558,0
DA:560,0
DA:561,0
DA:562,0
DA:563,0
DA:566,0
DA:567,0
DA:568,0
DA:570,0
DA:571,0
DA:572,0
DA:573,0
DA:574,0
DA:575,0
DA:578,0
DA:579,0
DA:580,0
DA:584,0
DA:585,0
DA:588,0
DA:592,0
DA:593,0
DA:594,0
DA:595,0
DA:596,0
DA:599,0
DA:600,0
DA:602,0
DA:604,0
DA:607,0
DA:613,0
DA:614,0
DA:620,0
DA:622,0
DA:624,0
DA:625,0
DA:627,0
DA:628,0
DA:630,0
DA:631,0
DA:634,0
DA:636,0
DA:654,0
DA:655,0
DA:658,0
DA:659,0
DA:672,0
DA:676,0
DA:677,0
DA:678,0
DA:680,0
DA:681,0
DA:682,0
DA:684,0
DA:687,0
DA:693,0
DA:694,0
DA:700,0
DA:702,0
DA:704,0
DA:705,0
DA:707,0
DA:708,0
DA:710,0
DA:711,0
DA:714,0
DA:716,0
DA:730,0
DA:731,0
DA:734,0
DA:735,0
DA:738,0
DA:739,0
DA:740,0
DA:741,0
DA:742,0
DA:743,0
DA:745,0
DA:746,0
DA:749,0
DA:759,0
DA:760,0
DA:765,9
LF:239
LH:3
BRDA:5,0,0,0
BRDA:10,1,0,0
BRDA:10,1,1,0
BRDA:10,2,0,0
BRDA:10,2,1,0
BRDA:13,3,0,0
BRDA:13,3,1,0
BRDA:16,4,0,0
BRDA:16,4,1,0
BRDA:66,5,0,0
BRDA:66,5,1,0
BRDA:67,6,0,0
BRDA:67,6,1,0
BRDA:77,7,0,0
BRDA:80,8,0,0
BRDA:80,8,1,0
BRDA:122,9,0,0
BRDA:122,10,0,0
BRDA:133,11,0,0
BRDA:133,11,1,0
BRDA:149,12,0,0
BRDA:149,12,1,0
BRDA:164,13,0,0
BRDA:164,14,0,0
BRDA:166,15,0,0
BRDA:166,15,1,0
BRDA:173,16,0,0
BRDA:173,16,1,0
BRDA:196,17,0,0
BRDA:198,18,0,0
BRDA:198,18,1,0
BRDA:249,19,0,0
BRDA:249,19,1,0
BRDA:299,20,0,0
BRDA:307,21,0,0
BRDA:307,21,1,0
BRDA:330,22,0,0
BRDA:330,22,1,0
BRDA:332,23,0,0
BRDA:332,23,1,0
BRDA:338,24,0,0
BRDA:338,24,1,0
BRDA:343,25,0,0
BRDA:343,25,1,0
BRDA:354,26,0,0
BRDA:354,26,1,0
BRDA:372,27,0,0
BRDA:372,27,1,0
BRDA:372,28,0,0
BRDA:372,28,1,0
BRDA:373,29,0,0
BRDA:373,29,1,0
BRDA:381,30,0,0
BRDA:381,30,1,0
BRDA:409,31,0,0
BRDA:411,32,0,0
BRDA:411,32,1,0
BRDA:438,33,0,0
BRDA:438,33,1,0
BRDA:443,34,0,0
BRDA:443,34,1,0
BRDA:445,35,0,0
BRDA:445,35,1,0
BRDA:447,36,0,0
BRDA:447,36,1,0
BRDA:457,37,0,0
BRDA:457,37,1,0
BRDA:458,38,0,0
BRDA:458,38,1,0
BRDA:477,39,0,0
BRDA:482,40,0,0
BRDA:482,40,1,0
BRDA:485,41,0,0
BRDA:485,41,1,0
BRDA:488,42,0,0
BRDA:488,42,1,0
BRDA:491,43,0,0
BRDA:491,43,1,0
BRDA:555,44,0,0
BRDA:555,44,1,0
BRDA:558,45,0,0
BRDA:558,45,1,0
BRDA:561,46,0,0
BRDA:561,46,1,0
BRDA:566,47,0,0
BRDA:566,47,1,0
BRDA:567,48,0,0
BRDA:567,48,1,0
BRDA:567,49,0,0
BRDA:567,49,1,0
BRDA:568,50,0,0
BRDA:568,50,1,0
BRDA:578,51,0,0
BRDA:578,51,1,0
BRDA:579,52,0,0
BRDA:579,52,1,0
BRDA:585,53,0,0
BRDA:585,53,1,0
BRDA:593,54,0,0
BRDA:593,54,1,0
BRDA:595,55,0,0
BRDA:595,55,1,0
BRDA:596,56,0,0
BRDA:596,56,1,0
BRDA:600,57,0,0
BRDA:600,57,1,0
BRDA:619,58,0,0
BRDA:624,59,0,0
BRDA:624,59,1,0
BRDA:627,60,0,0
BRDA:627,60,1,0
BRDA:630,61,0,0
BRDA:630,61,1,0
BRDA:680,62,0,0
BRDA:680,62,1,0
BRDA:681,63,0,0
BRDA:681,63,1,0
BRDA:699,64,0,0
BRDA:704,65,0,0
BRDA:704,65,1,0
BRDA:707,66,0,0
BRDA:707,66,1,0
BRDA:710,67,0,0
BRDA:710,67,1,0
BRDA:742,68,0,0
BRDA:742,68,1,0
BRF:126
BRH:0
end_of_record
TN:
SF:src\modules\reports\user-cashflow.controller.js
FN:5,(anonymous_0)
FNF:1
FNH:0
FNDA:0,(anonymous_0)
DA:1,9
DA:3,9
DA:6,0
DA:9,0
DA:10,0
DA:11,0
DA:12,0
DA:18,0
DA:19,0
DA:26,0
DA:31,0
DA:33,0
DA:34,0
DA:39,9
LF:14
LH:3
BRDA:11,0,0,0
BRDA:11,0,1,0
BRDA:18,1,0,0
BRDA:18,1,1,0
BRF:4
BRH:0
end_of_record
TN:
SF:src\modules\reports\user-cashflow.routes.js
FNF:0
FNH:0
DA:1,9
DA:2,9
DA:3,9
DA:4,9
DA:7,9
DA:9,9
LF:6
LH:6
BRF:0
BRH:0
end_of_record
TN:
SF:src\modules\reports\user-cashflow.service.js
FN:5,(anonymous_0)
FN:136,(anonymous_1)
FN:141,(anonymous_2)
FN:142,(anonymous_3)
FNF:4
FNH:0
FNDA:0,(anonymous_0)
FNDA:0,(anonymous_1)
FNDA:0,(anonymous_2)
FNDA:0,(anonymous_3)
DA:1,9
DA:3,9
DA:6,0
DA:8,0
DA:9,0
DA:10,0
DA:11,0
DA:12,0
DA:13,0
DA:14,0
DA:15,0
DA:17,0
DA:18,0
DA:19,0
DA:20,0
DA:21,0
DA:22,0
DA:23,0
DA:24,0
DA:25,0
DA:26,0
DA:27,0
DA:28,0
DA:29,0
DA:30,0
DA:31,0
DA:32,0
DA:33,0
DA:34,0
DA:35,0
DA:36,0
DA:37,0
DA:38,0
DA:39,0
DA:40,0
DA:41,0
DA:42,0
DA:43,0
DA:46,0
DA:47,0
DA:48,0
DA:51,0
DA:53,0
DA:89,0
DA:136,0
DA:137,0
DA:141,0
DA:142,0
DA:143,0
DA:146,0
DA:147,0
DA:148,0
DA:183,0
DA:186,0
DA:198,0
DA:199,0
DA:204,9
LF:57
LH:3
BRDA:5,0,0,0
BRDA:17,1,0,0
BRDA:17,1,1,0
BRDA:17,2,0,0
BRDA:17,2,1,0
BRDA:26,3,0,0
BRDA:26,3,1,0
BRDA:35,4,0,0
BRDA:35,4,1,0
BRDA:47,5,0,0
BRDA:47,5,1,0
BRDA:147,6,0,0
BRDA:147,6,1,0
BRF:13
BRH:0
end_of_record
TN:
SF:src\modules\returns\returns.controller.js
FN:4,(anonymous_0)
FN:15,(anonymous_1)
FN:34,(anonymous_2)
FN:84,(anonymous_3)
FNF:4
FNH:4
FNDA:1,(anonymous_0)
FNDA:2,(anonymous_1)
FNDA:3,(anonymous_2)
FNDA:1,(anonymous_3)
DA:1,9
DA:3,9
DA:5,1
DA:6,1
DA:7,1
DA:8,1
DA:10,0
DA:11,0
DA:16,2
DA:17,2
DA:18,2
DA:20,2
DA:21,2
DA:22,2
DA:24,0
DA:27,0
DA:29,0
DA:30,0
DA:35,3
DA:36,3
DA:38,3
DA:39,3
DA:42,0
DA:43,0
DA:46,0
DA:47,0
DA:50,0
DA:51,0
DA:52,0
DA:56,0
DA:57,0
DA:61,0
DA:62,0
DA:66,0
DA:73,0
DA:74,0
DA:77,0
DA:79,0
DA:80,0
DA:85,1
DA:86,1
DA:88,1
DA:90,1
DA:91,1
DA:92,1
DA:94,0
DA:97,0
DA:99,0
DA:100,0
DA:105,9
LF:50
LH:23
BRDA:20,0,0,2
BRDA:20,0,1,0
BRDA:21,1,0,2
BRDA:21,1,1,0
BRDA:38,2,0,3
BRDA:38,2,1,0
BRDA:42,3,0,0
BRDA:42,3,1,0
BRDA:46,4,0,0
BRDA:46,4,1,0
BRDA:46,5,0,0
BRDA:46,5,1,0
BRDA:46,5,2,0
BRDA:51,6,0,0
BRDA:51,6,1,0
BRDA:51,7,0,0
BRDA:51,7,1,0
BRDA:51,7,2,0
BRDA:51,7,3,0
BRDA:56,8,0,0
BRDA:56,8,1,0
BRDA:56,9,0,0
BRDA:56,9,1,0
BRDA:56,9,2,0
BRDA:61,10,0,0
BRDA:61,10,1,0
BRDA:61,11,0,0
BRDA:61,11,1,0
BRDA:73,12,0,0
BRDA:73,12,1,0
BRDA:90,13,0,1
BRDA:90,13,1,0
BRDA:91,14,0,1
BRDA:91,14,1,0
BRF:34
BRH:5
end_of_record
TN:
SF:src\modules\returns\returns.routes.js
FNF:0
FNH:0
DA:1,9
DA:2,9
DA:3,9
DA:4,9
DA:6,9
DA:7,9
DA:8,9
DA:9,9
DA:11,9
LF:9
LH:9
BRF:0
BRH:0
end_of_record
TN:
SF:src\modules\returns\returns.service.js
FN:5,(anonymous_0)
FN:34,(anonymous_1)
FN:61,(anonymous_2)
FN:206,(anonymous_3)
FNF:4
FNH:3
FNDA:1,(anonymous_0)
FNDA:2,(anonymous_1)
FNDA:0,(anonymous_2)
FNDA:1,(anonymous_3)
DA:1,9
DA:2,9
DA:4,9
DA:6,1
DA:12,1
DA:14,1
DA:16,0
DA:17,0
DA:18,1
DA:20,0
DA:21,0
DA:22,1
DA:24,0
DA:25,0
DA:28,1
DA:30,1
DA:31,1
DA:35,2
DA:42,2
DA:43,2
DA:46,0
DA:48,0
DA:57,0
DA:58,0
DA:62,0
DA:64,0
DA:65,0
DA:67,0
DA:68,0
DA:71,0
DA:72,0
DA:75,0
DA:76,0
DA:80,0
DA:84,0
DA:85,0
DA:89,0
DA:93,0
DA:94,0
DA:97,0
DA:98,0
DA:99,0
DA:100,0
DA:103,0
DA:107,0
DA:109,0
DA:110,0
DA:111,0
DA:114,0
DA:119,0
DA:120,0
DA:123,0
DA:124,0
DA:126,0
DA:128,0
DA:133,0
DA:134,0
DA:137,0
DA:140,0
DA:141,0
DA:143,0
DA:149,0
DA:154,0
DA:156,0
DA:157,0
DA:159,0
DA:163,0
DA:164,0
DA:167,0
DA:174,0
DA:180,0
DA:185,0
DA:188,0
DA:197,0
DA:199,0
DA:200,0
DA:202,0
DA:207,1
DA:209,1
DA:210,1
DA:212,1
DA:217,1
DA:218,1
DA:219,1
DA:220,1
DA:223,0
DA:225,0
DA:231,0
DA:232,0
DA:233,0
DA:235,0
DA:237,0
DA:243,0
DA:249,0
DA:257,0
DA:262,0
DA:263,0
DA:266,0
DA:272,0
DA:273,0
DA:274,0
DA:281,0
DA:284,0
DA:286,0
DA:288,0
DA:289,0
DA:291,1
DA:296,9
LF:108
LH:24
BRDA:5,0,0,0
BRDA:14,1,0,0
BRDA:14,1,1,1
BRDA:18,2,0,0
BRDA:18,2,1,1
BRDA:18,3,0,1
BRDA:18,3,1,0
BRDA:22,4,0,0
BRDA:22,4,1,1
BRDA:42,5,0,2
BRDA:42,5,1,0
BRDA:67,6,0,0
BRDA:67,6,1,0
BRDA:71,7,0,0
BRDA:71,7,1,0
BRDA:75,8,0,0
BRDA:75,8,1,0
BRDA:75,9,0,0
BRDA:75,9,1,0
BRDA:84,10,0,0
BRDA:84,10,1,0
BRDA:93,11,0,0
BRDA:93,11,1,0
BRDA:99,12,0,0
BRDA:99,12,1,0
BRDA:110,13,0,0
BRDA:110,13,1,0
BRDA:119,14,0,0
BRDA:119,14,1,0
BRDA:126,15,0,0
BRDA:126,15,1,0
BRDA:126,16,0,0
BRDA:126,16,1,0
BRDA:133,17,0,0
BRDA:133,17,1,0
BRDA:140,18,0,0
BRDA:140,18,1,0
BRDA:154,19,0,0
BRDA:154,19,1,0
BRDA:156,20,0,0
BRDA:156,20,1,0
BRDA:163,21,0,0
BRDA:163,21,1,0
BRDA:163,22,0,0
BRDA:163,22,1,0
BRDA:169,23,0,0
BRDA:169,23,1,0
BRDA:217,24,0,1
BRDA:217,24,1,0
BRDA:232,25,0,0
BRDA:232,25,1,0
BRDA:235,26,0,0
BRDA:235,26,1,0
BRDA:272,27,0,0
BRDA:272,27,1,0
BRF:55
BRH:6
end_of_record
TN:
SF:src\modules\salaries\salaries-simple.controller.js
FN:4,(anonymous_0)
FN:38,(anonymous_1)
FN:69,(anonymous_2)
FN:80,(anonymous_3)
FNF:4
FNH:0
FNDA:0,(anonymous_0)
FNDA:0,(anonymous_1)
FNDA:0,(anonymous_2)
FNDA:0,(anonymous_3)
DA:1,9
DA:3,9
DA:5,0
DA:6,0
DA:8,0
DA:9,0
DA:12,0
DA:13,0
DA:16,0
DA:17,0
DA:20,0
DA:27,0
DA:28,0
DA:31,0
DA:33,0
DA:34,0
DA:39,0
DA:40,0
DA:42,0
DA:43,0
DA:46,0
DA:47,0
DA:50,0
DA:58,0
DA:59,0
DA:62,0
DA:64,0
DA:65,0
DA:70,0
DA:71,0
DA:72,0
DA:74,0
DA:75,0
DA:81,0
DA:82,0
DA:83,0
DA:85,0
DA:86,0
DA:91,9
LF:39
LH:3
BRDA:8,0,0,0
BRDA:8,0,1,0
BRDA:8,1,0,0
BRDA:8,1,1,0
BRDA:8,1,2,0
BRDA:8,1,3,0
BRDA:12,2,0,0
BRDA:12,2,1,0
BRDA:12,3,0,0
BRDA:12,3,1,0
BRDA:16,4,0,0
BRDA:16,4,1,0
BRDA:16,5,0,0
BRDA:16,5,1,0
BRDA:27,6,0,0
BRDA:27,6,1,0
BRDA:42,7,0,0
BRDA:42,7,1,0
BRDA:42,8,0,0
BRDA:42,8,1,0
BRDA:42,8,2,0
BRDA:46,9,0,0
BRDA:46,9,1,0
BRDA:58,10,0,0
BRDA:58,10,1,0
BRF:25
BRH:0
end_of_record
TN:
SF:src\modules\salaries\salaries-simple.routes.js
FNF:0
FNH:0
DA:1,9
DA:2,9
DA:3,9
DA:4,9
DA:6,9
DA:7,9
DA:8,9
DA:10,9
LF:8
LH:8
BRF:0
BRH:0
end_of_record
TN:
SF:src\modules\salaries\salaries-simple.service.js
FN:6,(anonymous_0)
FN:40,(anonymous_1)
FN:83,(anonymous_2)
FN:127,(anonymous_3)
FN:134,(anonymous_4)
FNF:5
FNH:0
FNDA:0,(anonymous_0)
FNDA:0,(anonymous_1)
FNDA:0,(anonymous_2)
FNDA:0,(anonymous_3)
FNDA:0,(anonymous_4)
DA:1,9
DA:2,9
DA:4,9
DA:7,0
DA:9,0
DA:10,0
DA:13,0
DA:18,0
DA:19,0
DA:20,0
DA:21,0
DA:24,0
DA:29,0
DA:30,0
DA:32,0
DA:33,0
DA:35,0
DA:41,0
DA:43,0
DA:44,0
DA:47,0
DA:52,0
DA:53,0
DA:54,0
DA:55,0
DA:58,0
DA:63,0
DA:66,0
DA:73,0
DA:75,0
DA:76,0
DA:78,0
DA:84,0
DA:94,0
DA:95,0
DA:112,0
DA:113,0
DA:121,0
DA:124,0
DA:127,0
DA:130,0
DA:135,0
DA:139,9
LF:43
LH:4
BRDA:18,0,0,0
BRDA:18,0,1,0
BRDA:52,1,0,0
BRDA:52,1,1,0
BRF:4
BRH:0
end_of_record
TN:
SF:src\modules\sales\overdue-sales.controller.js
FN:4,(anonymous_0)
FN:14,(anonymous_1)
FN:33,(anonymous_2)
FN:43,(anonymous_3)
FNF:4
FNH:0
FNDA:0,(anonymous_0)
FNDA:0,(anonymous_1)
FNDA:0,(anonymous_2)
FNDA:0,(anonymous_3)
DA:1,9
DA:3,9
DA:5,0
DA:6,0
DA:7,0
DA:9,0
DA:10,0
DA:15,0
DA:16,0
DA:17,0
DA:19,0
DA:20,0
DA:21,0
DA:23,0
DA:26,0
DA:28,0
DA:29,0
DA:34,0
DA:35,0
DA:36,0
DA:38,0
DA:39,0
DA:44,0
DA:45,0
DA:46,0
DA:48,0
DA:49,0
DA:54,9
LF:28
LH:3
BRDA:19,0,0,0
BRDA:19,0,1,0
BRDA:20,1,0,0
BRDA:20,1,1,0
BRF:4
BRH:0
end_of_record
TN:
SF:src\modules\sales\overdue-sales.routes.js
FNF:0
FNH:0
DA:1,9
DA:2,9
DA:3,9
DA:5,9
DA:6,9
DA:7,9
DA:8,9
DA:10,9
LF:8
LH:8
BRF:0
BRH:0
end_of_record
TN:
SF:src\modules\sales\overdue-sales.service.js
FN:4,(anonymous_0)
FN:18,(anonymous_1)
FN:47,(anonymous_2)
FN:63,(anonymous_3)
FNF:4
FNH:0
FNDA:0,(anonymous_0)
FNDA:0,(anonymous_1)
FNDA:0,(anonymous_2)
FNDA:0,(anonymous_3)
DA:1,9
DA:3,9
DA:5,0
DA:15,0
DA:19,0
DA:30,0
DA:31,0
DA:34,0
DA:36,0
DA:43,0
DA:44,0
DA:48,0
DA:60,0
DA:64,0
DA:84,0
DA:88,9
LF:16
LH:3
BRDA:30,0,0,0
BRDA:30,0,1,0
BRF:2
BRH:0
end_of_record
TN:
SF:src\modules\sales\sales.controller.js
FN:4,(anonymous_0)
FN:15,(anonymous_1)
FN:34,(anonymous_2)
FN:102,(anonymous_3)
FN:149,(anonymous_4)
FN:169,(anonymous_5)
FN:194,(anonymous_6)
FN:227,(anonymous_7)
FNF:8
FNH:4
FNDA:1,(anonymous_0)
FNDA:2,(anonymous_1)
FNDA:7,(anonymous_2)
FNDA:0,(anonymous_3)
FNDA:2,(anonymous_4)
FNDA:0,(anonymous_5)
FNDA:0,(anonymous_6)
FNDA:0,(anonymous_7)
DA:1,9
DA:3,9
DA:5,1
DA:6,1
DA:7,1
DA:8,1
DA:10,0
DA:11,0
DA:16,2
DA:17,2
DA:18,2
DA:20,2
DA:21,1
DA:22,1
DA:24,0
DA:27,1
DA:29,0
DA:30,0
DA:35,7
DA:36,7
DA:39,7
DA:40,7
DA:41,0
DA:45,7
DA:46,0
DA:47,0
DA:48,0
DA:52,7
DA:53,1
DA:56,6
DA:57,6
DA:58,2
DA:60,4
DA:61,0
DA:63,4
DA:64,0
DA:69,4
DA:70,0
DA:74,4
DA:75,4
DA:76,0
DA:79,4
DA:91,4
DA:92,1
DA:95,3
DA:97,0
DA:98,0
DA:103,0
DA:104,0
DA:105,0
DA:107,0
DA:108,0
DA:112,0
DA:113,0
DA:116,0
DA:117,0
DA:118,0
DA:119,0
DA:121,0
DA:122,0
DA:127,0
DA:135,0
DA:136,0
DA:137,0
DA:139,0
DA:142,0
DA:144,0
DA:145,0
DA:150,2
DA:151,2
DA:153,2
DA:155,2
DA:156,1
DA:157,1
DA:159,0
DA:162,1
DA:164,0
DA:165,0
DA:170,0
DA:171,0
DA:172,0
DA:174,0
DA:175,0
DA:178,0
DA:180,0
DA:181,0
DA:182,0
DA:184,0
DA:187,0
DA:189,0
DA:190,0
DA:195,0
DA:196,0
DA:197,0
DA:199,0
DA:200,0
DA:203,0
DA:204,0
DA:205,0
DA:208,0
DA:213,0
DA:214,0
DA:215,0
DA:217,0
DA:220,0
DA:222,0
DA:223,0
DA:228,0
DA:229,0
DA:231,0
DA:232,0
DA:234,0
DA:235,0
DA:240,9
LF:114
LH:40
BRDA:20,0,0,1
BRDA:20,0,1,1
BRDA:21,1,0,1
BRDA:21,1,1,0
BRDA:40,2,0,0
BRDA:40,2,1,7
BRDA:40,3,0,7
BRDA:40,3,1,2
BRDA:45,4,0,0
BRDA:45,4,1,7
BRDA:45,5,0,7
BRDA:45,5,1,0
BRDA:47,6,0,0
BRDA:47,6,1,0
BRDA:47,7,0,0
BRDA:47,7,1,0
BRDA:52,8,0,1
BRDA:52,8,1,6
BRDA:52,9,0,7
BRDA:52,9,1,6
BRDA:52,9,2,6
BRDA:57,10,0,2
BRDA:57,10,1,4
BRDA:57,11,0,6
BRDA:57,11,1,5
BRDA:57,11,2,5
BRDA:57,11,3,4
BRDA:60,12,0,0
BRDA:60,12,1,4
BRDA:60,13,0,4
BRDA:60,13,1,0
BRDA:60,13,2,0
BRDA:63,14,0,0
BRDA:63,14,1,4
BRDA:63,15,0,4
BRDA:63,15,1,0
BRDA:63,15,2,0
BRDA:69,16,0,0
BRDA:69,16,1,4
BRDA:69,17,0,4
BRDA:69,17,1,0
BRDA:75,18,0,0
BRDA:75,18,1,4
BRDA:75,19,0,4
BRDA:75,19,1,0
BRDA:91,20,0,1
BRDA:91,20,1,3
BRDA:107,21,0,0
BRDA:107,21,1,0
BRDA:107,22,0,0
BRDA:107,22,1,0
BRDA:107,22,2,0
BRDA:112,23,0,0
BRDA:112,23,1,0
BRDA:112,24,0,0
BRDA:112,24,1,0
BRDA:112,24,2,0
BRDA:116,25,0,0
BRDA:116,25,1,0
BRDA:118,26,0,0
BRDA:118,26,1,0
BRDA:118,27,0,0
BRDA:118,27,1,0
BRDA:118,27,2,0
BRDA:118,27,3,0
BRDA:121,28,0,0
BRDA:121,28,1,0
BRDA:121,29,0,0
BRDA:121,29,1,0
BRDA:121,29,2,0
BRDA:135,30,0,0
BRDA:135,30,1,0
BRDA:136,31,0,0
BRDA:136,31,1,0
BRDA:155,32,0,1
BRDA:155,32,1,1
BRDA:156,33,0,1
BRDA:156,33,1,0
BRDA:174,34,0,0
BRDA:174,34,1,0
BRDA:174,35,0,0
BRDA:174,35,1,0
BRDA:180,36,0,0
BRDA:180,36,1,0
BRDA:181,37,0,0
BRDA:181,37,1,0
BRDA:199,38,0,0
BRDA:199,38,1,0
BRDA:204,39,0,0
BRDA:204,39,1,0
BRDA:213,40,0,0
BRDA:213,40,1,0
BRDA:214,41,0,0
BRDA:214,41,1,0
BRF:94
BRH:32
end_of_record
TN:
SF:src\modules\sales\sales.routes.js
FNF:0
FNH:0
DA:1,9
DA:2,9
DA:3,9
DA:4,9
DA:6,9
DA:7,9
DA:8,9
DA:9,9
DA:10,9
DA:11,9
DA:14,9
DA:15,9
DA:17,9
LF:13
LH:13
BRF:0
BRH:0
end_of_record
TN:
SF:src\modules\sales\sales.service.js
FN:5,(anonymous_0)
FN:41,(anonymous_1)
FN:47,(anonymous_2)
FN:53,(anonymous_3)
FN:61,(anonymous_4)
FN:69,(anonymous_5)
FN:95,(anonymous_6)
FN:356,(anonymous_7)
FN:682,(anonymous_8)
FN:758,(anonymous_9)
FN:844,(anonymous_10)
FN:919,(anonymous_11)
FNF:12
FNH:4
FNDA:1,(anonymous_0)
FNDA:0,(anonymous_1)
FNDA:0,(anonymous_2)
FNDA:0,(anonymous_3)
FNDA:0,(anonymous_4)
FNDA:2,(anonymous_5)
FNDA:4,(anonymous_6)
FNDA:0,(anonymous_7)
FNDA:2,(anonymous_8)
FNDA:0,(anonymous_9)
FNDA:0,(anonymous_10)
FNDA:0,(anonymous_11)
DA:1,9
DA:2,9
DA:4,9
DA:6,1
DA:13,1
DA:15,1
DA:17,0
DA:18,0
DA:21,1
DA:23,0
DA:24,0
DA:25,1
DA:27,0
DA:28,0
DA:29,1
DA:31,0
DA:32,0
DA:35,1
DA:37,1
DA:40,1
DA:41,0
DA:42,0
DA:47,0
DA:52,0
DA:53,0
DA:54,0
DA:55,0
DA:57,0
DA:61,0
DA:62,0
DA:66,1
DA:70,2
DA:77,2
DA:78,1
DA:81,1
DA:83,1
DA:91,1
DA:92,1
DA:96,4
DA:98,4
DA:99,4
DA:101,4
DA:102,0
DA:106,4
DA:107,4
DA:108,1
DA:112,1
DA:113,1
DA:118,4
DA:119,0
DA:120,0
DA:121,0
DA:122,0
DA:123,0
DA:128,4
DA:130,4
DA:134,4
DA:136,4
DA:138,0
DA:143,0
DA:146,0
DA:148,0
DA:152,0
DA:155,0
DA:156,0
DA:160,0
DA:163,0
DA:164,0
DA:165,0
DA:166,0
DA:170,0
DA:175,0
DA:176,0
DA:177,0
DA:178,0
DA:181,0
DA:182,0
DA:183,0
DA:184,0
DA:185,0
DA:190,0
DA:193,4
DA:197,4
DA:198,4
DA:199,1
DA:200,1
DA:201,1
DA:207,3
DA:208,3
DA:209,3
DA:210,3
DA:214,3
DA:215,3
DA:216,3
DA:219,3
DA:220,3
DA:221,0
DA:222,3
DA:223,0
DA:227,3
DA:230,3
DA:236,3
DA:237,3
DA:240,3
DA:241,3
DA:242,1
DA:243,0
DA:244,1
DA:245,1
DA:247,0
DA:251,3
DA:255,3
DA:257,3
DA:258,3
DA:259,3
DA:262,3
DA:266,3
DA:269,3
DA:275,3
DA:276,3
DA:282,3
DA:283,0
DA:289,0
DA:294,0
DA:295,0
DA:303,3
DA:304,3
DA:305,2
DA:310,2
DA:314,1
DA:315,0
DA:316,0
DA:321,0
DA:326,1
DA:333,3
DA:336,3
DA:337,1
DA:347,3
DA:349,0
DA:350,0
DA:352,4
DA:357,0
DA:359,0
DA:360,0
DA:363,0
DA:368,0
DA:369,0
DA:370,0
DA:371,0
DA:374,0
DA:377,0
DA:383,0
DA:384,0
DA:385,0
DA:386,0
DA:387,0
DA:388,0
DA:389,0
DA:394,0
DA:395,0
DA:397,0
DA:398,0
DA:399,0
DA:401,0
DA:402,0
DA:403,0
DA:405,0
DA:406,0
DA:407,0
DA:409,0
DA:410,0
DA:411,0
DA:413,0
DA:414,0
DA:415,0
DA:418,0
DA:419,0
DA:420,0
DA:427,0
DA:428,0
DA:430,0
DA:431,0
DA:432,0
DA:433,0
DA:434,0
DA:438,0
DA:439,0
DA:440,0
DA:441,0
DA:442,0
DA:443,0
DA:448,0
DA:449,0
DA:455,0
DA:456,0
DA:457,0
DA:464,0
DA:466,0
DA:471,0
DA:472,0
DA:474,0
DA:475,0
DA:476,0
DA:480,0
DA:481,0
DA:486,0
DA:495,0
DA:497,0
DA:499,0
DA:500,0
DA:506,0
DA:507,0
DA:512,0
DA:520,0
DA:523,0
DA:525,0
DA:529,0
DA:531,0
DA:533,0
DA:538,0
DA:541,0
DA:543,0
DA:547,0
DA:550,0
DA:551,0
DA:555,0
DA:558,0
DA:559,0
DA:560,0
DA:561,0
DA:565,0
DA:570,0
DA:571,0
DA:572,0
DA:573,0
DA:576,0
DA:577,0
DA:578,0
DA:579,0
DA:580,0
DA:585,0
DA:588,0
DA:592,0
DA:593,0
DA:594,0
DA:595,0
DA:596,0
DA:602,0
DA:603,0
DA:604,0
DA:607,0
DA:611,0
DA:614,0
DA:620,0
DA:621,0
DA:627,0
DA:628,0
DA:634,0
DA:639,0
DA:640,0
DA:649,0
DA:652,0
DA:653,0
DA:656,0
DA:657,0
DA:664,0
DA:665,0
DA:673,0
DA:675,0
DA:676,0
DA:678,0
DA:683,2
DA:685,2
DA:686,2
DA:688,2
DA:693,2
DA:694,1
DA:695,1
DA:696,1
DA:699,1
DA:701,1
DA:706,1
DA:708,1
DA:709,1
DA:715,1
DA:716,0
DA:721,0
DA:728,1
DA:729,0
DA:732,0
DA:733,0
DA:740,1
DA:741,1
DA:742,1
DA:745,1
DA:747,1
DA:748,1
DA:750,0
DA:751,0
DA:753,2
DA:759,0
DA:761,0
DA:762,0
DA:765,0
DA:770,0
DA:771,0
DA:772,0
DA:773,0
DA:776,0
DA:777,0
DA:778,0
DA:779,0
DA:782,0
DA:783,0
DA:784,0
DA:785,0
DA:789,0
DA:790,0
DA:791,0
DA:795,0
DA:801,0
DA:803,0
DA:809,0
DA:816,0
DA:823,0
DA:824,0
DA:826,0
DA:837,0
DA:838,0
DA:839,0
DA:845,0
DA:847,0
DA:848,0
DA:851,0
DA:856,0
DA:857,0
DA:858,0
DA:859,0
DA:862,0
DA:863,0
DA:866,0
DA:867,0
DA:868,0
DA:869,0
DA:870,0
DA:874,0
DA:881,0
DA:882,0
DA:883,0
DA:884,0
DA:890,0
DA:896,0
DA:901,0
DA:902,0
DA:904,0
DA:912,0
DA:913,0
DA:914,0
DA:920,0
DA:930,0
DA:934,9
LF:361
LH:104
BRDA:5,0,0,0
BRDA:15,1,0,0
BRDA:15,1,1,1
BRDA:21,2,0,0
BRDA:21,2,1,1
BRDA:25,3,0,0
BRDA:25,3,1,1
BRDA:25,4,0,1
BRDA:25,4,1,0
BRDA:29,5,0,0
BRDA:29,5,1,1
BRDA:40,6,0,0
BRDA:40,6,1,1
BRDA:54,7,0,0
BRDA:54,7,1,0
BRDA:62,8,0,0
BRDA:62,8,1,0
BRDA:77,9,0,1
BRDA:77,9,1,1
BRDA:101,10,0,0
BRDA:101,10,1,4
BRDA:101,11,0,4
BRDA:101,11,1,4
BRDA:107,12,0,1
BRDA:107,12,1,3
BRDA:112,13,0,1
BRDA:112,13,1,0
BRDA:118,14,0,0
BRDA:118,14,1,4
BRDA:118,15,0,4
BRDA:118,15,1,0
BRDA:120,16,0,0
BRDA:120,16,1,0
BRDA:134,17,0,4
BRDA:134,17,1,0
BRDA:136,18,0,0
BRDA:136,18,1,4
BRDA:146,19,0,0
BRDA:146,19,1,0
BRDA:152,20,0,0
BRDA:152,20,1,0
BRDA:163,21,0,0
BRDA:163,21,1,0
BRDA:175,22,0,0
BRDA:175,22,1,0
BRDA:182,23,0,0
BRDA:182,23,1,0
BRDA:197,24,0,4
BRDA:197,24,1,0
BRDA:198,25,0,1
BRDA:198,25,1,3
BRDA:209,26,0,3
BRDA:209,26,1,3
BRDA:214,27,0,0
BRDA:214,27,1,3
BRDA:215,28,0,0
BRDA:215,28,1,3
BRDA:220,29,0,0
BRDA:220,29,1,3
BRDA:222,30,0,0
BRDA:222,30,1,3
BRDA:222,31,0,3
BRDA:222,31,1,0
BRDA:227,32,0,3
BRDA:227,32,1,1
BRDA:230,33,0,1
BRDA:230,33,1,2
BRDA:237,34,0,0
BRDA:237,34,1,3
BRDA:237,35,0,3
BRDA:237,35,1,0
BRDA:241,36,0,1
BRDA:241,36,1,2
BRDA:241,37,0,3
BRDA:241,37,1,2
BRDA:242,38,0,0
BRDA:242,38,1,1
BRDA:244,39,0,1
BRDA:244,39,1,0
BRDA:253,40,0,3
BRDA:253,40,1,0
BRDA:253,41,0,3
BRDA:253,41,1,3
BRDA:258,42,0,3
BRDA:258,42,1,3
BRDA:266,43,0,3
BRDA:266,43,1,0
BRDA:271,44,0,0
BRDA:271,44,1,3
BRDA:271,45,0,3
BRDA:271,45,1,3
BRDA:275,46,0,3
BRDA:275,46,1,3
BRDA:282,47,0,0
BRDA:282,47,1,3
BRDA:282,48,0,3
BRDA:282,48,1,0
BRDA:294,49,0,0
BRDA:294,49,1,0
BRDA:294,50,0,0
BRDA:294,50,1,0
BRDA:303,51,0,3
BRDA:303,51,1,0
BRDA:304,52,0,2
BRDA:304,52,1,1
BRDA:314,53,0,0
BRDA:314,53,1,1
BRDA:336,54,0,1
BRDA:336,54,1,2
BRDA:336,55,0,3
BRDA:336,55,1,2
BRDA:368,56,0,0
BRDA:368,56,1,0
BRDA:384,57,0,0
BRDA:384,57,1,0
BRDA:384,58,0,0
BRDA:384,58,1,0
BRDA:387,59,0,0
BRDA:387,59,1,0
BRDA:388,60,0,0
BRDA:388,60,1,0
BRDA:388,61,0,0
BRDA:388,61,1,0
BRDA:397,62,0,0
BRDA:397,62,1,0
BRDA:399,63,0,0
BRDA:399,63,1,0
BRDA:401,64,0,0
BRDA:401,64,1,0
BRDA:405,65,0,0
BRDA:405,65,1,0
BRDA:409,66,0,0
BRDA:409,66,1,0
BRDA:411,67,0,0
BRDA:411,67,1,0
BRDA:413,68,0,0
BRDA:413,68,1,0
BRDA:413,69,0,0
BRDA:413,69,1,0
BRDA:418,70,0,0
BRDA:418,70,1,0
BRDA:430,71,0,0
BRDA:430,71,1,0
BRDA:431,72,0,0
BRDA:431,72,1,0
BRDA:433,73,0,0
BRDA:433,73,1,0
BRDA:434,74,0,0
BRDA:434,74,1,0
BRDA:434,75,0,0
BRDA:434,75,1,0
BRDA:438,76,0,0
BRDA:438,76,1,0
BRDA:438,77,0,0
BRDA:438,77,1,0
BRDA:439,78,0,0
BRDA:439,78,1,0
BRDA:440,79,0,0
BRDA:440,79,1,0
BRDA:442,80,0,0
BRDA:442,80,1,0
BRDA:443,81,0,0
BRDA:443,81,1,0
BRDA:443,82,0,0
BRDA:443,82,1,0
BRDA:448,83,0,0
BRDA:448,83,1,0
BRDA:448,84,0,0
BRDA:448,84,1,0
BRDA:455,85,0,0
BRDA:455,85,1,0
BRDA:455,86,0,0
BRDA:455,86,1,0
BRDA:455,87,0,0
BRDA:455,87,1,0
BRDA:456,88,0,0
BRDA:456,88,1,0
BRDA:464,89,0,0
BRDA:464,89,1,0
BRDA:464,90,0,0
BRDA:464,90,1,0
BRDA:464,90,2,0
BRDA:464,90,3,0
BRDA:471,91,0,0
BRDA:471,91,1,0
BRDA:472,92,0,0
BRDA:472,92,1,0
BRDA:474,93,0,0
BRDA:474,93,1,0
BRDA:475,94,0,0
BRDA:475,94,1,0
BRDA:480,95,0,0
BRDA:480,95,1,0
BRDA:495,96,0,0
BRDA:495,96,1,0
BRDA:495,97,0,0
BRDA:495,97,1,0
BRDA:499,98,0,0
BRDA:499,98,1,0
BRDA:506,99,0,0
BRDA:506,99,1,0
BRDA:529,100,0,0
BRDA:529,100,1,0
BRDA:531,101,0,0
BRDA:531,101,1,0
BRDA:541,102,0,0
BRDA:541,102,1,0
BRDA:547,103,0,0
BRDA:547,103,1,0
BRDA:558,104,0,0
BRDA:558,104,1,0
BRDA:570,105,0,0
BRDA:570,105,1,0
BRDA:577,106,0,0
BRDA:577,106,1,0
BRDA:592,107,0,0
BRDA:592,107,1,0
BRDA:593,108,0,0
BRDA:593,108,1,0
BRDA:603,109,0,0
BRDA:603,109,1,0
BRDA:611,110,0,0
BRDA:611,110,1,0
BRDA:616,111,0,0
BRDA:616,111,1,0
BRDA:620,112,0,0
BRDA:620,112,1,0
BRDA:627,113,0,0
BRDA:627,113,1,0
BRDA:627,114,0,0
BRDA:627,114,1,0
BRDA:639,115,0,0
BRDA:639,115,1,0
BRDA:639,116,0,0
BRDA:639,116,1,0
BRDA:653,117,0,0
BRDA:653,117,1,0
BRDA:656,118,0,0
BRDA:656,118,1,0
BRDA:656,119,0,0
BRDA:656,119,1,0
BRDA:664,120,0,0
BRDA:664,120,1,0
BRDA:664,121,0,0
BRDA:664,121,1,0
BRDA:693,122,0,1
BRDA:693,122,1,1
BRDA:708,123,0,1
BRDA:708,123,1,0
BRDA:715,124,0,0
BRDA:715,124,1,1
BRDA:728,125,0,0
BRDA:728,125,1,1
BRDA:728,126,0,1
BRDA:728,126,1,1
BRDA:728,126,2,1
BRDA:729,127,0,0
BRDA:729,127,1,0
BRDA:730,128,0,0
BRDA:730,128,1,0
BRDA:730,129,0,0
BRDA:730,129,1,0
BRDA:732,130,0,0
BRDA:732,130,1,0
BRDA:770,131,0,0
BRDA:770,131,1,0
BRDA:777,132,0,0
BRDA:777,132,1,0
BRDA:782,133,0,0
BRDA:782,133,1,0
BRDA:790,134,0,0
BRDA:790,134,1,0
BRDA:801,135,0,0
BRDA:801,135,1,0
BRDA:856,136,0,0
BRDA:856,136,1,0
BRDA:867,137,0,0
BRDA:867,137,1,0
BRDA:881,138,0,0
BRDA:881,138,1,0
BRDA:885,139,0,0
BRDA:885,139,1,0
BRF:282
BRH:69
end_of_record
TN:
SF:src\modules\stock_adjustments\stock_adjustment.controller.js
FN:4,(anonymous_0)
FN:14,(anonymous_1)
FN:25,(anonymous_2)
FN:64,(anonymous_3)
FNF:4
FNH:0
FNDA:0,(anonymous_0)
FNDA:0,(anonymous_1)
FNDA:0,(anonymous_2)
FNDA:0,(anonymous_3)
DA:1,9
DA:3,9
DA:5,0
DA:6,0
DA:7,0
DA:9,0
DA:10,0
DA:15,0
DA:16,0
DA:17,0
DA:18,0
DA:20,0
DA:21,0
DA:26,0
DA:27,0
DA:29,0
DA:30,0
DA:33,0
DA:34,0
DA:37,0
DA:38,0
DA:41,0
DA:42,0
DA:45,0
DA:53,0
DA:54,0
DA:57,0
DA:59,0
DA:60,0
DA:65,0
DA:66,0
DA:68,0
DA:70,0
DA:71,0
DA:74,0
DA:76,0
DA:77,0
DA:82,9
LF:38
LH:3
BRDA:29,0,0,0
BRDA:29,0,1,0
BRDA:33,1,0,0
BRDA:33,1,1,0
BRDA:33,2,0,0
BRDA:33,2,1,0
BRDA:33,2,2,0
BRDA:37,3,0,0
BRDA:37,3,1,0
BRDA:37,4,0,0
BRDA:37,4,1,0
BRDA:37,4,2,0
BRDA:41,5,0,0
BRDA:41,5,1,0
BRDA:41,6,0,0
BRDA:41,6,1,0
BRDA:53,7,0,0
BRDA:53,7,1,0
BRDA:70,8,0,0
BRDA:70,8,1,0
BRF:20
BRH:0
end_of_record
TN:
SF:src\modules\stock_adjustments\stock_adjustment.routes.js
FNF:0
FNH:0
DA:1,9
DA:2,9
DA:3,9
DA:4,9
DA:6,9
DA:7,9
DA:8,9
DA:9,9
DA:11,9
LF:9
LH:9
BRF:0
BRH:0
end_of_record
TN:
SF:src\modules\stock_adjustments\stock_adjustment.service.js
FN:5,(anonymous_0)
FN:18,(anonymous_1)
FN:30,(anonymous_2)
FN:212,(anonymous_3)
FNF:4
FNH:0
FNDA:0,(anonymous_0)
FNDA:0,(anonymous_1)
FNDA:0,(anonymous_2)
FNDA:0,(anonymous_3)
DA:1,9
DA:3,9
DA:6,0
DA:14,0
DA:19,0
DA:26,0
DA:31,0
DA:33,0
DA:34,0
DA:37,0
DA:42,0
DA:43,0
DA:44,0
DA:45,0
DA:48,0
DA:51,0
DA:55,0
DA:58,0
DA:59,0
DA:60,0
DA:61,0
DA:65,0
DA:66,0
DA:67,0
DA:68,0
DA:72,0
DA:73,0
DA:74,0
DA:75,0
DA:78,0
DA:81,0
DA:82,0
DA:83,0
DA:84,0
DA:88,0
DA:89,0
DA:96,0
DA:98,0
DA:99,0
DA:101,0
DA:102,0
DA:108,0
DA:109,0
DA:114,0
DA:115,0
DA:116,0
DA:118,0
DA:119,0
DA:121,0
DA:127,0
DA:132,0
DA:133,0
DA:139,0
DA:145,0
DA:147,0
DA:152,0
DA:154,0
DA:160,0
DA:161,0
DA:170,0
DA:171,0
DA:172,0
DA:176,0
DA:180,0
DA:181,0
DA:183,0
DA:188,0
DA:189,0
DA:191,0
DA:205,0
DA:206,0
DA:207,0
DA:213,0
DA:218,0
DA:219,0
DA:222,0
DA:226,9
LF:77
LH:3
BRDA:42,0,0,0
BRDA:42,0,1,0
BRDA:55,1,0,0
BRDA:55,1,1,0
BRDA:58,2,0,0
BRDA:58,2,1,0
BRDA:58,3,0,0
BRDA:58,3,1,0
BRDA:65,4,0,0
BRDA:65,4,1,0
BRDA:65,5,0,0
BRDA:65,5,1,0
BRDA:72,6,0,0
BRDA:72,6,1,0
BRDA:72,7,0,0
BRDA:72,7,1,0
BRDA:78,8,0,0
BRDA:78,8,1,0
BRDA:81,9,0,0
BRDA:81,9,1,0
BRDA:81,10,0,0
BRDA:81,10,1,0
BRDA:81,10,2,0
BRDA:88,11,0,0
BRDA:88,11,1,0
BRDA:96,12,0,0
BRDA:96,12,1,0
BRDA:98,13,0,0
BRDA:98,13,1,0
BRDA:98,14,0,0
BRDA:98,14,1,0
BRDA:99,15,0,0
BRDA:99,15,1,0
BRDA:104,16,0,0
BRDA:104,16,1,0
BRDA:116,17,0,0
BRDA:116,17,1,0
BRDA:132,18,0,0
BRDA:132,18,1,0
BRDA:132,19,0,0
BRDA:132,19,1,0
BRDA:145,20,0,0
BRDA:145,20,1,0
BRDA:152,21,0,0
BRDA:152,21,1,0
BRDA:171,22,0,0
BRDA:171,22,1,0
BRDA:171,23,0,0
BRDA:171,23,1,0
BRDA:176,24,0,0
BRDA:176,24,1,0
BRDA:180,25,0,0
BRDA:180,25,1,0
BRDA:181,26,0,0
BRDA:181,26,1,0
BRDA:185,27,0,0
BRDA:185,27,1,0
BRDA:185,28,0,0
BRDA:185,28,1,0
BRDA:185,29,0,0
BRDA:185,29,1,0
BRDA:185,30,0,0
BRDA:185,30,1,0
BRDA:199,31,0,0
BRDA:199,31,1,0
BRDA:200,32,0,0
BRDA:200,32,1,0
BRDA:200,33,0,0
BRDA:200,33,1,0
BRDA:218,34,0,0
BRDA:218,34,1,0
BRF:71
BRH:0
end_of_record
TN:
SF:src\modules\stock_receipts\stock_receipt.controller.js
FN:4,(anonymous_0)
FN:15,(anonymous_1)
FN:34,(anonymous_2)
FN:98,(anonymous_3)
FNF:4
FNH:4
FNDA:1,(anonymous_0)
FNDA:2,(anonymous_1)
FNDA:5,(anonymous_2)
FNDA:2,(anonymous_3)
DA:1,9
DA:3,9
DA:5,1
DA:6,1
DA:7,1
DA:8,1
DA:10,0
DA:11,0
DA:16,2
DA:17,2
DA:18,2
DA:20,2
DA:21,2
DA:22,2
DA:24,0
DA:27,0
DA:29,0
DA:30,0
DA:35,5
DA:36,5
DA:38,5
DA:39,1
DA:43,4
DA:44,1
DA:47,3
DA:48,3
DA:49,2
DA:53,1
DA:54,0
DA:57,1
DA:58,1
DA:63,0
DA:64,0
DA:68,0
DA:69,0
DA:70,0
DA:74,0
DA:75,0
DA:78,0
DA:87,0
DA:88,0
DA:91,0
DA:93,0
DA:94,0
DA:99,2
DA:100,2
DA:102,2
DA:104,2
DA:105,1
DA:106,1
DA:108,0
DA:111,1
DA:113,0
DA:114,0
DA:119,9
LF:55
LH:32
BRDA:20,0,0,2
BRDA:20,0,1,0
BRDA:21,1,0,2
BRDA:21,1,1,0
BRDA:36,2,0,5
BRDA:36,3,0,5
BRDA:38,4,0,1
BRDA:38,4,1,4
BRDA:43,5,0,1
BRDA:43,5,1,3
BRDA:43,6,0,4
BRDA:43,6,1,3
BRDA:43,6,2,3
BRDA:48,7,0,2
BRDA:48,7,1,1
BRDA:48,8,0,3
BRDA:48,8,1,2
BRDA:48,8,2,2
BRDA:53,9,0,0
BRDA:53,9,1,1
BRDA:53,10,0,1
BRDA:53,10,1,0
BRDA:53,10,2,0
BRDA:57,11,0,1
BRDA:57,11,1,0
BRDA:57,12,0,1
BRDA:57,12,1,1
BRDA:57,12,2,0
BRDA:63,13,0,0
BRDA:63,13,1,0
BRDA:63,14,0,0
BRDA:63,14,1,0
BRDA:63,14,2,0
BRDA:69,15,0,0
BRDA:69,15,1,0
BRDA:74,16,0,0
BRDA:74,16,1,0
BRDA:74,17,0,0
BRDA:74,17,1,0
BRDA:87,18,0,0
BRDA:87,18,1,0
BRDA:104,19,0,1
BRDA:104,19,1,1
BRDA:105,20,0,1
BRDA:105,20,1,0
BRF:45
BRH:24
end_of_record
TN:
SF:src\modules\stock_receipts\stock_receipt.routes.js
FNF:0
FNH:0
DA:1,9
DA:2,9
DA:3,9
DA:4,9
DA:6,9
DA:7,9
DA:8,9
DA:9,9
DA:11,9
LF:9
LH:9
BRF:0
BRH:0
end_of_record
TN:
SF:src\modules\stock_receipts\stock_receipt.service.js
FN:5,(anonymous_0)
FN:34,(anonymous_1)
FN:59,(anonymous_2)
FN:182,(anonymous_3)
FNF:4
FNH:3
FNDA:1,(anonymous_0)
FNDA:2,(anonymous_1)
FNDA:0,(anonymous_2)
FNDA:2,(anonymous_3)
DA:1,9
DA:2,9
DA:4,9
DA:6,1
DA:12,1
DA:14,1
DA:16,0
DA:17,0
DA:18,1
DA:20,0
DA:21,0
DA:22,1
DA:24,0
DA:25,0
DA:28,1
DA:30,1
DA:31,1
DA:35,2
DA:42,2
DA:43,2
DA:46,0
DA:48,0
DA:55,0
DA:56,0
DA:60,0
DA:62,0
DA:63,0
DA:65,0
DA:66,0
DA:70,0
DA:71,0
DA:74,0
DA:75,0
DA:77,0
DA:80,0
DA:85,0
DA:86,0
DA:89,0
DA:93,0
DA:95,0
DA:96,0
DA:97,0
DA:98,0
DA:101,0
DA:102,0
DA:103,0
DA:105,0
DA:106,0
DA:110,0
DA:128,0
DA:132,0
DA:134,0
DA:136,0
DA:137,0
DA:142,0
DA:147,0
DA:153,0
DA:160,0
DA:161,0
DA:166,0
DA:172,0
DA:173,0
DA:175,0
DA:176,0
DA:178,0
DA:183,2
DA:185,2
DA:186,2
DA:188,2
DA:193,2
DA:194,1
DA:195,1
DA:196,1
DA:199,1
DA:201,1
DA:206,1
DA:208,1
DA:212,1
DA:215,1
DA:221,1
DA:222,0
DA:229,1
DA:234,1
DA:235,1
DA:240,1
DA:246,1
DA:251,1
DA:252,1
DA:254,0
DA:255,0
DA:257,2
DA:262,9
LF:92
LH:38
BRDA:5,0,0,0
BRDA:14,1,0,0
BRDA:14,1,1,1
BRDA:18,2,0,0
BRDA:18,2,1,1
BRDA:18,3,0,1
BRDA:18,3,1,0
BRDA:22,4,0,0
BRDA:22,4,1,1
BRDA:42,5,0,2
BRDA:42,5,1,0
BRDA:59,6,0,0
BRDA:59,7,0,0
BRDA:59,8,0,0
BRDA:65,9,0,0
BRDA:65,9,1,0
BRDA:65,10,0,0
BRDA:65,10,1,0
BRDA:75,11,0,0
BRDA:75,11,1,0
BRDA:75,12,0,0
BRDA:75,12,1,0
BRDA:80,13,0,0
BRDA:80,13,1,0
BRDA:80,14,0,0
BRDA:80,14,1,0
BRDA:85,15,0,0
BRDA:85,15,1,0
BRDA:85,16,0,0
BRDA:85,16,1,0
BRDA:91,17,0,0
BRDA:91,17,1,0
BRDA:97,18,0,0
BRDA:97,18,1,0
BRDA:97,18,2,0
BRDA:101,19,0,0
BRDA:101,19,1,0
BRDA:101,20,0,0
BRDA:101,20,1,0
BRDA:102,21,0,0
BRDA:102,21,1,0
BRDA:105,22,0,0
BRDA:105,22,1,0
BRDA:117,23,0,0
BRDA:117,23,1,0
BRDA:120,24,0,0
BRDA:120,24,1,0
BRDA:121,25,0,0
BRDA:121,25,1,0
BRDA:132,26,0,0
BRDA:132,26,1,0
BRDA:134,27,0,0
BRDA:134,27,1,0
BRDA:136,28,0,0
BRDA:136,28,1,0
BRDA:139,29,0,0
BRDA:139,29,1,0
BRDA:160,30,0,0
BRDA:160,30,1,0
BRDA:193,31,0,1
BRDA:193,31,1,1
BRDA:212,32,0,1
BRDA:212,32,1,0
BRDA:221,33,0,0
BRDA:221,33,1,1
BRDA:234,34,0,1
BRDA:234,34,1,0
BRF:67
BRH:10
end_of_record
TN:
SF:src\modules\styles\style.controller.js
FN:4,(anonymous_0)
FN:14,(anonymous_1)
FN:30,(anonymous_2)
FN:62,(anonymous_3)
FN:101,(anonymous_4)
FNF:5
FNH:0
FNDA:0,(anonymous_0)
FNDA:0,(anonymous_1)
FNDA:0,(anonymous_2)
FNDA:0,(anonymous_3)
FNDA:0,(anonymous_4)
DA:1,9
DA:3,9
DA:5,0
DA:6,0
DA:7,0
DA:9,0
DA:10,0
DA:15,0
DA:16,0
DA:17,0
DA:19,0
DA:20,0
DA:23,0
DA:25,0
DA:26,0
DA:31,0
DA:32,0
DA:34,0
DA:35,0
DA:38,0
DA:39,0
DA:42,0
DA:43,0
DA:46,0
DA:51,0
DA:52,0
DA:55,0
DA:57,0
DA:58,0
DA:63,0
DA:64,0
DA:65,0
DA:68,0
DA:69,0
DA:70,0
DA:72,0
DA:73,0
DA:78,0
DA:79,0
DA:82,0
DA:87,0
DA:88,0
DA:89,0
DA:91,0
DA:94,0
DA:96,0
DA:97,0
DA:102,0
DA:103,0
DA:105,0
DA:107,0
DA:108,0
DA:109,0
DA:111,0
DA:114,0
DA:116,0
DA:117,0
DA:122,9
LF:58
LH:3
BRDA:19,0,0,0
BRDA:19,0,1,0
BRDA:34,1,0,0
BRDA:34,1,1,0
BRDA:34,2,0,0
BRDA:34,2,1,0
BRDA:38,3,0,0
BRDA:38,3,1,0
BRDA:42,4,0,0
BRDA:42,4,1,0
BRDA:42,5,0,0
BRDA:42,5,1,0
BRDA:48,6,0,0
BRDA:48,6,1,0
BRDA:51,7,0,0
BRDA:51,7,1,0
BRDA:68,8,0,0
BRDA:68,8,1,0
BRDA:69,9,0,0
BRDA:69,9,1,0
BRDA:69,10,0,0
BRDA:69,10,1,0
BRDA:72,11,0,0
BRDA:72,11,1,0
BRDA:78,12,0,0
BRDA:78,12,1,0
BRDA:78,13,0,0
BRDA:78,13,1,0
BRDA:83,14,0,0
BRDA:83,14,1,0
BRDA:84,15,0,0
BRDA:84,15,1,0
BRDA:87,16,0,0
BRDA:87,16,1,0
BRDA:88,17,0,0
BRDA:88,17,1,0
BRDA:107,18,0,0
BRDA:107,18,1,0
BRDA:108,19,0,0
BRDA:108,19,1,0
BRF:40
BRH:0
end_of_record
TN:
SF:src\modules\styles\style.routes.js
FNF:0
FNH:0
DA:1,9
DA:2,9
DA:3,9
DA:4,9
DA:7,9
DA:10,9
DA:13,9
DA:16,9
DA:19,9
DA:21,9
LF:10
LH:10
BRF:0
BRH:0
end_of_record
TN:
SF:src\modules\styles\style.service.js
FN:5,(anonymous_0)
FN:13,(anonymous_1)
FN:22,(anonymous_2)
FN:61,(anonymous_3)
FN:135,(anonymous_4)
FNF:5
FNH:0
FNDA:0,(anonymous_0)
FNDA:0,(anonymous_1)
FNDA:0,(anonymous_2)
FNDA:0,(anonymous_3)
FNDA:0,(anonymous_4)
DA:1,9
DA:3,9
DA:6,0
DA:9,0
DA:14,0
DA:18,0
DA:23,0
DA:25,0
DA:26,0
DA:29,0
DA:34,0
DA:35,0
DA:36,0
DA:37,0
DA:40,0
DA:45,0
DA:47,0
DA:53,0
DA:54,0
DA:56,0
DA:62,0
DA:64,0
DA:65,0
DA:68,0
DA:73,0
DA:74,0
DA:75,0
DA:76,0
DA:80,0
DA:81,0
DA:86,0
DA:87,0
DA:88,0
DA:89,0
DA:93,0
DA:94,0
DA:96,0
DA:97,0
DA:98,0
DA:100,0
DA:101,0
DA:102,0
DA:105,0
DA:106,0
DA:107,0
DA:108,0
DA:111,0
DA:113,0
DA:118,0
DA:119,0
DA:120,0
DA:121,0
DA:124,0
DA:125,0
DA:127,0
DA:128,0
DA:130,0
DA:136,0
DA:138,0
DA:139,0
DA:142,0
DA:147,0
DA:148,0
DA:149,0
DA:150,0
DA:154,0
DA:159,0
DA:160,0
DA:161,0
DA:162,0
DA:165,0
DA:166,0
DA:168,0
DA:169,0
DA:171,0
DA:176,9
LF:76
LH:3
BRDA:18,0,0,0
BRDA:18,0,1,0
BRDA:34,1,0,0
BRDA:34,1,1,0
BRDA:42,2,0,0
BRDA:42,2,1,0
BRDA:50,3,0,0
BRDA:50,3,1,0
BRDA:73,4,0,0
BRDA:73,4,1,0
BRDA:80,5,0,0
BRDA:80,5,1,0
BRDA:86,6,0,0
BRDA:86,6,1,0
BRDA:96,7,0,0
BRDA:96,7,1,0
BRDA:100,8,0,0
BRDA:100,8,1,0
BRDA:105,9,0,0
BRDA:105,9,1,0
BRDA:118,10,0,0
BRDA:118,10,1,0
BRDA:147,11,0,0
BRDA:147,11,1,0
BRDA:159,12,0,0
BRDA:159,12,1,0
BRF:26
BRH:0
end_of_record
TN:
SF:src\modules\supplier_operations\supplier_operations.controller.js
FN:4,(anonymous_0)
FN:24,(anonymous_1)
FNF:2
FNH:0
FNDA:0,(anonymous_0)
FNDA:0,(anonymous_1)
DA:1,9
DA:3,9
DA:5,0
DA:6,0
DA:8,0
DA:9,0
DA:10,0
DA:11,0
DA:12,0
DA:13,0
DA:15,0
DA:17,0
DA:19,0
DA:20,0
DA:25,0
DA:26,0
DA:28,0
DA:30,0
DA:31,0
DA:34,0
DA:36,0
DA:37,0
DA:43,9
LF:23
LH:3
BRDA:9,0,0,0
BRDA:9,0,1,0
BRDA:10,1,0,0
BRDA:10,1,1,0
BRDA:11,2,0,0
BRDA:11,2,1,0
BRDA:12,3,0,0
BRDA:12,3,1,0
BRDA:13,4,0,0
BRDA:13,4,1,0
BRDA:30,5,0,0
BRDA:30,5,1,0
BRF:12
BRH:0
end_of_record
TN:
SF:src\modules\supplier_operations\supplier_operations.routes.js
FNF:0
FNH:0
DA:1,9
DA:2,9
DA:3,9
DA:5,9
DA:6,9
DA:8,9
LF:6
LH:6
BRF:0
BRH:0
end_of_record
TN:
SF:src\modules\supplier_operations\supplier_operations.service.js
FN:4,(anonymous_0)
FN:43,(anonymous_1)
FNF:2
FNH:0
FNDA:0,(anonymous_0)
FNDA:0,(anonymous_1)
DA:1,9
DA:3,9
DA:5,0
DA:7,0
DA:14,0
DA:16,0
DA:17,0
DA:18,0
DA:19,0
DA:20,0
DA:21,0
DA:22,0
DA:23,0
DA:24,0
DA:27,0
DA:28,0
DA:29,0
DA:32,0
DA:33,0
DA:34,0
DA:37,0
DA:39,0
DA:40,0
DA:44,0
DA:51,0
DA:56,9
LF:26
LH:3
BRDA:4,0,0,0
BRDA:16,1,0,0
BRDA:16,1,1,0
BRDA:19,2,0,0
BRDA:19,2,1,0
BRDA:19,3,0,0
BRDA:19,3,1,0
BRDA:22,4,0,0
BRDA:22,4,1,0
BRDA:27,5,0,0
BRDA:27,5,1,0
BRDA:32,6,0,0
BRDA:32,6,1,0
BRDA:51,7,0,0
BRDA:51,7,1,0
BRF:15
BRH:0
end_of_record
TN:
SF:src\modules\supplier_payments\supplier_payment.controller.js
FN:4,(anonymous_0)
FN:14,(anonymous_1)
FN:40,(anonymous_2)
FNF:3
FNH:3
FNDA:1,(anonymous_0)
FNDA:4,(anonymous_1)
FNDA:2,(anonymous_2)
DA:1,9
DA:3,9
DA:5,1
DA:6,1
DA:7,1
DA:9,0
DA:10,0
DA:15,4
DA:16,4
DA:18,4
DA:19,2
DA:22,2
DA:29,1
DA:30,1
DA:33,0
DA:35,1
DA:36,1
DA:41,2
DA:42,2
DA:44,2
DA:46,2
DA:47,2
DA:48,2
DA:50,0
DA:53,0
DA:55,0
DA:56,0
DA:61,9
LF:28
LH:21
BRDA:18,0,0,2
BRDA:18,0,1,2
BRDA:18,1,0,4
BRDA:18,1,1,3
BRDA:18,1,2,3
BRDA:29,2,0,1
BRDA:29,2,1,0
BRDA:46,3,0,2
BRDA:46,3,1,0
BRDA:47,4,0,2
BRDA:47,4,1,0
BRF:11
BRH:8
end_of_record
TN:
SF:src\modules\supplier_payments\supplier_payment.routes.js
FNF:0
FNH:0
DA:1,9
DA:2,9
DA:3,9
DA:4,9
DA:6,9
DA:7,9
DA:8,9
DA:10,9
LF:8
LH:8
BRF:0
BRH:0
end_of_record
TN:
SF:src\modules\supplier_payments\supplier_payment.service.js
FN:5,(anonymous_0)
FN:16,(anonymous_1)
FN:65,(anonymous_2)
FNF:3
FNH:3
FNDA:1,(anonymous_0)
FNDA:2,(anonymous_1)
FNDA:2,(anonymous_2)
DA:1,9
DA:2,9
DA:4,9
DA:6,1
DA:13,1
DA:17,2
DA:19,2
DA:20,2
DA:22,2
DA:23,0
DA:27,2
DA:31,2
DA:32,1
DA:36,1
DA:42,0
DA:47,0
DA:50,0
DA:56,0
DA:58,1
DA:59,1
DA:61,2
DA:66,2
DA:68,2
DA:69,2
DA:71,2
DA:76,2
DA:77,2
DA:78,2
DA:79,2
DA:82,0
DA:84,0
DA:85,0
DA:86,0
DA:87,0
DA:91,0
DA:96,0
DA:99,0
DA:101,0
DA:102,0
DA:104,0
DA:105,0
DA:107,2
DA:112,9
LF:43
LH:26
BRDA:22,0,0,0
BRDA:22,0,1,2
BRDA:22,1,0,2
BRDA:22,1,1,2
BRDA:22,1,2,2
BRDA:31,2,0,1
BRDA:31,2,1,1
BRDA:76,3,0,2
BRDA:76,3,1,0
BRDA:84,4,0,0
BRDA:84,4,1,0
BRF:11
BRH:7
end_of_record
TN:
SF:src\modules\suppliers\supplier.controller.js
FN:4,(anonymous_0)
FN:14,(anonymous_1)
FN:30,(anonymous_2)
FN:46,(anonymous_3)
FN:64,(anonymous_4)
FNF:5
FNH:5
FNDA:1,(anonymous_0)
FNDA:2,(anonymous_1)
FNDA:3,(anonymous_2)
FNDA:2,(anonymous_3)
FNDA:2,(anonymous_4)
DA:1,9
DA:3,9
DA:5,1
DA:6,1
DA:7,1
DA:9,0
DA:10,0
DA:15,2
DA:16,2
DA:17,2
DA:19,2
DA:20,1
DA:23,1
DA:25,0
DA:26,0
DA:31,3
DA:32,3
DA:34,3
DA:35,1
DA:38,2
DA:39,2
DA:41,0
DA:42,0
DA:47,2
DA:48,2
DA:49,2
DA:51,2
DA:53,2
DA:54,1
DA:57,1
DA:59,0
DA:60,0
DA:65,2
DA:66,2
DA:68,2
DA:70,2
DA:71,1
DA:74,1
DA:76,0
DA:77,0
DA:82,9
LF:41
LH:31
BRDA:19,0,0,1
BRDA:19,0,1,1
BRDA:32,1,0,2
BRDA:34,2,0,1
BRDA:34,2,1,2
BRDA:53,3,0,1
BRDA:53,3,1,1
BRDA:70,4,0,1
BRDA:70,4,1,1
BRF:9
BRH:9
end_of_record
TN:
SF:src\modules\suppliers\supplier.routes.js
FNF:0
FNH:0
DA:1,9
DA:2,9
DA:3,9
DA:4,9
DA:6,9
DA:7,9
DA:8,9
DA:9,9
DA:10,9
DA:12,9
LF:10
LH:10
BRF:0
BRH:0
end_of_record
TN:
SF:src\modules\suppliers\supplier.service.js
FN:4,(anonymous_0)
FN:11,(anonymous_1)
FN:24,(anonymous_2)
FN:38,(anonymous_3)
FN:56,(anonymous_4)
FNF:5
FNH:5
FNDA:1,(anonymous_0)
FNDA:2,(anonymous_1)
FNDA:2,(anonymous_2)
FNDA:2,(anonymous_3)
FNDA:2,(anonymous_4)
DA:1,9
DA:3,9
DA:5,1
DA:8,1
DA:12,2
DA:17,2
DA:18,1
DA:21,1
DA:25,2
DA:30,2
DA:35,2
DA:39,2
DA:44,2
DA:45,1
DA:48,1
DA:53,1
DA:57,2
DA:62,2
DA:63,1
DA:66,1
DA:70,9
LF:21
LH:21
BRDA:17,0,0,1
BRDA:17,0,1,1
BRDA:27,1,0,2
BRDA:27,1,1,1
BRDA:41,2,0,2
BRDA:41,2,1,1
BRDA:41,3,0,2
BRDA:41,3,1,1
BRDA:44,4,0,1
BRDA:44,4,1,1
BRDA:62,5,0,1
BRDA:62,5,1,1
BRF:12
BRH:12
end_of_record
TN:
SF:src\modules\users\user.controller.js
FN:4,(anonymous_0)
FN:18,(anonymous_1)
FN:38,(anonymous_2)
FN:67,(anonymous_3)
FNF:4
FNH:4
FNDA:2,(anonymous_0)
FNDA:3,(anonymous_1)
FNDA:4,(anonymous_2)
FNDA:4,(anonymous_3)
DA:1,9
DA:3,9
DA:5,2
DA:6,2
DA:7,1
DA:10,1
DA:11,1
DA:13,0
DA:14,0
DA:19,3
DA:20,3
DA:21,1
DA:24,2
DA:25,2
DA:27,2
DA:28,1
DA:31,1
DA:33,0
DA:34,0
DA:39,4
DA:40,4
DA:41,1
DA:44,3
DA:45,3
DA:47,3
DA:48,1
DA:51,2
DA:53,2
DA:54,1
DA:57,1
DA:62,0
DA:63,0
DA:68,4
DA:69,4
DA:70,1
DA:73,3
DA:75,3
DA:76,1
DA:79,2
DA:81,2
DA:82,1
DA:85,1
DA:87,0
DA:88,0
DA:93,9
LF:45
LH:37
BRDA:6,0,0,1
BRDA:6,0,1,1
BRDA:20,1,0,1
BRDA:20,1,1,2
BRDA:27,2,0,1
BRDA:27,2,1,1
BRDA:40,3,0,1
BRDA:40,3,1,3
BRDA:47,4,0,1
BRDA:47,4,1,2
BRDA:47,5,0,3
BRDA:47,5,1,1
BRDA:47,5,2,1
BRDA:53,6,0,1
BRDA:53,6,1,1
BRDA:69,7,0,1
BRDA:69,7,1,3
BRDA:75,8,0,1
BRDA:75,8,1,2
BRDA:81,9,0,1
BRDA:81,9,1,1
BRF:21
BRH:21
end_of_record
TN:
SF:src\modules\users\user.routes.js
FNF:0
FNH:0
DA:1,9
DA:2,9
DA:3,9
DA:4,9
DA:6,9
DA:7,9
DA:8,9
DA:9,9
DA:11,9
LF:9
LH:9
BRF:0
BRH:0
end_of_record
TN:
SF:src\modules\users\user.service.js
FN:4,(anonymous_0)
FN:11,(anonymous_1)
FN:24,(anonymous_2)
FN:42,(anonymous_3)
FNF:4
FNH:4
FNDA:1,(anonymous_0)
FNDA:2,(anonymous_1)
FNDA:2,(anonymous_2)
FNDA:2,(anonymous_3)
DA:1,9
DA:3,9
DA:5,1
DA:8,1
DA:12,2
DA:17,2
DA:18,1
DA:21,1
DA:25,2
DA:30,2
DA:31,1
DA:34,1
DA:39,1
DA:43,2
DA:48,2
DA:49,1
DA:52,1
DA:56,9
LF:18
LH:18
BRDA:17,0,0,1
BRDA:17,0,1,1
BRDA:27,1,0,2
BRDA:27,1,1,0
BRDA:30,2,0,1
BRDA:30,2,1,1
BRDA:48,3,0,1
BRDA:48,3,1,1
BRF:8
BRH:7
end_of_record
TN:
SF:src\routes\index.js
FNF:0
FNH:0
DA:1,9
DA:2,9
DA:3,9
DA:4,9
DA:5,9
DA:6,9
DA:7,9
DA:8,9
DA:9,9
DA:10,9
DA:11,9
DA:12,9
DA:13,9
DA:14,9
DA:15,9
DA:16,9
DA:17,9
DA:18,9
DA:19,9
DA:20,9
DA:21,9
DA:22,9
DA:23,9
DA:24,9
DA:25,9
DA:26,9
DA:27,9
DA:29,9
DA:31,9
DA:32,9
DA:33,9
DA:34,9
DA:35,9
DA:36,9
DA:37,9
DA:38,9
DA:39,9
DA:40,9
DA:41,9
DA:42,9
DA:43,9
DA:44,9
DA:45,9
DA:46,9
DA:47,9
DA:48,9
DA:49,9
DA:50,9
DA:51,9
DA:52,9
DA:53,9
DA:54,9
DA:55,9
DA:56,9
DA:58,9
LF:55
LH:55
BRF:0
BRH:0
end_of_record
TN:
SF:src\utils\generateToken.js
FN:3,(anonymous_0)
FNF:1
FNH:1
FNDA:12,(anonymous_0)
DA:1,9
DA:3,9
DA:4,12
DA:7,9
LF:4
LH:4
BRF:0
BRH:0
end_of_record
