TN:
SF:src\app.js
FNF:0
FNH:0
DA:1,1
DA:2,1
DA:3,1
DA:4,1
DA:6,1
DA:8,1
DA:9,1
DA:11,1
DA:13,1
LF:9
LH:9
BRF:0
BRH:0
end_of_record
TN:
SF:src\config\db.js
FNF:0
FNH:0
DA:1,1
DA:2,1
DA:4,1
DA:14,1
LF:4
LH:4
BRF:0
BRH:0
end_of_record
TN:
SF:src\middleware\authMiddleware.js
FN:3,(anonymous_0)
FNF:1
FNH:1
FNDA:16,(anonymous_0)
DA:1,1
DA:3,1
DA:4,16
DA:5,16
DA:7,16
DA:8,4
DA:11,12
DA:13,12
DA:15,12
DA:16,0
DA:19,12
DA:21,12
DA:23,12
DA:24,0
DA:27,12
DA:28,12
DA:30,0
DA:31,0
DA:35,1
LF:19
LH:15
BRDA:7,0,0,4
BRDA:7,0,1,12
BRDA:7,1,0,16
BRDA:7,1,1,12
BRDA:15,2,0,0
BRDA:15,2,1,12
BRDA:23,3,0,0
BRDA:23,3,1,12
BRF:8
BRH:6
end_of_record
TN:
SF:src\modules\auth\auth.controller.js
FN:4,(anonymous_0)
FN:25,(anonymous_1)
FN:35,(anonymous_2)
FN:49,(anonymous_3)
FNF:4
FNH:1
FNDA:1,(anonymous_0)
FNDA:0,(anonymous_1)
FNDA:0,(anonymous_2)
FNDA:0,(anonymous_3)
DA:1,1
DA:3,1
DA:5,1
DA:6,1
DA:8,1
DA:9,0
DA:12,1
DA:14,1
DA:15,0
DA:18,1
DA:20,0
DA:21,0
DA:26,0
DA:27,0
DA:28,0
DA:30,0
DA:31,0
DA:36,0
DA:37,0
DA:44,0
DA:45,0
DA:50,0
DA:51,0
DA:53,0
DA:54,0
DA:57,0
DA:59,0
DA:60,0
DA:63,0
DA:65,0
DA:66,0
DA:69,0
DA:74,0
DA:75,0
DA:80,1
LF:35
LH:9
BRDA:8,0,0,0
BRDA:8,0,1,1
BRDA:8,1,0,1
BRDA:8,1,1,1
BRDA:14,2,0,0
BRDA:14,2,1,1
BRDA:53,3,0,0
BRDA:53,3,1,0
BRDA:53,4,0,0
BRDA:53,4,1,0
BRDA:57,5,0,0
BRDA:59,6,0,0
BRDA:59,6,1,0
BRDA:59,7,0,0
BRDA:59,7,1,0
BRDA:65,8,0,0
BRDA:65,8,1,0
BRF:17
BRH:4
end_of_record
TN:
SF:src\modules\auth\auth.routes.js
FN:11,(anonymous_0)
FNF:1
FNH:0
FNDA:0,(anonymous_0)
DA:1,1
DA:2,1
DA:3,1
DA:4,1
DA:5,1
DA:7,1
DA:8,1
DA:9,1
DA:11,1
DA:12,0
DA:13,0
DA:14,0
DA:15,0
DA:17,0
DA:19,0
DA:23,1
DA:25,1
LF:17
LH:11
BRDA:14,0,0,0
BRDA:14,0,1,0
BRF:2
BRH:0
end_of_record
TN:
SF:src\modules\auth\auth.service.js
FN:6,(anonymous_0)
FN:11,(anonymous_1)
FN:50,(anonymous_2)
FN:54,(anonymous_3)
FNF:4
FNH:1
FNDA:0,(anonymous_0)
FNDA:1,(anonymous_1)
FNDA:0,(anonymous_2)
FNDA:0,(anonymous_3)
DA:1,1
DA:2,1
DA:3,1
DA:5,1
DA:7,0
DA:8,0
DA:12,1
DA:17,1
DA:18,0
DA:21,1
DA:23,1
DA:25,1
DA:26,0
DA:30,1
DA:32,1
DA:33,0
DA:35,1
DA:36,1
DA:39,1
DA:51,0
DA:55,0
DA:57,0
DA:58,0
DA:61,0
DA:63,0
DA:68,0
DA:73,0
DA:77,1
LF:28
LH:15
BRDA:17,0,0,0
BRDA:17,0,1,1
BRDA:25,1,0,0
BRDA:25,1,1,1
BRDA:32,2,0,0
BRDA:32,2,1,1
BRDA:57,3,0,0
BRDA:57,3,1,0
BRDA:65,4,0,0
BRDA:65,4,1,0
BRF:10
BRH:3
end_of_record
TN:
SF:src\modules\customers\customer.controller.js
FN:4,(anonymous_0)
FN:14,(anonymous_1)
FN:30,(anonymous_2)
FN:46,(anonymous_3)
FN:64,(anonymous_4)
FNF:5
FNH:0
FNDA:0,(anonymous_0)
FNDA:0,(anonymous_1)
FNDA:0,(anonymous_2)
FNDA:0,(anonymous_3)
FNDA:0,(anonymous_4)
DA:1,1
DA:3,1
DA:5,0
DA:6,0
DA:7,0
DA:9,0
DA:10,0
DA:15,0
DA:16,0
DA:17,0
DA:19,0
DA:20,0
DA:23,0
DA:25,0
DA:26,0
DA:31,0
DA:32,0
DA:34,0
DA:35,0
DA:38,0
DA:39,0
DA:41,0
DA:42,0
DA:47,0
DA:48,0
DA:49,0
DA:51,0
DA:53,0
DA:54,0
DA:57,0
DA:59,0
DA:60,0
DA:65,0
DA:66,0
DA:68,0
DA:70,0
DA:71,0
DA:74,0
DA:76,0
DA:77,0
DA:82,1
LF:41
LH:3
BRDA:19,0,0,0
BRDA:19,0,1,0
BRDA:34,1,0,0
BRDA:34,1,1,0
BRDA:53,2,0,0
BRDA:53,2,1,0
BRDA:70,3,0,0
BRDA:70,3,1,0
BRF:8
BRH:0
end_of_record
TN:
SF:src\modules\customers\customer.routes.js
FNF:0
FNH:0
DA:1,1
DA:2,1
DA:3,1
DA:4,1
DA:6,1
DA:7,1
DA:8,1
DA:9,1
DA:10,1
DA:12,1
LF:10
LH:10
BRF:0
BRH:0
end_of_record
TN:
SF:src\modules\customers\customer.service.js
FN:4,(anonymous_0)
FN:11,(anonymous_1)
FN:24,(anonymous_2)
FN:38,(anonymous_3)
FN:56,(anonymous_4)
FNF:5
FNH:0
FNDA:0,(anonymous_0)
FNDA:0,(anonymous_1)
FNDA:0,(anonymous_2)
FNDA:0,(anonymous_3)
FNDA:0,(anonymous_4)
DA:1,1
DA:3,1
DA:5,0
DA:8,0
DA:12,0
DA:17,0
DA:18,0
DA:21,0
DA:25,0
DA:30,0
DA:35,0
DA:39,0
DA:44,0
DA:45,0
DA:48,0
DA:53,0
DA:57,0
DA:59,0
DA:60,0
DA:63,0
DA:67,1
LF:21
LH:3
BRDA:17,0,0,0
BRDA:17,0,1,0
BRDA:27,1,0,0
BRDA:27,1,1,0
BRDA:41,2,0,0
BRDA:41,2,1,0
BRDA:44,3,0,0
BRDA:44,3,1,0
BRDA:59,4,0,0
BRDA:59,4,1,0
BRF:10
BRH:0
end_of_record
TN:
SF:src\modules\products\product.controller.js
FN:4,(anonymous_0)
FN:14,(anonymous_1)
FN:30,(anonymous_2)
FN:57,(anonymous_3)
FN:84,(anonymous_4)
FNF:5
FNH:0
FNDA:0,(anonymous_0)
FNDA:0,(anonymous_1)
FNDA:0,(anonymous_2)
FNDA:0,(anonymous_3)
FNDA:0,(anonymous_4)
DA:1,1
DA:3,1
DA:5,0
DA:6,0
DA:7,0
DA:9,0
DA:10,0
DA:15,0
DA:16,0
DA:17,0
DA:19,0
DA:20,0
DA:23,0
DA:25,0
DA:26,0
DA:31,0
DA:32,0
DA:34,0
DA:35,0
DA:38,0
DA:46,0
DA:47,0
DA:50,0
DA:52,0
DA:53,0
DA:58,0
DA:59,0
DA:60,0
DA:62,0
DA:70,0
DA:71,0
DA:72,0
DA:74,0
DA:77,0
DA:79,0
DA:80,0
DA:85,0
DA:86,0
DA:88,0
DA:90,0
DA:91,0
DA:92,0
DA:94,0
DA:97,0
DA:99,0
DA:100,0
DA:105,1
LF:47
LH:3
BRDA:19,0,0,0
BRDA:19,0,1,0
BRDA:34,1,0,0
BRDA:34,1,1,0
BRDA:46,2,0,0
BRDA:46,2,1,0
BRDA:70,3,0,0
BRDA:70,3,1,0
BRDA:71,4,0,0
BRDA:71,4,1,0
BRDA:90,5,0,0
BRDA:90,5,1,0
BRDA:91,6,0,0
BRDA:91,6,1,0
BRF:14
BRH:0
end_of_record
TN:
SF:src\modules\products\product.routes.js
FNF:0
FNH:0
DA:1,1
DA:2,1
DA:3,1
DA:4,1
DA:6,1
DA:7,1
DA:8,1
DA:9,1
DA:10,1
DA:12,1
LF:10
LH:10
BRF:0
BRH:0
end_of_record
TN:
SF:src\modules\products\product.service.js
FN:4,(anonymous_0)
FN:11,(anonymous_1)
FN:24,(anonymous_2)
FN:48,(anonymous_3)
FN:83,(anonymous_4)
FNF:5
FNH:0
FNDA:0,(anonymous_0)
FNDA:0,(anonymous_1)
FNDA:0,(anonymous_2)
FNDA:0,(anonymous_3)
FNDA:0,(anonymous_4)
DA:1,1
DA:3,1
DA:5,0
DA:8,0
DA:12,0
DA:17,0
DA:18,0
DA:21,0
DA:25,0
DA:26,0
DA:30,0
DA:31,0
DA:35,0
DA:40,0
DA:45,0
DA:49,0
DA:50,0
DA:54,0
DA:55,0
DA:59,0
DA:71,0
DA:72,0
DA:75,0
DA:80,0
DA:84,0
DA:86,0
DA:87,0
DA:90,0
DA:94,1
LF:29
LH:3
BRDA:17,0,0,0
BRDA:17,0,1,0
BRDA:25,1,0,0
BRDA:25,1,1,0
BRDA:30,2,0,0
BRDA:30,2,1,0
BRDA:37,3,0,0
BRDA:37,3,1,0
BRDA:37,4,0,0
BRDA:37,4,1,0
BRDA:37,5,0,0
BRDA:37,5,1,0
BRDA:37,6,0,0
BRDA:37,6,1,0
BRDA:49,7,0,0
BRDA:49,7,1,0
BRDA:54,8,0,0
BRDA:54,8,1,0
BRDA:63,9,0,0
BRDA:63,9,1,0
BRDA:64,10,0,0
BRDA:64,10,1,0
BRDA:65,11,0,0
BRDA:65,11,1,0
BRDA:66,12,0,0
BRDA:66,12,1,0
BRDA:71,13,0,0
BRDA:71,13,1,0
BRDA:86,14,0,0
BRDA:86,14,1,0
BRF:30
BRH:0
end_of_record
TN:
SF:src\modules\sales\sales.controller.js
FN:4,(anonymous_0)
FN:14,(anonymous_1)
FN:33,(anonymous_2)
FN:65,(anonymous_3)
FNF:4
FNH:4
FNDA:1,(anonymous_0)
FNDA:2,(anonymous_1)
FNDA:7,(anonymous_2)
FNDA:2,(anonymous_3)
DA:1,1
DA:3,1
DA:5,1
DA:6,1
DA:7,1
DA:9,0
DA:10,0
DA:15,2
DA:16,2
DA:17,2
DA:19,2
DA:20,1
DA:21,1
DA:23,0
DA:26,1
DA:28,0
DA:29,0
DA:34,7
DA:35,7
DA:37,7
DA:38,1
DA:41,6
DA:42,6
DA:43,2
DA:47,4
DA:54,4
DA:55,1
DA:58,3
DA:60,0
DA:61,0
DA:66,2
DA:67,2
DA:69,2
DA:71,2
DA:72,1
DA:73,1
DA:75,0
DA:78,1
DA:80,0
DA:81,0
DA:86,1
LF:41
LH:31
BRDA:19,0,0,1
BRDA:19,0,1,1
BRDA:20,1,0,1
BRDA:20,1,1,0
BRDA:37,2,0,1
BRDA:37,2,1,6
BRDA:37,3,0,7
BRDA:37,3,1,6
BRDA:37,3,2,6
BRDA:42,4,0,2
BRDA:42,4,1,4
BRDA:42,5,0,6
BRDA:42,5,1,5
BRDA:42,5,2,5
BRDA:42,5,3,4
BRDA:54,6,0,1
BRDA:54,6,1,3
BRDA:71,7,0,1
BRDA:71,7,1,1
BRDA:72,8,0,1
BRDA:72,8,1,0
BRF:21
BRH:19
end_of_record
TN:
SF:src\modules\sales\sales.routes.js
FNF:0
FNH:0
DA:1,1
DA:2,1
DA:3,1
DA:4,1
DA:6,1
DA:7,1
DA:8,1
DA:9,1
DA:11,1
LF:9
LH:9
BRF:0
BRH:0
end_of_record
TN:
SF:src\modules\sales\sales.service.js
FN:4,(anonymous_0)
FN:14,(anonymous_1)
FN:39,(anonymous_2)
FN:113,(anonymous_3)
FNF:4
FNH:4
FNDA:1,(anonymous_0)
FNDA:2,(anonymous_1)
FNDA:4,(anonymous_2)
FNDA:2,(anonymous_3)
DA:1,1
DA:3,1
DA:5,1
DA:11,1
DA:15,2
DA:22,2
DA:23,1
DA:26,1
DA:28,1
DA:35,1
DA:36,1
DA:40,4
DA:42,4
DA:43,4
DA:45,4
DA:46,0
DA:49,4
DA:50,4
DA:54,4
DA:55,4
DA:56,1
DA:60,3
DA:61,3
DA:62,3
DA:65,3
DA:69,3
DA:71,3
DA:72,3
DA:73,3
DA:78,3
DA:84,3
DA:85,2
DA:86,1
DA:91,1
DA:96,1
DA:103,3
DA:104,3
DA:106,0
DA:107,0
DA:109,4
DA:114,2
DA:116,2
DA:117,2
DA:119,2
DA:124,2
DA:125,1
DA:126,1
DA:127,1
DA:130,1
DA:132,1
DA:137,1
DA:138,1
DA:144,1
DA:145,0
DA:151,1
DA:152,1
DA:153,1
DA:155,1
DA:156,1
DA:158,0
DA:159,0
DA:161,2
DA:166,1
LF:63
LH:57
BRDA:22,0,0,1
BRDA:22,0,1,1
BRDA:45,1,0,0
BRDA:45,1,1,4
BRDA:45,2,0,4
BRDA:45,2,1,4
BRDA:54,3,0,4
BRDA:54,3,1,0
BRDA:55,4,0,1
BRDA:55,4,1,3
BRDA:67,5,0,3
BRDA:67,5,1,1
BRDA:67,6,0,3
BRDA:67,6,1,1
BRDA:84,7,0,2
BRDA:84,7,1,1
BRDA:85,8,0,1
BRDA:85,8,1,1
BRDA:124,9,0,1
BRDA:124,9,1,1
BRDA:144,10,0,0
BRDA:144,10,1,1
BRDA:144,11,0,1
BRDA:144,11,1,1
BRF:24
BRH:21
end_of_record
TN:
SF:src\modules\stock_receipts\stock_receipt.controller.js
FN:4,(anonymous_0)
FN:14,(anonymous_1)
FN:33,(anonymous_2)
FN:68,(anonymous_3)
FNF:4
FNH:0
FNDA:0,(anonymous_0)
FNDA:0,(anonymous_1)
FNDA:0,(anonymous_2)
FNDA:0,(anonymous_3)
DA:1,1
DA:3,1
DA:5,0
DA:6,0
DA:7,0
DA:9,0
DA:10,0
DA:15,0
DA:16,0
DA:17,0
DA:19,0
DA:20,0
DA:21,0
DA:23,0
DA:26,0
DA:28,0
DA:29,0
DA:34,0
DA:35,0
DA:37,0
DA:38,0
DA:41,0
DA:42,0
DA:45,0
DA:46,0
DA:47,0
DA:51,0
DA:57,0
DA:58,0
DA:61,0
DA:63,0
DA:64,0
DA:69,0
DA:70,0
DA:72,0
DA:74,0
DA:75,0
DA:76,0
DA:78,0
DA:81,0
DA:83,0
DA:84,0
DA:89,1
LF:43
LH:3
BRDA:19,0,0,0
BRDA:19,0,1,0
BRDA:20,1,0,0
BRDA:20,1,1,0
BRDA:37,2,0,0
BRDA:37,2,1,0
BRDA:41,3,0,0
BRDA:41,3,1,0
BRDA:41,4,0,0
BRDA:41,4,1,0
BRDA:41,4,2,0
BRDA:46,5,0,0
BRDA:46,5,1,0
BRDA:46,6,0,0
BRDA:46,6,1,0
BRDA:46,6,2,0
BRDA:57,7,0,0
BRDA:57,7,1,0
BRDA:74,8,0,0
BRDA:74,8,1,0
BRDA:75,9,0,0
BRDA:75,9,1,0
BRF:22
BRH:0
end_of_record
TN:
SF:src\modules\stock_receipts\stock_receipt.routes.js
FNF:0
FNH:0
DA:1,1
DA:2,1
DA:3,1
DA:4,1
DA:6,1
DA:7,1
DA:8,1
DA:9,1
DA:11,1
LF:9
LH:9
BRF:0
BRH:0
end_of_record
TN:
SF:src\modules\stock_receipts\stock_receipt.service.js
FN:4,(anonymous_0)
FN:14,(anonymous_1)
FN:39,(anonymous_2)
FN:101,(anonymous_3)
FNF:4
FNH:0
FNDA:0,(anonymous_0)
FNDA:0,(anonymous_1)
FNDA:0,(anonymous_2)
FNDA:0,(anonymous_3)
DA:1,1
DA:3,1
DA:5,0
DA:11,0
DA:15,0
DA:22,0
DA:23,0
DA:26,0
DA:28,0
DA:35,0
DA:36,0
DA:40,0
DA:42,0
DA:43,0
DA:45,0
DA:46,0
DA:49,0
DA:50,0
DA:51,0
DA:52,0
DA:55,0
DA:59,0
DA:61,0
DA:62,0
DA:73,0
DA:79,0
DA:80,0
DA:85,0
DA:91,0
DA:92,0
DA:94,0
DA:95,0
DA:97,0
DA:102,0
DA:104,0
DA:105,0
DA:107,0
DA:112,0
DA:113,0
DA:114,0
DA:115,0
DA:118,0
DA:120,0
DA:125,0
DA:126,0
DA:132,0
DA:134,0
DA:135,0
DA:140,0
DA:146,0
DA:148,0
DA:149,0
DA:151,0
DA:152,0
DA:154,0
DA:159,1
LF:56
LH:3
BRDA:22,0,0,0
BRDA:22,0,1,0
BRDA:45,1,0,0
BRDA:45,1,1,0
BRDA:45,2,0,0
BRDA:45,2,1,0
BRDA:51,3,0,0
BRDA:51,3,1,0
BRDA:51,4,0,0
BRDA:51,4,1,0
BRDA:57,5,0,0
BRDA:57,5,1,0
BRDA:68,6,0,0
BRDA:68,6,1,0
BRDA:69,7,0,0
BRDA:69,7,1,0
BRDA:79,8,0,0
BRDA:79,8,1,0
BRDA:112,9,0,0
BRDA:112,9,1,0
BRDA:134,10,0,0
BRDA:134,10,1,0
BRF:22
BRH:0
end_of_record
TN:
SF:src\modules\suppliers\supplier.controller.js
FN:4,(anonymous_0)
FN:14,(anonymous_1)
FN:30,(anonymous_2)
FN:46,(anonymous_3)
FN:64,(anonymous_4)
FNF:5
FNH:0
FNDA:0,(anonymous_0)
FNDA:0,(anonymous_1)
FNDA:0,(anonymous_2)
FNDA:0,(anonymous_3)
FNDA:0,(anonymous_4)
DA:1,1
DA:3,1
DA:5,0
DA:6,0
DA:7,0
DA:9,0
DA:10,0
DA:15,0
DA:16,0
DA:17,0
DA:19,0
DA:20,0
DA:23,0
DA:25,0
DA:26,0
DA:31,0
DA:32,0
DA:34,0
DA:35,0
DA:38,0
DA:39,0
DA:41,0
DA:42,0
DA:47,0
DA:48,0
DA:49,0
DA:51,0
DA:53,0
DA:54,0
DA:57,0
DA:59,0
DA:60,0
DA:65,0
DA:66,0
DA:68,0
DA:70,0
DA:71,0
DA:74,0
DA:76,0
DA:77,0
DA:82,1
LF:41
LH:3
BRDA:19,0,0,0
BRDA:19,0,1,0
BRDA:32,1,0,0
BRDA:34,2,0,0
BRDA:34,2,1,0
BRDA:53,3,0,0
BRDA:53,3,1,0
BRDA:70,4,0,0
BRDA:70,4,1,0
BRF:9
BRH:0
end_of_record
TN:
SF:src\modules\suppliers\supplier.routes.js
FNF:0
FNH:0
DA:1,1
DA:2,1
DA:3,1
DA:4,1
DA:6,1
DA:7,1
DA:8,1
DA:9,1
DA:10,1
DA:12,1
LF:10
LH:10
BRF:0
BRH:0
end_of_record
TN:
SF:src\modules\suppliers\supplier.service.js
FN:4,(anonymous_0)
FN:11,(anonymous_1)
FN:24,(anonymous_2)
FN:38,(anonymous_3)
FN:56,(anonymous_4)
FNF:5
FNH:0
FNDA:0,(anonymous_0)
FNDA:0,(anonymous_1)
FNDA:0,(anonymous_2)
FNDA:0,(anonymous_3)
FNDA:0,(anonymous_4)
DA:1,1
DA:3,1
DA:5,0
DA:8,0
DA:12,0
DA:17,0
DA:18,0
DA:21,0
DA:25,0
DA:30,0
DA:35,0
DA:39,0
DA:44,0
DA:45,0
DA:48,0
DA:53,0
DA:57,0
DA:59,0
DA:60,0
DA:63,0
DA:67,1
LF:21
LH:3
BRDA:17,0,0,0
BRDA:17,0,1,0
BRDA:27,1,0,0
BRDA:27,1,1,0
BRDA:41,2,0,0
BRDA:41,2,1,0
BRDA:41,3,0,0
BRDA:41,3,1,0
BRDA:41,4,0,0
BRDA:41,4,1,0
BRDA:44,5,0,0
BRDA:44,5,1,0
BRDA:59,6,0,0
BRDA:59,6,1,0
BRF:14
BRH:0
end_of_record
TN:
SF:src\modules\users\user.controller.js
FN:4,(anonymous_0)
FN:18,(anonymous_1)
FN:38,(anonymous_2)
FN:67,(anonymous_3)
FNF:4
FNH:0
FNDA:0,(anonymous_0)
FNDA:0,(anonymous_1)
FNDA:0,(anonymous_2)
FNDA:0,(anonymous_3)
DA:1,1
DA:3,1
DA:5,0
DA:6,0
DA:7,0
DA:10,0
DA:11,0
DA:13,0
DA:14,0
DA:19,0
DA:20,0
DA:21,0
DA:24,0
DA:25,0
DA:27,0
DA:28,0
DA:31,0
DA:33,0
DA:34,0
DA:39,0
DA:40,0
DA:41,0
DA:44,0
DA:45,0
DA:47,0
DA:48,0
DA:51,0
DA:53,0
DA:54,0
DA:57,0
DA:62,0
DA:63,0
DA:68,0
DA:69,0
DA:70,0
DA:73,0
DA:75,0
DA:76,0
DA:79,0
DA:81,0
DA:82,0
DA:85,0
DA:87,0
DA:88,0
DA:93,1
LF:45
LH:3
BRDA:6,0,0,0
BRDA:6,0,1,0
BRDA:20,1,0,0
BRDA:20,1,1,0
BRDA:27,2,0,0
BRDA:27,2,1,0
BRDA:40,3,0,0
BRDA:40,3,1,0
BRDA:47,4,0,0
BRDA:47,4,1,0
BRDA:47,5,0,0
BRDA:47,5,1,0
BRDA:47,5,2,0
BRDA:53,6,0,0
BRDA:53,6,1,0
BRDA:69,7,0,0
BRDA:69,7,1,0
BRDA:75,8,0,0
BRDA:75,8,1,0
BRDA:81,9,0,0
BRDA:81,9,1,0
BRF:21
BRH:0
end_of_record
TN:
SF:src\modules\users\user.routes.js
FNF:0
FNH:0
DA:1,1
DA:2,1
DA:3,1
DA:4,1
DA:6,1
DA:7,1
DA:8,1
DA:9,1
DA:11,1
LF:9
LH:9
BRF:0
BRH:0
end_of_record
TN:
SF:src\modules\users\user.service.js
FN:4,(anonymous_0)
FN:11,(anonymous_1)
FN:24,(anonymous_2)
FN:42,(anonymous_3)
FNF:4
FNH:0
FNDA:0,(anonymous_0)
FNDA:0,(anonymous_1)
FNDA:0,(anonymous_2)
FNDA:0,(anonymous_3)
DA:1,1
DA:3,1
DA:5,0
DA:8,0
DA:12,0
DA:17,0
DA:18,0
DA:21,0
DA:25,0
DA:30,0
DA:31,0
DA:34,0
DA:39,0
DA:43,0
DA:45,0
DA:46,0
DA:49,0
DA:53,1
LF:18
LH:3
BRDA:17,0,0,0
BRDA:17,0,1,0
BRDA:27,1,0,0
BRDA:27,1,1,0
BRDA:30,2,0,0
BRDA:30,2,1,0
BRDA:45,3,0,0
BRDA:45,3,1,0
BRF:8
BRH:0
end_of_record
TN:
SF:src\routes\index.js
FNF:0
FNH:0
DA:1,1
DA:2,1
DA:3,1
DA:4,1
DA:5,1
DA:6,1
DA:7,1
DA:8,1
DA:10,1
DA:12,1
DA:13,1
DA:14,1
DA:15,1
DA:16,1
DA:17,1
DA:18,1
DA:20,1
LF:17
LH:17
BRF:0
BRH:0
end_of_record
TN:
SF:src\utils\generateToken.js
FN:3,(anonymous_0)
FNF:1
FNH:1
FNDA:1,(anonymous_0)
DA:1,1
DA:3,1
DA:4,1
DA:7,1
LF:4
LH:4
BRF:0
BRH:0
end_of_record
